<?xml version="1.0" encoding="UTF-8"?>
<testsuite name="com.zetn333.blogsearchservice.api.search.service.BlogSearchServiceTest" tests="4" skipped="0" failures="0" errors="0" timestamp="2023-03-24T01:53:27" hostname="DESKTOP-VQUAQDR" time="2.798">
  <properties/>
  <testcase name="selectHotKeywordsCurrencyTest()" classname="com.zetn333.blogsearchservice.api.search.service.BlogSearchServiceTest" time="1.193"/>
  <testcase name="updateSearchKeywordStatusCurrencyTest()" classname="com.zetn333.blogsearchservice.api.search.service.BlogSearchServiceTest" time="0.599"/>
  <testcase name="searchBlogParameterTest()" classname="com.zetn333.blogsearchservice.api.search.service.BlogSearchServiceTest" time="0.185"/>
  <testcase name="searchBlog()" classname="com.zetn333.blogsearchservice.api.search.service.BlogSearchServiceTest" time="0.815"/>
  <system-out><![CDATA[2023-03-24 10:53:27.267  INFO 53500 --- [    Test worker] .b.t.c.SpringBootTestContextBootstrapper : Neither @ContextConfiguration nor @ContextHierarchy found for test class [com.zetn333.blogsearchservice.api.search.service.BlogSearchServiceTest], using SpringBootContextLoader
2023-03-24 10:53:27.268  INFO 53500 --- [    Test worker] o.s.t.c.support.AbstractContextLoader    : Could not detect default resource locations for test class [com.zetn333.blogsearchservice.api.search.service.BlogSearchServiceTest]: no resource found for suffixes {-context.xml, Context.groovy}.
2023-03-24 10:53:27.269  INFO 53500 --- [    Test worker] t.c.s.AnnotationConfigContextLoaderUtils : Could not detect default configuration classes for test class [com.zetn333.blogsearchservice.api.search.service.BlogSearchServiceTest]: BlogSearchServiceTest does not declare any static, non-private, non-final, nested classes annotated with @Configuration.
2023-03-24 10:53:27.290  INFO 53500 --- [    Test worker] .b.t.c.SpringBootTestContextBootstrapper : Found @SpringBootConfiguration com.zetn333.blogsearchservice.ApiApplication for test class com.zetn333.blogsearchservice.api.search.service.BlogSearchServiceTest
2023-03-24 10:53:27.291  INFO 53500 --- [    Test worker] .b.t.c.SpringBootTestContextBootstrapper : Loaded default TestExecutionListener class names from location [META-INF/spring.factories]: [org.springframework.boot.test.autoconfigure.restdocs.RestDocsTestExecutionListener, org.springframework.boot.test.autoconfigure.web.client.MockRestServiceServerResetTestExecutionListener, org.springframework.boot.test.autoconfigure.web.servlet.MockMvcPrintOnlyOnFailureTestExecutionListener, org.springframework.boot.test.autoconfigure.web.servlet.WebDriverTestExecutionListener, org.springframework.boot.test.autoconfigure.webservices.client.MockWebServiceServerTestExecutionListener, org.springframework.boot.test.mock.mockito.MockitoTestExecutionListener, org.springframework.boot.test.mock.mockito.ResetMocksTestExecutionListener, org.springframework.test.context.web.ServletTestExecutionListener, org.springframework.test.context.support.DirtiesContextBeforeModesTestExecutionListener, org.springframework.test.context.event.ApplicationEventsTestExecutionListener, org.springframework.test.context.support.DependencyInjectionTestExecutionListener, org.springframework.test.context.support.DirtiesContextTestExecutionListener, org.springframework.test.context.transaction.TransactionalTestExecutionListener, org.springframework.test.context.jdbc.SqlScriptsTestExecutionListener, org.springframework.test.context.event.EventPublishingTestExecutionListener]
2023-03-24 10:53:27.292  INFO 53500 --- [    Test worker] .b.t.c.SpringBootTestContextBootstrapper : Using TestExecutionListeners: [org.springframework.test.context.web.ServletTestExecutionListener@61f6508e, org.springframework.test.context.support.DirtiesContextBeforeModesTestExecutionListener@5527763b, org.springframework.test.context.event.ApplicationEventsTestExecutionListener@4fec91ea, org.springframework.boot.test.mock.mockito.MockitoTestExecutionListener@41837803, org.springframework.boot.test.autoconfigure.SpringBootDependencyInjectionTestExecutionListener@1222229d, org.springframework.test.context.support.DirtiesContextTestExecutionListener@7c5a084c, org.springframework.test.context.transaction.TransactionalTestExecutionListener@5712a5ec, org.springframework.test.context.jdbc.SqlScriptsTestExecutionListener@d0b8c6d, org.springframework.test.context.event.EventPublishingTestExecutionListener@ebe719b, org.springframework.boot.test.autoconfigure.restdocs.RestDocsTestExecutionListener@220a1068, org.springframework.boot.test.autoconfigure.web.client.MockRestServiceServerResetTestExecutionListener@60f5ec00, org.springframework.boot.test.autoconfigure.web.servlet.MockMvcPrintOnlyOnFailureTestExecutionListener@31cc7c97, org.springframework.boot.test.autoconfigure.web.servlet.WebDriverTestExecutionListener@4c83f19c, org.springframework.boot.test.autoconfigure.webservices.client.MockWebServiceServerTestExecutionListener@3e783134, org.springframework.boot.test.mock.mockito.ResetMocksTestExecutionListener@71a25f17]
2023-03-24 10:53:27.355  INFO 53500 --- [    Test worker] c.z.b.a.s.service.BlogSearchService      : kakao api response = com.zetn333.blogsearchservice.api.search.dto.SearchBlogResponse@6cb36532
Hibernate: 
    select
        searchstat0_.search_id as search_i1_0_,
        searchstat0_.create_datetime as create_d2_0_,
        searchstat0_.update_datetime as update_d3_0_,
        searchstat0_.last_search_datetime as last_sea4_0_,
        searchstat0_.search_count as search_c5_0_,
        searchstat0_.search_keyword as search_k6_0_ 
    from
        search_status searchstat0_ 
    where
        searchstat0_.search_keyword=? for update
            
2023-03-24 10:53:27.358  INFO 53500 --- [    Test worker] c.z.b.a.s.service.BlogSearchService      : searchStatusEntity before = null
2023-03-24 10:53:27.358  INFO 53500 --- [    Test worker] c.z.b.a.s.service.BlogSearchService      : searchStatusEntity after = SearchStatusEntity(searchId=null, searchKeyword=곽튜브, searchCount=1, lastSearchDateTime=2023-03-24T10:53:27.358347600)
Hibernate: 
    insert 
    into
        search_status
        (create_datetime, update_datetime, last_search_datetime, search_count, search_keyword) 
    values
        (?, ?, ?, ?, ?)
2023-03-24 10:53:27.405  INFO 53500 --- [pool-4-thread-3] c.z.b.a.s.service.BlogSearchService      : kakao api response = com.zetn333.blogsearchservice.api.search.dto.SearchBlogResponse@76bc9a70
2023-03-24 10:53:27.487  INFO 53500 --- [pool-4-thread-7] c.z.b.a.s.service.BlogSearchService      : kakao api response = com.zetn333.blogsearchservice.api.search.dto.SearchBlogResponse@11894322
Hibernate: 
    select
        searchstat0_.search_id as search_i1_0_,
        searchstat0_.create_datetime as create_d2_0_,
        searchstat0_.update_datetime as update_d3_0_,
        searchstat0_.last_search_datetime as last_sea4_0_,
        searchstat0_.search_count as search_c5_0_,
        searchstat0_.search_keyword as search_k6_0_ 
    from
        search_status searchstat0_ 
    where
        searchstat0_.search_keyword=? for update
            
2023-03-24 10:53:27.540  INFO 53500 --- [pool-4-thread-3] c.z.b.a.s.service.BlogSearchService      : searchStatusEntity before = SearchStatusEntity(searchId=2, searchKeyword=곽튜브, searchCount=1, lastSearchDateTime=2023-03-24T10:53:27.358348)
2023-03-24 10:53:27.540  INFO 53500 --- [pool-4-thread-3] c.z.b.a.s.service.BlogSearchService      : searchStatusEntity after = SearchStatusEntity(searchId=2, searchKeyword=곽튜브, searchCount=2, lastSearchDateTime=2023-03-24T10:53:27.540859200)
Hibernate: 
    update
        search_status 
    set
        update_datetime=?,
        last_search_datetime=?,
        search_count=?,
        search_keyword=? 
    where
        search_id=?
Hibernate: 
    select
        searchstat0_.search_id as search_i1_0_,
        searchstat0_.create_datetime as create_d2_0_,
        searchstat0_.update_datetime as update_d3_0_,
        searchstat0_.last_search_datetime as last_sea4_0_,
        searchstat0_.search_count as search_c5_0_,
        searchstat0_.search_keyword as search_k6_0_ 
    from
        search_status searchstat0_ 
    where
        searchstat0_.search_keyword=? for update
            
2023-03-24 10:53:27.612  INFO 53500 --- [pool-4-thread-1] c.z.b.a.s.service.BlogSearchService      : kakao api response = com.zetn333.blogsearchservice.api.search.dto.SearchBlogResponse@4c8754fc
Hibernate: 
    select
        searchstat0_.search_id as search_i1_0_,
        searchstat0_.create_datetime as create_d2_0_,
        searchstat0_.update_datetime as update_d3_0_,
        searchstat0_.last_search_datetime as last_sea4_0_,
        searchstat0_.search_count as search_c5_0_,
        searchstat0_.search_keyword as search_k6_0_ 
    from
        search_status searchstat0_ 
    where
        searchstat0_.search_keyword=? for update
            
2023-03-24 10:53:27.626  INFO 53500 --- [pool-4-thread-7] c.z.b.a.s.service.BlogSearchService      : searchStatusEntity before = SearchStatusEntity(searchId=2, searchKeyword=곽튜브, searchCount=2, lastSearchDateTime=2023-03-24T10:53:27.540859)
2023-03-24 10:53:27.626  INFO 53500 --- [pool-4-thread-7] c.z.b.a.s.service.BlogSearchService      : searchStatusEntity after = SearchStatusEntity(searchId=2, searchKeyword=곽튜브, searchCount=3, lastSearchDateTime=2023-03-24T10:53:27.626629500)
Hibernate: 
    update
        search_status 
    set
        update_datetime=?,
        last_search_datetime=?,
        search_count=?,
        search_keyword=? 
    where
        search_id=?
2023-03-24 10:53:27.638  INFO 53500 --- [pool-4-thread-6] c.z.b.a.s.service.BlogSearchService      : kakao api response = com.zetn333.blogsearchservice.api.search.dto.SearchBlogResponse@4e3530a
Hibernate: 
    select
        searchstat0_.search_id as search_i1_0_,
        searchstat0_.create_datetime as create_d2_0_,
        searchstat0_.update_datetime as update_d3_0_,
        searchstat0_.last_search_datetime as last_sea4_0_,
        searchstat0_.search_count as search_c5_0_,
        searchstat0_.search_keyword as search_k6_0_ 
    from
        search_status searchstat0_ 
    where
        searchstat0_.search_keyword=? for update
            
2023-03-24 10:53:27.639  INFO 53500 --- [pool-4-thread-2] c.z.b.a.s.service.BlogSearchService      : kakao api response = com.zetn333.blogsearchservice.api.search.dto.SearchBlogResponse@70aa548a
Hibernate: 
    select
        searchstat0_.search_id as search_i1_0_,
        searchstat0_.create_datetime as create_d2_0_,
        searchstat0_.update_datetime as update_d3_0_,
        searchstat0_.last_search_datetime as last_sea4_0_,
        searchstat0_.search_count as search_c5_0_,
        searchstat0_.search_keyword as search_k6_0_ 
    from
        search_status searchstat0_ 
    where
        searchstat0_.search_keyword=? for update
            
2023-03-24 10:53:27.642  INFO 53500 --- [pool-4-thread-6] c.z.b.a.s.service.BlogSearchService      : searchStatusEntity before = SearchStatusEntity(searchId=2, searchKeyword=곽튜브, searchCount=3, lastSearchDateTime=2023-03-24T10:53:27.626630)
2023-03-24 10:53:27.642  INFO 53500 --- [pool-4-thread-6] c.z.b.a.s.service.BlogSearchService      : searchStatusEntity after = SearchStatusEntity(searchId=2, searchKeyword=곽튜브, searchCount=4, lastSearchDateTime=2023-03-24T10:53:27.642601300)
Hibernate: 
    update
        search_status 
    set
        update_datetime=?,
        last_search_datetime=?,
        search_count=?,
        search_keyword=? 
    where
        search_id=?
2023-03-24 10:53:27.649  INFO 53500 --- [pool-4-thread-4] c.z.b.a.s.service.BlogSearchService      : kakao api response = com.zetn333.blogsearchservice.api.search.dto.SearchBlogResponse@250b828c
2023-03-24 10:53:27.650  INFO 53500 --- [ool-4-thread-10] c.z.b.a.s.service.BlogSearchService      : kakao api response = com.zetn333.blogsearchservice.api.search.dto.SearchBlogResponse@5545dfe8
Hibernate: 
    select
        searchstat0_.search_id as search_i1_0_,
        searchstat0_.create_datetime as create_d2_0_,
        searchstat0_.update_datetime as update_d3_0_,
        searchstat0_.last_search_datetime as last_sea4_0_,
        searchstat0_.search_count as search_c5_0_,
        searchstat0_.search_keyword as search_k6_0_ 
    from
        search_status searchstat0_ 
    where
        searchstat0_.search_keyword=? for update
            
Hibernate: 
    select
        searchstat0_.search_id as search_i1_0_,
        searchstat0_.create_datetime as create_d2_0_,
        searchstat0_.update_datetime as update_d3_0_,
        searchstat0_.last_search_datetime as last_sea4_0_,
        searchstat0_.search_count as search_c5_0_,
        searchstat0_.search_keyword as search_k6_0_ 
    from
        search_status searchstat0_ 
    where
        searchstat0_.search_keyword=? for update
            
2023-03-24 10:53:27.657  INFO 53500 --- [pool-4-thread-4] c.z.b.a.s.service.BlogSearchService      : searchStatusEntity before = SearchStatusEntity(searchId=2, searchKeyword=곽튜브, searchCount=4, lastSearchDateTime=2023-03-24T10:53:27.642601)
2023-03-24 10:53:27.657  INFO 53500 --- [pool-4-thread-4] c.z.b.a.s.service.BlogSearchService      : searchStatusEntity after = SearchStatusEntity(searchId=2, searchKeyword=곽튜브, searchCount=5, lastSearchDateTime=2023-03-24T10:53:27.657547400)
Hibernate: 
    update
        search_status 
    set
        update_datetime=?,
        last_search_datetime=?,
        search_count=?,
        search_keyword=? 
    where
        search_id=?
2023-03-24 10:53:27.668  INFO 53500 --- [pool-4-thread-8] c.z.b.a.s.service.BlogSearchService      : kakao api response = com.zetn333.blogsearchservice.api.search.dto.SearchBlogResponse@50f74eeb
Hibernate: 
    select
        searchstat0_.search_id as search_i1_0_,
        searchstat0_.create_datetime as create_d2_0_,
        searchstat0_.update_datetime as update_d3_0_,
        searchstat0_.last_search_datetime as last_sea4_0_,
        searchstat0_.search_count as search_c5_0_,
        searchstat0_.search_keyword as search_k6_0_ 
    from
        search_status searchstat0_ 
    where
        searchstat0_.search_keyword=? for update
            
2023-03-24 10:53:27.670  INFO 53500 --- [pool-4-thread-5] c.z.b.a.s.service.BlogSearchService      : kakao api response = com.zetn333.blogsearchservice.api.search.dto.SearchBlogResponse@454795e9
Hibernate: 
    select
        searchstat0_.search_id as search_i1_0_,
        searchstat0_.create_datetime as create_d2_0_,
        searchstat0_.update_datetime as update_d3_0_,
        searchstat0_.last_search_datetime as last_sea4_0_,
        searchstat0_.search_count as search_c5_0_,
        searchstat0_.search_keyword as search_k6_0_ 
    from
        search_status searchstat0_ 
    where
        searchstat0_.search_keyword=? for update
            
2023-03-24 10:53:27.673  INFO 53500 --- [pool-4-thread-8] c.z.b.a.s.service.BlogSearchService      : searchStatusEntity before = SearchStatusEntity(searchId=2, searchKeyword=곽튜브, searchCount=5, lastSearchDateTime=2023-03-24T10:53:27.657547)
2023-03-24 10:53:27.681  INFO 53500 --- [pool-4-thread-8] c.z.b.a.s.service.BlogSearchService      : searchStatusEntity after = SearchStatusEntity(searchId=2, searchKeyword=곽튜브, searchCount=6, lastSearchDateTime=2023-03-24T10:53:27.681483600)
Hibernate: 
    update
        search_status 
    set
        update_datetime=?,
2023-03-24 10:53:27.683  INFO 53500 --- [pool-4-thread-9] c.z.b.a.s.service.BlogSearchService      : kakao api response = com.zetn333.blogsearchservice.api.search.dto.SearchBlogResponse@7d6ba274
        last_search_datetime=?,
        search_count=?,
        search_keyword=? 
    where
        search_id=?
2023-03-24 10:53:27.675  INFO 53500 --- [ool-4-thread-22] c.z.b.a.s.service.BlogSearchService      : kakao api response = com.zetn333.blogsearchservice.api.search.dto.SearchBlogResponse@5d0fae8d
Hibernate: 
    select
        searchstat0_.search_id as search_i1_0_,
        searchstat0_.create_datetime as create_d2_0_,
        searchstat0_.update_datetime as update_d3_0_,
        searchstat0_.last_search_datetime as last_sea4_0_,
        searchstat0_.search_count as search_c5_0_,
        searchstat0_.search_keyword as search_k6_0_ 
    from
        search_status searchstat0_ 
    where
        searchstat0_.search_keyword=? for update
            
Hibernate: 
    select
        searchstat0_.search_id as search_i1_0_,
        searchstat0_.create_datetime as create_d2_0_,
        searchstat0_.update_datetime as update_d3_0_,
        searchstat0_.last_search_datetime as last_sea4_0_,
        searchstat0_.search_count as search_c5_0_,
        searchstat0_.search_keyword as search_k6_0_ 
    from
        search_status searchstat0_ 
    where
        searchstat0_.search_keyword=? for update
            
2023-03-24 10:53:27.694  INFO 53500 --- [pool-4-thread-9] c.z.b.a.s.service.BlogSearchService      : searchStatusEntity before = SearchStatusEntity(searchId=2, searchKeyword=곽튜브, searchCount=6, lastSearchDateTime=2023-03-24T10:53:27.681484)
2023-03-24 10:53:27.694  INFO 53500 --- [pool-4-thread-9] c.z.b.a.s.service.BlogSearchService      : searchStatusEntity after = SearchStatusEntity(searchId=2, searchKeyword=곽튜브, searchCount=7, lastSearchDateTime=2023-03-24T10:53:27.694448900)
2023-03-24 10:53:27.697  INFO 53500 --- [ool-4-thread-20] c.z.b.a.s.service.BlogSearchService      : kakao api response = com.zetn333.blogsearchservice.api.search.dto.SearchBlogResponse@b97c24c
2023-03-24 10:53:27.697  INFO 53500 --- [ool-4-thread-21] c.z.b.a.s.service.BlogSearchService      : kakao api response = com.zetn333.blogsearchservice.api.search.dto.SearchBlogResponse@1f67c997
Hibernate: 
    select
        searchstat0_.search_id as search_i1_0_,
        searchstat0_.create_datetime as create_d2_0_,
        searchstat0_.update_datetime as update_d3_0_,
        searchstat0_.last_search_datetime as last_sea4_0_,
        searchstat0_.search_count as search_c5_0_,
        searchstat0_.search_keyword as search_k6_0_ 
    from
        search_status searchstat0_ 
    where
        searchstat0_.search_keyword=? for update
            
Hibernate: 
    select
        searchstat0_.search_id as search_i1_0_,
        searchstat0_.create_datetime as create_d2_0_,
        searchstat0_.update_datetime as update_d3_0_,
        searchstat0_.last_search_datetime as last_sea4_0_,
        searchstat0_.search_count as search_c5_0_,
        searchstat0_.search_keyword as search_k6_0_ 
    from
        search_status searchstat0_ 
    where
        searchstat0_.search_keyword=? for update
            
Hibernate: 
    update
        search_status 
    set
        update_datetime=?,
        last_search_datetime=?,
        search_count=?,
        search_keyword=? 
    where
        search_id=?
2023-03-24 10:53:27.703  INFO 53500 --- [pool-4-thread-1] c.z.b.a.s.service.BlogSearchService      : searchStatusEntity before = SearchStatusEntity(searchId=2, searchKeyword=곽튜브, searchCount=7, lastSearchDateTime=2023-03-24T10:53:27.694449)
2023-03-24 10:53:27.704  INFO 53500 --- [pool-4-thread-1] c.z.b.a.s.service.BlogSearchService      : searchStatusEntity after = SearchStatusEntity(searchId=2, searchKeyword=곽튜브, searchCount=8, lastSearchDateTime=2023-03-24T10:53:27.704422400)
Hibernate: 
    update
        search_status 
    set
        update_datetime=?,
        last_search_datetime=?,
        search_count=?,
        search_keyword=? 
    where
        search_id=?
2023-03-24 10:53:27.710  INFO 53500 --- [ool-4-thread-20] c.z.b.a.s.service.BlogSearchService      : searchStatusEntity before = SearchStatusEntity(searchId=2, searchKeyword=곽튜브, searchCount=8, lastSearchDateTime=2023-03-24T10:53:27.704422)
2023-03-24 10:53:27.710  INFO 53500 --- [ool-4-thread-20] c.z.b.a.s.service.BlogSearchService      : searchStatusEntity after = SearchStatusEntity(searchId=2, searchKeyword=곽튜브, searchCount=9, lastSearchDateTime=2023-03-24T10:53:27.710407)
Hibernate: 
    update
        search_status 
    set
        update_datetime=?,
        last_search_datetime=?,
        search_count=?,
        search_keyword=? 
    where
        search_id=?
2023-03-24 10:53:27.711  INFO 53500 --- [ool-4-thread-19] c.z.b.a.s.service.BlogSearchService      : kakao api response = com.zetn333.blogsearchservice.api.search.dto.SearchBlogResponse@4000c4b0
Hibernate: 
    select
        searchstat0_.search_id as search_i1_0_,
        searchstat0_.create_datetime as create_d2_0_,
        searchstat0_.update_datetime as update_d3_0_,
        searchstat0_.last_search_datetime as last_sea4_0_,
        searchstat0_.search_count as search_c5_0_,
        searchstat0_.search_keyword as search_k6_0_ 
    from
        search_status searchstat0_ 
    where
        searchstat0_.search_keyword=? for update
            
2023-03-24 10:53:27.716  INFO 53500 --- [ool-4-thread-19] c.z.b.a.s.service.BlogSearchService      : searchStatusEntity before = SearchStatusEntity(searchId=2, searchKeyword=곽튜브, searchCount=9, lastSearchDateTime=2023-03-24T10:53:27.710407)
2023-03-24 10:53:27.716  INFO 53500 --- [ool-4-thread-19] c.z.b.a.s.service.BlogSearchService      : searchStatusEntity after = SearchStatusEntity(searchId=2, searchKeyword=곽튜브, searchCount=10, lastSearchDateTime=2023-03-24T10:53:27.716391700)
Hibernate: 
    update
        search_status 
    set
        update_datetime=?,
        last_search_datetime=?,
        search_count=?,
        search_keyword=? 
    where
        search_id=?
2023-03-24 10:53:27.721  INFO 53500 --- [ool-4-thread-10] c.z.b.a.s.service.BlogSearchService      : searchStatusEntity before = SearchStatusEntity(searchId=2, searchKeyword=곽튜브, searchCount=10, lastSearchDateTime=2023-03-24T10:53:27.716392)
2023-03-24 10:53:27.721  INFO 53500 --- [ool-4-thread-10] c.z.b.a.s.service.BlogSearchService      : searchStatusEntity after = SearchStatusEntity(searchId=2, searchKeyword=곽튜브, searchCount=11, lastSearchDateTime=2023-03-24T10:53:27.721376600)
Hibernate: 
    update
        search_status 
    set
        update_datetime=?,
        last_search_datetime=?,
        search_count=?,
        search_keyword=? 
    where
        search_id=?
2023-03-24 10:53:27.737  INFO 53500 --- [ool-4-thread-18] c.z.b.a.s.service.BlogSearchService      : kakao api response = com.zetn333.blogsearchservice.api.search.dto.SearchBlogResponse@73d01fc8
Hibernate: 
    select
        searchstat0_.search_id as search_i1_0_,
        searchstat0_.create_datetime as create_d2_0_,
        searchstat0_.update_datetime as update_d3_0_,
        searchstat0_.last_search_datetime as last_sea4_0_,
        searchstat0_.search_count as search_c5_0_,
        searchstat0_.search_keyword as search_k6_0_ 
    from
        search_status searchstat0_ 
    where
        searchstat0_.search_keyword=? for update
            
2023-03-24 10:53:27.740  INFO 53500 --- [ool-4-thread-17] c.z.b.a.s.service.BlogSearchService      : kakao api response = com.zetn333.blogsearchservice.api.search.dto.SearchBlogResponse@5c70cc9c
Hibernate: 
    select
        searchstat0_.search_id as search_i1_0_,
        searchstat0_.create_datetime as create_d2_0_,
        searchstat0_.update_datetime as update_d3_0_,
        searchstat0_.last_search_datetime as last_sea4_0_,
        searchstat0_.search_count as search_c5_0_,
        searchstat0_.search_keyword as search_k6_0_ 
    from
        search_status searchstat0_ 
    where
        searchstat0_.search_keyword=? for update
            
2023-03-24 10:53:27.747  INFO 53500 --- [ool-4-thread-16] c.z.b.a.s.service.BlogSearchService      : kakao api response = com.zetn333.blogsearchservice.api.search.dto.SearchBlogResponse@10ab9542
Hibernate: 
    select
        searchstat0_.search_id as search_i1_0_,
        searchstat0_.create_datetime as create_d2_0_,
        searchstat0_.update_datetime as update_d3_0_,
        searchstat0_.last_search_datetime as last_sea4_0_,
        searchstat0_.search_count as search_c5_0_,
        searchstat0_.search_keyword as search_k6_0_ 
    from
        search_status searchstat0_ 
    where
        searchstat0_.search_keyword=? for update
            
2023-03-24 10:53:27.749  INFO 53500 --- [ool-4-thread-15] c.z.b.a.s.service.BlogSearchService      : kakao api response = com.zetn333.blogsearchservice.api.search.dto.SearchBlogResponse@6241ebed
2023-03-24 10:53:27.741  INFO 53500 --- [ool-4-thread-18] c.z.b.a.s.service.BlogSearchService      : searchStatusEntity before = SearchStatusEntity(searchId=2, searchKeyword=곽튜브, searchCount=11, lastSearchDateTime=2023-03-24T10:53:27.721377)
2023-03-24 10:53:27.750  INFO 53500 --- [ool-4-thread-18] c.z.b.a.s.service.BlogSearchService      : searchStatusEntity after = SearchStatusEntity(searchId=2, searchKeyword=곽튜브, searchCount=12, lastSearchDateTime=2023-03-24T10:53:27.750298600)
Hibernate: 
    select
        searchstat0_.search_id as search_i1_0_,
        searchstat0_.create_datetime as create_d2_0_,
        searchstat0_.update_datetime as update_d3_0_,
        searchstat0_.last_search_datetime as last_sea4_0_,
        searchstat0_.search_count as search_c5_0_,
        searchstat0_.search_keyword as search_k6_0_ 
    from
        search_status searchstat0_ 
    where
        searchstat0_.search_keyword=? for update
            
Hibernate: 
    update
        search_status 
    set
        update_datetime=?,
        last_search_datetime=?,
        search_count=?,
        search_keyword=? 
    where
        search_id=?
2023-03-24 10:53:27.757  INFO 53500 --- [ool-4-thread-14] c.z.b.a.s.service.BlogSearchService      : kakao api response = com.zetn333.blogsearchservice.api.search.dto.SearchBlogResponse@35ed714e
2023-03-24 10:53:27.758  INFO 53500 --- [pool-4-thread-5] c.z.b.a.s.service.BlogSearchService      : searchStatusEntity before = SearchStatusEntity(searchId=2, searchKeyword=곽튜브, searchCount=12, lastSearchDateTime=2023-03-24T10:53:27.750299)
2023-03-24 10:53:27.759  INFO 53500 --- [pool-4-thread-5] c.z.b.a.s.service.BlogSearchService      : searchStatusEntity after = SearchStatusEntity(searchId=2, searchKeyword=곽튜브, searchCount=13, lastSearchDateTime=2023-03-24T10:53:27.759274900)
Hibernate: 
    select
        searchstat0_.search_id as search_i1_0_,
        searchstat0_.create_datetime as create_d2_0_,
        searchstat0_.update_datetime as update_d3_0_,
        searchstat0_.last_search_datetime as last_sea4_0_,
        searchstat0_.search_count as search_c5_0_,
        searchstat0_.search_keyword as search_k6_0_ 
    from
        search_status searchstat0_ 
    where
        searchstat0_.search_keyword=? for update
            
Hibernate: 
    update
        search_status 
    set
        update_datetime=?,
        last_search_datetime=?,
        search_count=?,
        search_keyword=? 
    where
        search_id=?
2023-03-24 10:53:27.767  INFO 53500 --- [pool-4-thread-2] c.z.b.a.s.service.BlogSearchService      : searchStatusEntity before = SearchStatusEntity(searchId=2, searchKeyword=곽튜브, searchCount=13, lastSearchDateTime=2023-03-24T10:53:27.759275)
2023-03-24 10:53:27.767  INFO 53500 --- [pool-4-thread-2] c.z.b.a.s.service.BlogSearchService      : searchStatusEntity after = SearchStatusEntity(searchId=2, searchKeyword=곽튜브, searchCount=14, lastSearchDateTime=2023-03-24T10:53:27.767252900)
Hibernate: 
    update
        search_status 
    set
        update_datetime=?,
        last_search_datetime=?,
        search_count=?,
        search_keyword=? 
    where
        search_id=?
2023-03-24 10:53:27.770  INFO 53500 --- [ool-4-thread-23] c.z.b.a.s.service.BlogSearchService      : kakao api response = com.zetn333.blogsearchservice.api.search.dto.SearchBlogResponse@28c55461
Hibernate: 
    select
        searchstat0_.search_id as search_i1_0_,
        searchstat0_.create_datetime as create_d2_0_,
        searchstat0_.update_datetime as update_d3_0_,
        searchstat0_.last_search_datetime as last_sea4_0_,
        searchstat0_.search_count as search_c5_0_,
        searchstat0_.search_keyword as search_k6_0_ 
    from
        search_status searchstat0_ 
    where
        searchstat0_.search_keyword=? for update
            
2023-03-24 10:53:27.772  INFO 53500 --- [ool-4-thread-16] c.z.b.a.s.service.BlogSearchService      : searchStatusEntity before = SearchStatusEntity(searchId=2, searchKeyword=곽튜브, searchCount=14, lastSearchDateTime=2023-03-24T10:53:27.767253)
2023-03-24 10:53:27.772  INFO 53500 --- [ool-4-thread-16] c.z.b.a.s.service.BlogSearchService      : searchStatusEntity after = SearchStatusEntity(searchId=2, searchKeyword=곽튜브, searchCount=15, lastSearchDateTime=2023-03-24T10:53:27.772240500)
Hibernate: 
    update
        search_status 
    set
        update_datetime=?,
        last_search_datetime=?,
        search_count=?,
        search_keyword=? 
    where
        search_id=?
2023-03-24 10:53:27.781  INFO 53500 --- [ool-4-thread-21] c.z.b.a.s.service.BlogSearchService      : searchStatusEntity before = SearchStatusEntity(searchId=2, searchKeyword=곽튜브, searchCount=15, lastSearchDateTime=2023-03-24T10:53:27.772241)
2023-03-24 10:53:27.781  INFO 53500 --- [ool-4-thread-21] c.z.b.a.s.service.BlogSearchService      : searchStatusEntity after = SearchStatusEntity(searchId=2, searchKeyword=곽튜브, searchCount=16, lastSearchDateTime=2023-03-24T10:53:27.781216700)
Hibernate: 
    update
        search_status 
    set
        update_datetime=?,
        last_search_datetime=?,
        search_count=?,
        search_keyword=? 
    where
        search_id=?
2023-03-24 10:53:27.783  INFO 53500 --- [ool-4-thread-13] c.z.b.a.s.service.BlogSearchService      : kakao api response = com.zetn333.blogsearchservice.api.search.dto.SearchBlogResponse@4f3c1ed2
Hibernate: 
    select
        searchstat0_.search_id as search_i1_0_,
        searchstat0_.create_datetime as create_d2_0_,
        searchstat0_.update_datetime as update_d3_0_,
        searchstat0_.last_search_datetime as last_sea4_0_,
        searchstat0_.search_count as search_c5_0_,
        searchstat0_.search_keyword as search_k6_0_ 
    from
        search_status searchstat0_ 
    where
        searchstat0_.search_keyword=? for update
            
2023-03-24 10:53:27.786  INFO 53500 --- [ool-4-thread-15] c.z.b.a.s.service.BlogSearchService      : searchStatusEntity before = SearchStatusEntity(searchId=2, searchKeyword=곽튜브, searchCount=16, lastSearchDateTime=2023-03-24T10:53:27.781217)
2023-03-24 10:53:27.786  INFO 53500 --- [ool-4-thread-15] c.z.b.a.s.service.BlogSearchService      : searchStatusEntity after = SearchStatusEntity(searchId=2, searchKeyword=곽튜브, searchCount=17, lastSearchDateTime=2023-03-24T10:53:27.786202800)
Hibernate: 
    update
        search_status 
    set
        update_datetime=?,
        last_search_datetime=?,
        search_count=?,
        search_keyword=? 
    where
        search_id=?
2023-03-24 10:53:27.791  INFO 53500 --- [ool-4-thread-11] c.z.b.a.s.service.BlogSearchService      : kakao api response = com.zetn333.blogsearchservice.api.search.dto.SearchBlogResponse@226102d9
Hibernate: 
    select
        searchstat0_.search_id as search_i1_0_,
        searchstat0_.create_datetime as create_d2_0_,
        searchstat0_.update_datetime as update_d3_0_,
        searchstat0_.last_search_datetime as last_sea4_0_,
        searchstat0_.search_count as search_c5_0_,
        searchstat0_.search_keyword as search_k6_0_ 
    from
        search_status searchstat0_ 
    where
        searchstat0_.search_keyword=? for update
            
Hibernate: 
    SELECT
        * 
    FROM
        SEARCH_STATUS 
    ORDER BY
        search_count DESC LIMIT 10
2023-03-24 10:53:27.797  INFO 53500 --- [    Test worker] c.z.b.a.s.service.BlogSearchService      : hotKeywords = [SearchStatusEntity(searchId=2, searchKeyword=곽튜브, searchCount=17, lastSearchDateTime=2023-03-24T10:53:27.786203), SearchStatusEntity(searchId=1, searchKeyword=방탄소년단, searchCount=11, lastSearchDateTime=2023-03-24T10:53:27.250636)]
2023-03-24 10:53:27.800  INFO 53500 --- [ool-4-thread-11] c.z.b.a.s.service.BlogSearchService      : searchStatusEntity before = SearchStatusEntity(searchId=2, searchKeyword=곽튜브, searchCount=17, lastSearchDateTime=2023-03-24T10:53:27.786203)
2023-03-24 10:53:27.800  INFO 53500 --- [ool-4-thread-11] c.z.b.a.s.service.BlogSearchService      : searchStatusEntity after = SearchStatusEntity(searchId=2, searchKeyword=곽튜브, searchCount=18, lastSearchDateTime=2023-03-24T10:53:27.800164900)
2023-03-24 10:53:27.801  INFO 53500 --- [ool-4-thread-12] c.z.b.a.s.service.BlogSearchService      : kakao api response = com.zetn333.blogsearchservice.api.search.dto.SearchBlogResponse@190a03bd
Hibernate: 
    select
        searchstat0_.search_id as search_i1_0_,
        searchstat0_.create_datetime as create_d2_0_,
        searchstat0_.update_datetime as update_d3_0_,
        searchstat0_.last_search_datetime as last_sea4_0_,
        searchstat0_.search_count as search_c5_0_,
        searchstat0_.search_keyword as search_k6_0_ 
    from
        search_status searchstat0_ 
    where
        searchstat0_.search_keyword=? for update
            
Hibernate: 
    update
        search_status 
    set
        update_datetime=?,
        last_search_datetime=?,
        search_count=?,
        search_keyword=? 
    where
        search_id=?
2023-03-24 10:53:27.811  INFO 53500 --- [ool-4-thread-23] c.z.b.a.s.service.BlogSearchService      : searchStatusEntity before = SearchStatusEntity(searchId=2, searchKeyword=곽튜브, searchCount=18, lastSearchDateTime=2023-03-24T10:53:27.800165)
2023-03-24 10:53:27.812  INFO 53500 --- [ool-4-thread-23] c.z.b.a.s.service.BlogSearchService      : searchStatusEntity after = SearchStatusEntity(searchId=2, searchKeyword=곽튜브, searchCount=19, lastSearchDateTime=2023-03-24T10:53:27.812133700)
Hibernate: 
    update
        search_status 
    set
        update_datetime=?,
        last_search_datetime=?,
        search_count=?,
        search_keyword=? 
    where
        search_id=?
2023-03-24 10:53:27.816  INFO 53500 --- [ool-4-thread-24] c.z.b.a.s.service.BlogSearchService      : kakao api response = com.zetn333.blogsearchservice.api.search.dto.SearchBlogResponse@4d023b1b
Hibernate: 
    select
        searchstat0_.search_id as search_i1_0_,
        searchstat0_.create_datetime as create_d2_0_,
        searchstat0_.update_datetime as update_d3_0_,
        searchstat0_.last_search_datetime as last_sea4_0_,
        searchstat0_.search_count as search_c5_0_,
        searchstat0_.search_keyword as search_k6_0_ 
    from
        search_status searchstat0_ 
    where
        searchstat0_.search_keyword=? for update
            
2023-03-24 10:53:27.820  INFO 53500 --- [ool-4-thread-13] c.z.b.a.s.service.BlogSearchService      : searchStatusEntity before = SearchStatusEntity(searchId=2, searchKeyword=곽튜브, searchCount=19, lastSearchDateTime=2023-03-24T10:53:27.812134)
2023-03-24 10:53:27.820  INFO 53500 --- [ool-4-thread-13] c.z.b.a.s.service.BlogSearchService      : searchStatusEntity after = SearchStatusEntity(searchId=2, searchKeyword=곽튜브, searchCount=20, lastSearchDateTime=2023-03-24T10:53:27.820111700)
Hibernate: 
    update
        search_status 
    set
        update_datetime=?,
        last_search_datetime=?,
        search_count=?,
        search_keyword=? 
    where
        search_id=?
2023-03-24 10:53:27.827  INFO 53500 --- [ool-4-thread-17] c.z.b.a.s.service.BlogSearchService      : searchStatusEntity before = SearchStatusEntity(searchId=2, searchKeyword=곽튜브, searchCount=20, lastSearchDateTime=2023-03-24T10:53:27.820112)
2023-03-24 10:53:27.829  INFO 53500 --- [ool-4-thread-17] c.z.b.a.s.service.BlogSearchService      : searchStatusEntity after = SearchStatusEntity(searchId=2, searchKeyword=곽튜브, searchCount=21, lastSearchDateTime=2023-03-24T10:53:27.829088100)
2023-03-24 10:53:27.830  INFO 53500 --- [ool-4-thread-49] c.z.b.a.s.service.BlogSearchService      : kakao api response = com.zetn333.blogsearchservice.api.search.dto.SearchBlogResponse@abace41
Hibernate: 
    select
        searchstat0_.search_id as search_i1_0_,
        searchstat0_.create_datetime as create_d2_0_,
        searchstat0_.update_datetime as update_d3_0_,
        searchstat0_.last_search_datetime as last_sea4_0_,
        searchstat0_.search_count as search_c5_0_,
        searchstat0_.search_keyword as search_k6_0_ 
    from
        search_status searchstat0_ 
    where
        searchstat0_.search_keyword=? for update
            
Hibernate: 
    update
        search_status 
    set
        update_datetime=?,
        last_search_datetime=?,
        search_count=?,
        search_keyword=? 
    where
        search_id=?
2023-03-24 10:53:27.832  INFO 53500 --- [ool-4-thread-50] c.z.b.a.s.service.BlogSearchService      : kakao api response = com.zetn333.blogsearchservice.api.search.dto.SearchBlogResponse@6dcec3fa
Hibernate: 
    select
        searchstat0_.search_id as search_i1_0_,
        searchstat0_.create_datetime as create_d2_0_,
        searchstat0_.update_datetime as update_d3_0_,
        searchstat0_.last_search_datetime as last_sea4_0_,
        searchstat0_.search_count as search_c5_0_,
        searchstat0_.search_keyword as search_k6_0_ 
    from
        search_status searchstat0_ 
    where
        searchstat0_.search_keyword=? for update
            
2023-03-24 10:53:27.841  INFO 53500 --- [ool-4-thread-14] c.z.b.a.s.service.BlogSearchService      : searchStatusEntity before = SearchStatusEntity(searchId=2, searchKeyword=곽튜브, searchCount=21, lastSearchDateTime=2023-03-24T10:53:27.829088)
2023-03-24 10:53:27.842  INFO 53500 --- [ool-4-thread-14] c.z.b.a.s.service.BlogSearchService      : searchStatusEntity after = SearchStatusEntity(searchId=2, searchKeyword=곽튜브, searchCount=22, lastSearchDateTime=2023-03-24T10:53:27.842053500)
Hibernate: 
    update
        search_status 
    set
        update_datetime=?,
        last_search_datetime=?,
        search_count=?,
        search_keyword=? 
    where
        search_id=?
2023-03-24 10:53:27.846  INFO 53500 --- [ool-4-thread-50] c.z.b.a.s.service.BlogSearchService      : searchStatusEntity before = SearchStatusEntity(searchId=2, searchKeyword=곽튜브, searchCount=22, lastSearchDateTime=2023-03-24T10:53:27.842054)
2023-03-24 10:53:27.847  INFO 53500 --- [ool-4-thread-50] c.z.b.a.s.service.BlogSearchService      : searchStatusEntity after = SearchStatusEntity(searchId=2, searchKeyword=곽튜브, searchCount=23, lastSearchDateTime=2023-03-24T10:53:27.847040500)
Hibernate: 
    update
        search_status 
    set
        update_datetime=?,
        last_search_datetime=?,
        search_count=?,
        search_keyword=? 
    where
        search_id=?
2023-03-24 10:53:27.854  INFO 53500 --- [ool-4-thread-44] c.z.b.a.s.service.BlogSearchService      : kakao api response = com.zetn333.blogsearchservice.api.search.dto.SearchBlogResponse@ef5e1f
Hibernate: 
    select
        searchstat0_.search_id as search_i1_0_,
        searchstat0_.create_datetime as create_d2_0_,
        searchstat0_.update_datetime as update_d3_0_,
        searchstat0_.last_search_datetime as last_sea4_0_,
        searchstat0_.search_count as search_c5_0_,
        searchstat0_.search_keyword as search_k6_0_ 
    from
        search_status searchstat0_ 
    where
        searchstat0_.search_keyword=? for update
            
2023-03-24 10:53:27.856  INFO 53500 --- [ool-4-thread-44] c.z.b.a.s.service.BlogSearchService      : searchStatusEntity before = SearchStatusEntity(searchId=2, searchKeyword=곽튜브, searchCount=23, lastSearchDateTime=2023-03-24T10:53:27.847041)
2023-03-24 10:53:27.856  INFO 53500 --- [ool-4-thread-44] c.z.b.a.s.service.BlogSearchService      : searchStatusEntity after = SearchStatusEntity(searchId=2, searchKeyword=곽튜브, searchCount=24, lastSearchDateTime=2023-03-24T10:53:27.856015200)
Hibernate: 
    update
        search_status 
    set
        update_datetime=?,
        last_search_datetime=?,
        search_count=?,
        search_keyword=? 
    where
        search_id=?
2023-03-24 10:53:27.864  INFO 53500 --- [ool-4-thread-48] c.z.b.a.s.service.BlogSearchService      : kakao api response = com.zetn333.blogsearchservice.api.search.dto.SearchBlogResponse@4cc79156
2023-03-24 10:53:27.865  INFO 53500 --- [ool-4-thread-49] c.z.b.a.s.service.BlogSearchService      : searchStatusEntity before = SearchStatusEntity(searchId=2, searchKeyword=곽튜브, searchCount=24, lastSearchDateTime=2023-03-24T10:53:27.856015)
Hibernate: 
    select
        searchstat0_.search_id as search_i1_0_,
        searchstat0_.create_datetime as create_d2_0_,
        searchstat0_.update_datetime as update_d3_0_,
        searchstat0_.last_search_datetime as last_sea4_0_,
        searchstat0_.search_count as search_c5_0_,
        searchstat0_.search_keyword as search_k6_0_ 
    from
        search_status searchstat0_ 
    where
        searchstat0_.search_keyword=? for update
            
2023-03-24 10:53:27.865  INFO 53500 --- [ool-4-thread-49] c.z.b.a.s.service.BlogSearchService      : searchStatusEntity after = SearchStatusEntity(searchId=2, searchKeyword=곽튜브, searchCount=25, lastSearchDateTime=2023-03-24T10:53:27.865991100)
2023-03-24 10:53:27.864  INFO 53500 --- [ool-4-thread-47] c.z.b.a.s.service.BlogSearchService      : kakao api response = com.zetn333.blogsearchservice.api.search.dto.SearchBlogResponse@4c4d2407
2023-03-24 10:53:27.864  INFO 53500 --- [ool-4-thread-91] c.z.b.a.s.service.BlogSearchService      : kakao api response = com.zetn333.blogsearchservice.api.search.dto.SearchBlogResponse@107b5328
Hibernate: 
    select
        searchstat0_.search_id as search_i1_0_,
        searchstat0_.create_datetime as create_d2_0_,
        searchstat0_.update_datetime as update_d3_0_,
        searchstat0_.last_search_datetime as last_sea4_0_,
        searchstat0_.search_count as search_c5_0_,
        searchstat0_.search_keyword as search_k6_0_ 
    from
        search_status searchstat0_ 
    where
        searchstat0_.search_keyword=? for update
            
Hibernate: 
    update
        search_status 
    set
        update_datetime=?,
        last_search_datetime=?,
        search_count=?,
        search_keyword=? 
    where
        search_id=?
Hibernate: 
    select
        searchstat0_.search_id as search_i1_0_,
        searchstat0_.create_datetime as create_d2_0_,
        searchstat0_.update_datetime as update_d3_0_,
        searchstat0_.last_search_datetime as last_sea4_0_,
        searchstat0_.search_count as search_c5_0_,
        searchstat0_.search_keyword as search_k6_0_ 
    from
        search_status searchstat0_ 
    where
        searchstat0_.search_keyword=? for update
            
2023-03-24 10:53:27.873  INFO 53500 --- [ool-4-thread-47] c.z.b.a.s.service.BlogSearchService      : searchStatusEntity before = SearchStatusEntity(searchId=2, searchKeyword=곽튜브, searchCount=25, lastSearchDateTime=2023-03-24T10:53:27.865991)
2023-03-24 10:53:27.873  INFO 53500 --- [ool-4-thread-47] c.z.b.a.s.service.BlogSearchService      : searchStatusEntity after = SearchStatusEntity(searchId=2, searchKeyword=곽튜브, searchCount=26, lastSearchDateTime=2023-03-24T10:53:27.873968)
2023-03-24 10:53:27.874  INFO 53500 --- [ool-4-thread-42] c.z.b.a.s.service.BlogSearchService      : kakao api response = com.zetn333.blogsearchservice.api.search.dto.SearchBlogResponse@7635f1d8
Hibernate: 
    update
        search_status 
    set
        update_datetime=?,
        last_search_datetime=?,
        search_count=?,
        search_keyword=? 
    where
        search_id=?
Hibernate: 
    select
        searchstat0_.search_id as search_i1_0_,
        searchstat0_.create_datetime as create_d2_0_,
        searchstat0_.update_datetime as update_d3_0_,
        searchstat0_.last_search_datetime as last_sea4_0_,
        searchstat0_.search_count as search_c5_0_,
        searchstat0_.search_keyword as search_k6_0_ 
    from
        search_status searchstat0_ 
    where
        searchstat0_.search_keyword=? for update
            
2023-03-24 10:53:27.878  INFO 53500 --- [ool-4-thread-84] c.z.b.a.s.service.BlogSearchService      : kakao api response = com.zetn333.blogsearchservice.api.search.dto.SearchBlogResponse@6b636ffd
2023-03-24 10:53:27.879  INFO 53500 --- [ool-4-thread-48] c.z.b.a.s.service.BlogSearchService      : searchStatusEntity before = SearchStatusEntity(searchId=2, searchKeyword=곽튜브, searchCount=26, lastSearchDateTime=2023-03-24T10:53:27.873968)
2023-03-24 10:53:27.879  INFO 53500 --- [ool-4-thread-48] c.z.b.a.s.service.BlogSearchService      : searchStatusEntity after = SearchStatusEntity(searchId=2, searchKeyword=곽튜브, searchCount=27, lastSearchDateTime=2023-03-24T10:53:27.879952300)
Hibernate: 
    select
        searchstat0_.search_id as search_i1_0_,
        searchstat0_.create_datetime as create_d2_0_,
        searchstat0_.update_datetime as update_d3_0_,
        searchstat0_.last_search_datetime as last_sea4_0_,
        searchstat0_.search_count as search_c5_0_,
        searchstat0_.search_keyword as search_k6_0_ 
    from
        search_status searchstat0_ 
    where
        searchstat0_.search_keyword=? for update
            
Hibernate: 
    update
        search_status 
    set
        update_datetime=?,
        last_search_datetime=?,
        search_count=?,
        search_keyword=? 
    where
        search_id=?
2023-03-24 10:53:27.884  INFO 53500 --- [ool-4-thread-42] c.z.b.a.s.service.BlogSearchService      : searchStatusEntity before = SearchStatusEntity(searchId=2, searchKeyword=곽튜브, searchCount=27, lastSearchDateTime=2023-03-24T10:53:27.879952)
2023-03-24 10:53:27.886  INFO 53500 --- [ool-4-thread-42] c.z.b.a.s.service.BlogSearchService      : searchStatusEntity after = SearchStatusEntity(searchId=2, searchKeyword=곽튜브, searchCount=28, lastSearchDateTime=2023-03-24T10:53:27.886933400)
2023-03-24 10:53:27.887  INFO 53500 --- [ool-4-thread-41] c.z.b.a.s.service.BlogSearchService      : kakao api response = com.zetn333.blogsearchservice.api.search.dto.SearchBlogResponse@3a9d6cc8
Hibernate: 
    update
        search_status 
    set
        update_datetime=?,
        last_search_datetime=?,
        search_count=?,
        search_keyword=? 
    where
        search_id=?
Hibernate: 
    select
        searchstat0_.search_id as search_i1_0_,
        searchstat0_.create_datetime as create_d2_0_,
        searchstat0_.update_datetime as update_d3_0_,
        searchstat0_.last_search_datetime as last_sea4_0_,
        searchstat0_.search_count as search_c5_0_,
        searchstat0_.search_keyword as search_k6_0_ 
    from
        search_status searchstat0_ 
    where
        searchstat0_.search_keyword=? for update
            
2023-03-24 10:53:27.891  INFO 53500 --- [ool-4-thread-24] c.z.b.a.s.service.BlogSearchService      : searchStatusEntity before = SearchStatusEntity(searchId=2, searchKeyword=곽튜브, searchCount=28, lastSearchDateTime=2023-03-24T10:53:27.886933)
2023-03-24 10:53:27.892  INFO 53500 --- [ool-4-thread-24] c.z.b.a.s.service.BlogSearchService      : searchStatusEntity after = SearchStatusEntity(searchId=2, searchKeyword=곽튜브, searchCount=29, lastSearchDateTime=2023-03-24T10:53:27.892918200)
Hibernate: 
    update
        search_status 
    set
        update_datetime=?,
        last_search_datetime=?,
        search_count=?,
        search_keyword=? 
    where
        search_id=?
2023-03-24 10:53:27.898  INFO 53500 --- [ool-4-thread-22] c.z.b.a.s.service.BlogSearchService      : searchStatusEntity before = SearchStatusEntity(searchId=2, searchKeyword=곽튜브, searchCount=29, lastSearchDateTime=2023-03-24T10:53:27.892918)
2023-03-24 10:53:27.899  INFO 53500 --- [ool-4-thread-22] c.z.b.a.s.service.BlogSearchService      : searchStatusEntity after = SearchStatusEntity(searchId=2, searchKeyword=곽튜브, searchCount=30, lastSearchDateTime=2023-03-24T10:53:27.899900)
Hibernate: 
    update
        search_status 
    set
        update_datetime=?,
        last_search_datetime=?,
        search_count=?,
        search_keyword=? 
    where
        search_id=?
2023-03-24 10:53:27.919  INFO 53500 --- [ool-4-thread-38] c.z.b.a.s.service.BlogSearchService      : kakao api response = com.zetn333.blogsearchservice.api.search.dto.SearchBlogResponse@2913f435
Hibernate: 
    select
        searchstat0_.search_id as search_i1_0_,
        searchstat0_.create_datetime as create_d2_0_,
        searchstat0_.update_datetime as update_d3_0_,
        searchstat0_.last_search_datetime as last_sea4_0_,
        searchstat0_.search_count as search_c5_0_,
        searchstat0_.search_keyword as search_k6_0_ 
    from
        search_status searchstat0_ 
    where
        searchstat0_.search_keyword=? for update
            
2023-03-24 10:53:27.921  INFO 53500 --- [ool-4-thread-39] c.z.b.a.s.service.BlogSearchService      : kakao api response = com.zetn333.blogsearchservice.api.search.dto.SearchBlogResponse@63107c49
2023-03-24 10:53:27.922  INFO 53500 --- [ool-4-thread-40] c.z.b.a.s.service.BlogSearchService      : kakao api response = com.zetn333.blogsearchservice.api.search.dto.SearchBlogResponse@53cfe80c
Hibernate: 
    select
        searchstat0_.search_id as search_i1_0_,
        searchstat0_.create_datetime as create_d2_0_,
        searchstat0_.update_datetime as update_d3_0_,
        searchstat0_.last_search_datetime as last_sea4_0_,
        searchstat0_.search_count as search_c5_0_,
        searchstat0_.search_keyword as search_k6_0_ 
    from
        search_status searchstat0_ 
    where
        searchstat0_.search_keyword=? for update
            
Hibernate: 
    select
        searchstat0_.search_id as search_i1_0_,
        searchstat0_.create_datetime as create_d2_0_,
        searchstat0_.update_datetime as update_d3_0_,
        searchstat0_.last_search_datetime as last_sea4_0_,
        searchstat0_.search_count as search_c5_0_,
        searchstat0_.search_keyword as search_k6_0_ 
    from
        search_status searchstat0_ 
    where
        searchstat0_.search_keyword=? for update
            
2023-03-24 10:53:27.921  INFO 53500 --- [ool-4-thread-36] c.z.b.a.s.service.BlogSearchService      : kakao api response = com.zetn333.blogsearchservice.api.search.dto.SearchBlogResponse@45980fc6
Hibernate: 
    select
        searchstat0_.search_id as search_i1_0_,
        searchstat0_.create_datetime as create_d2_0_,
        searchstat0_.update_datetime as update_d3_0_,
        searchstat0_.last_search_datetime as last_sea4_0_,
        searchstat0_.search_count as search_c5_0_,
        searchstat0_.search_keyword as search_k6_0_ 
    from
        search_status searchstat0_ 
    where
        searchstat0_.search_keyword=? for update
            
2023-03-24 10:53:27.926  INFO 53500 --- [ool-4-thread-84] c.z.b.a.s.service.BlogSearchService      : searchStatusEntity before = SearchStatusEntity(searchId=2, searchKeyword=곽튜브, searchCount=30, lastSearchDateTime=2023-03-24T10:53:27.899900)
2023-03-24 10:53:27.926  INFO 53500 --- [ool-4-thread-84] c.z.b.a.s.service.BlogSearchService      : searchStatusEntity after = SearchStatusEntity(searchId=2, searchKeyword=곽튜브, searchCount=31, lastSearchDateTime=2023-03-24T10:53:27.926826500)
Hibernate: 
    update
        search_status 
    set
        update_datetime=?,
        last_search_datetime=?,
        search_count=?,
        search_keyword=? 
    where
        search_id=?
2023-03-24 10:53:27.931  INFO 53500 --- [ool-4-thread-36] c.z.b.a.s.service.BlogSearchService      : searchStatusEntity before = SearchStatusEntity(searchId=2, searchKeyword=곽튜브, searchCount=31, lastSearchDateTime=2023-03-24T10:53:27.926827)
2023-03-24 10:53:27.931  INFO 53500 --- [ool-4-thread-36] c.z.b.a.s.service.BlogSearchService      : searchStatusEntity after = SearchStatusEntity(searchId=2, searchKeyword=곽튜브, searchCount=32, lastSearchDateTime=2023-03-24T10:53:27.931813900)
Hibernate: 
    update
        search_status 
    set
        update_datetime=?,
        last_search_datetime=?,
        search_count=?,
        search_keyword=? 
    where
        search_id=?
2023-03-24 10:53:27.935  INFO 53500 --- [ool-4-thread-91] c.z.b.a.s.service.BlogSearchService      : searchStatusEntity before = SearchStatusEntity(searchId=2, searchKeyword=곽튜브, searchCount=32, lastSearchDateTime=2023-03-24T10:53:27.931814)
2023-03-24 10:53:27.935  INFO 53500 --- [ool-4-thread-91] c.z.b.a.s.service.BlogSearchService      : searchStatusEntity after = SearchStatusEntity(searchId=2, searchKeyword=곽튜브, searchCount=33, lastSearchDateTime=2023-03-24T10:53:27.935802900)
Hibernate: 
    update
        search_status 
    set
        update_datetime=?,
        last_search_datetime=?,
        search_count=?,
        search_keyword=? 
    where
        search_id=?
2023-03-24 10:53:27.940  INFO 53500 --- [ool-4-thread-41] c.z.b.a.s.service.BlogSearchService      : searchStatusEntity before = SearchStatusEntity(searchId=2, searchKeyword=곽튜브, searchCount=33, lastSearchDateTime=2023-03-24T10:53:27.935803)
2023-03-24 10:53:27.940  INFO 53500 --- [ool-4-thread-41] c.z.b.a.s.service.BlogSearchService      : searchStatusEntity after = SearchStatusEntity(searchId=2, searchKeyword=곽튜브, searchCount=34, lastSearchDateTime=2023-03-24T10:53:27.940790)
2023-03-24 10:53:27.946  INFO 53500 --- [ool-4-thread-37] c.z.b.a.s.service.BlogSearchService      : kakao api response = com.zetn333.blogsearchservice.api.search.dto.SearchBlogResponse@779ecf43
2023-03-24 10:53:27.946  INFO 53500 --- [ool-4-thread-35] c.z.b.a.s.service.BlogSearchService      : kakao api response = com.zetn333.blogsearchservice.api.search.dto.SearchBlogResponse@6fef19c0
Hibernate: 
    update
        search_status 
    set
        update_datetime=?,
        last_search_datetime=?,
        search_count=?,
        search_keyword=? 
    where
        search_id=?
Hibernate: 
    select
        searchstat0_.search_id as search_i1_0_,
        searchstat0_.create_datetime as create_d2_0_,
        searchstat0_.update_datetime as update_d3_0_,
        searchstat0_.last_search_datetime as last_sea4_0_,
        searchstat0_.search_count as search_c5_0_,
        searchstat0_.search_keyword as search_k6_0_ 
    from
        search_status searchstat0_ 
    where
        searchstat0_.search_keyword=? for update
            
Hibernate: 
    select
        searchstat0_.search_id as search_i1_0_,
        searchstat0_.create_datetime as create_d2_0_,
        searchstat0_.update_datetime as update_d3_0_,
        searchstat0_.last_search_datetime as last_sea4_0_,
        searchstat0_.search_count as search_c5_0_,
        searchstat0_.search_keyword as search_k6_0_ 
    from
        search_status searchstat0_ 
    where
        searchstat0_.search_keyword=? for update
            
2023-03-24 10:53:27.949  INFO 53500 --- [ool-4-thread-12] c.z.b.a.s.service.BlogSearchService      : searchStatusEntity before = SearchStatusEntity(searchId=2, searchKeyword=곽튜브, searchCount=34, lastSearchDateTime=2023-03-24T10:53:27.940790)
2023-03-24 10:53:27.950  INFO 53500 --- [ool-4-thread-12] c.z.b.a.s.service.BlogSearchService      : searchStatusEntity after = SearchStatusEntity(searchId=2, searchKeyword=곽튜브, searchCount=35, lastSearchDateTime=2023-03-24T10:53:27.950762500)
Hibernate: 
    update
        search_status 
    set
        update_datetime=?,
        last_search_datetime=?,
        search_count=?,
        search_keyword=? 
    where
        search_id=?
2023-03-24 10:53:27.954  INFO 53500 --- [ool-4-thread-33] c.z.b.a.s.service.BlogSearchService      : kakao api response = com.zetn333.blogsearchservice.api.search.dto.SearchBlogResponse@28eea99c
2023-03-24 10:53:27.955  INFO 53500 --- [ool-4-thread-35] c.z.b.a.s.service.BlogSearchService      : searchStatusEntity before = SearchStatusEntity(searchId=2, searchKeyword=곽튜브, searchCount=35, lastSearchDateTime=2023-03-24T10:53:27.950763)
2023-03-24 10:53:27.955  INFO 53500 --- [ool-4-thread-35] c.z.b.a.s.service.BlogSearchService      : searchStatusEntity after = SearchStatusEntity(searchId=2, searchKeyword=곽튜브, searchCount=36, lastSearchDateTime=2023-03-24T10:53:27.955768700)
Hibernate: 
    select
        searchstat0_.search_id as search_i1_0_,
        searchstat0_.create_datetime as create_d2_0_,
        searchstat0_.update_datetime as update_d3_0_,
        searchstat0_.last_search_datetime as last_sea4_0_,
        searchstat0_.search_count as search_c5_0_,
        searchstat0_.search_keyword as search_k6_0_ 
    from
        search_status searchstat0_ 
    where
        searchstat0_.search_keyword=? for update
            
Hibernate: 
    update
        search_status 
    set
        update_datetime=?,
        last_search_datetime=?,
        search_count=?,
        search_keyword=? 
    where
        search_id=?
2023-03-24 10:53:27.960  INFO 53500 --- [ool-4-thread-40] c.z.b.a.s.service.BlogSearchService      : searchStatusEntity before = SearchStatusEntity(searchId=2, searchKeyword=곽튜브, searchCount=36, lastSearchDateTime=2023-03-24T10:53:27.955769)
2023-03-24 10:53:27.960  INFO 53500 --- [ool-4-thread-40] c.z.b.a.s.service.BlogSearchService      : searchStatusEntity after = SearchStatusEntity(searchId=2, searchKeyword=곽튜브, searchCount=37, lastSearchDateTime=2023-03-24T10:53:27.960737100)
2023-03-24 10:53:27.961  INFO 53500 --- [ool-4-thread-34] c.z.b.a.s.service.BlogSearchService      : kakao api response = com.zetn333.blogsearchservice.api.search.dto.SearchBlogResponse@437514bc
Hibernate: 
    update
        search_status 
    set
        update_datetime=?,
        last_search_datetime=?,
        search_count=?,
        search_keyword=? 
    where
        search_id=?
Hibernate: 
    select
        searchstat0_.search_id as search_i1_0_,
        searchstat0_.create_datetime as create_d2_0_,
        searchstat0_.update_datetime as update_d3_0_,
        searchstat0_.last_search_datetime as last_sea4_0_,
        searchstat0_.search_count as search_c5_0_,
        searchstat0_.search_keyword as search_k6_0_ 
    from
        search_status searchstat0_ 
    where
        searchstat0_.search_keyword=? for update
            
2023-03-24 10:53:27.965  INFO 53500 --- [ool-4-thread-32] c.z.b.a.s.service.BlogSearchService      : kakao api response = com.zetn333.blogsearchservice.api.search.dto.SearchBlogResponse@39b5fca2
Hibernate: 
    select
        searchstat0_.search_id as search_i1_0_,
        searchstat0_.create_datetime as create_d2_0_,
        searchstat0_.update_datetime as update_d3_0_,
        searchstat0_.last_search_datetime as last_sea4_0_,
        searchstat0_.search_count as search_c5_0_,
        searchstat0_.search_keyword as search_k6_0_ 
    from
        search_status searchstat0_ 
    where
        searchstat0_.search_keyword=? for update
            
2023-03-24 10:53:27.967  INFO 53500 --- [ool-4-thread-38] c.z.b.a.s.service.BlogSearchService      : searchStatusEntity before = SearchStatusEntity(searchId=2, searchKeyword=곽튜브, searchCount=37, lastSearchDateTime=2023-03-24T10:53:27.960737)
2023-03-24 10:53:27.968  INFO 53500 --- [ool-4-thread-38] c.z.b.a.s.service.BlogSearchService      : searchStatusEntity after = SearchStatusEntity(searchId=2, searchKeyword=곽튜브, searchCount=38, lastSearchDateTime=2023-03-24T10:53:27.968716)
Hibernate: 
    update
        search_status 
    set
        update_datetime=?,
        last_search_datetime=?,
        search_count=?,
        search_keyword=? 
    where
        search_id=?
2023-03-24 10:53:27.973  INFO 53500 --- [ool-4-thread-33] c.z.b.a.s.service.BlogSearchService      : searchStatusEntity before = SearchStatusEntity(searchId=2, searchKeyword=곽튜브, searchCount=38, lastSearchDateTime=2023-03-24T10:53:27.968716)
2023-03-24 10:53:27.973  INFO 53500 --- [ool-4-thread-33] c.z.b.a.s.service.BlogSearchService      : searchStatusEntity after = SearchStatusEntity(searchId=2, searchKeyword=곽튜브, searchCount=39, lastSearchDateTime=2023-03-24T10:53:27.973701200)
Hibernate: 
    update
        search_status 
    set
        update_datetime=?,
        last_search_datetime=?,
        search_count=?,
        search_keyword=? 
    where
        search_id=?
2023-03-24 10:53:27.978  INFO 53500 --- [ool-4-thread-37] c.z.b.a.s.service.BlogSearchService      : searchStatusEntity before = SearchStatusEntity(searchId=2, searchKeyword=곽튜브, searchCount=39, lastSearchDateTime=2023-03-24T10:53:27.973701)
2023-03-24 10:53:27.978  INFO 53500 --- [ool-4-thread-37] c.z.b.a.s.service.BlogSearchService      : searchStatusEntity after = SearchStatusEntity(searchId=2, searchKeyword=곽튜브, searchCount=40, lastSearchDateTime=2023-03-24T10:53:27.978688200)
Hibernate: 
    update
        search_status 
    set
        update_datetime=?,
        last_search_datetime=?,
        search_count=?,
        search_keyword=? 
    where
        search_id=?
2023-03-24 10:53:27.983  INFO 53500 --- [ool-4-thread-31] c.z.b.a.s.service.BlogSearchService      : kakao api response = com.zetn333.blogsearchservice.api.search.dto.SearchBlogResponse@1afea041
2023-03-24 10:53:27.983  INFO 53500 --- [ool-4-thread-30] c.z.b.a.s.service.BlogSearchService      : kakao api response = com.zetn333.blogsearchservice.api.search.dto.SearchBlogResponse@9f06a32
2023-03-24 10:53:27.983  INFO 53500 --- [ool-4-thread-28] c.z.b.a.s.service.BlogSearchService      : kakao api response = com.zetn333.blogsearchservice.api.search.dto.SearchBlogResponse@3a897e43
Hibernate: 
    select
        searchstat0_.search_id as search_i1_0_,
        searchstat0_.create_datetime as create_d2_0_,
        searchstat0_.update_datetime as update_d3_0_,
        searchstat0_.last_search_datetime as last_sea4_0_,
        searchstat0_.search_count as search_c5_0_,
        searchstat0_.search_keyword as search_k6_0_ 
    from
        search_status searchstat0_ 
    where
        searchstat0_.search_keyword=? for update
            
Hibernate: 
    select
        searchstat0_.search_id as search_i1_0_,
        searchstat0_.create_datetime as create_d2_0_,
        searchstat0_.update_datetime as update_d3_0_,
        searchstat0_.last_search_datetime as last_sea4_0_,
        searchstat0_.search_count as search_c5_0_,
        searchstat0_.search_keyword as search_k6_0_ 
    from
        search_status searchstat0_ 
    where
        searchstat0_.search_keyword=? for update
            
2023-03-24 10:53:27.985  INFO 53500 --- [ool-4-thread-31] c.z.b.a.s.service.BlogSearchService      : searchStatusEntity before = SearchStatusEntity(searchId=2, searchKeyword=곽튜브, searchCount=40, lastSearchDateTime=2023-03-24T10:53:27.978688)
2023-03-24 10:53:27.986  INFO 53500 --- [ool-4-thread-31] c.z.b.a.s.service.BlogSearchService      : searchStatusEntity after = SearchStatusEntity(searchId=2, searchKeyword=곽튜브, searchCount=41, lastSearchDateTime=2023-03-24T10:53:27.986668200)
Hibernate: 
    select
        searchstat0_.search_id as search_i1_0_,
        searchstat0_.create_datetime as create_d2_0_,
        searchstat0_.update_datetime as update_d3_0_,
        searchstat0_.last_search_datetime as last_sea4_0_,
        searchstat0_.search_count as search_c5_0_,
        searchstat0_.search_keyword as search_k6_0_ 
    from
        search_status searchstat0_ 
    where
        searchstat0_.search_keyword=? for update
            
Hibernate: 
    update
        search_status 
    set
        update_datetime=?,
        last_search_datetime=?,
        search_count=?,
        search_keyword=? 
    where
        search_id=?
2023-03-24 10:53:27.991  INFO 53500 --- [ool-4-thread-29] c.z.b.a.s.service.BlogSearchService      : kakao api response = com.zetn333.blogsearchservice.api.search.dto.SearchBlogResponse@de05185
Hibernate: 
    select
        searchstat0_.search_id as search_i1_0_,
        searchstat0_.create_datetime as create_d2_0_,
        searchstat0_.update_datetime as update_d3_0_,
        searchstat0_.last_search_datetime as last_sea4_0_,
        searchstat0_.search_count as search_c5_0_,
        searchstat0_.search_keyword as search_k6_0_ 
    from
        search_status searchstat0_ 
    where
        searchstat0_.search_keyword=? for update
            
2023-03-24 10:53:27.996  INFO 53500 --- [ool-4-thread-30] c.z.b.a.s.service.BlogSearchService      : searchStatusEntity before = SearchStatusEntity(searchId=2, searchKeyword=곽튜브, searchCount=41, lastSearchDateTime=2023-03-24T10:53:27.986668)
2023-03-24 10:53:27.996  INFO 53500 --- [ool-4-thread-30] c.z.b.a.s.service.BlogSearchService      : searchStatusEntity after = SearchStatusEntity(searchId=2, searchKeyword=곽튜브, searchCount=42, lastSearchDateTime=2023-03-24T10:53:27.996639700)
Hibernate: 
    update
        search_status 
    set
        update_datetime=?,
        last_search_datetime=?,
        search_count=?,
        search_keyword=? 
    where
        search_id=?
2023-03-24 10:53:28.007  INFO 53500 --- [ool-4-thread-26] c.z.b.a.s.service.BlogSearchService      : kakao api response = com.zetn333.blogsearchservice.api.search.dto.SearchBlogResponse@3538121d
Hibernate: 
    select
        searchstat0_.search_id as search_i1_0_,
        searchstat0_.create_datetime as create_d2_0_,
        searchstat0_.update_datetime as update_d3_0_,
        searchstat0_.last_search_datetime as last_sea4_0_,
        searchstat0_.search_count as search_c5_0_,
        searchstat0_.search_keyword as search_k6_0_ 
    from
        search_status searchstat0_ 
    where
        searchstat0_.search_keyword=? for update
            
2023-03-24 10:53:28.008  INFO 53500 --- [ool-4-thread-25] c.z.b.a.s.service.BlogSearchService      : kakao api response = com.zetn333.blogsearchservice.api.search.dto.SearchBlogResponse@1c8fedc0
Hibernate: 
    select
        searchstat0_.search_id as search_i1_0_,
        searchstat0_.create_datetime as create_d2_0_,
        searchstat0_.update_datetime as update_d3_0_,
        searchstat0_.last_search_datetime as last_sea4_0_,
        searchstat0_.search_count as search_c5_0_,
        searchstat0_.search_keyword as search_k6_0_ 
    from
        search_status searchstat0_ 
    where
        searchstat0_.search_keyword=? for update
            
2023-03-24 10:53:28.014  INFO 53500 --- [ool-4-thread-27] c.z.b.a.s.service.BlogSearchService      : kakao api response = com.zetn333.blogsearchservice.api.search.dto.SearchBlogResponse@70d67389
Hibernate: 
    select
        searchstat0_.search_id as search_i1_0_,
        searchstat0_.create_datetime as create_d2_0_,
        searchstat0_.update_datetime as update_d3_0_,
        searchstat0_.last_search_datetime as last_sea4_0_,
        searchstat0_.search_count as search_c5_0_,
        searchstat0_.search_keyword as search_k6_0_ 
    from
        search_status searchstat0_ 
    where
        searchstat0_.search_keyword=? for update
            
2023-03-24 10:53:28.016  INFO 53500 --- [ool-4-thread-29] c.z.b.a.s.service.BlogSearchService      : searchStatusEntity before = SearchStatusEntity(searchId=2, searchKeyword=곽튜브, searchCount=42, lastSearchDateTime=2023-03-24T10:53:27.996640)
2023-03-24 10:53:28.019  INFO 53500 --- [ool-4-thread-29] c.z.b.a.s.service.BlogSearchService      : searchStatusEntity after = SearchStatusEntity(searchId=2, searchKeyword=곽튜브, searchCount=43, lastSearchDateTime=2023-03-24T10:53:28.019577600)
Hibernate: 
    update
        search_status 
    set
        update_datetime=?,
        last_search_datetime=?,
        search_count=?,
        search_keyword=? 
    where
        search_id=?
2023-03-24 10:53:28.024  INFO 53500 --- [ool-4-thread-27] c.z.b.a.s.service.BlogSearchService      : searchStatusEntity before = SearchStatusEntity(searchId=2, searchKeyword=곽튜브, searchCount=43, lastSearchDateTime=2023-03-24T10:53:28.019578)
2023-03-24 10:53:28.025  INFO 53500 --- [ool-4-thread-27] c.z.b.a.s.service.BlogSearchService      : searchStatusEntity after = SearchStatusEntity(searchId=2, searchKeyword=곽튜브, searchCount=44, lastSearchDateTime=2023-03-24T10:53:28.024565400)
Hibernate: 
    update
        search_status 
    set
        update_datetime=?,
        last_search_datetime=?,
        search_count=?,
        search_keyword=? 
    where
        search_id=?
2023-03-24 10:53:28.028  INFO 53500 --- [ool-4-thread-45] c.z.b.a.s.service.BlogSearchService      : kakao api response = com.zetn333.blogsearchservice.api.search.dto.SearchBlogResponse@66947c89
Hibernate: 
    select
        searchstat0_.search_id as search_i1_0_,
        searchstat0_.create_datetime as create_d2_0_,
        searchstat0_.update_datetime as update_d3_0_,
        searchstat0_.last_search_datetime as last_sea4_0_,
        searchstat0_.search_count as search_c5_0_,
        searchstat0_.search_keyword as search_k6_0_ 
    from
        search_status searchstat0_ 
    where
        searchstat0_.search_keyword=? for update
            
2023-03-24 10:53:28.031  INFO 53500 --- [ool-4-thread-32] c.z.b.a.s.service.BlogSearchService      : searchStatusEntity before = SearchStatusEntity(searchId=2, searchKeyword=곽튜브, searchCount=44, lastSearchDateTime=2023-03-24T10:53:28.024565)
2023-03-24 10:53:28.031  INFO 53500 --- [ool-4-thread-32] c.z.b.a.s.service.BlogSearchService      : searchStatusEntity after = SearchStatusEntity(searchId=2, searchKeyword=곽튜브, searchCount=45, lastSearchDateTime=2023-03-24T10:53:28.031547100)
Hibernate: 
    update
        search_status 
    set
        update_datetime=?,
        last_search_datetime=?,
        search_count=?,
        search_keyword=? 
    where
        search_id=?
2023-03-24 10:53:28.036  INFO 53500 --- [ool-4-thread-45] c.z.b.a.s.service.BlogSearchService      : searchStatusEntity before = SearchStatusEntity(searchId=2, searchKeyword=곽튜브, searchCount=45, lastSearchDateTime=2023-03-24T10:53:28.031547)
2023-03-24 10:53:28.037  INFO 53500 --- [ool-4-thread-45] c.z.b.a.s.service.BlogSearchService      : searchStatusEntity after = SearchStatusEntity(searchId=2, searchKeyword=곽튜브, searchCount=46, lastSearchDateTime=2023-03-24T10:53:28.036532800)
Hibernate: 
    update
        search_status 
    set
        update_datetime=?,
        last_search_datetime=?,
        search_count=?,
        search_keyword=? 
    where
        search_id=?
2023-03-24 10:53:28.042  INFO 53500 --- [ool-4-thread-25] c.z.b.a.s.service.BlogSearchService      : searchStatusEntity before = SearchStatusEntity(searchId=2, searchKeyword=곽튜브, searchCount=46, lastSearchDateTime=2023-03-24T10:53:28.036533)
2023-03-24 10:53:28.043  INFO 53500 --- [ool-4-thread-25] c.z.b.a.s.service.BlogSearchService      : searchStatusEntity after = SearchStatusEntity(searchId=2, searchKeyword=곽튜브, searchCount=47, lastSearchDateTime=2023-03-24T10:53:28.043514700)
2023-03-24 10:53:28.043  INFO 53500 --- [ool-4-thread-99] c.z.b.a.s.service.BlogSearchService      : kakao api response = com.zetn333.blogsearchservice.api.search.dto.SearchBlogResponse@4956444d
Hibernate: 
    select
        searchstat0_.search_id as search_i1_0_,
        searchstat0_.create_datetime as create_d2_0_,
        searchstat0_.update_datetime as update_d3_0_,
        searchstat0_.last_search_datetime as last_sea4_0_,
        searchstat0_.search_count as search_c5_0_,
        searchstat0_.search_keyword as search_k6_0_ 
    from
        search_status searchstat0_ 
    where
        searchstat0_.search_keyword=? for update
            
Hibernate: 
    update
        search_status 
    set
        update_datetime=?,
        last_search_datetime=?,
        search_count=?,
        search_keyword=? 
    where
        search_id=?
2023-03-24 10:53:28.048  INFO 53500 --- [ool-4-thread-34] c.z.b.a.s.service.BlogSearchService      : searchStatusEntity before = SearchStatusEntity(searchId=2, searchKeyword=곽튜브, searchCount=47, lastSearchDateTime=2023-03-24T10:53:28.043515)
2023-03-24 10:53:28.049  INFO 53500 --- [ool-4-thread-34] c.z.b.a.s.service.BlogSearchService      : searchStatusEntity after = SearchStatusEntity(searchId=2, searchKeyword=곽튜브, searchCount=48, lastSearchDateTime=2023-03-24T10:53:28.049498700)
2023-03-24 10:53:28.050  INFO 53500 --- [ol-4-thread-100] c.z.b.a.s.service.BlogSearchService      : kakao api response = com.zetn333.blogsearchservice.api.search.dto.SearchBlogResponse@4e4c4d2c
Hibernate: 
    update
        search_status 
    set
        update_datetime=?,
        last_search_datetime=?,
        search_count=?,
        search_keyword=? 
    where
        search_id=?
Hibernate: 
    select
        searchstat0_.search_id as search_i1_0_,
        searchstat0_.create_datetime as create_d2_0_,
        searchstat0_.update_datetime as update_d3_0_,
        searchstat0_.last_search_datetime as last_sea4_0_,
        searchstat0_.search_count as search_c5_0_,
        searchstat0_.search_keyword as search_k6_0_ 
    from
        search_status searchstat0_ 
    where
        searchstat0_.search_keyword=? for update
            
2023-03-24 10:53:28.054  INFO 53500 --- [ool-4-thread-28] c.z.b.a.s.service.BlogSearchService      : searchStatusEntity before = SearchStatusEntity(searchId=2, searchKeyword=곽튜브, searchCount=48, lastSearchDateTime=2023-03-24T10:53:28.049499)
2023-03-24 10:53:28.055  INFO 53500 --- [ool-4-thread-28] c.z.b.a.s.service.BlogSearchService      : searchStatusEntity after = SearchStatusEntity(searchId=2, searchKeyword=곽튜브, searchCount=49, lastSearchDateTime=2023-03-24T10:53:28.055482600)
2023-03-24 10:53:28.056  INFO 53500 --- [ool-4-thread-98] c.z.b.a.s.service.BlogSearchService      : kakao api response = com.zetn333.blogsearchservice.api.search.dto.SearchBlogResponse@34c018d8
Hibernate: 
    update
        search_status 
    set
        update_datetime=?,
        last_search_datetime=?,
        search_count=?,
        search_keyword=? 
    where
        search_id=?
2023-03-24 10:53:28.060  INFO 53500 --- [ool-4-thread-26] c.z.b.a.s.service.BlogSearchService      : searchStatusEntity before = SearchStatusEntity(searchId=2, searchKeyword=곽튜브, searchCount=49, lastSearchDateTime=2023-03-24T10:53:28.055483)
2023-03-24 10:53:28.062  INFO 53500 --- [ool-4-thread-26] c.z.b.a.s.service.BlogSearchService      : searchStatusEntity after = SearchStatusEntity(searchId=2, searchKeyword=곽튜브, searchCount=50, lastSearchDateTime=2023-03-24T10:53:28.061467200)
Hibernate: 
    select
        searchstat0_.search_id as search_i1_0_,
        searchstat0_.create_datetime as create_d2_0_,
        searchstat0_.update_datetime as update_d3_0_,
        searchstat0_.last_search_datetime as last_sea4_0_,
        searchstat0_.search_count as search_c5_0_,
        searchstat0_.search_keyword as search_k6_0_ 
    from
        search_status searchstat0_ 
    where
        searchstat0_.search_keyword=? for update
            
Hibernate: 
    update
        search_status 
    set
        update_datetime=?,
        last_search_datetime=?,
        search_count=?,
        search_keyword=? 
    where
        search_id=?
2023-03-24 10:53:28.064  INFO 53500 --- [ool-4-thread-97] c.z.b.a.s.service.BlogSearchService      : kakao api response = com.zetn333.blogsearchservice.api.search.dto.SearchBlogResponse@53f953ff
Hibernate: 
    select
        searchstat0_.search_id as search_i1_0_,
        searchstat0_.create_datetime as create_d2_0_,
        searchstat0_.update_datetime as update_d3_0_,
        searchstat0_.last_search_datetime as last_sea4_0_,
        searchstat0_.search_count as search_c5_0_,
        searchstat0_.search_keyword as search_k6_0_ 
    from
        search_status searchstat0_ 
    where
        searchstat0_.search_keyword=? for update
            
2023-03-24 10:53:28.068  INFO 53500 --- [ool-4-thread-96] c.z.b.a.s.service.BlogSearchService      : kakao api response = com.zetn333.blogsearchservice.api.search.dto.SearchBlogResponse@37db4a11
Hibernate: 
    select
        searchstat0_.search_id as search_i1_0_,
        searchstat0_.create_datetime as create_d2_0_,
        searchstat0_.update_datetime as update_d3_0_,
        searchstat0_.last_search_datetime as last_sea4_0_,
        searchstat0_.search_count as search_c5_0_,
        searchstat0_.search_keyword as search_k6_0_ 
    from
        search_status searchstat0_ 
    where
        searchstat0_.search_keyword=? for update
            
2023-03-24 10:53:28.070  INFO 53500 --- [ol-4-thread-100] c.z.b.a.s.service.BlogSearchService      : searchStatusEntity before = SearchStatusEntity(searchId=2, searchKeyword=곽튜브, searchCount=50, lastSearchDateTime=2023-03-24T10:53:28.061467)
2023-03-24 10:53:28.070  INFO 53500 --- [ol-4-thread-100] c.z.b.a.s.service.BlogSearchService      : searchStatusEntity after = SearchStatusEntity(searchId=2, searchKeyword=곽튜브, searchCount=51, lastSearchDateTime=2023-03-24T10:53:28.070441900)
Hibernate: 
    update
        search_status 
    set
        update_datetime=?,
        last_search_datetime=?,
        search_count=?,
        search_keyword=? 
    where
        search_id=?
2023-03-24 10:53:28.075  INFO 53500 --- [ool-4-thread-99] c.z.b.a.s.service.BlogSearchService      : searchStatusEntity before = SearchStatusEntity(searchId=2, searchKeyword=곽튜브, searchCount=51, lastSearchDateTime=2023-03-24T10:53:28.070442)
2023-03-24 10:53:28.075  INFO 53500 --- [ool-4-thread-99] c.z.b.a.s.service.BlogSearchService      : searchStatusEntity after = SearchStatusEntity(searchId=2, searchKeyword=곽튜브, searchCount=52, lastSearchDateTime=2023-03-24T10:53:28.075428900)
Hibernate: 
    update
        search_status 
    set
        update_datetime=?,
        last_search_datetime=?,
2023-03-24 10:53:28.080  INFO 53500 --- [ool-4-thread-95] c.z.b.a.s.service.BlogSearchService      : kakao api response = com.zetn333.blogsearchservice.api.search.dto.SearchBlogResponse@507f1218
        search_count=?,
        search_keyword=? 
    where
        search_id=?
Hibernate: 
    select
        searchstat0_.search_id as search_i1_0_,
        searchstat0_.create_datetime as create_d2_0_,
        searchstat0_.update_datetime as update_d3_0_,
        searchstat0_.last_search_datetime as last_sea4_0_,
        searchstat0_.search_count as search_c5_0_,
        searchstat0_.search_keyword as search_k6_0_ 
    from
        search_status searchstat0_ 
    where
        searchstat0_.search_keyword=? for update
            
2023-03-24 10:53:28.083  INFO 53500 --- [ool-4-thread-95] c.z.b.a.s.service.BlogSearchService      : searchStatusEntity before = SearchStatusEntity(searchId=2, searchKeyword=곽튜브, searchCount=52, lastSearchDateTime=2023-03-24T10:53:28.075429)
2023-03-24 10:53:28.084  INFO 53500 --- [ool-4-thread-95] c.z.b.a.s.service.BlogSearchService      : searchStatusEntity after = SearchStatusEntity(searchId=2, searchKeyword=곽튜브, searchCount=53, lastSearchDateTime=2023-03-24T10:53:28.084405900)
2023-03-24 10:53:28.085  INFO 53500 --- [ool-4-thread-94] c.z.b.a.s.service.BlogSearchService      : kakao api response = com.zetn333.blogsearchservice.api.search.dto.SearchBlogResponse@442ff551
Hibernate: 
    update
        search_status 
    set
        update_datetime=?,
        last_search_datetime=?,
        search_count=?,
        search_keyword=? 
    where
        search_id=?
Hibernate: 
    select
        searchstat0_.search_id as search_i1_0_,
        searchstat0_.create_datetime as create_d2_0_,
        searchstat0_.update_datetime as update_d3_0_,
        searchstat0_.last_search_datetime as last_sea4_0_,
        searchstat0_.search_count as search_c5_0_,
        searchstat0_.search_keyword as search_k6_0_ 
    from
        search_status searchstat0_ 
    where
        searchstat0_.search_keyword=? for update
            
2023-03-24 10:53:28.089  INFO 53500 --- [ool-4-thread-93] c.z.b.a.s.service.BlogSearchService      : kakao api response = com.zetn333.blogsearchservice.api.search.dto.SearchBlogResponse@d51b090
Hibernate: 
    select
        searchstat0_.search_id as search_i1_0_,
        searchstat0_.create_datetime as create_d2_0_,
        searchstat0_.update_datetime as update_d3_0_,
        searchstat0_.last_search_datetime as last_sea4_0_,
        searchstat0_.search_count as search_c5_0_,
        searchstat0_.search_keyword as search_k6_0_ 
    from
        search_status searchstat0_ 
    where
        searchstat0_.search_keyword=? for update
            
2023-03-24 10:53:28.092  INFO 53500 --- [ool-4-thread-96] c.z.b.a.s.service.BlogSearchService      : searchStatusEntity before = SearchStatusEntity(searchId=2, searchKeyword=곽튜브, searchCount=53, lastSearchDateTime=2023-03-24T10:53:28.084406)
2023-03-24 10:53:28.092  INFO 53500 --- [ool-4-thread-96] c.z.b.a.s.service.BlogSearchService      : searchStatusEntity after = SearchStatusEntity(searchId=2, searchKeyword=곽튜브, searchCount=54, lastSearchDateTime=2023-03-24T10:53:28.092401400)
Hibernate: 
    update
        search_status 
    set
        update_datetime=?,
        last_search_datetime=?,
        search_count=?,
        search_keyword=? 
    where
        search_id=?
2023-03-24 10:53:28.098  INFO 53500 --- [ool-4-thread-92] c.z.b.a.s.service.BlogSearchService      : kakao api response = com.zetn333.blogsearchservice.api.search.dto.SearchBlogResponse@4a306fb9
Hibernate: 
    select
        searchstat0_.search_id as search_i1_0_,
        searchstat0_.create_datetime as create_d2_0_,
        searchstat0_.update_datetime as update_d3_0_,
        searchstat0_.last_search_datetime as last_sea4_0_,
        searchstat0_.search_count as search_c5_0_,
        searchstat0_.search_keyword as search_k6_0_ 
    from
        search_status searchstat0_ 
    where
        searchstat0_.search_keyword=? for update
            
2023-03-24 10:53:28.100  INFO 53500 --- [ool-4-thread-98] c.z.b.a.s.service.BlogSearchService      : searchStatusEntity before = SearchStatusEntity(searchId=2, searchKeyword=곽튜브, searchCount=54, lastSearchDateTime=2023-03-24T10:53:28.092401)
2023-03-24 10:53:28.100  INFO 53500 --- [ool-4-thread-98] c.z.b.a.s.service.BlogSearchService      : searchStatusEntity after = SearchStatusEntity(searchId=2, searchKeyword=곽튜브, searchCount=55, lastSearchDateTime=2023-03-24T10:53:28.100362200)
2023-03-24 10:53:28.101  INFO 53500 --- [ool-4-thread-90] c.z.b.a.s.service.BlogSearchService      : kakao api response = com.zetn333.blogsearchservice.api.search.dto.SearchBlogResponse@bc39085
Hibernate: 
    update
        search_status 
    set
        update_datetime=?,
        last_search_datetime=?,
        search_count=?,
        search_keyword=? 
    where
        search_id=?
Hibernate: 
    select
        searchstat0_.search_id as search_i1_0_,
        searchstat0_.create_datetime as create_d2_0_,
        searchstat0_.update_datetime as update_d3_0_,
        searchstat0_.last_search_datetime as last_sea4_0_,
        searchstat0_.search_count as search_c5_0_,
        searchstat0_.search_keyword as search_k6_0_ 
    from
        search_status searchstat0_ 
    where
        searchstat0_.search_keyword=? for update
            
2023-03-24 10:53:28.104  INFO 53500 --- [ool-4-thread-97] c.z.b.a.s.service.BlogSearchService      : searchStatusEntity before = SearchStatusEntity(searchId=2, searchKeyword=곽튜브, searchCount=55, lastSearchDateTime=2023-03-24T10:53:28.100362)
2023-03-24 10:53:28.105  INFO 53500 --- [ool-4-thread-97] c.z.b.a.s.service.BlogSearchService      : searchStatusEntity after = SearchStatusEntity(searchId=2, searchKeyword=곽튜브, searchCount=56, lastSearchDateTime=2023-03-24T10:53:28.105348600)
Hibernate: 
    update
        search_status 
    set
        update_datetime=?,
        last_search_datetime=?,
        search_count=?,
        search_keyword=? 
    where
        search_id=?
2023-03-24 10:53:28.110  INFO 53500 --- [ool-4-thread-88] c.z.b.a.s.service.BlogSearchService      : kakao api response = com.zetn333.blogsearchservice.api.search.dto.SearchBlogResponse@57910462
Hibernate: 
    select
        searchstat0_.search_id as search_i1_0_,
        searchstat0_.create_datetime as create_d2_0_,
        searchstat0_.update_datetime as update_d3_0_,
        searchstat0_.last_search_datetime as last_sea4_0_,
        searchstat0_.search_count as search_c5_0_,
        searchstat0_.search_keyword as search_k6_0_ 
    from
        search_status searchstat0_ 
    where
        searchstat0_.search_keyword=? for update
            
2023-03-24 10:53:28.109  INFO 53500 --- [ool-4-thread-94] c.z.b.a.s.service.BlogSearchService      : searchStatusEntity before = SearchStatusEntity(searchId=2, searchKeyword=곽튜브, searchCount=56, lastSearchDateTime=2023-03-24T10:53:28.105349)
2023-03-24 10:53:28.113  INFO 53500 --- [ool-4-thread-94] c.z.b.a.s.service.BlogSearchService      : searchStatusEntity after = SearchStatusEntity(searchId=2, searchKeyword=곽튜브, searchCount=57, lastSearchDateTime=2023-03-24T10:53:28.113328600)
Hibernate: 
    update
        search_status 
    set
        update_datetime=?,
        last_search_datetime=?,
        search_count=?,
        search_keyword=? 
    where
        search_id=?
2023-03-24 10:53:28.119  INFO 53500 --- [ool-4-thread-89] c.z.b.a.s.service.BlogSearchService      : kakao api response = com.zetn333.blogsearchservice.api.search.dto.SearchBlogResponse@66a56af
Hibernate: 
    select
        searchstat0_.search_id as search_i1_0_,
        searchstat0_.create_datetime as create_d2_0_,
        searchstat0_.update_datetime as update_d3_0_,
        searchstat0_.last_search_datetime as last_sea4_0_,
        searchstat0_.search_count as search_c5_0_,
        searchstat0_.search_keyword as search_k6_0_ 
    from
        search_status searchstat0_ 
    where
        searchstat0_.search_keyword=? for update
            
2023-03-24 10:53:28.122  INFO 53500 --- [ool-4-thread-92] c.z.b.a.s.service.BlogSearchService      : searchStatusEntity before = SearchStatusEntity(searchId=2, searchKeyword=곽튜브, searchCount=57, lastSearchDateTime=2023-03-24T10:53:28.113329)
2023-03-24 10:53:28.122  INFO 53500 --- [ool-4-thread-92] c.z.b.a.s.service.BlogSearchService      : searchStatusEntity after = SearchStatusEntity(searchId=2, searchKeyword=곽튜브, searchCount=58, lastSearchDateTime=2023-03-24T10:53:28.122305)
Hibernate: 
    update
        search_status 
    set
        update_datetime=?,
        last_search_datetime=?,
        search_count=?,
        search_keyword=? 
    where
        search_id=?
2023-03-24 10:53:28.127  INFO 53500 --- [ool-4-thread-87] c.z.b.a.s.service.BlogSearchService      : kakao api response = com.zetn333.blogsearchservice.api.search.dto.SearchBlogResponse@215138ca
Hibernate: 
    select
        searchstat0_.search_id as search_i1_0_,
        searchstat0_.create_datetime as create_d2_0_,
        searchstat0_.update_datetime as update_d3_0_,
        searchstat0_.last_search_datetime as last_sea4_0_,
        searchstat0_.search_count as search_c5_0_,
        searchstat0_.search_keyword as search_k6_0_ 
    from
        search_status searchstat0_ 
    where
        searchstat0_.search_keyword=? for update
            
2023-03-24 10:53:28.131  INFO 53500 --- [ool-4-thread-93] c.z.b.a.s.service.BlogSearchService      : searchStatusEntity before = SearchStatusEntity(searchId=2, searchKeyword=곽튜브, searchCount=58, lastSearchDateTime=2023-03-24T10:53:28.122305)
2023-03-24 10:53:28.131  INFO 53500 --- [ool-4-thread-93] c.z.b.a.s.service.BlogSearchService      : searchStatusEntity after = SearchStatusEntity(searchId=2, searchKeyword=곽튜브, searchCount=59, lastSearchDateTime=2023-03-24T10:53:28.131280300)
2023-03-24 10:53:28.132  INFO 53500 --- [ool-4-thread-86] c.z.b.a.s.service.BlogSearchService      : kakao api response = com.zetn333.blogsearchservice.api.search.dto.SearchBlogResponse@1d7c9ee9
Hibernate: 
    update
        search_status 
    set
        update_datetime=?,
        last_search_datetime=?,
        search_count=?,
        search_keyword=? 
    where
        search_id=?
2023-03-24 10:53:28.133  INFO 53500 --- [ool-4-thread-85] c.z.b.a.s.service.BlogSearchService      : kakao api response = com.zetn333.blogsearchservice.api.search.dto.SearchBlogResponse@5e4dbb75
Hibernate: 
    select
        searchstat0_.search_id as search_i1_0_,
        searchstat0_.create_datetime as create_d2_0_,
        searchstat0_.update_datetime as update_d3_0_,
        searchstat0_.last_search_datetime as last_sea4_0_,
        searchstat0_.search_count as search_c5_0_,
        searchstat0_.search_keyword as search_k6_0_ 
    from
        search_status searchstat0_ 
    where
        searchstat0_.search_keyword=? for update
            
Hibernate: 
    select
        searchstat0_.search_id as search_i1_0_,
        searchstat0_.create_datetime as create_d2_0_,
        searchstat0_.update_datetime as update_d3_0_,
        searchstat0_.last_search_datetime as last_sea4_0_,
        searchstat0_.search_count as search_c5_0_,
        searchstat0_.search_keyword as search_k6_0_ 
    from
        search_status searchstat0_ 
    where
        searchstat0_.search_keyword=? for update
            
2023-03-24 10:53:28.136  INFO 53500 --- [ool-4-thread-88] c.z.b.a.s.service.BlogSearchService      : searchStatusEntity before = SearchStatusEntity(searchId=2, searchKeyword=곽튜브, searchCount=59, lastSearchDateTime=2023-03-24T10:53:28.131280)
2023-03-24 10:53:28.136  INFO 53500 --- [ool-4-thread-88] c.z.b.a.s.service.BlogSearchService      : searchStatusEntity after = SearchStatusEntity(searchId=2, searchKeyword=곽튜브, searchCount=60, lastSearchDateTime=2023-03-24T10:53:28.136266500)
Hibernate: 
    update
        search_status 
    set
        update_datetime=?,
        last_search_datetime=?,
        search_count=?,
        search_keyword=? 
    where
        search_id=?
2023-03-24 10:53:28.140  INFO 53500 --- [ool-4-thread-90] c.z.b.a.s.service.BlogSearchService      : searchStatusEntity before = SearchStatusEntity(searchId=2, searchKeyword=곽튜브, searchCount=60, lastSearchDateTime=2023-03-24T10:53:28.136267)
2023-03-24 10:53:28.140  INFO 53500 --- [ool-4-thread-90] c.z.b.a.s.service.BlogSearchService      : searchStatusEntity after = SearchStatusEntity(searchId=2, searchKeyword=곽튜브, searchCount=61, lastSearchDateTime=2023-03-24T10:53:28.140255600)
Hibernate: 
    update
        search_status 
    set
        update_datetime=?,
        last_search_datetime=?,
        search_count=?,
        search_keyword=? 
    where
        search_id=?
2023-03-24 10:53:28.145  INFO 53500 --- [ool-4-thread-83] c.z.b.a.s.service.BlogSearchService      : kakao api response = com.zetn333.blogsearchservice.api.search.dto.SearchBlogResponse@2a8ed513
Hibernate: 
    select
        searchstat0_.search_id as search_i1_0_,
        searchstat0_.create_datetime as create_d2_0_,
        searchstat0_.update_datetime as update_d3_0_,
        searchstat0_.last_search_datetime as last_sea4_0_,
        searchstat0_.search_count as search_c5_0_,
        searchstat0_.search_keyword as search_k6_0_ 
    from
        search_status searchstat0_ 
    where
        searchstat0_.search_keyword=? for update
            
2023-03-24 10:53:28.148  INFO 53500 --- [ool-4-thread-87] c.z.b.a.s.service.BlogSearchService      : searchStatusEntity before = SearchStatusEntity(searchId=2, searchKeyword=곽튜브, searchCount=61, lastSearchDateTime=2023-03-24T10:53:28.140256)
2023-03-24 10:53:28.149  INFO 53500 --- [ool-4-thread-87] c.z.b.a.s.service.BlogSearchService      : searchStatusEntity after = SearchStatusEntity(searchId=2, searchKeyword=곽튜브, searchCount=62, lastSearchDateTime=2023-03-24T10:53:28.149232800)
Hibernate: 
    update
        search_status 
    set
        update_datetime=?,
        last_search_datetime=?,
        search_count=?,
        search_keyword=? 
    where
        search_id=?
2023-03-24 10:53:28.154  INFO 53500 --- [ool-4-thread-85] c.z.b.a.s.service.BlogSearchService      : searchStatusEntity before = SearchStatusEntity(searchId=2, searchKeyword=곽튜브, searchCount=62, lastSearchDateTime=2023-03-24T10:53:28.149233)
2023-03-24 10:53:28.154  INFO 53500 --- [ool-4-thread-85] c.z.b.a.s.service.BlogSearchService      : searchStatusEntity after = SearchStatusEntity(searchId=2, searchKeyword=곽튜브, searchCount=63, lastSearchDateTime=2023-03-24T10:53:28.154220600)
Hibernate: 
    update
        search_status 
    set
        update_datetime=?,
        last_search_datetime=?,
        search_count=?,
        search_keyword=? 
    where
        search_id=?
2023-03-24 10:53:28.159  INFO 53500 --- [ool-4-thread-43] c.z.b.a.s.service.BlogSearchService      : kakao api response = com.zetn333.blogsearchservice.api.search.dto.SearchBlogResponse@2158bdcd
2023-03-24 10:53:28.159  INFO 53500 --- [ool-4-thread-86] c.z.b.a.s.service.BlogSearchService      : searchStatusEntity before = SearchStatusEntity(searchId=2, searchKeyword=곽튜브, searchCount=63, lastSearchDateTime=2023-03-24T10:53:28.154221)
2023-03-24 10:53:28.160  INFO 53500 --- [ool-4-thread-86] c.z.b.a.s.service.BlogSearchService      : searchStatusEntity after = SearchStatusEntity(searchId=2, searchKeyword=곽튜브, searchCount=64, lastSearchDateTime=2023-03-24T10:53:28.160203400)
Hibernate: 
    select
        searchstat0_.search_id as search_i1_0_,
        searchstat0_.create_datetime as create_d2_0_,
        searchstat0_.update_datetime as update_d3_0_,
        searchstat0_.last_search_datetime as last_sea4_0_,
        searchstat0_.search_count as search_c5_0_,
        searchstat0_.search_keyword as search_k6_0_ 
    from
        search_status searchstat0_ 
    where
        searchstat0_.search_keyword=? for update
            
Hibernate: 
    update
        search_status 
    set
        update_datetime=?,
        last_search_datetime=?,
        search_count=?,
        search_keyword=? 
    where
        search_id=?
2023-03-24 10:53:28.168  INFO 53500 --- [ool-4-thread-81] c.z.b.a.s.service.BlogSearchService      : kakao api response = com.zetn333.blogsearchservice.api.search.dto.SearchBlogResponse@5b3bbc65
Hibernate: 
    select
        searchstat0_.search_id as search_i1_0_,
        searchstat0_.create_datetime as create_d2_0_,
        searchstat0_.update_datetime as update_d3_0_,
        searchstat0_.last_search_datetime as last_sea4_0_,
        searchstat0_.search_count as search_c5_0_,
        searchstat0_.search_keyword as search_k6_0_ 
    from
        search_status searchstat0_ 
    where
        searchstat0_.search_keyword=? for update
            
2023-03-24 10:53:28.168  INFO 53500 --- [ool-4-thread-83] c.z.b.a.s.service.BlogSearchService      : searchStatusEntity before = SearchStatusEntity(searchId=2, searchKeyword=곽튜브, searchCount=64, lastSearchDateTime=2023-03-24T10:53:28.160203)
2023-03-24 10:53:28.170  INFO 53500 --- [ool-4-thread-82] c.z.b.a.s.service.BlogSearchService      : kakao api response = com.zetn333.blogsearchservice.api.search.dto.SearchBlogResponse@66dcea80
Hibernate: 
    select
        searchstat0_.search_id as search_i1_0_,
        searchstat0_.create_datetime as create_d2_0_,
        searchstat0_.update_datetime as update_d3_0_,
        searchstat0_.last_search_datetime as last_sea4_0_,
        searchstat0_.search_count as search_c5_0_,
        searchstat0_.search_keyword as search_k6_0_ 
    from
        search_status searchstat0_ 
    where
        searchstat0_.search_keyword=? for update
            
2023-03-24 10:53:28.173  INFO 53500 --- [ool-4-thread-80] c.z.b.a.s.service.BlogSearchService      : kakao api response = com.zetn333.blogsearchservice.api.search.dto.SearchBlogResponse@ca8e0bd
2023-03-24 10:53:28.171  INFO 53500 --- [ool-4-thread-83] c.z.b.a.s.service.BlogSearchService      : searchStatusEntity after = SearchStatusEntity(searchId=2, searchKeyword=곽튜브, searchCount=65, lastSearchDateTime=2023-03-24T10:53:28.171173800)
Hibernate: 
    select
        searchstat0_.search_id as search_i1_0_,
        searchstat0_.create_datetime as create_d2_0_,
        searchstat0_.update_datetime as update_d3_0_,
        searchstat0_.last_search_datetime as last_sea4_0_,
        searchstat0_.search_count as search_c5_0_,
        searchstat0_.search_keyword as search_k6_0_ 
    from
        search_status searchstat0_ 
    where
        searchstat0_.search_keyword=? for update
            
Hibernate: 
    update
        search_status 
    set
        update_datetime=?,
        last_search_datetime=?,
        search_count=?,
        search_keyword=? 
    where
        search_id=?
2023-03-24 10:53:28.177  INFO 53500 --- [ool-4-thread-43] c.z.b.a.s.service.BlogSearchService      : searchStatusEntity before = SearchStatusEntity(searchId=2, searchKeyword=곽튜브, searchCount=65, lastSearchDateTime=2023-03-24T10:53:28.171174)
2023-03-24 10:53:28.178  INFO 53500 --- [ool-4-thread-43] c.z.b.a.s.service.BlogSearchService      : searchStatusEntity after = SearchStatusEntity(searchId=2, searchKeyword=곽튜브, searchCount=66, lastSearchDateTime=2023-03-24T10:53:28.178156700)
Hibernate: 
    update
        search_status 
    set
        update_datetime=?,
        last_search_datetime=?,
        search_count=?,
        search_keyword=? 
    where
        search_id=?
2023-03-24 10:53:28.182  INFO 53500 --- [ool-4-thread-80] c.z.b.a.s.service.BlogSearchService      : searchStatusEntity before = SearchStatusEntity(searchId=2, searchKeyword=곽튜브, searchCount=66, lastSearchDateTime=2023-03-24T10:53:28.178157)
2023-03-24 10:53:28.185  INFO 53500 --- [ool-4-thread-80] c.z.b.a.s.service.BlogSearchService      : searchStatusEntity after = SearchStatusEntity(searchId=2, searchKeyword=곽튜브, searchCount=67, lastSearchDateTime=2023-03-24T10:53:28.185135900)
2023-03-24 10:53:28.186  INFO 53500 --- [ool-4-thread-79] c.z.b.a.s.service.BlogSearchService      : kakao api response = com.zetn333.blogsearchservice.api.search.dto.SearchBlogResponse@6ca8b6e7
Hibernate: 
    update
        search_status 
    set
        update_datetime=?,
        last_search_datetime=?,
        search_count=?,
        search_keyword=? 
    where
        search_id=?
Hibernate: 
    select
        searchstat0_.search_id as search_i1_0_,
        searchstat0_.create_datetime as create_d2_0_,
        searchstat0_.update_datetime as update_d3_0_,
        searchstat0_.last_search_datetime as last_sea4_0_,
        searchstat0_.search_count as search_c5_0_,
        searchstat0_.search_keyword as search_k6_0_ 
    from
        search_status searchstat0_ 
    where
        searchstat0_.search_keyword=? for update
            
2023-03-24 10:53:28.195  INFO 53500 --- [ool-4-thread-78] c.z.b.a.s.service.BlogSearchService      : kakao api response = com.zetn333.blogsearchservice.api.search.dto.SearchBlogResponse@5c0c5c9e
Hibernate: 
    select
        searchstat0_.search_id as search_i1_0_,
        searchstat0_.create_datetime as create_d2_0_,
        searchstat0_.update_datetime as update_d3_0_,
        searchstat0_.last_search_datetime as last_sea4_0_,
        searchstat0_.search_count as search_c5_0_,
        searchstat0_.search_keyword as search_k6_0_ 
    from
        search_status searchstat0_ 
    where
        searchstat0_.search_keyword=? for update
            
2023-03-24 10:53:28.202  INFO 53500 --- [ool-4-thread-77] c.z.b.a.s.service.BlogSearchService      : kakao api response = com.zetn333.blogsearchservice.api.search.dto.SearchBlogResponse@1e998f87
Hibernate: 
    select
        searchstat0_.search_id as search_i1_0_,
        searchstat0_.create_datetime as create_d2_0_,
        searchstat0_.update_datetime as update_d3_0_,
        searchstat0_.last_search_datetime as last_sea4_0_,
        searchstat0_.search_count as search_c5_0_,
        searchstat0_.search_keyword as search_k6_0_ 
    from
        search_status searchstat0_ 
    where
        searchstat0_.search_keyword=? for update
            
2023-03-24 10:53:28.204  INFO 53500 --- [ool-4-thread-76] c.z.b.a.s.service.BlogSearchService      : kakao api response = com.zetn333.blogsearchservice.api.search.dto.SearchBlogResponse@691ce23
2023-03-24 10:53:28.207  INFO 53500 --- [ool-4-thread-77] c.z.b.a.s.service.BlogSearchService      : searchStatusEntity before = SearchStatusEntity(searchId=2, searchKeyword=곽튜브, searchCount=67, lastSearchDateTime=2023-03-24T10:53:28.185136)
2023-03-24 10:53:28.207  INFO 53500 --- [ool-4-thread-77] c.z.b.a.s.service.BlogSearchService      : searchStatusEntity after = SearchStatusEntity(searchId=2, searchKeyword=곽튜브, searchCount=68, lastSearchDateTime=2023-03-24T10:53:28.207076800)
Hibernate: 
    select
        searchstat0_.search_id as search_i1_0_,
        searchstat0_.create_datetime as create_d2_0_,
        searchstat0_.update_datetime as update_d3_0_,
        searchstat0_.last_search_datetime as last_sea4_0_,
        searchstat0_.search_count as search_c5_0_,
        searchstat0_.search_keyword as search_k6_0_ 
    from
        search_status searchstat0_ 
    where
        searchstat0_.search_keyword=? for update
            
Hibernate: 
    update
        search_status 
    set
        update_datetime=?,
        last_search_datetime=?,
        search_count=?,
        search_keyword=? 
    where
        search_id=?
2023-03-24 10:53:28.211  INFO 53500 --- [ool-4-thread-75] c.z.b.a.s.service.BlogSearchService      : kakao api response = com.zetn333.blogsearchservice.api.search.dto.SearchBlogResponse@4f96b5ca
2023-03-24 10:53:28.212  INFO 53500 --- [ool-4-thread-39] c.z.b.a.s.service.BlogSearchService      : searchStatusEntity before = SearchStatusEntity(searchId=2, searchKeyword=곽튜브, searchCount=68, lastSearchDateTime=2023-03-24T10:53:28.207077)
Hibernate: 
    select
        searchstat0_.search_id as search_i1_0_,
        searchstat0_.create_datetime as create_d2_0_,
        searchstat0_.update_datetime as update_d3_0_,
        searchstat0_.last_search_datetime as last_sea4_0_,
        searchstat0_.search_count as search_c5_0_,
        searchstat0_.search_keyword as search_k6_0_ 
    from
        search_status searchstat0_ 
    where
        searchstat0_.search_keyword=? for update
            
2023-03-24 10:53:28.213  INFO 53500 --- [ool-4-thread-39] c.z.b.a.s.service.BlogSearchService      : searchStatusEntity after = SearchStatusEntity(searchId=2, searchKeyword=곽튜브, searchCount=69, lastSearchDateTime=2023-03-24T10:53:28.213062)
Hibernate: 
    update
        search_status 
    set
        update_datetime=?,
        last_search_datetime=?,
        search_count=?,
        search_keyword=? 
    where
        search_id=?
2023-03-24 10:53:28.217  INFO 53500 --- [ool-4-thread-89] c.z.b.a.s.service.BlogSearchService      : searchStatusEntity before = SearchStatusEntity(searchId=2, searchKeyword=곽튜브, searchCount=69, lastSearchDateTime=2023-03-24T10:53:28.213062)
2023-03-24 10:53:28.217  INFO 53500 --- [ool-4-thread-89] c.z.b.a.s.service.BlogSearchService      : searchStatusEntity after = SearchStatusEntity(searchId=2, searchKeyword=곽튜브, searchCount=70, lastSearchDateTime=2023-03-24T10:53:28.217050200)
Hibernate: 
    update
        search_status 
    set
        update_datetime=?,
        last_search_datetime=?,
        search_count=?,
        search_keyword=? 
    where
        search_id=?
2023-03-24 10:53:28.221  INFO 53500 --- [ool-4-thread-78] c.z.b.a.s.service.BlogSearchService      : searchStatusEntity before = SearchStatusEntity(searchId=2, searchKeyword=곽튜브, searchCount=70, lastSearchDateTime=2023-03-24T10:53:28.217050)
2023-03-24 10:53:28.222  INFO 53500 --- [ool-4-thread-78] c.z.b.a.s.service.BlogSearchService      : searchStatusEntity after = SearchStatusEntity(searchId=2, searchKeyword=곽튜브, searchCount=71, lastSearchDateTime=2023-03-24T10:53:28.222036700)
Hibernate: 
    update
        search_status 
    set
        update_datetime=?,
        last_search_datetime=?,
        search_count=?,
        search_keyword=? 
    where
        search_id=?
2023-03-24 10:53:28.231  INFO 53500 --- [ool-4-thread-75] c.z.b.a.s.service.BlogSearchService      : searchStatusEntity before = SearchStatusEntity(searchId=2, searchKeyword=곽튜브, searchCount=71, lastSearchDateTime=2023-03-24T10:53:28.222037)
2023-03-24 10:53:28.232  INFO 53500 --- [ool-4-thread-75] c.z.b.a.s.service.BlogSearchService      : searchStatusEntity after = SearchStatusEntity(searchId=2, searchKeyword=곽튜브, searchCount=72, lastSearchDateTime=2023-03-24T10:53:28.232010300)
Hibernate: 
    update
        search_status 
    set
        update_datetime=?,
        last_search_datetime=?,
        search_count=?,
        search_keyword=? 
    where
        search_id=?
2023-03-24 10:53:28.235  INFO 53500 --- [ool-4-thread-73] c.z.b.a.s.service.BlogSearchService      : kakao api response = com.zetn333.blogsearchservice.api.search.dto.SearchBlogResponse@6b1a9e81
Hibernate: 
    select
        searchstat0_.search_id as search_i1_0_,
        searchstat0_.create_datetime as create_d2_0_,
        searchstat0_.update_datetime as update_d3_0_,
        searchstat0_.last_search_datetime as last_sea4_0_,
        searchstat0_.search_count as search_c5_0_,
        searchstat0_.search_keyword as search_k6_0_ 
    from
        search_status searchstat0_ 
    where
        searchstat0_.search_keyword=? for update
            
2023-03-24 10:53:28.237  INFO 53500 --- [ool-4-thread-74] c.z.b.a.s.service.BlogSearchService      : kakao api response = com.zetn333.blogsearchservice.api.search.dto.SearchBlogResponse@65d78e47
Hibernate: 
    select
        searchstat0_.search_id as search_i1_0_,
        searchstat0_.create_datetime as create_d2_0_,
        searchstat0_.update_datetime as update_d3_0_,
        searchstat0_.last_search_datetime as last_sea4_0_,
        searchstat0_.search_count as search_c5_0_,
        searchstat0_.search_keyword as search_k6_0_ 
    from
        search_status searchstat0_ 
    where
        searchstat0_.search_keyword=? for update
            
2023-03-24 10:53:28.240  INFO 53500 --- [ool-4-thread-79] c.z.b.a.s.service.BlogSearchService      : searchStatusEntity before = SearchStatusEntity(searchId=2, searchKeyword=곽튜브, searchCount=72, lastSearchDateTime=2023-03-24T10:53:28.232010)
2023-03-24 10:53:28.241  INFO 53500 --- [ool-4-thread-72] c.z.b.a.s.service.BlogSearchService      : kakao api response = com.zetn333.blogsearchservice.api.search.dto.SearchBlogResponse@68c29bbb
2023-03-24 10:53:28.241  INFO 53500 --- [ool-4-thread-79] c.z.b.a.s.service.BlogSearchService      : searchStatusEntity after = SearchStatusEntity(searchId=2, searchKeyword=곽튜브, searchCount=73, lastSearchDateTime=2023-03-24T10:53:28.241983300)
Hibernate: 
    select
        searchstat0_.search_id as search_i1_0_,
        searchstat0_.create_datetime as create_d2_0_,
        searchstat0_.update_datetime as update_d3_0_,
        searchstat0_.last_search_datetime as last_sea4_0_,
        searchstat0_.search_count as search_c5_0_,
        searchstat0_.search_keyword as search_k6_0_ 
    from
        search_status searchstat0_ 
    where
        searchstat0_.search_keyword=? for update
            
Hibernate: 
    update
        search_status 
    set
        update_datetime=?,
        last_search_datetime=?,
        search_count=?,
        search_keyword=? 
    where
        search_id=?
2023-03-24 10:53:28.245  INFO 53500 --- [ool-4-thread-73] c.z.b.a.s.service.BlogSearchService      : searchStatusEntity before = SearchStatusEntity(searchId=2, searchKeyword=곽튜브, searchCount=73, lastSearchDateTime=2023-03-24T10:53:28.241983)
2023-03-24 10:53:28.246  INFO 53500 --- [ool-4-thread-73] c.z.b.a.s.service.BlogSearchService      : searchStatusEntity after = SearchStatusEntity(searchId=2, searchKeyword=곽튜브, searchCount=74, lastSearchDateTime=2023-03-24T10:53:28.246970200)
Hibernate: 
    update
        search_status 
    set
        update_datetime=?,
        last_search_datetime=?,
        search_count=?,
        search_keyword=? 
    where
        search_id=?
2023-03-24 10:53:28.250  INFO 53500 --- [ool-4-thread-71] c.z.b.a.s.service.BlogSearchService      : kakao api response = com.zetn333.blogsearchservice.api.search.dto.SearchBlogResponse@7e47dc63
Hibernate: 
    select
        searchstat0_.search_id as search_i1_0_,
        searchstat0_.create_datetime as create_d2_0_,
        searchstat0_.update_datetime as update_d3_0_,
        searchstat0_.last_search_datetime as last_sea4_0_,
        searchstat0_.search_count as search_c5_0_,
        searchstat0_.search_keyword as search_k6_0_ 
    from
        search_status searchstat0_ 
    where
        searchstat0_.search_keyword=? for update
            
2023-03-24 10:53:28.251  INFO 53500 --- [ool-4-thread-72] c.z.b.a.s.service.BlogSearchService      : searchStatusEntity before = SearchStatusEntity(searchId=2, searchKeyword=곽튜브, searchCount=74, lastSearchDateTime=2023-03-24T10:53:28.246970)
2023-03-24 10:53:28.254  INFO 53500 --- [ool-4-thread-70] c.z.b.a.s.service.BlogSearchService      : kakao api response = com.zetn333.blogsearchservice.api.search.dto.SearchBlogResponse@456d7767
2023-03-24 10:53:28.254  INFO 53500 --- [ool-4-thread-72] c.z.b.a.s.service.BlogSearchService      : searchStatusEntity after = SearchStatusEntity(searchId=2, searchKeyword=곽튜브, searchCount=75, lastSearchDateTime=2023-03-24T10:53:28.254949600)
Hibernate: 
    select
        searchstat0_.search_id as search_i1_0_,
        searchstat0_.create_datetime as create_d2_0_,
        searchstat0_.update_datetime as update_d3_0_,
        searchstat0_.last_search_datetime as last_sea4_0_,
        searchstat0_.search_count as search_c5_0_,
        searchstat0_.search_keyword as search_k6_0_ 
    from
        search_status searchstat0_ 
    where
        searchstat0_.search_keyword=? for update
            
Hibernate: 
    update
        search_status 
    set
        update_datetime=?,
        last_search_datetime=?,
        search_count=?,
        search_keyword=? 
    where
        search_id=?
2023-03-24 10:53:28.260  INFO 53500 --- [ool-4-thread-74] c.z.b.a.s.service.BlogSearchService      : searchStatusEntity before = SearchStatusEntity(searchId=2, searchKeyword=곽튜브, searchCount=75, lastSearchDateTime=2023-03-24T10:53:28.254950)
2023-03-24 10:53:28.262  INFO 53500 --- [ool-4-thread-74] c.z.b.a.s.service.BlogSearchService      : searchStatusEntity after = SearchStatusEntity(searchId=2, searchKeyword=곽튜브, searchCount=76, lastSearchDateTime=2023-03-24T10:53:28.262927900)
Hibernate: 
    update
        search_status 
    set
        update_datetime=?,
        last_search_datetime=?,
        search_count=?,
        search_keyword=? 
    where
        search_id=?
2023-03-24 10:53:28.262  INFO 53500 --- [ool-4-thread-69] c.z.b.a.s.service.BlogSearchService      : kakao api response = com.zetn333.blogsearchservice.api.search.dto.SearchBlogResponse@28145942
Hibernate: 
    select
        searchstat0_.search_id as search_i1_0_,
        searchstat0_.create_datetime as create_d2_0_,
        searchstat0_.update_datetime as update_d3_0_,
        searchstat0_.last_search_datetime as last_sea4_0_,
        searchstat0_.search_count as search_c5_0_,
        searchstat0_.search_keyword as search_k6_0_ 
    from
        search_status searchstat0_ 
    where
        searchstat0_.search_keyword=? for update
            
2023-03-24 10:53:28.265  INFO 53500 --- [ool-4-thread-82] c.z.b.a.s.service.BlogSearchService      : searchStatusEntity before = SearchStatusEntity(searchId=2, searchKeyword=곽튜브, searchCount=76, lastSearchDateTime=2023-03-24T10:53:28.262928)
2023-03-24 10:53:28.266  INFO 53500 --- [ool-4-thread-82] c.z.b.a.s.service.BlogSearchService      : searchStatusEntity after = SearchStatusEntity(searchId=2, searchKeyword=곽튜브, searchCount=77, lastSearchDateTime=2023-03-24T10:53:28.266918600)
Hibernate: 
    update
        search_status 
    set
        update_datetime=?,
        last_search_datetime=?,
        search_count=?,
        search_keyword=? 
    where
        search_id=?
2023-03-24 10:53:28.271  INFO 53500 --- [ool-4-thread-69] c.z.b.a.s.service.BlogSearchService      : searchStatusEntity before = SearchStatusEntity(searchId=2, searchKeyword=곽튜브, searchCount=77, lastSearchDateTime=2023-03-24T10:53:28.266919)
2023-03-24 10:53:28.271  INFO 53500 --- [ool-4-thread-69] c.z.b.a.s.service.BlogSearchService      : searchStatusEntity after = SearchStatusEntity(searchId=2, searchKeyword=곽튜브, searchCount=78, lastSearchDateTime=2023-03-24T10:53:28.271904200)
Hibernate: 
    update
        search_status 
    set
        update_datetime=?,
        last_search_datetime=?,
        search_count=?,
        search_keyword=? 
    where
        search_id=?
2023-03-24 10:53:28.275  INFO 53500 --- [ool-4-thread-68] c.z.b.a.s.service.BlogSearchService      : kakao api response = com.zetn333.blogsearchservice.api.search.dto.SearchBlogResponse@59f482e2
Hibernate: 
    select
        searchstat0_.search_id as search_i1_0_,
        searchstat0_.create_datetime as create_d2_0_,
        searchstat0_.update_datetime as update_d3_0_,
        searchstat0_.last_search_datetime as last_sea4_0_,
        searchstat0_.search_count as search_c5_0_,
        searchstat0_.search_keyword as search_k6_0_ 
    from
        search_status searchstat0_ 
    where
        searchstat0_.search_keyword=? for update
            
2023-03-24 10:53:28.279  INFO 53500 --- [ool-4-thread-71] c.z.b.a.s.service.BlogSearchService      : searchStatusEntity before = SearchStatusEntity(searchId=2, searchKeyword=곽튜브, searchCount=78, lastSearchDateTime=2023-03-24T10:53:28.271904)
2023-03-24 10:53:28.283  INFO 53500 --- [ool-4-thread-63] c.z.b.a.s.service.BlogSearchService      : kakao api response = com.zetn333.blogsearchservice.api.search.dto.SearchBlogResponse@3ee5b1b3
Hibernate: 
    select
        searchstat0_.search_id as search_i1_0_,
        searchstat0_.create_datetime as create_d2_0_,
        searchstat0_.update_datetime as update_d3_0_,
        searchstat0_.last_search_datetime as last_sea4_0_,
        searchstat0_.search_count as search_c5_0_,
        searchstat0_.search_keyword as search_k6_0_ 
    from
        search_status searchstat0_ 
    where
        searchstat0_.search_keyword=? for update
            
2023-03-24 10:53:28.284  INFO 53500 --- [ool-4-thread-67] c.z.b.a.s.service.BlogSearchService      : kakao api response = com.zetn333.blogsearchservice.api.search.dto.SearchBlogResponse@14fbb634
Hibernate: 
    select
        searchstat0_.search_id as search_i1_0_,
        searchstat0_.create_datetime as create_d2_0_,
        searchstat0_.update_datetime as update_d3_0_,
        searchstat0_.last_search_datetime as last_sea4_0_,
        searchstat0_.search_count as search_c5_0_,
        searchstat0_.search_keyword as search_k6_0_ 
    from
        search_status searchstat0_ 
    where
        searchstat0_.search_keyword=? for update
            
2023-03-24 10:53:28.283  INFO 53500 --- [ool-4-thread-71] c.z.b.a.s.service.BlogSearchService      : searchStatusEntity after = SearchStatusEntity(searchId=2, searchKeyword=곽튜브, searchCount=79, lastSearchDateTime=2023-03-24T10:53:28.283872)
Hibernate: 
    update
        search_status 
    set
        update_datetime=?,
        last_search_datetime=?,
        search_count=?,
        search_keyword=? 
    where
        search_id=?
2023-03-24 10:53:28.298  INFO 53500 --- [ool-4-thread-66] c.z.b.a.s.service.BlogSearchService      : kakao api response = com.zetn333.blogsearchservice.api.search.dto.SearchBlogResponse@74db76a0
2023-03-24 10:53:28.299  INFO 53500 --- [ool-4-thread-65] c.z.b.a.s.service.BlogSearchService      : kakao api response = com.zetn333.blogsearchservice.api.search.dto.SearchBlogResponse@5d82a5b5
Hibernate: 
    select
        searchstat0_.search_id as search_i1_0_,
        searchstat0_.create_datetime as create_d2_0_,
        searchstat0_.update_datetime as update_d3_0_,
        searchstat0_.last_search_datetime as last_sea4_0_,
        searchstat0_.search_count as search_c5_0_,
        searchstat0_.search_keyword as search_k6_0_ 
    from
        search_status searchstat0_ 
    where
        searchstat0_.search_keyword=? for update
            
2023-03-24 10:53:28.301  INFO 53500 --- [ool-4-thread-81] c.z.b.a.s.service.BlogSearchService      : searchStatusEntity before = SearchStatusEntity(searchId=2, searchKeyword=곽튜브, searchCount=79, lastSearchDateTime=2023-03-24T10:53:28.283872)
2023-03-24 10:53:28.303  INFO 53500 --- [ool-4-thread-81] c.z.b.a.s.service.BlogSearchService      : searchStatusEntity after = SearchStatusEntity(searchId=2, searchKeyword=곽튜브, searchCount=80, lastSearchDateTime=2023-03-24T10:53:28.303818400)
Hibernate: 
    select
        searchstat0_.search_id as search_i1_0_,
        searchstat0_.create_datetime as create_d2_0_,
        searchstat0_.update_datetime as update_d3_0_,
        searchstat0_.last_search_datetime as last_sea4_0_,
        searchstat0_.search_count as search_c5_0_,
        searchstat0_.search_keyword as search_k6_0_ 
    from
        search_status searchstat0_ 
    where
        searchstat0_.search_keyword=? for update
            
Hibernate: 
    update
        search_status 
    set
        update_datetime=?,
        last_search_datetime=?,
        search_count=?,
        search_keyword=? 
    where
        search_id=?
2023-03-24 10:53:28.308  INFO 53500 --- [ool-4-thread-64] c.z.b.a.s.service.BlogSearchService      : kakao api response = com.zetn333.blogsearchservice.api.search.dto.SearchBlogResponse@41532aae
Hibernate: 
    select
        searchstat0_.search_id as search_i1_0_,
        searchstat0_.create_datetime as create_d2_0_,
        searchstat0_.update_datetime as update_d3_0_,
        searchstat0_.last_search_datetime as last_sea4_0_,
        searchstat0_.search_count as search_c5_0_,
        searchstat0_.search_keyword as search_k6_0_ 
    from
        search_status searchstat0_ 
    where
        searchstat0_.search_keyword=? for update
            
2023-03-24 10:53:28.310  INFO 53500 --- [ool-4-thread-63] c.z.b.a.s.service.BlogSearchService      : searchStatusEntity before = SearchStatusEntity(searchId=2, searchKeyword=곽튜브, searchCount=80, lastSearchDateTime=2023-03-24T10:53:28.303818)
2023-03-24 10:53:28.310  INFO 53500 --- [ool-4-thread-63] c.z.b.a.s.service.BlogSearchService      : searchStatusEntity after = SearchStatusEntity(searchId=2, searchKeyword=곽튜브, searchCount=81, lastSearchDateTime=2023-03-24T10:53:28.310800100)
Hibernate: 
    update
        search_status 
    set
        update_datetime=?,
        last_search_datetime=?,
        search_count=?,
        search_keyword=? 
    where
        search_id=?
2023-03-24 10:53:28.315  INFO 53500 --- [ool-4-thread-76] c.z.b.a.s.service.BlogSearchService      : searchStatusEntity before = SearchStatusEntity(searchId=2, searchKeyword=곽튜브, searchCount=81, lastSearchDateTime=2023-03-24T10:53:28.310800)
2023-03-24 10:53:28.316  INFO 53500 --- [ool-4-thread-76] c.z.b.a.s.service.BlogSearchService      : searchStatusEntity after = SearchStatusEntity(searchId=2, searchKeyword=곽튜브, searchCount=82, lastSearchDateTime=2023-03-24T10:53:28.316784700)
Hibernate: 
    update
        search_status 
    set
        update_datetime=?,
        last_search_datetime=?,
        search_count=?,
        search_keyword=? 
    where
        search_id=?
2023-03-24 10:53:28.321  INFO 53500 --- [ool-4-thread-68] c.z.b.a.s.service.BlogSearchService      : searchStatusEntity before = SearchStatusEntity(searchId=2, searchKeyword=곽튜브, searchCount=82, lastSearchDateTime=2023-03-24T10:53:28.316785)
2023-03-24 10:53:28.323  INFO 53500 --- [ool-4-thread-68] c.z.b.a.s.service.BlogSearchService      : searchStatusEntity after = SearchStatusEntity(searchId=2, searchKeyword=곽튜브, searchCount=83, lastSearchDateTime=2023-03-24T10:53:28.323764300)
Hibernate: 
    update
        search_status 
    set
        update_datetime=?,
        last_search_datetime=?,
        search_count=?,
        search_keyword=? 
    where
        search_id=?
2023-03-24 10:53:28.327  INFO 53500 --- [ool-4-thread-67] c.z.b.a.s.service.BlogSearchService      : searchStatusEntity before = SearchStatusEntity(searchId=2, searchKeyword=곽튜브, searchCount=83, lastSearchDateTime=2023-03-24T10:53:28.323764)
2023-03-24 10:53:28.327  INFO 53500 --- [ool-4-thread-67] c.z.b.a.s.service.BlogSearchService      : searchStatusEntity after = SearchStatusEntity(searchId=2, searchKeyword=곽튜브, searchCount=84, lastSearchDateTime=2023-03-24T10:53:28.327755400)
Hibernate: 
    update
        search_status 
    set
        update_datetime=?,
        last_search_datetime=?,
        search_count=?,
        search_keyword=? 
    where
        search_id=?
2023-03-24 10:53:28.332  INFO 53500 --- [ool-4-thread-64] c.z.b.a.s.service.BlogSearchService      : searchStatusEntity before = SearchStatusEntity(searchId=2, searchKeyword=곽튜브, searchCount=84, lastSearchDateTime=2023-03-24T10:53:28.327755)
2023-03-24 10:53:28.333  INFO 53500 --- [ool-4-thread-64] c.z.b.a.s.service.BlogSearchService      : searchStatusEntity after = SearchStatusEntity(searchId=2, searchKeyword=곽튜브, searchCount=85, lastSearchDateTime=2023-03-24T10:53:28.333739500)
Hibernate: 
    update
        search_status 
    set
        update_datetime=?,
        last_search_datetime=?,
        search_count=?,
        search_keyword=? 
    where
        search_id=?
2023-03-24 10:53:28.337  INFO 53500 --- [ool-4-thread-66] c.z.b.a.s.service.BlogSearchService      : searchStatusEntity before = SearchStatusEntity(searchId=2, searchKeyword=곽튜브, searchCount=85, lastSearchDateTime=2023-03-24T10:53:28.333740)
2023-03-24 10:53:28.338  INFO 53500 --- [ool-4-thread-66] c.z.b.a.s.service.BlogSearchService      : searchStatusEntity after = SearchStatusEntity(searchId=2, searchKeyword=곽튜브, searchCount=86, lastSearchDateTime=2023-03-24T10:53:28.338725400)
Hibernate: 
    update
        search_status 
    set
        update_datetime=?,
        last_search_datetime=?,
        search_count=?,
        search_keyword=? 
    where
        search_id=?
2023-03-24 10:53:28.343  INFO 53500 --- [ool-4-thread-61] c.z.b.a.s.service.BlogSearchService      : kakao api response = com.zetn333.blogsearchservice.api.search.dto.SearchBlogResponse@4855b42c
Hibernate: 
    select
        searchstat0_.search_id as search_i1_0_,
        searchstat0_.create_datetime as create_d2_0_,
        searchstat0_.update_datetime as update_d3_0_,
        searchstat0_.last_search_datetime as last_sea4_0_,
        searchstat0_.search_count as search_c5_0_,
        searchstat0_.search_keyword as search_k6_0_ 
    from
        search_status searchstat0_ 
    where
        searchstat0_.search_keyword=? for update
            
2023-03-24 10:53:28.344  INFO 53500 --- [ool-4-thread-70] c.z.b.a.s.service.BlogSearchService      : searchStatusEntity before = SearchStatusEntity(searchId=2, searchKeyword=곽튜브, searchCount=86, lastSearchDateTime=2023-03-24T10:53:28.338725)
2023-03-24 10:53:28.344  INFO 53500 --- [ool-4-thread-70] c.z.b.a.s.service.BlogSearchService      : searchStatusEntity after = SearchStatusEntity(searchId=2, searchKeyword=곽튜브, searchCount=87, lastSearchDateTime=2023-03-24T10:53:28.344709400)
Hibernate: 
    update
        search_status 
    set
        update_datetime=?,
        last_search_datetime=?,
        search_count=?,
        search_keyword=? 
    where
        search_id=?
2023-03-24 10:53:28.350  INFO 53500 --- [ool-4-thread-62] c.z.b.a.s.service.BlogSearchService      : kakao api response = com.zetn333.blogsearchservice.api.search.dto.SearchBlogResponse@2f09e81a
Hibernate: 
    select
        searchstat0_.search_id as search_i1_0_,
        searchstat0_.create_datetime as create_d2_0_,
        searchstat0_.update_datetime as update_d3_0_,
        searchstat0_.last_search_datetime as last_sea4_0_,
        searchstat0_.search_count as search_c5_0_,
        searchstat0_.search_keyword as search_k6_0_ 
    from
        search_status searchstat0_ 
    where
        searchstat0_.search_keyword=? for update
            
2023-03-24 10:53:28.352  INFO 53500 --- [ool-4-thread-58] c.z.b.a.s.service.BlogSearchService      : kakao api response = com.zetn333.blogsearchservice.api.search.dto.SearchBlogResponse@6e32ed56
2023-03-24 10:53:28.353  INFO 53500 --- [ool-4-thread-61] c.z.b.a.s.service.BlogSearchService      : searchStatusEntity before = SearchStatusEntity(searchId=2, searchKeyword=곽튜브, searchCount=87, lastSearchDateTime=2023-03-24T10:53:28.344709)
Hibernate: 
    select
        searchstat0_.search_id as search_i1_0_,
        searchstat0_.create_datetime as create_d2_0_,
        searchstat0_.update_datetime as update_d3_0_,
        searchstat0_.last_search_datetime as last_sea4_0_,
        searchstat0_.search_count as search_c5_0_,
        searchstat0_.search_keyword as search_k6_0_ 
2023-03-24 10:53:28.355  INFO 53500 --- [ool-4-thread-61] c.z.b.a.s.service.BlogSearchService      : searchStatusEntity after = SearchStatusEntity(searchId=2, searchKeyword=곽튜브, searchCount=88, lastSearchDateTime=2023-03-24T10:53:28.355681100)
2023-03-24 10:53:28.358  INFO 53500 --- [ool-4-thread-57] c.z.b.a.s.service.BlogSearchService      : kakao api response = com.zetn333.blogsearchservice.api.search.dto.SearchBlogResponse@592d1ed0
    from
        search_status searchstat0_ 
    where
        searchstat0_.search_keyword=? for update
            
2023-03-24 10:53:28.360  INFO 53500 --- [ool-4-thread-60] c.z.b.a.s.service.BlogSearchService      : kakao api response = com.zetn333.blogsearchservice.api.search.dto.SearchBlogResponse@1ea4c6df
Hibernate: 
    select
        searchstat0_.search_id as search_i1_0_,
        searchstat0_.create_datetime as create_d2_0_,
        searchstat0_.update_datetime as update_d3_0_,
        searchstat0_.last_search_datetime as last_sea4_0_,
        searchstat0_.search_count as search_c5_0_,
        searchstat0_.search_keyword as search_k6_0_ 
    from
        search_status searchstat0_ 
    where
        searchstat0_.search_keyword=? for update
            
Hibernate: 
    update
        search_status 
    set
        update_datetime=?,
        last_search_datetime=?,
        search_count=?,
        search_keyword=? 
    where
        search_id=?
Hibernate: 
    select
        searchstat0_.search_id as search_i1_0_,
        searchstat0_.create_datetime as create_d2_0_,
        searchstat0_.update_datetime as update_d3_0_,
        searchstat0_.last_search_datetime as last_sea4_0_,
        searchstat0_.search_count as search_c5_0_,
        searchstat0_.search_keyword as search_k6_0_ 
    from
        search_status searchstat0_ 
    where
        searchstat0_.search_keyword=? for update
            
2023-03-24 10:53:28.365  INFO 53500 --- [ool-4-thread-56] c.z.b.a.s.service.BlogSearchService      : kakao api response = com.zetn333.blogsearchservice.api.search.dto.SearchBlogResponse@4fdaf8a4
Hibernate: 
    select
        searchstat0_.search_id as search_i1_0_,
        searchstat0_.create_datetime as create_d2_0_,
        searchstat0_.update_datetime as update_d3_0_,
        searchstat0_.last_search_datetime as last_sea4_0_,
        searchstat0_.search_count as search_c5_0_,
        searchstat0_.search_keyword as search_k6_0_ 
    from
        search_status searchstat0_ 
    where
        searchstat0_.search_keyword=? for update
            
2023-03-24 10:53:28.370  INFO 53500 --- [ool-4-thread-56] c.z.b.a.s.service.BlogSearchService      : searchStatusEntity before = SearchStatusEntity(searchId=2, searchKeyword=곽튜브, searchCount=88, lastSearchDateTime=2023-03-24T10:53:28.355681)
2023-03-24 10:53:28.370  INFO 53500 --- [ool-4-thread-55] c.z.b.a.s.service.BlogSearchService      : kakao api response = com.zetn333.blogsearchservice.api.search.dto.SearchBlogResponse@1339ebe1
Hibernate: 
    select
        searchstat0_.search_id as search_i1_0_,
        searchstat0_.create_datetime as create_d2_0_,
        searchstat0_.update_datetime as update_d3_0_,
        searchstat0_.last_search_datetime as last_sea4_0_,
        searchstat0_.search_count as search_c5_0_,
        searchstat0_.search_keyword as search_k6_0_ 
    from
        search_status searchstat0_ 
    where
        searchstat0_.search_keyword=? for update
            
2023-03-24 10:53:28.370  INFO 53500 --- [ool-4-thread-56] c.z.b.a.s.service.BlogSearchService      : searchStatusEntity after = SearchStatusEntity(searchId=2, searchKeyword=곽튜브, searchCount=89, lastSearchDateTime=2023-03-24T10:53:28.370639400)
Hibernate: 
    update
        search_status 
    set
        update_datetime=?,
        last_search_datetime=?,
        search_count=?,
        search_keyword=? 
    where
        search_id=?
2023-03-24 10:53:28.381  INFO 53500 --- [ool-4-thread-59] c.z.b.a.s.service.BlogSearchService      : kakao api response = com.zetn333.blogsearchservice.api.search.dto.SearchBlogResponse@7f342bf7
Hibernate: 
    select
        searchstat0_.search_id as search_i1_0_,
        searchstat0_.create_datetime as create_d2_0_,
        searchstat0_.update_datetime as update_d3_0_,
        searchstat0_.last_search_datetime as last_sea4_0_,
        searchstat0_.search_count as search_c5_0_,
        searchstat0_.search_keyword as search_k6_0_ 
    from
        search_status searchstat0_ 
    where
        searchstat0_.search_keyword=? for update
            
2023-03-24 10:53:28.390  INFO 53500 --- [ool-4-thread-54] c.z.b.a.s.service.BlogSearchService      : kakao api response = com.zetn333.blogsearchservice.api.search.dto.SearchBlogResponse@77ec8001
2023-03-24 10:53:28.391  INFO 53500 --- [ool-4-thread-59] c.z.b.a.s.service.BlogSearchService      : searchStatusEntity before = SearchStatusEntity(searchId=2, searchKeyword=곽튜브, searchCount=89, lastSearchDateTime=2023-03-24T10:53:28.370639)
2023-03-24 10:53:28.391  INFO 53500 --- [ool-4-thread-59] c.z.b.a.s.service.BlogSearchService      : searchStatusEntity after = SearchStatusEntity(searchId=2, searchKeyword=곽튜브, searchCount=90, lastSearchDateTime=2023-03-24T10:53:28.391584400)
Hibernate: 
    select
        searchstat0_.search_id as search_i1_0_,
        searchstat0_.create_datetime as create_d2_0_,
        searchstat0_.update_datetime as update_d3_0_,
        searchstat0_.last_search_datetime as last_sea4_0_,
        searchstat0_.search_count as search_c5_0_,
        searchstat0_.search_keyword as search_k6_0_ 
    from
        search_status searchstat0_ 
    where
        searchstat0_.search_keyword=? for update
            
Hibernate: 
    update
        search_status 
    set
        update_datetime=?,
        last_search_datetime=?,
        search_count=?,
        search_keyword=? 
    where
        search_id=?
2023-03-24 10:53:28.400  INFO 53500 --- [ool-4-thread-52] c.z.b.a.s.service.BlogSearchService      : kakao api response = com.zetn333.blogsearchservice.api.search.dto.SearchBlogResponse@4458253f
Hibernate: 
    select
        searchstat0_.search_id as search_i1_0_,
        searchstat0_.create_datetime as create_d2_0_,
        searchstat0_.update_datetime as update_d3_0_,
        searchstat0_.last_search_datetime as last_sea4_0_,
        searchstat0_.search_count as search_c5_0_,
        searchstat0_.search_keyword as search_k6_0_ 
    from
        search_status searchstat0_ 
    where
        searchstat0_.search_keyword=? for update
            
2023-03-24 10:53:28.403  INFO 53500 --- [ool-4-thread-58] c.z.b.a.s.service.BlogSearchService      : searchStatusEntity before = SearchStatusEntity(searchId=2, searchKeyword=곽튜브, searchCount=90, lastSearchDateTime=2023-03-24T10:53:28.391584)
2023-03-24 10:53:28.403  INFO 53500 --- [ool-4-thread-58] c.z.b.a.s.service.BlogSearchService      : searchStatusEntity after = SearchStatusEntity(searchId=2, searchKeyword=곽튜브, searchCount=91, lastSearchDateTime=2023-03-24T10:53:28.403552)
Hibernate: 
    update
        search_status 
    set
        update_datetime=?,
        last_search_datetime=?,
        search_count=?,
        search_keyword=? 
    where
        search_id=?
2023-03-24 10:53:28.410  INFO 53500 --- [ool-4-thread-54] c.z.b.a.s.service.BlogSearchService      : searchStatusEntity before = SearchStatusEntity(searchId=2, searchKeyword=곽튜브, searchCount=91, lastSearchDateTime=2023-03-24T10:53:28.403552)
2023-03-24 10:53:28.410  INFO 53500 --- [ool-4-thread-54] c.z.b.a.s.service.BlogSearchService      : searchStatusEntity after = SearchStatusEntity(searchId=2, searchKeyword=곽튜브, searchCount=92, lastSearchDateTime=2023-03-24T10:53:28.410533600)
Hibernate: 
    update
        search_status 
    set
        update_datetime=?,
        last_search_datetime=?,
        search_count=?,
        search_keyword=? 
    where
        search_id=?
2023-03-24 10:53:28.419  INFO 53500 --- [ool-4-thread-53] c.z.b.a.s.service.BlogSearchService      : kakao api response = com.zetn333.blogsearchservice.api.search.dto.SearchBlogResponse@1b6e7763
Hibernate: 
    select
        searchstat0_.search_id as search_i1_0_,
        searchstat0_.create_datetime as create_d2_0_,
        searchstat0_.update_datetime as update_d3_0_,
        searchstat0_.last_search_datetime as last_sea4_0_,
        searchstat0_.search_count as search_c5_0_,
        searchstat0_.search_keyword as search_k6_0_ 
    from
        search_status searchstat0_ 
    where
        searchstat0_.search_keyword=? for update
            
2023-03-24 10:53:28.422  INFO 53500 --- [ool-4-thread-53] c.z.b.a.s.service.BlogSearchService      : searchStatusEntity before = SearchStatusEntity(searchId=2, searchKeyword=곽튜브, searchCount=92, lastSearchDateTime=2023-03-24T10:53:28.410534)
2023-03-24 10:53:28.423  INFO 53500 --- [ool-4-thread-53] c.z.b.a.s.service.BlogSearchService      : searchStatusEntity after = SearchStatusEntity(searchId=2, searchKeyword=곽튜브, searchCount=93, lastSearchDateTime=2023-03-24T10:53:28.423499400)
Hibernate: 
    update
        search_status 
    set
        update_datetime=?,
        last_search_datetime=?,
        search_count=?,
        search_keyword=? 
    where
        search_id=?
2023-03-24 10:53:28.429  INFO 53500 --- [ool-4-thread-51] c.z.b.a.s.service.BlogSearchService      : kakao api response = com.zetn333.blogsearchservice.api.search.dto.SearchBlogResponse@6f455c99
Hibernate: 
    select
        searchstat0_.search_id as search_i1_0_,
        searchstat0_.create_datetime as create_d2_0_,
        searchstat0_.update_datetime as update_d3_0_,
        searchstat0_.last_search_datetime as last_sea4_0_,
        searchstat0_.search_count as search_c5_0_,
        searchstat0_.search_keyword as search_k6_0_ 
    from
        search_status searchstat0_ 
    where
        searchstat0_.search_keyword=? for update
            
2023-03-24 10:53:28.434  INFO 53500 --- [ool-4-thread-60] c.z.b.a.s.service.BlogSearchService      : searchStatusEntity before = SearchStatusEntity(searchId=2, searchKeyword=곽튜브, searchCount=93, lastSearchDateTime=2023-03-24T10:53:28.423499)
2023-03-24 10:53:28.434  INFO 53500 --- [ool-4-thread-60] c.z.b.a.s.service.BlogSearchService      : searchStatusEntity after = SearchStatusEntity(searchId=2, searchKeyword=곽튜브, searchCount=94, lastSearchDateTime=2023-03-24T10:53:28.434468900)
Hibernate: 
    update
        search_status 
    set
        update_datetime=?,
        last_search_datetime=?,
        search_count=?,
        search_keyword=? 
    where
        search_id=?
2023-03-24 10:53:28.438  INFO 53500 --- [ool-4-thread-55] c.z.b.a.s.service.BlogSearchService      : searchStatusEntity before = SearchStatusEntity(searchId=2, searchKeyword=곽튜브, searchCount=94, lastSearchDateTime=2023-03-24T10:53:28.434469)
2023-03-24 10:53:28.439  INFO 53500 --- [ool-4-thread-55] c.z.b.a.s.service.BlogSearchService      : searchStatusEntity after = SearchStatusEntity(searchId=2, searchKeyword=곽튜브, searchCount=95, lastSearchDateTime=2023-03-24T10:53:28.438459200)
Hibernate: 
    update
        search_status 
    set
        update_datetime=?,
        last_search_datetime=?,
        search_count=?,
        search_keyword=? 
    where
        search_id=?
2023-03-24 10:53:28.442  INFO 53500 --- [ool-4-thread-52] c.z.b.a.s.service.BlogSearchService      : searchStatusEntity before = SearchStatusEntity(searchId=2, searchKeyword=곽튜브, searchCount=95, lastSearchDateTime=2023-03-24T10:53:28.438459)
2023-03-24 10:53:28.443  INFO 53500 --- [ool-4-thread-52] c.z.b.a.s.service.BlogSearchService      : searchStatusEntity after = SearchStatusEntity(searchId=2, searchKeyword=곽튜브, searchCount=96, lastSearchDateTime=2023-03-24T10:53:28.443445500)
Hibernate: 
    update
        search_status 
    set
        update_datetime=?,
        last_search_datetime=?,
        search_count=?,
        search_keyword=? 
    where
        search_id=?
2023-03-24 10:53:28.448  INFO 53500 --- [ool-4-thread-65] c.z.b.a.s.service.BlogSearchService      : searchStatusEntity before = SearchStatusEntity(searchId=2, searchKeyword=곽튜브, searchCount=96, lastSearchDateTime=2023-03-24T10:53:28.443446)
2023-03-24 10:53:28.449  INFO 53500 --- [ool-4-thread-65] c.z.b.a.s.service.BlogSearchService      : searchStatusEntity after = SearchStatusEntity(searchId=2, searchKeyword=곽튜브, searchCount=97, lastSearchDateTime=2023-03-24T10:53:28.449428900)
2023-03-24 10:53:28.449  INFO 53500 --- [ool-4-thread-46] c.z.b.a.s.service.BlogSearchService      : kakao api response = com.zetn333.blogsearchservice.api.search.dto.SearchBlogResponse@61dc0eaf
Hibernate: 
    select
        searchstat0_.search_id as search_i1_0_,
        searchstat0_.create_datetime as create_d2_0_,
        searchstat0_.update_datetime as update_d3_0_,
        searchstat0_.last_search_datetime as last_sea4_0_,
        searchstat0_.search_count as search_c5_0_,
        searchstat0_.search_keyword as search_k6_0_ 
    from
        search_status searchstat0_ 
    where
        searchstat0_.search_keyword=? for update
            
Hibernate: 
    update
        search_status 
    set
        update_datetime=?,
        last_search_datetime=?,
        search_count=?,
        search_keyword=? 
    where
        search_id=?
2023-03-24 10:53:28.452  INFO 53500 --- [ool-4-thread-51] c.z.b.a.s.service.BlogSearchService      : searchStatusEntity before = SearchStatusEntity(searchId=2, searchKeyword=곽튜브, searchCount=97, lastSearchDateTime=2023-03-24T10:53:28.449429)
2023-03-24 10:53:28.453  INFO 53500 --- [ool-4-thread-51] c.z.b.a.s.service.BlogSearchService      : searchStatusEntity after = SearchStatusEntity(searchId=2, searchKeyword=곽튜브, searchCount=98, lastSearchDateTime=2023-03-24T10:53:28.453418200)
Hibernate: 
    update
        search_status 
    set
        update_datetime=?,
        last_search_datetime=?,
        search_count=?,
        search_keyword=? 
    where
        search_id=?
2023-03-24 10:53:28.456  INFO 53500 --- [ool-4-thread-46] c.z.b.a.s.service.BlogSearchService      : searchStatusEntity before = SearchStatusEntity(searchId=2, searchKeyword=곽튜브, searchCount=98, lastSearchDateTime=2023-03-24T10:53:28.453418)
2023-03-24 10:53:28.457  INFO 53500 --- [ool-4-thread-46] c.z.b.a.s.service.BlogSearchService      : searchStatusEntity after = SearchStatusEntity(searchId=2, searchKeyword=곽튜브, searchCount=99, lastSearchDateTime=2023-03-24T10:53:28.457409)
Hibernate: 
    update
        search_status 
    set
        update_datetime=?,
        last_search_datetime=?,
        search_count=?,
        search_keyword=? 
    where
        search_id=?
2023-03-24 10:53:28.461  INFO 53500 --- [ool-4-thread-62] c.z.b.a.s.service.BlogSearchService      : searchStatusEntity before = SearchStatusEntity(searchId=2, searchKeyword=곽튜브, searchCount=99, lastSearchDateTime=2023-03-24T10:53:28.457409)
2023-03-24 10:53:28.461  INFO 53500 --- [ool-4-thread-62] c.z.b.a.s.service.BlogSearchService      : searchStatusEntity after = SearchStatusEntity(searchId=2, searchKeyword=곽튜브, searchCount=100, lastSearchDateTime=2023-03-24T10:53:28.461397500)
Hibernate: 
    update
        search_status 
    set
        update_datetime=?,
        last_search_datetime=?,
        search_count=?,
        search_keyword=? 
    where
        search_id=?
2023-03-24 10:53:28.464  INFO 53500 --- [ool-4-thread-57] c.z.b.a.s.service.BlogSearchService      : searchStatusEntity before = SearchStatusEntity(searchId=2, searchKeyword=곽튜브, searchCount=100, lastSearchDateTime=2023-03-24T10:53:28.461398)
2023-03-24 10:53:28.465  INFO 53500 --- [ool-4-thread-57] c.z.b.a.s.service.BlogSearchService      : searchStatusEntity after = SearchStatusEntity(searchId=2, searchKeyword=곽튜브, searchCount=101, lastSearchDateTime=2023-03-24T10:53:28.465385900)
Hibernate: 
    update
        search_status 
    set
        update_datetime=?,
        last_search_datetime=?,
        search_count=?,
        search_keyword=? 
    where
        search_id=?
Hibernate: 
    SELECT
        * 
    FROM
        SEARCH_STATUS 
    ORDER BY
        search_count DESC LIMIT 10
2023-03-24 10:53:28.471  INFO 53500 --- [    Test worker] c.z.b.a.s.service.BlogSearchService      : hotKeywords = [SearchStatusEntity(searchId=2, searchKeyword=곽튜브, searchCount=101, lastSearchDateTime=2023-03-24T10:53:28.465386), SearchStatusEntity(searchId=1, searchKeyword=방탄소년단, searchCount=11, lastSearchDateTime=2023-03-24T10:53:27.250636)]
2023-03-24 10:53:28.546  INFO 53500 --- [    Test worker] c.z.b.a.s.service.BlogSearchService      : kakao api response = com.zetn333.blogsearchservice.api.search.dto.SearchBlogResponse@18f5505f
Hibernate: 
    select
        searchstat0_.search_id as search_i1_0_,
        searchstat0_.create_datetime as create_d2_0_,
        searchstat0_.update_datetime as update_d3_0_,
        searchstat0_.last_search_datetime as last_sea4_0_,
        searchstat0_.search_count as search_c5_0_,
        searchstat0_.search_keyword as search_k6_0_ 
    from
        search_status searchstat0_ 
    where
        searchstat0_.search_keyword=? for update
            
2023-03-24 10:53:28.549  INFO 53500 --- [    Test worker] c.z.b.a.s.service.BlogSearchService      : searchStatusEntity before = null
2023-03-24 10:53:28.549  INFO 53500 --- [    Test worker] c.z.b.a.s.service.BlogSearchService      : searchStatusEntity after = SearchStatusEntity(searchId=null, searchKeyword=송민호, searchCount=1, lastSearchDateTime=2023-03-24T10:53:28.549161400)
Hibernate: 
    insert 
    into
        search_status
        (create_datetime, update_datetime, last_search_datetime, search_count, search_keyword) 
    values
        (?, ?, ?, ?, ?)
Hibernate: 
    select
        searchstat0_.search_id as search_i1_0_,
        searchstat0_.create_datetime as create_d2_0_,
        searchstat0_.update_datetime as update_d3_0_,
        searchstat0_.last_search_datetime as last_sea4_0_,
        searchstat0_.search_count as search_c5_0_,
        searchstat0_.search_keyword as search_k6_0_ 
    from
        search_status searchstat0_ 
    where
        searchstat0_.search_keyword=? for update
            
2023-03-24 10:53:28.573  INFO 53500 --- [pool-5-thread-1] c.z.b.a.s.service.BlogSearchService      : searchStatusEntity before = SearchStatusEntity(searchId=3, searchKeyword=송민호, searchCount=1, lastSearchDateTime=2023-03-24T10:53:28.549161)
2023-03-24 10:53:28.574  INFO 53500 --- [pool-5-thread-1] c.z.b.a.s.service.BlogSearchService      : searchStatusEntity after = SearchStatusEntity(searchId=3, searchKeyword=송민호, searchCount=2, lastSearchDateTime=2023-03-24T10:53:28.574096300)
Hibernate: 
    update
        search_status 
    set
        update_datetime=?,
        last_search_datetime=?,
        search_count=?,
        search_keyword=? 
    where
        search_id=?
Hibernate: 
    select
        searchstat0_.search_id as search_i1_0_,
        searchstat0_.create_datetime as create_d2_0_,
        searchstat0_.update_datetime as update_d3_0_,
        searchstat0_.last_search_datetime as last_sea4_0_,
        searchstat0_.search_count as search_c5_0_,
        searchstat0_.search_keyword as search_k6_0_ 
    from
        search_status searchstat0_ 
    where
        searchstat0_.search_keyword=? for update
            
2023-03-24 10:53:28.583  INFO 53500 --- [pool-5-thread-2] c.z.b.a.s.service.BlogSearchService      : searchStatusEntity before = SearchStatusEntity(searchId=3, searchKeyword=송민호, searchCount=2, lastSearchDateTime=2023-03-24T10:53:28.574096)
2023-03-24 10:53:28.583  INFO 53500 --- [pool-5-thread-2] c.z.b.a.s.service.BlogSearchService      : searchStatusEntity after = SearchStatusEntity(searchId=3, searchKeyword=송민호, searchCount=3, lastSearchDateTime=2023-03-24T10:53:28.583071)
Hibernate: 
    update
        search_status 
    set
        update_datetime=?,
        last_search_datetime=?,
        search_count=?,
        search_keyword=? 
    where
        search_id=?
Hibernate: 
    select
        searchstat0_.search_id as search_i1_0_,
        searchstat0_.create_datetime as create_d2_0_,
        searchstat0_.update_datetime as update_d3_0_,
        searchstat0_.last_search_datetime as last_sea4_0_,
        searchstat0_.search_count as search_c5_0_,
        searchstat0_.search_keyword as search_k6_0_ 
    from
        search_status searchstat0_ 
    where
        searchstat0_.search_keyword=? for update
            
2023-03-24 10:53:28.589  INFO 53500 --- [pool-5-thread-3] c.z.b.a.s.service.BlogSearchService      : searchStatusEntity before = SearchStatusEntity(searchId=3, searchKeyword=송민호, searchCount=3, lastSearchDateTime=2023-03-24T10:53:28.583071)
2023-03-24 10:53:28.590  INFO 53500 --- [pool-5-thread-3] c.z.b.a.s.service.BlogSearchService      : searchStatusEntity after = SearchStatusEntity(searchId=3, searchKeyword=송민호, searchCount=4, lastSearchDateTime=2023-03-24T10:53:28.590052800)
Hibernate: 
    update
        search_status 
    set
        update_datetime=?,
        last_search_datetime=?,
        search_count=?,
        search_keyword=? 
    where
        search_id=?
Hibernate: 
    select
        searchstat0_.search_id as search_i1_0_,
        searchstat0_.create_datetime as create_d2_0_,
        searchstat0_.update_datetime as update_d3_0_,
        searchstat0_.last_search_datetime as last_sea4_0_,
        searchstat0_.search_count as search_c5_0_,
        searchstat0_.search_keyword as search_k6_0_ 
    from
        search_status searchstat0_ 
    where
        searchstat0_.search_keyword=? for update
            
Hibernate: 
    select
        searchstat0_.search_id as search_i1_0_,
        searchstat0_.create_datetime as create_d2_0_,
        searchstat0_.update_datetime as update_d3_0_,
        searchstat0_.last_search_datetime as last_sea4_0_,
        searchstat0_.search_count as search_c5_0_,
        searchstat0_.search_keyword as search_k6_0_ 
    from
        search_status searchstat0_ 
    where
        searchstat0_.search_keyword=? for update
            
2023-03-24 10:53:28.597  INFO 53500 --- [pool-5-thread-5] c.z.b.a.s.service.BlogSearchService      : searchStatusEntity before = SearchStatusEntity(searchId=3, searchKeyword=송민호, searchCount=4, lastSearchDateTime=2023-03-24T10:53:28.590053)
2023-03-24 10:53:28.597  INFO 53500 --- [pool-5-thread-5] c.z.b.a.s.service.BlogSearchService      : searchStatusEntity after = SearchStatusEntity(searchId=3, searchKeyword=송민호, searchCount=5, lastSearchDateTime=2023-03-24T10:53:28.597034500)
Hibernate: 
    update
        search_status 
    set
        update_datetime=?,
        last_search_datetime=?,
        search_count=?,
        search_keyword=? 
    where
        search_id=?
2023-03-24 10:53:28.601  INFO 53500 --- [pool-5-thread-4] c.z.b.a.s.service.BlogSearchService      : searchStatusEntity before = SearchStatusEntity(searchId=3, searchKeyword=송민호, searchCount=5, lastSearchDateTime=2023-03-24T10:53:28.597035)
2023-03-24 10:53:28.602  INFO 53500 --- [pool-5-thread-4] c.z.b.a.s.service.BlogSearchService      : searchStatusEntity after = SearchStatusEntity(searchId=3, searchKeyword=송민호, searchCount=6, lastSearchDateTime=2023-03-24T10:53:28.602021300)
Hibernate: 
    update
        search_status 
    set
        update_datetime=?,
        last_search_datetime=?,
        search_count=?,
        search_keyword=? 
    where
        search_id=?
Hibernate: 
    select
        searchstat0_.search_id as search_i1_0_,
        searchstat0_.create_datetime as create_d2_0_,
        searchstat0_.update_datetime as update_d3_0_,
        searchstat0_.last_search_datetime as last_sea4_0_,
        searchstat0_.search_count as search_c5_0_,
        searchstat0_.search_keyword as search_k6_0_ 
    from
        search_status searchstat0_ 
    where
        searchstat0_.search_keyword=? for update
            
2023-03-24 10:53:28.607  INFO 53500 --- [pool-5-thread-6] c.z.b.a.s.service.BlogSearchService      : searchStatusEntity before = SearchStatusEntity(searchId=3, searchKeyword=송민호, searchCount=6, lastSearchDateTime=2023-03-24T10:53:28.602021)
2023-03-24 10:53:28.607  INFO 53500 --- [pool-5-thread-6] c.z.b.a.s.service.BlogSearchService      : searchStatusEntity after = SearchStatusEntity(searchId=3, searchKeyword=송민호, searchCount=7, lastSearchDateTime=2023-03-24T10:53:28.607007800)
Hibernate: 
    update
        search_status 
    set
        update_datetime=?,
        last_search_datetime=?,
        search_count=?,
        search_keyword=? 
    where
        search_id=?
Hibernate: 
    select
        searchstat0_.search_id as search_i1_0_,
        searchstat0_.create_datetime as create_d2_0_,
        searchstat0_.update_datetime as update_d3_0_,
        searchstat0_.last_search_datetime as last_sea4_0_,
        searchstat0_.search_count as search_c5_0_,
        searchstat0_.search_keyword as search_k6_0_ 
    from
        search_status searchstat0_ 
    where
        searchstat0_.search_keyword=? for update
            
2023-03-24 10:53:28.613  INFO 53500 --- [pool-5-thread-7] c.z.b.a.s.service.BlogSearchService      : searchStatusEntity before = SearchStatusEntity(searchId=3, searchKeyword=송민호, searchCount=7, lastSearchDateTime=2023-03-24T10:53:28.607008)
2023-03-24 10:53:28.614  INFO 53500 --- [pool-5-thread-7] c.z.b.a.s.service.BlogSearchService      : searchStatusEntity after = SearchStatusEntity(searchId=3, searchKeyword=송민호, searchCount=8, lastSearchDateTime=2023-03-24T10:53:28.614987700)
Hibernate: 
    update
        search_status 
    set
        update_datetime=?,
        last_search_datetime=?,
        search_count=?,
        search_keyword=? 
    where
        search_id=?
Hibernate: 
    select
        searchstat0_.search_id as search_i1_0_,
        searchstat0_.create_datetime as create_d2_0_,
        searchstat0_.update_datetime as update_d3_0_,
        searchstat0_.last_search_datetime as last_sea4_0_,
        searchstat0_.search_count as search_c5_0_,
        searchstat0_.search_keyword as search_k6_0_ 
    from
        search_status searchstat0_ 
    where
        searchstat0_.search_keyword=? for update
            
2023-03-24 10:53:28.621  INFO 53500 --- [pool-5-thread-8] c.z.b.a.s.service.BlogSearchService      : searchStatusEntity before = SearchStatusEntity(searchId=3, searchKeyword=송민호, searchCount=8, lastSearchDateTime=2023-03-24T10:53:28.614988)
2023-03-24 10:53:28.621  INFO 53500 --- [pool-5-thread-8] c.z.b.a.s.service.BlogSearchService      : searchStatusEntity after = SearchStatusEntity(searchId=3, searchKeyword=송민호, searchCount=9, lastSearchDateTime=2023-03-24T10:53:28.621967500)
Hibernate: 
    update
        search_status 
    set
        update_datetime=?,
        last_search_datetime=?,
        search_count=?,
        search_keyword=? 
    where
        search_id=?
Hibernate: 
    select
        searchstat0_.search_id as search_i1_0_,
        searchstat0_.create_datetime as create_d2_0_,
        searchstat0_.update_datetime as update_d3_0_,
        searchstat0_.last_search_datetime as last_sea4_0_,
        searchstat0_.search_count as search_c5_0_,
        searchstat0_.search_keyword as search_k6_0_ 
    from
        search_status searchstat0_ 
    where
        searchstat0_.search_keyword=? for update
            
Hibernate: 
    select
        searchstat0_.search_id as search_i1_0_,
        searchstat0_.create_datetime as create_d2_0_,
        searchstat0_.update_datetime as update_d3_0_,
        searchstat0_.last_search_datetime as last_sea4_0_,
        searchstat0_.search_count as search_c5_0_,
        searchstat0_.search_keyword as search_k6_0_ 
    from
        search_status searchstat0_ 
    where
        searchstat0_.search_keyword=? for update
            
2023-03-24 10:53:28.631  INFO 53500 --- [pool-5-thread-9] c.z.b.a.s.service.BlogSearchService      : searchStatusEntity before = SearchStatusEntity(searchId=3, searchKeyword=송민호, searchCount=9, lastSearchDateTime=2023-03-24T10:53:28.621968)
2023-03-24 10:53:28.632  INFO 53500 --- [pool-5-thread-9] c.z.b.a.s.service.BlogSearchService      : searchStatusEntity after = SearchStatusEntity(searchId=3, searchKeyword=송민호, searchCount=10, lastSearchDateTime=2023-03-24T10:53:28.632938200)
Hibernate: 
    update
        search_status 
    set
        update_datetime=?,
        last_search_datetime=?,
        search_count=?,
        search_keyword=? 
    where
        search_id=?
2023-03-24 10:53:28.636  INFO 53500 --- [ool-5-thread-10] c.z.b.a.s.service.BlogSearchService      : searchStatusEntity before = SearchStatusEntity(searchId=3, searchKeyword=송민호, searchCount=10, lastSearchDateTime=2023-03-24T10:53:28.632938)
2023-03-24 10:53:28.636  INFO 53500 --- [ool-5-thread-10] c.z.b.a.s.service.BlogSearchService      : searchStatusEntity after = SearchStatusEntity(searchId=3, searchKeyword=송민호, searchCount=11, lastSearchDateTime=2023-03-24T10:53:28.636927600)
Hibernate: 
    update
        search_status 
    set
        update_datetime=?,
        last_search_datetime=?,
        search_count=?,
        search_keyword=? 
    where
        search_id=?
Hibernate: 
    select
        searchstat0_.search_id as search_i1_0_,
        searchstat0_.create_datetime as create_d2_0_,
        searchstat0_.update_datetime as update_d3_0_,
        searchstat0_.last_search_datetime as last_sea4_0_,
        searchstat0_.search_count as search_c5_0_,
        searchstat0_.search_keyword as search_k6_0_ 
    from
        search_status searchstat0_ 
    where
        searchstat0_.search_keyword=? for update
            
Hibernate: 
    select
        searchstat0_.search_id as search_i1_0_,
        searchstat0_.create_datetime as create_d2_0_,
        searchstat0_.update_datetime as update_d3_0_,
        searchstat0_.last_search_datetime as last_sea4_0_,
        searchstat0_.search_count as search_c5_0_,
        searchstat0_.search_keyword as search_k6_0_ 
    from
        search_status searchstat0_ 
    where
        searchstat0_.search_keyword=? for update
            
2023-03-24 10:53:28.643  INFO 53500 --- [ool-5-thread-11] c.z.b.a.s.service.BlogSearchService      : searchStatusEntity before = SearchStatusEntity(searchId=3, searchKeyword=송민호, searchCount=11, lastSearchDateTime=2023-03-24T10:53:28.636928)
2023-03-24 10:53:28.644  INFO 53500 --- [ool-5-thread-11] c.z.b.a.s.service.BlogSearchService      : searchStatusEntity after = SearchStatusEntity(searchId=3, searchKeyword=송민호, searchCount=12, lastSearchDateTime=2023-03-24T10:53:28.644907300)
Hibernate: 
    update
        search_status 
    set
        update_datetime=?,
        last_search_datetime=?,
        search_count=?,
        search_keyword=? 
    where
        search_id=?
Hibernate: 
    select
        searchstat0_.search_id as search_i1_0_,
        searchstat0_.create_datetime as create_d2_0_,
        searchstat0_.update_datetime as update_d3_0_,
        searchstat0_.last_search_datetime as last_sea4_0_,
        searchstat0_.search_count as search_c5_0_,
        searchstat0_.search_keyword as search_k6_0_ 
    from
        search_status searchstat0_ 
    where
        searchstat0_.search_keyword=? for update
            
2023-03-24 10:53:28.650  INFO 53500 --- [ool-5-thread-12] c.z.b.a.s.service.BlogSearchService      : searchStatusEntity before = SearchStatusEntity(searchId=3, searchKeyword=송민호, searchCount=12, lastSearchDateTime=2023-03-24T10:53:28.644907)
2023-03-24 10:53:28.650  INFO 53500 --- [ool-5-thread-12] c.z.b.a.s.service.BlogSearchService      : searchStatusEntity after = SearchStatusEntity(searchId=3, searchKeyword=송민호, searchCount=13, lastSearchDateTime=2023-03-24T10:53:28.650892300)
Hibernate: 
    select
        searchstat0_.search_id as search_i1_0_,
        searchstat0_.create_datetime as create_d2_0_,
        searchstat0_.update_datetime as update_d3_0_,
        searchstat0_.last_search_datetime as last_sea4_0_,
        searchstat0_.search_count as search_c5_0_,
        searchstat0_.search_keyword as search_k6_0_ 
    from
        search_status searchstat0_ 
    where
        searchstat0_.search_keyword=? for update
            
Hibernate: 
    update
        search_status 
    set
        update_datetime=?,
        last_search_datetime=?,
        search_count=?,
        search_keyword=? 
    where
        search_id=?
2023-03-24 10:53:28.654  INFO 53500 --- [ool-5-thread-15] c.z.b.a.s.service.BlogSearchService      : searchStatusEntity before = SearchStatusEntity(searchId=3, searchKeyword=송민호, searchCount=13, lastSearchDateTime=2023-03-24T10:53:28.650892)
2023-03-24 10:53:28.654  INFO 53500 --- [ool-5-thread-15] c.z.b.a.s.service.BlogSearchService      : searchStatusEntity after = SearchStatusEntity(searchId=3, searchKeyword=송민호, searchCount=14, lastSearchDateTime=2023-03-24T10:53:28.654882900)
Hibernate: 
    select
        searchstat0_.search_id as search_i1_0_,
        searchstat0_.create_datetime as create_d2_0_,
        searchstat0_.update_datetime as update_d3_0_,
        searchstat0_.last_search_datetime as last_sea4_0_,
        searchstat0_.search_count as search_c5_0_,
        searchstat0_.search_keyword as search_k6_0_ 
    from
        search_status searchstat0_ 
    where
        searchstat0_.search_keyword=? for update
            
Hibernate: 
    update
        search_status 
    set
        update_datetime=?,
        last_search_datetime=?,
        search_count=?,
        search_keyword=? 
    where
        search_id=?
2023-03-24 10:53:28.658  INFO 53500 --- [ool-5-thread-13] c.z.b.a.s.service.BlogSearchService      : searchStatusEntity before = SearchStatusEntity(searchId=3, searchKeyword=송민호, searchCount=14, lastSearchDateTime=2023-03-24T10:53:28.654883)
2023-03-24 10:53:28.659  INFO 53500 --- [ool-5-thread-13] c.z.b.a.s.service.BlogSearchService      : searchStatusEntity after = SearchStatusEntity(searchId=3, searchKeyword=송민호, searchCount=15, lastSearchDateTime=2023-03-24T10:53:28.659866200)
Hibernate: 
    select
        searchstat0_.search_id as search_i1_0_,
        searchstat0_.create_datetime as create_d2_0_,
        searchstat0_.update_datetime as update_d3_0_,
        searchstat0_.last_search_datetime as last_sea4_0_,
        searchstat0_.search_count as search_c5_0_,
        searchstat0_.search_keyword as search_k6_0_ 
    from
        search_status searchstat0_ 
    where
        searchstat0_.search_keyword=? for update
            
Hibernate: 
    update
        search_status 
    set
        update_datetime=?,
        last_search_datetime=?,
        search_count=?,
        search_keyword=? 
    where
        search_id=?
Hibernate: 
    select
        searchstat0_.search_id as search_i1_0_,
        searchstat0_.create_datetime as create_d2_0_,
        searchstat0_.update_datetime as update_d3_0_,
        searchstat0_.last_search_datetime as last_sea4_0_,
        searchstat0_.search_count as search_c5_0_,
        searchstat0_.search_keyword as search_k6_0_ 
    from
        search_status searchstat0_ 
    where
        searchstat0_.search_keyword=? for update
            
2023-03-24 10:53:28.663  INFO 53500 --- [ool-5-thread-18] c.z.b.a.s.service.BlogSearchService      : searchStatusEntity before = SearchStatusEntity(searchId=3, searchKeyword=송민호, searchCount=15, lastSearchDateTime=2023-03-24T10:53:28.659866)
2023-03-24 10:53:28.663  INFO 53500 --- [ool-5-thread-18] c.z.b.a.s.service.BlogSearchService      : searchStatusEntity after = SearchStatusEntity(searchId=3, searchKeyword=송민호, searchCount=16, lastSearchDateTime=2023-03-24T10:53:28.663854600)
Hibernate: 
    select
        searchstat0_.search_id as search_i1_0_,
        searchstat0_.create_datetime as create_d2_0_,
        searchstat0_.update_datetime as update_d3_0_,
        searchstat0_.last_search_datetime as last_sea4_0_,
        searchstat0_.search_count as search_c5_0_,
        searchstat0_.search_keyword as search_k6_0_ 
    from
        search_status searchstat0_ 
    where
        searchstat0_.search_keyword=? for update
            
Hibernate: 
    update
        search_status 
    set
        update_datetime=?,
        last_search_datetime=?,
        search_count=?,
        search_keyword=? 
    where
        search_id=?
Hibernate: 
    select
        searchstat0_.search_id as search_i1_0_,
        searchstat0_.create_datetime as create_d2_0_,
        searchstat0_.update_datetime as update_d3_0_,
        searchstat0_.last_search_datetime as last_sea4_0_,
        searchstat0_.search_count as search_c5_0_,
        searchstat0_.search_keyword as search_k6_0_ 
    from
        search_status searchstat0_ 
    where
        searchstat0_.search_keyword=? for update
            
2023-03-24 10:53:28.668  INFO 53500 --- [ool-5-thread-16] c.z.b.a.s.service.BlogSearchService      : searchStatusEntity before = SearchStatusEntity(searchId=3, searchKeyword=송민호, searchCount=16, lastSearchDateTime=2023-03-24T10:53:28.663855)
2023-03-24 10:53:28.668  INFO 53500 --- [ool-5-thread-16] c.z.b.a.s.service.BlogSearchService      : searchStatusEntity after = SearchStatusEntity(searchId=3, searchKeyword=송민호, searchCount=17, lastSearchDateTime=2023-03-24T10:53:28.668842200)
Hibernate: 
    update
        search_status 
    set
        update_datetime=?,
        last_search_datetime=?,
        search_count=?,
        search_keyword=? 
    where
        search_id=?
Hibernate: 
    select
        searchstat0_.search_id as search_i1_0_,
        searchstat0_.create_datetime as create_d2_0_,
        searchstat0_.update_datetime as update_d3_0_,
        searchstat0_.last_search_datetime as last_sea4_0_,
        searchstat0_.search_count as search_c5_0_,
        searchstat0_.search_keyword as search_k6_0_ 
    from
        search_status searchstat0_ 
    where
        searchstat0_.search_keyword=? for update
            
2023-03-24 10:53:28.672  INFO 53500 --- [ool-5-thread-20] c.z.b.a.s.service.BlogSearchService      : searchStatusEntity before = SearchStatusEntity(searchId=3, searchKeyword=송민호, searchCount=17, lastSearchDateTime=2023-03-24T10:53:28.668842)
2023-03-24 10:53:28.672  INFO 53500 --- [ool-5-thread-20] c.z.b.a.s.service.BlogSearchService      : searchStatusEntity after = SearchStatusEntity(searchId=3, searchKeyword=송민호, searchCount=18, lastSearchDateTime=2023-03-24T10:53:28.672830900)
Hibernate: 
    select
        searchstat0_.search_id as search_i1_0_,
        searchstat0_.create_datetime as create_d2_0_,
        searchstat0_.update_datetime as update_d3_0_,
        searchstat0_.last_search_datetime as last_sea4_0_,
        searchstat0_.search_count as search_c5_0_,
        searchstat0_.search_keyword as search_k6_0_ 
    from
        search_status searchstat0_ 
    where
        searchstat0_.search_keyword=? for update
            
Hibernate: 
    update
        search_status 
    set
        update_datetime=?,
        last_search_datetime=?,
        search_count=?,
        search_keyword=? 
    where
        search_id=?
2023-03-24 10:53:28.678  INFO 53500 --- [ool-5-thread-21] c.z.b.a.s.service.BlogSearchService      : searchStatusEntity before = SearchStatusEntity(searchId=3, searchKeyword=송민호, searchCount=18, lastSearchDateTime=2023-03-24T10:53:28.672831)
2023-03-24 10:53:28.679  INFO 53500 --- [ool-5-thread-21] c.z.b.a.s.service.BlogSearchService      : searchStatusEntity after = SearchStatusEntity(searchId=3, searchKeyword=송민호, searchCount=19, lastSearchDateTime=2023-03-24T10:53:28.679812200)
Hibernate: 
    select
        searchstat0_.search_id as search_i1_0_,
        searchstat0_.create_datetime as create_d2_0_,
        searchstat0_.update_datetime as update_d3_0_,
        searchstat0_.last_search_datetime as last_sea4_0_,
        searchstat0_.search_count as search_c5_0_,
        searchstat0_.search_keyword as search_k6_0_ 
    from
        search_status searchstat0_ 
    where
        searchstat0_.search_keyword=? for update
            
Hibernate: 
    update
        search_status 
    set
        update_datetime=?,
        last_search_datetime=?,
        search_count=?,
        search_keyword=? 
    where
        search_id=?
Hibernate: 
    select
        searchstat0_.search_id as search_i1_0_,
        searchstat0_.create_datetime as create_d2_0_,
        searchstat0_.update_datetime as update_d3_0_,
        searchstat0_.last_search_datetime as last_sea4_0_,
        searchstat0_.search_count as search_c5_0_,
        searchstat0_.search_keyword as search_k6_0_ 
    from
        search_status searchstat0_ 
    where
        searchstat0_.search_keyword=? for update
            
2023-03-24 10:53:28.684  INFO 53500 --- [ool-5-thread-22] c.z.b.a.s.service.BlogSearchService      : searchStatusEntity before = SearchStatusEntity(searchId=3, searchKeyword=송민호, searchCount=19, lastSearchDateTime=2023-03-24T10:53:28.679812)
2023-03-24 10:53:28.684  INFO 53500 --- [ool-5-thread-22] c.z.b.a.s.service.BlogSearchService      : searchStatusEntity after = SearchStatusEntity(searchId=3, searchKeyword=송민호, searchCount=20, lastSearchDateTime=2023-03-24T10:53:28.684799300)
Hibernate: 
    select
        searchstat0_.search_id as search_i1_0_,
        searchstat0_.create_datetime as create_d2_0_,
        searchstat0_.update_datetime as update_d3_0_,
        searchstat0_.last_search_datetime as last_sea4_0_,
        searchstat0_.search_count as search_c5_0_,
        searchstat0_.search_keyword as search_k6_0_ 
    from
        search_status searchstat0_ 
    where
        searchstat0_.search_keyword=? for update
            
Hibernate: 
    update
        search_status 
    set
        update_datetime=?,
        last_search_datetime=?,
        search_count=?,
        search_keyword=? 
    where
        search_id=?
2023-03-24 10:53:28.687  INFO 53500 --- [ool-5-thread-25] c.z.b.a.s.service.BlogSearchService      : searchStatusEntity before = SearchStatusEntity(searchId=3, searchKeyword=송민호, searchCount=20, lastSearchDateTime=2023-03-24T10:53:28.684799)
Hibernate: 
    select
        searchstat0_.search_id as search_i1_0_,
        searchstat0_.create_datetime as create_d2_0_,
        searchstat0_.update_datetime as update_d3_0_,
        searchstat0_.last_search_datetime as last_sea4_0_,
        searchstat0_.search_count as search_c5_0_,
        searchstat0_.search_keyword as search_k6_0_ 
    from
        search_status searchstat0_ 
    where
        searchstat0_.search_keyword=? for update
            
2023-03-24 10:53:28.687  INFO 53500 --- [ool-5-thread-25] c.z.b.a.s.service.BlogSearchService      : searchStatusEntity after = SearchStatusEntity(searchId=3, searchKeyword=송민호, searchCount=21, lastSearchDateTime=2023-03-24T10:53:28.687790400)
Hibernate: 
    update
        search_status 
    set
        update_datetime=?,
        last_search_datetime=?,
        search_count=?,
        search_keyword=? 
    where
        search_id=?
2023-03-24 10:53:28.691  INFO 53500 --- [ool-5-thread-19] c.z.b.a.s.service.BlogSearchService      : searchStatusEntity before = SearchStatusEntity(searchId=3, searchKeyword=송민호, searchCount=21, lastSearchDateTime=2023-03-24T10:53:28.687790)
2023-03-24 10:53:28.691  INFO 53500 --- [ool-5-thread-19] c.z.b.a.s.service.BlogSearchService      : searchStatusEntity after = SearchStatusEntity(searchId=3, searchKeyword=송민호, searchCount=22, lastSearchDateTime=2023-03-24T10:53:28.691780800)
Hibernate: 
    update
        search_status 
    set
        update_datetime=?,
        last_search_datetime=?,
        search_count=?,
        search_keyword=? 
    where
        search_id=?
Hibernate: 
    select
2023-03-24 10:53:28.694  INFO 53500 --- [ool-5-thread-24] c.z.b.a.s.service.BlogSearchService      : searchStatusEntity before = SearchStatusEntity(searchId=3, searchKeyword=송민호, searchCount=22, lastSearchDateTime=2023-03-24T10:53:28.691781)
2023-03-24 10:53:28.694  INFO 53500 --- [ool-5-thread-24] c.z.b.a.s.service.BlogSearchService      : searchStatusEntity after = SearchStatusEntity(searchId=3, searchKeyword=송민호, searchCount=23, lastSearchDateTime=2023-03-24T10:53:28.694772300)
        searchstat0_.search_id as search_i1_0_,
        searchstat0_.create_datetime as create_d2_0_,
        searchstat0_.update_datetime as update_d3_0_,
        searchstat0_.last_search_datetime as last_sea4_0_,
        searchstat0_.search_count as search_c5_0_,
        searchstat0_.search_keyword as search_k6_0_ 
    from
        search_status searchstat0_ 
    where
        searchstat0_.search_keyword=? for update
            
Hibernate: 
    update
        search_status 
    set
        update_datetime=?,
        last_search_datetime=?,
        search_count=?,
        search_keyword=? 
    where
        search_id=?
2023-03-24 10:53:28.699  INFO 53500 --- [ool-5-thread-26] c.z.b.a.s.service.BlogSearchService      : searchStatusEntity before = SearchStatusEntity(searchId=3, searchKeyword=송민호, searchCount=23, lastSearchDateTime=2023-03-24T10:53:28.694772)
2023-03-24 10:53:28.700  INFO 53500 --- [ool-5-thread-26] c.z.b.a.s.service.BlogSearchService      : searchStatusEntity after = SearchStatusEntity(searchId=3, searchKeyword=송민호, searchCount=24, lastSearchDateTime=2023-03-24T10:53:28.700757)
Hibernate: 
    update
        search_status 
    set
        update_datetime=?,
        last_search_datetime=?,
        search_count=?,
        search_keyword=? 
    where
        search_id=?
2023-03-24 10:53:28.703  INFO 53500 --- [ool-5-thread-14] c.z.b.a.s.service.BlogSearchService      : searchStatusEntity before = SearchStatusEntity(searchId=3, searchKeyword=송민호, searchCount=24, lastSearchDateTime=2023-03-24T10:53:28.700757)
2023-03-24 10:53:28.703  INFO 53500 --- [ool-5-thread-14] c.z.b.a.s.service.BlogSearchService      : searchStatusEntity after = SearchStatusEntity(searchId=3, searchKeyword=송민호, searchCount=25, lastSearchDateTime=2023-03-24T10:53:28.703748600)
Hibernate: 
    update
        search_status 
    set
        update_datetime=?,
        last_search_datetime=?,
        search_count=?,
        search_keyword=? 
    where
        search_id=?
2023-03-24 10:53:28.706  INFO 53500 --- [ool-5-thread-23] c.z.b.a.s.service.BlogSearchService      : searchStatusEntity before = SearchStatusEntity(searchId=3, searchKeyword=송민호, searchCount=25, lastSearchDateTime=2023-03-24T10:53:28.703749)
2023-03-24 10:53:28.706  INFO 53500 --- [ool-5-thread-23] c.z.b.a.s.service.BlogSearchService      : searchStatusEntity after = SearchStatusEntity(searchId=3, searchKeyword=송민호, searchCount=26, lastSearchDateTime=2023-03-24T10:53:28.706740100)
Hibernate: 
    update
        search_status 
    set
        update_datetime=?,
        last_search_datetime=?,
        search_count=?,
        search_keyword=? 
    where
        search_id=?
2023-03-24 10:53:28.710  INFO 53500 --- [ool-5-thread-17] c.z.b.a.s.service.BlogSearchService      : searchStatusEntity before = SearchStatusEntity(searchId=3, searchKeyword=송민호, searchCount=26, lastSearchDateTime=2023-03-24T10:53:28.706740)
2023-03-24 10:53:28.710  INFO 53500 --- [ool-5-thread-17] c.z.b.a.s.service.BlogSearchService      : searchStatusEntity after = SearchStatusEntity(searchId=3, searchKeyword=송민호, searchCount=27, lastSearchDateTime=2023-03-24T10:53:28.710731400)
Hibernate: 
    update
        search_status 
    set
        update_datetime=?,
        last_search_datetime=?,
        search_count=?,
        search_keyword=? 
    where
        search_id=?
Hibernate: 
    select
        searchstat0_.search_id as search_i1_0_,
        searchstat0_.create_datetime as create_d2_0_,
        searchstat0_.update_datetime as update_d3_0_,
        searchstat0_.last_search_datetime as last_sea4_0_,
        searchstat0_.search_count as search_c5_0_,
        searchstat0_.search_keyword as search_k6_0_ 
    from
        search_status searchstat0_ 
    where
        searchstat0_.search_keyword=? for update
            
Hibernate: 
    select
        searchstat0_.search_id as search_i1_0_,
        searchstat0_.create_datetime as create_d2_0_,
        searchstat0_.update_datetime as update_d3_0_,
        searchstat0_.last_search_datetime as last_sea4_0_,
        searchstat0_.search_count as search_c5_0_,
        searchstat0_.search_keyword as search_k6_0_ 
    from
        search_status searchstat0_ 
    where
        searchstat0_.search_keyword=? for update
            
Hibernate: 
    select
        searchstat0_.search_id as search_i1_0_,
        searchstat0_.create_datetime as create_d2_0_,
        searchstat0_.update_datetime as update_d3_0_,
        searchstat0_.last_search_datetime as last_sea4_0_,
        searchstat0_.search_count as search_c5_0_,
        searchstat0_.search_keyword as search_k6_0_ 
    from
        search_status searchstat0_ 
    where
        searchstat0_.search_keyword=? for update
            
Hibernate: 
    select
        searchstat0_.search_id as search_i1_0_,
        searchstat0_.create_datetime as create_d2_0_,
        searchstat0_.update_datetime as update_d3_0_,
        searchstat0_.last_search_datetime as last_sea4_0_,
        searchstat0_.search_count as search_c5_0_,
        searchstat0_.search_keyword as search_k6_0_ 
    from
        search_status searchstat0_ 
    where
        searchstat0_.search_keyword=? for update
            
2023-03-24 10:53:28.719  INFO 53500 --- [ool-5-thread-27] c.z.b.a.s.service.BlogSearchService      : searchStatusEntity before = SearchStatusEntity(searchId=3, searchKeyword=송민호, searchCount=27, lastSearchDateTime=2023-03-24T10:53:28.710731)
2023-03-24 10:53:28.719  INFO 53500 --- [ool-5-thread-27] c.z.b.a.s.service.BlogSearchService      : searchStatusEntity after = SearchStatusEntity(searchId=3, searchKeyword=송민호, searchCount=28, lastSearchDateTime=2023-03-24T10:53:28.719707100)
Hibernate: 
    select
        searchstat0_.search_id as search_i1_0_,
        searchstat0_.create_datetime as create_d2_0_,
        searchstat0_.update_datetime as update_d3_0_,
        searchstat0_.last_search_datetime as last_sea4_0_,
        searchstat0_.search_count as search_c5_0_,
        searchstat0_.search_keyword as search_k6_0_ 
    from
        search_status searchstat0_ 
    where
        searchstat0_.search_keyword=? for update
            
Hibernate: 
    update
        search_status 
    set
        update_datetime=?,
        last_search_datetime=?,
        search_count=?,
        search_keyword=? 
    where
        search_id=?
2023-03-24 10:53:28.724  INFO 53500 --- [ool-5-thread-28] c.z.b.a.s.service.BlogSearchService      : searchStatusEntity before = SearchStatusEntity(searchId=3, searchKeyword=송민호, searchCount=28, lastSearchDateTime=2023-03-24T10:53:28.719707)
2023-03-24 10:53:28.725  INFO 53500 --- [ool-5-thread-28] c.z.b.a.s.service.BlogSearchService      : searchStatusEntity after = SearchStatusEntity(searchId=3, searchKeyword=송민호, searchCount=29, lastSearchDateTime=2023-03-24T10:53:28.725693)
Hibernate: 
    update
        search_status 
    set
        update_datetime=?,
        last_search_datetime=?,
        search_count=?,
        search_keyword=? 
    where
        search_id=?
2023-03-24 10:53:28.730  INFO 53500 --- [ool-5-thread-31] c.z.b.a.s.service.BlogSearchService      : searchStatusEntity before = SearchStatusEntity(searchId=3, searchKeyword=송민호, searchCount=29, lastSearchDateTime=2023-03-24T10:53:28.725693)
2023-03-24 10:53:28.730  INFO 53500 --- [ool-5-thread-31] c.z.b.a.s.service.BlogSearchService      : searchStatusEntity after = SearchStatusEntity(searchId=3, searchKeyword=송민호, searchCount=30, lastSearchDateTime=2023-03-24T10:53:28.730677900)
Hibernate: 
    update
        search_status 
    set
        update_datetime=?,
        last_search_datetime=?,
        search_count=?,
        search_keyword=? 
    where
        search_id=?
2023-03-24 10:53:28.734  INFO 53500 --- [ool-5-thread-30] c.z.b.a.s.service.BlogSearchService      : searchStatusEntity before = SearchStatusEntity(searchId=3, searchKeyword=송민호, searchCount=30, lastSearchDateTime=2023-03-24T10:53:28.730678)
2023-03-24 10:53:28.734  INFO 53500 --- [ool-5-thread-30] c.z.b.a.s.service.BlogSearchService      : searchStatusEntity after = SearchStatusEntity(searchId=3, searchKeyword=송민호, searchCount=31, lastSearchDateTime=2023-03-24T10:53:28.734667100)
Hibernate: 
    update
        search_status 
    set
        update_datetime=?,
        last_search_datetime=?,
        search_count=?,
        search_keyword=? 
    where
        search_id=?
2023-03-24 10:53:28.737  INFO 53500 --- [ool-5-thread-29] c.z.b.a.s.service.BlogSearchService      : searchStatusEntity before = SearchStatusEntity(searchId=3, searchKeyword=송민호, searchCount=31, lastSearchDateTime=2023-03-24T10:53:28.734667)
2023-03-24 10:53:28.738  INFO 53500 --- [ool-5-thread-29] c.z.b.a.s.service.BlogSearchService      : searchStatusEntity after = SearchStatusEntity(searchId=3, searchKeyword=송민호, searchCount=32, lastSearchDateTime=2023-03-24T10:53:28.738656200)
Hibernate: 
    update
        search_status 
    set
        update_datetime=?,
        last_search_datetime=?,
        search_count=?,
        search_keyword=? 
    where
        search_id=?
Hibernate: 
    select
        searchstat0_.search_id as search_i1_0_,
        searchstat0_.create_datetime as create_d2_0_,
        searchstat0_.update_datetime as update_d3_0_,
        searchstat0_.last_search_datetime as last_sea4_0_,
        searchstat0_.search_count as search_c5_0_,
        searchstat0_.search_keyword as search_k6_0_ 
    from
        search_status searchstat0_ 
    where
        searchstat0_.search_keyword=? for update
            
2023-03-24 10:53:28.748  INFO 53500 --- [ool-5-thread-32] c.z.b.a.s.service.BlogSearchService      : searchStatusEntity before = SearchStatusEntity(searchId=3, searchKeyword=송민호, searchCount=32, lastSearchDateTime=2023-03-24T10:53:28.738656)
2023-03-24 10:53:28.749  INFO 53500 --- [ool-5-thread-32] c.z.b.a.s.service.BlogSearchService      : searchStatusEntity after = SearchStatusEntity(searchId=3, searchKeyword=송민호, searchCount=33, lastSearchDateTime=2023-03-24T10:53:28.749626400)
Hibernate: 
    select
        searchstat0_.search_id as search_i1_0_,
        searchstat0_.create_datetime as create_d2_0_,
        searchstat0_.update_datetime as update_d3_0_,
        searchstat0_.last_search_datetime as last_sea4_0_,
        searchstat0_.search_count as search_c5_0_,
        searchstat0_.search_keyword as search_k6_0_ 
    from
        search_status searchstat0_ 
    where
        searchstat0_.search_keyword=? for update
            
Hibernate: 
    select
        searchstat0_.search_id as search_i1_0_,
        searchstat0_.create_datetime as create_d2_0_,
        searchstat0_.update_datetime as update_d3_0_,
        searchstat0_.last_search_datetime as last_sea4_0_,
        searchstat0_.search_count as search_c5_0_,
        searchstat0_.search_keyword as search_k6_0_ 
    from
        search_status searchstat0_ 
    where
        searchstat0_.search_keyword=? for update
            
Hibernate: 
    update
        search_status 
    set
        update_datetime=?,
        last_search_datetime=?,
        search_count=?,
        search_keyword=? 
    where
        search_id=?
Hibernate: 
    select
        searchstat0_.search_id as search_i1_0_,
        searchstat0_.create_datetime as create_d2_0_,
        searchstat0_.update_datetime as update_d3_0_,
        searchstat0_.last_search_datetime as last_sea4_0_,
        searchstat0_.search_count as search_c5_0_,
        searchstat0_.search_keyword as search_k6_0_ 
    from
        search_status searchstat0_ 
    where
        searchstat0_.search_keyword=? for update
            
Hibernate: 
    select
        searchstat0_.search_id as search_i1_0_,
        searchstat0_.create_datetime as create_d2_0_,
        searchstat0_.update_datetime as update_d3_0_,
        searchstat0_.last_search_datetime as last_sea4_0_,
        searchstat0_.search_count as search_c5_0_,
        searchstat0_.search_keyword as search_k6_0_ 
    from
        search_status searchstat0_ 
    where
        searchstat0_.search_keyword=? for update
            
2023-03-24 10:53:28.756  INFO 53500 --- [ool-5-thread-33] c.z.b.a.s.service.BlogSearchService      : searchStatusEntity before = SearchStatusEntity(searchId=3, searchKeyword=송민호, searchCount=33, lastSearchDateTime=2023-03-24T10:53:28.749626)
2023-03-24 10:53:28.756  INFO 53500 --- [ool-5-thread-33] c.z.b.a.s.service.BlogSearchService      : searchStatusEntity after = SearchStatusEntity(searchId=3, searchKeyword=송민호, searchCount=34, lastSearchDateTime=2023-03-24T10:53:28.756607200)
Hibernate: 
    update
        search_status 
    set
        update_datetime=?,
        last_search_datetime=?,
        search_count=?,
        search_keyword=? 
    where
        search_id=?
2023-03-24 10:53:28.760  INFO 53500 --- [ool-5-thread-36] c.z.b.a.s.service.BlogSearchService      : searchStatusEntity before = SearchStatusEntity(searchId=3, searchKeyword=송민호, searchCount=34, lastSearchDateTime=2023-03-24T10:53:28.756607)
2023-03-24 10:53:28.760  INFO 53500 --- [ool-5-thread-36] c.z.b.a.s.service.BlogSearchService      : searchStatusEntity after = SearchStatusEntity(searchId=3, searchKeyword=송민호, searchCount=35, lastSearchDateTime=2023-03-24T10:53:28.760596)
Hibernate: 
    update
        search_status 
    set
        update_datetime=?,
        last_search_datetime=?,
        search_count=?,
        search_keyword=? 
    where
        search_id=?
Hibernate: 
    select
        searchstat0_.search_id as search_i1_0_,
        searchstat0_.create_datetime as create_d2_0_,
        searchstat0_.update_datetime as update_d3_0_,
        searchstat0_.last_search_datetime as last_sea4_0_,
        searchstat0_.search_count as search_c5_0_,
        searchstat0_.search_keyword as search_k6_0_ 
    from
        search_status searchstat0_ 
    where
        searchstat0_.search_keyword=? for update
            
2023-03-24 10:53:28.764  INFO 53500 --- [ool-5-thread-37] c.z.b.a.s.service.BlogSearchService      : searchStatusEntity before = SearchStatusEntity(searchId=3, searchKeyword=송민호, searchCount=35, lastSearchDateTime=2023-03-24T10:53:28.760596)
2023-03-24 10:53:28.764  INFO 53500 --- [ool-5-thread-37] c.z.b.a.s.service.BlogSearchService      : searchStatusEntity after = SearchStatusEntity(searchId=3, searchKeyword=송민호, searchCount=36, lastSearchDateTime=2023-03-24T10:53:28.764585300)
Hibernate: 
    select
        searchstat0_.search_id as search_i1_0_,
        searchstat0_.create_datetime as create_d2_0_,
        searchstat0_.update_datetime as update_d3_0_,
        searchstat0_.last_search_datetime as last_sea4_0_,
        searchstat0_.search_count as search_c5_0_,
        searchstat0_.search_keyword as search_k6_0_ 
    from
        search_status searchstat0_ 
    where
        searchstat0_.search_keyword=? for update
            
Hibernate: 
    update
        search_status 
    set
        update_datetime=?,
        last_search_datetime=?,
        search_count=?,
        search_keyword=? 
    where
        search_id=?
2023-03-24 10:53:28.769  INFO 53500 --- [ool-5-thread-34] c.z.b.a.s.service.BlogSearchService      : searchStatusEntity before = SearchStatusEntity(searchId=3, searchKeyword=송민호, searchCount=36, lastSearchDateTime=2023-03-24T10:53:28.764585)
2023-03-24 10:53:28.770  INFO 53500 --- [ool-5-thread-34] c.z.b.a.s.service.BlogSearchService      : searchStatusEntity after = SearchStatusEntity(searchId=3, searchKeyword=송민호, searchCount=37, lastSearchDateTime=2023-03-24T10:53:28.770569700)
Hibernate: 
    select
        searchstat0_.search_id as search_i1_0_,
        searchstat0_.create_datetime as create_d2_0_,
        searchstat0_.update_datetime as update_d3_0_,
        searchstat0_.last_search_datetime as last_sea4_0_,
        searchstat0_.search_count as search_c5_0_,
        searchstat0_.search_keyword as search_k6_0_ 
    from
        search_status searchstat0_ 
    where
        searchstat0_.search_keyword=? for update
            
Hibernate: 
    update
        search_status 
    set
        update_datetime=?,
        last_search_datetime=?,
        search_count=?,
        search_keyword=? 
    where
        search_id=?
Hibernate: 
    select
        searchstat0_.search_id as search_i1_0_,
        searchstat0_.create_datetime as create_d2_0_,
        searchstat0_.update_datetime as update_d3_0_,
        searchstat0_.last_search_datetime as last_sea4_0_,
        searchstat0_.search_count as search_c5_0_,
        searchstat0_.search_keyword as search_k6_0_ 
    from
        search_status searchstat0_ 
    where
        searchstat0_.search_keyword=? for update
            
2023-03-24 10:53:28.774  INFO 53500 --- [ool-5-thread-38] c.z.b.a.s.service.BlogSearchService      : searchStatusEntity before = SearchStatusEntity(searchId=3, searchKeyword=송민호, searchCount=37, lastSearchDateTime=2023-03-24T10:53:28.770570)
2023-03-24 10:53:28.774  INFO 53500 --- [ool-5-thread-38] c.z.b.a.s.service.BlogSearchService      : searchStatusEntity after = SearchStatusEntity(searchId=3, searchKeyword=송민호, searchCount=38, lastSearchDateTime=2023-03-24T10:53:28.774579500)
Hibernate: 
    update
        search_status 
    set
        update_datetime=?,
        last_search_datetime=?,
        search_count=?,
        search_keyword=? 
    where
        search_id=?
Hibernate: 
    select
        searchstat0_.search_id as search_i1_0_,
        searchstat0_.create_datetime as create_d2_0_,
        searchstat0_.update_datetime as update_d3_0_,
        searchstat0_.last_search_datetime as last_sea4_0_,
        searchstat0_.search_count as search_c5_0_,
        searchstat0_.search_keyword as search_k6_0_ 
    from
        search_status searchstat0_ 
    where
        searchstat0_.search_keyword=? for update
            
2023-03-24 10:53:28.779  INFO 53500 --- [ool-5-thread-41] c.z.b.a.s.service.BlogSearchService      : searchStatusEntity before = SearchStatusEntity(searchId=3, searchKeyword=송민호, searchCount=38, lastSearchDateTime=2023-03-24T10:53:28.774580)
2023-03-24 10:53:28.780  INFO 53500 --- [ool-5-thread-41] c.z.b.a.s.service.BlogSearchService      : searchStatusEntity after = SearchStatusEntity(searchId=3, searchKeyword=송민호, searchCount=39, lastSearchDateTime=2023-03-24T10:53:28.780543200)
Hibernate: 
    select
        searchstat0_.search_id as search_i1_0_,
        searchstat0_.create_datetime as create_d2_0_,
        searchstat0_.update_datetime as update_d3_0_,
        searchstat0_.last_search_datetime as last_sea4_0_,
        searchstat0_.search_count as search_c5_0_,
        searchstat0_.search_keyword as search_k6_0_ 
    from
        search_status searchstat0_ 
    where
        searchstat0_.search_keyword=? for update
            
Hibernate: 
    update
        search_status 
    set
        update_datetime=?,
        last_search_datetime=?,
        search_count=?,
        search_keyword=? 
    where
        search_id=?
2023-03-24 10:53:28.783  INFO 53500 --- [ool-5-thread-40] c.z.b.a.s.service.BlogSearchService      : searchStatusEntity before = SearchStatusEntity(searchId=3, searchKeyword=송민호, searchCount=39, lastSearchDateTime=2023-03-24T10:53:28.780543)
2023-03-24 10:53:28.783  INFO 53500 --- [ool-5-thread-40] c.z.b.a.s.service.BlogSearchService      : searchStatusEntity after = SearchStatusEntity(searchId=3, searchKeyword=송민호, searchCount=40, lastSearchDateTime=2023-03-24T10:53:28.783536400)
Hibernate: 
    select
        searchstat0_.search_id as search_i1_0_,
        searchstat0_.create_datetime as create_d2_0_,
        searchstat0_.update_datetime as update_d3_0_,
        searchstat0_.last_search_datetime as last_sea4_0_,
        searchstat0_.search_count as search_c5_0_,
        searchstat0_.search_keyword as search_k6_0_ 
    from
        search_status searchstat0_ 
    where
        searchstat0_.search_keyword=? for update
            
Hibernate: 
    update
        search_status 
    set
        update_datetime=?,
        last_search_datetime=?,
        search_count=?,
        search_keyword=? 
    where
        search_id=?
Hibernate: 
    select
        searchstat0_.search_id as search_i1_0_,
        searchstat0_.create_datetime as create_d2_0_,
        searchstat0_.update_datetime as update_d3_0_,
        searchstat0_.last_search_datetime as last_sea4_0_,
        searchstat0_.search_count as search_c5_0_,
        searchstat0_.search_keyword as search_k6_0_ 
    from
        search_status searchstat0_ 
    where
        searchstat0_.search_keyword=? for update
            
2023-03-24 10:53:28.787  INFO 53500 --- [ool-5-thread-42] c.z.b.a.s.service.BlogSearchService      : searchStatusEntity before = SearchStatusEntity(searchId=3, searchKeyword=송민호, searchCount=40, lastSearchDateTime=2023-03-24T10:53:28.783536)
2023-03-24 10:53:28.788  INFO 53500 --- [ool-5-thread-42] c.z.b.a.s.service.BlogSearchService      : searchStatusEntity after = SearchStatusEntity(searchId=3, searchKeyword=송민호, searchCount=41, lastSearchDateTime=2023-03-24T10:53:28.788523)
Hibernate: 
    update
        search_status 
    set
        update_datetime=?,
        last_search_datetime=?,
        search_count=?,
        search_keyword=? 
    where
        search_id=?
Hibernate: 
    select
        searchstat0_.search_id as search_i1_0_,
        searchstat0_.create_datetime as create_d2_0_,
        searchstat0_.update_datetime as update_d3_0_,
        searchstat0_.last_search_datetime as last_sea4_0_,
        searchstat0_.search_count as search_c5_0_,
        searchstat0_.search_keyword as search_k6_0_ 
    from
        search_status searchstat0_ 
    where
        searchstat0_.search_keyword=? for update
            
2023-03-24 10:53:28.805  INFO 53500 --- [ool-5-thread-45] c.z.b.a.s.service.BlogSearchService      : searchStatusEntity before = SearchStatusEntity(searchId=3, searchKeyword=송민호, searchCount=41, lastSearchDateTime=2023-03-24T10:53:28.788523)
2023-03-24 10:53:28.805  INFO 53500 --- [ool-5-thread-45] c.z.b.a.s.service.BlogSearchService      : searchStatusEntity after = SearchStatusEntity(searchId=3, searchKeyword=송민호, searchCount=42, lastSearchDateTime=2023-03-24T10:53:28.805475400)
Hibernate: 
    select
        searchstat0_.search_id as search_i1_0_,
        searchstat0_.create_datetime as create_d2_0_,
        searchstat0_.update_datetime as update_d3_0_,
        searchstat0_.last_search_datetime as last_sea4_0_,
        searchstat0_.search_count as search_c5_0_,
        searchstat0_.search_keyword as search_k6_0_ 
    from
        search_status searchstat0_ 
    where
        searchstat0_.search_keyword=? for update
            
Hibernate: 
    update
        search_status 
    set
        update_datetime=?,
        last_search_datetime=?,
        search_count=?,
        search_keyword=? 
    where
        search_id=?
Hibernate: 
    select
        searchstat0_.search_id as search_i1_0_,
        searchstat0_.create_datetime as create_d2_0_,
        searchstat0_.update_datetime as update_d3_0_,
        searchstat0_.last_search_datetime as last_sea4_0_,
        searchstat0_.search_count as search_c5_0_,
        searchstat0_.search_keyword as search_k6_0_ 
    from
        search_status searchstat0_ 
    where
        searchstat0_.search_keyword=? for update
            
Hibernate: 
    select
        searchstat0_.search_id as search_i1_0_,
        searchstat0_.create_datetime as create_d2_0_,
        searchstat0_.update_datetime as update_d3_0_,
        searchstat0_.last_search_datetime as last_sea4_0_,
        searchstat0_.search_count as search_c5_0_,
        searchstat0_.search_keyword as search_k6_0_ 
    from
        search_status searchstat0_ 
    where
        searchstat0_.search_keyword=? for update
            
2023-03-24 10:53:28.810  INFO 53500 --- [ool-5-thread-99] c.z.b.a.s.service.BlogSearchService      : searchStatusEntity before = SearchStatusEntity(searchId=3, searchKeyword=송민호, searchCount=42, lastSearchDateTime=2023-03-24T10:53:28.805475)
2023-03-24 10:53:28.810  INFO 53500 --- [ool-5-thread-99] c.z.b.a.s.service.BlogSearchService      : searchStatusEntity after = SearchStatusEntity(searchId=3, searchKeyword=송민호, searchCount=43, lastSearchDateTime=2023-03-24T10:53:28.810463900)
Hibernate: 
    select
        searchstat0_.search_id as search_i1_0_,
        searchstat0_.create_datetime as create_d2_0_,
        searchstat0_.update_datetime as update_d3_0_,
        searchstat0_.last_search_datetime as last_sea4_0_,
        searchstat0_.search_count as search_c5_0_,
        searchstat0_.search_keyword as search_k6_0_ 
    from
        search_status searchstat0_ 
    where
        searchstat0_.search_keyword=? for update
            
Hibernate: 
    update
        search_status 
    set
        update_datetime=?,
        last_search_datetime=?,
        search_count=?,
        search_keyword=? 
    where
        search_id=?
Hibernate: 
    select
        searchstat0_.search_id as search_i1_0_,
        searchstat0_.create_datetime as create_d2_0_,
        searchstat0_.update_datetime as update_d3_0_,
        searchstat0_.last_search_datetime as last_sea4_0_,
        searchstat0_.search_count as search_c5_0_,
        searchstat0_.search_keyword as search_k6_0_ 
    from
        search_status searchstat0_ 
    where
        searchstat0_.search_keyword=? for update
            
Hibernate: 
    select
        searchstat0_.search_id as search_i1_0_,
        searchstat0_.create_datetime as create_d2_0_,
        searchstat0_.update_datetime as update_d3_0_,
        searchstat0_.last_search_datetime as last_sea4_0_,
        searchstat0_.search_count as search_c5_0_,
        searchstat0_.search_keyword as search_k6_0_ 
    from
        search_status searchstat0_ 
    where
        searchstat0_.search_keyword=? for update
            
2023-03-24 10:53:28.816  INFO 53500 --- [ool-5-thread-96] c.z.b.a.s.service.BlogSearchService      : searchStatusEntity before = SearchStatusEntity(searchId=3, searchKeyword=송민호, searchCount=43, lastSearchDateTime=2023-03-24T10:53:28.810464)
2023-03-24 10:53:28.816  INFO 53500 --- [ool-5-thread-96] c.z.b.a.s.service.BlogSearchService      : searchStatusEntity after = SearchStatusEntity(searchId=3, searchKeyword=송민호, searchCount=44, lastSearchDateTime=2023-03-24T10:53:28.816447200)
Hibernate: 
    update
        search_status 
    set
        update_datetime=?,
        last_search_datetime=?,
        search_count=?,
        search_keyword=? 
    where
        search_id=?
Hibernate: 
    select
        searchstat0_.search_id as search_i1_0_,
        searchstat0_.create_datetime as create_d2_0_,
        searchstat0_.update_datetime as update_d3_0_,
        searchstat0_.last_search_datetime as last_sea4_0_,
        searchstat0_.search_count as search_c5_0_,
        searchstat0_.search_keyword as search_k6_0_ 
    from
        search_status searchstat0_ 
    where
        searchstat0_.search_keyword=? for update
            
2023-03-24 10:53:28.820  INFO 53500 --- [ool-5-thread-91] c.z.b.a.s.service.BlogSearchService      : searchStatusEntity before = SearchStatusEntity(searchId=3, searchKeyword=송민호, searchCount=44, lastSearchDateTime=2023-03-24T10:53:28.816447)
2023-03-24 10:53:28.820  INFO 53500 --- [ool-5-thread-91] c.z.b.a.s.service.BlogSearchService      : searchStatusEntity after = SearchStatusEntity(searchId=3, searchKeyword=송민호, searchCount=45, lastSearchDateTime=2023-03-24T10:53:28.820436900)
Hibernate: 
    update
        search_status 
    set
        update_datetime=?,
        last_search_datetime=?,
        search_count=?,
        search_keyword=? 
    where
        search_id=?
Hibernate: 
    select
        searchstat0_.search_id as search_i1_0_,
        searchstat0_.create_datetime as create_d2_0_,
        searchstat0_.update_datetime as update_d3_0_,
        searchstat0_.last_search_datetime as last_sea4_0_,
        searchstat0_.search_count as search_c5_0_,
        searchstat0_.search_keyword as search_k6_0_ 
    from
        search_status searchstat0_ 
    where
        searchstat0_.search_keyword=? for update
            
2023-03-24 10:53:28.823  INFO 53500 --- [ool-5-thread-97] c.z.b.a.s.service.BlogSearchService      : searchStatusEntity before = SearchStatusEntity(searchId=3, searchKeyword=송민호, searchCount=45, lastSearchDateTime=2023-03-24T10:53:28.820437)
2023-03-24 10:53:28.824  INFO 53500 --- [ool-5-thread-97] c.z.b.a.s.service.BlogSearchService      : searchStatusEntity after = SearchStatusEntity(searchId=3, searchKeyword=송민호, searchCount=46, lastSearchDateTime=2023-03-24T10:53:28.824425)
Hibernate: 
    update
        search_status 
    set
        update_datetime=?,
        last_search_datetime=?,
        search_count=?,
        search_keyword=? 
    where
        search_id=?
Hibernate: 
    select
        searchstat0_.search_id as search_i1_0_,
        searchstat0_.create_datetime as create_d2_0_,
        searchstat0_.update_datetime as update_d3_0_,
        searchstat0_.last_search_datetime as last_sea4_0_,
        searchstat0_.search_count as search_c5_0_,
        searchstat0_.search_keyword as search_k6_0_ 
    from
        search_status searchstat0_ 
    where
        searchstat0_.search_keyword=? for update
            
Hibernate: 
    select
        searchstat0_.search_id as search_i1_0_,
        searchstat0_.create_datetime as create_d2_0_,
        searchstat0_.update_datetime as update_d3_0_,
        searchstat0_.last_search_datetime as last_sea4_0_,
        searchstat0_.search_count as search_c5_0_,
        searchstat0_.search_keyword as search_k6_0_ 
    from
        search_status searchstat0_ 
    where
        searchstat0_.search_keyword=? for update
            
2023-03-24 10:53:28.836  INFO 53500 --- [ool-5-thread-43] c.z.b.a.s.service.BlogSearchService      : searchStatusEntity before = SearchStatusEntity(searchId=3, searchKeyword=송민호, searchCount=46, lastSearchDateTime=2023-03-24T10:53:28.824425)
2023-03-24 10:53:28.837  INFO 53500 --- [ool-5-thread-43] c.z.b.a.s.service.BlogSearchService      : searchStatusEntity after = SearchStatusEntity(searchId=3, searchKeyword=송민호, searchCount=47, lastSearchDateTime=2023-03-24T10:53:28.836393500)
Hibernate: 
    update
        search_status 
    set
        update_datetime=?,
        last_search_datetime=?,
        search_count=?,
        search_keyword=? 
    where
        search_id=?
2023-03-24 10:53:28.840  INFO 53500 --- [ool-5-thread-39] c.z.b.a.s.service.BlogSearchService      : searchStatusEntity before = SearchStatusEntity(searchId=3, searchKeyword=송민호, searchCount=47, lastSearchDateTime=2023-03-24T10:53:28.836394)
2023-03-24 10:53:28.840  INFO 53500 --- [ool-5-thread-39] c.z.b.a.s.service.BlogSearchService      : searchStatusEntity after = SearchStatusEntity(searchId=3, searchKeyword=송민호, searchCount=48, lastSearchDateTime=2023-03-24T10:53:28.840383)
Hibernate: 
    select
        searchstat0_.search_id as search_i1_0_,
        searchstat0_.create_datetime as create_d2_0_,
        searchstat0_.update_datetime as update_d3_0_,
        searchstat0_.last_search_datetime as last_sea4_0_,
        searchstat0_.search_count as search_c5_0_,
        searchstat0_.search_keyword as search_k6_0_ 
    from
        search_status searchstat0_ 
    where
        searchstat0_.search_keyword=? for update
            
Hibernate: 
    update
        search_status 
    set
        update_datetime=?,
        last_search_datetime=?,
        search_count=?,
        search_keyword=? 
    where
        search_id=?
2023-03-24 10:53:28.847  INFO 53500 --- [ool-5-thread-85] c.z.b.a.s.service.BlogSearchService      : searchStatusEntity before = SearchStatusEntity(searchId=3, searchKeyword=송민호, searchCount=48, lastSearchDateTime=2023-03-24T10:53:28.840383)
2023-03-24 10:53:28.847  INFO 53500 --- [ool-5-thread-85] c.z.b.a.s.service.BlogSearchService      : searchStatusEntity after = SearchStatusEntity(searchId=3, searchKeyword=송민호, searchCount=49, lastSearchDateTime=2023-03-24T10:53:28.847364)
Hibernate: 
    select
        searchstat0_.search_id as search_i1_0_,
        searchstat0_.create_datetime as create_d2_0_,
        searchstat0_.update_datetime as update_d3_0_,
        searchstat0_.last_search_datetime as last_sea4_0_,
        searchstat0_.search_count as search_c5_0_,
        searchstat0_.search_keyword as search_k6_0_ 
    from
        search_status searchstat0_ 
    where
        searchstat0_.search_keyword=? for update
            
Hibernate: 
    update
        search_status 
    set
        update_datetime=?,
        last_search_datetime=?,
        search_count=?,
        search_keyword=? 
    where
        search_id=?
2023-03-24 10:53:28.850  INFO 53500 --- [ool-5-thread-88] c.z.b.a.s.service.BlogSearchService      : searchStatusEntity before = SearchStatusEntity(searchId=3, searchKeyword=송민호, searchCount=49, lastSearchDateTime=2023-03-24T10:53:28.847364)
2023-03-24 10:53:28.851  INFO 53500 --- [ool-5-thread-88] c.z.b.a.s.service.BlogSearchService      : searchStatusEntity after = SearchStatusEntity(searchId=3, searchKeyword=송민호, searchCount=50, lastSearchDateTime=2023-03-24T10:53:28.851354100)
Hibernate: 
    update
        search_status 
    set
        update_datetime=?,
        last_search_datetime=?,
        search_count=?,
        search_keyword=? 
    where
        search_id=?
2023-03-24 10:53:28.854  INFO 53500 --- [ool-5-thread-95] c.z.b.a.s.service.BlogSearchService      : searchStatusEntity before = SearchStatusEntity(searchId=3, searchKeyword=송민호, searchCount=50, lastSearchDateTime=2023-03-24T10:53:28.851354)
Hibernate: 
    select
        searchstat0_.search_id as search_i1_0_,
        searchstat0_.create_datetime as create_d2_0_,
        searchstat0_.update_datetime as update_d3_0_,
        searchstat0_.last_search_datetime as last_sea4_0_,
        searchstat0_.search_count as search_c5_0_,
        searchstat0_.search_keyword as search_k6_0_ 
    from
        search_status searchstat0_ 
    where
        searchstat0_.search_keyword=? for update
            
2023-03-24 10:53:28.854  INFO 53500 --- [ool-5-thread-95] c.z.b.a.s.service.BlogSearchService      : searchStatusEntity after = SearchStatusEntity(searchId=3, searchKeyword=송민호, searchCount=51, lastSearchDateTime=2023-03-24T10:53:28.854345700)
Hibernate: 
    update
        search_status 
    set
        update_datetime=?,
        last_search_datetime=?,
        search_count=?,
        search_keyword=? 
    where
        search_id=?
Hibernate: 
    select
        searchstat0_.search_id as search_i1_0_,
        searchstat0_.create_datetime as create_d2_0_,
        searchstat0_.update_datetime as update_d3_0_,
        searchstat0_.last_search_datetime as last_sea4_0_,
        searchstat0_.search_count as search_c5_0_,
        searchstat0_.search_keyword as search_k6_0_ 
    from
        search_status searchstat0_ 
    where
        searchstat0_.search_keyword=? for update
            
2023-03-24 10:53:28.857  INFO 53500 --- [ool-5-thread-87] c.z.b.a.s.service.BlogSearchService      : searchStatusEntity before = SearchStatusEntity(searchId=3, searchKeyword=송민호, searchCount=51, lastSearchDateTime=2023-03-24T10:53:28.854346)
Hibernate: 
    select
        searchstat0_.search_id as search_i1_0_,
        searchstat0_.create_datetime as create_d2_0_,
        searchstat0_.update_datetime as update_d3_0_,
        searchstat0_.last_search_datetime as last_sea4_0_,
        searchstat0_.search_count as search_c5_0_,
        searchstat0_.search_keyword as search_k6_0_ 
    from
        search_status searchstat0_ 
    where
        searchstat0_.search_keyword=? for update
            
2023-03-24 10:53:28.858  INFO 53500 --- [ool-5-thread-87] c.z.b.a.s.service.BlogSearchService      : searchStatusEntity after = SearchStatusEntity(searchId=3, searchKeyword=송민호, searchCount=52, lastSearchDateTime=2023-03-24T10:53:28.858336900)
Hibernate: 
    update
        search_status 
    set
        update_datetime=?,
        last_search_datetime=?,
        search_count=?,
        search_keyword=? 
    where
        search_id=?
2023-03-24 10:53:28.861  INFO 53500 --- [ool-5-thread-90] c.z.b.a.s.service.BlogSearchService      : searchStatusEntity before = SearchStatusEntity(searchId=3, searchKeyword=송민호, searchCount=52, lastSearchDateTime=2023-03-24T10:53:28.858337)
Hibernate: 
    select
        searchstat0_.search_id as search_i1_0_,
        searchstat0_.create_datetime as create_d2_0_,
        searchstat0_.update_datetime as update_d3_0_,
        searchstat0_.last_search_datetime as last_sea4_0_,
        searchstat0_.search_count as search_c5_0_,
        searchstat0_.search_keyword as search_k6_0_ 
    from
        search_status searchstat0_ 
    where
        searchstat0_.search_keyword=? for update
            
2023-03-24 10:53:28.862  INFO 53500 --- [ool-5-thread-90] c.z.b.a.s.service.BlogSearchService      : searchStatusEntity after = SearchStatusEntity(searchId=3, searchKeyword=송민호, searchCount=53, lastSearchDateTime=2023-03-24T10:53:28.862336600)
Hibernate: 
    update
        search_status 
    set
        update_datetime=?,
        last_search_datetime=?,
        search_count=?,
        search_keyword=? 
    where
        search_id=?
2023-03-24 10:53:28.865  INFO 53500 --- [ool-5-thread-92] c.z.b.a.s.service.BlogSearchService      : searchStatusEntity before = SearchStatusEntity(searchId=3, searchKeyword=송민호, searchCount=53, lastSearchDateTime=2023-03-24T10:53:28.862337)
2023-03-24 10:53:28.866  INFO 53500 --- [ool-5-thread-92] c.z.b.a.s.service.BlogSearchService      : searchStatusEntity after = SearchStatusEntity(searchId=3, searchKeyword=송민호, searchCount=54, lastSearchDateTime=2023-03-24T10:53:28.866314100)
Hibernate: 
    select
        searchstat0_.search_id as search_i1_0_,
        searchstat0_.create_datetime as create_d2_0_,
        searchstat0_.update_datetime as update_d3_0_,
        searchstat0_.last_search_datetime as last_sea4_0_,
        searchstat0_.search_count as search_c5_0_,
        searchstat0_.search_keyword as search_k6_0_ 
    from
        search_status searchstat0_ 
    where
        searchstat0_.search_keyword=? for update
            
Hibernate: 
    update
        search_status 
    set
        update_datetime=?,
        last_search_datetime=?,
        search_count=?,
        search_keyword=? 
    where
        search_id=?
2023-03-24 10:53:28.869  INFO 53500 --- [ool-5-thread-84] c.z.b.a.s.service.BlogSearchService      : searchStatusEntity before = SearchStatusEntity(searchId=3, searchKeyword=송민호, searchCount=54, lastSearchDateTime=2023-03-24T10:53:28.866314)
Hibernate: 
    select
        searchstat0_.search_id as search_i1_0_,
        searchstat0_.create_datetime as create_d2_0_,
        searchstat0_.update_datetime as update_d3_0_,
        searchstat0_.last_search_datetime as last_sea4_0_,
        searchstat0_.search_count as search_c5_0_,
        searchstat0_.search_keyword as search_k6_0_ 
    from
        search_status searchstat0_ 
    where
        searchstat0_.search_keyword=? for update
            
2023-03-24 10:53:28.870  INFO 53500 --- [ool-5-thread-84] c.z.b.a.s.service.BlogSearchService      : searchStatusEntity after = SearchStatusEntity(searchId=3, searchKeyword=송민호, searchCount=55, lastSearchDateTime=2023-03-24T10:53:28.870305100)
Hibernate: 
    update
        search_status 
    set
        update_datetime=?,
        last_search_datetime=?,
        search_count=?,
        search_keyword=? 
    where
        search_id=?
Hibernate: 
    select
        searchstat0_.search_id as search_i1_0_,
        searchstat0_.create_datetime as create_d2_0_,
        searchstat0_.update_datetime as update_d3_0_,
        searchstat0_.last_search_datetime as last_sea4_0_,
        searchstat0_.search_count as search_c5_0_,
        searchstat0_.search_keyword as search_k6_0_ 
    from
        search_status searchstat0_ 
    where
        searchstat0_.search_keyword=? for update
            
2023-03-24 10:53:28.874  INFO 53500 --- [ool-5-thread-82] c.z.b.a.s.service.BlogSearchService      : searchStatusEntity before = SearchStatusEntity(searchId=3, searchKeyword=송민호, searchCount=55, lastSearchDateTime=2023-03-24T10:53:28.870305)
2023-03-24 10:53:28.874  INFO 53500 --- [ool-5-thread-82] c.z.b.a.s.service.BlogSearchService      : searchStatusEntity after = SearchStatusEntity(searchId=3, searchKeyword=송민호, searchCount=56, lastSearchDateTime=2023-03-24T10:53:28.874293500)
Hibernate: 
    update
        search_status 
    set
        update_datetime=?,
        last_search_datetime=?,
        search_count=?,
        search_keyword=? 
    where
        search_id=?
Hibernate: 
2023-03-24 10:53:28.878  INFO 53500 --- [ool-5-thread-83] c.z.b.a.s.service.BlogSearchService      : searchStatusEntity before = SearchStatusEntity(searchId=3, searchKeyword=송민호, searchCount=56, lastSearchDateTime=2023-03-24T10:53:28.874294)
    select
        searchstat0_.search_id as search_i1_0_,
        searchstat0_.create_datetime as create_d2_0_,
        searchstat0_.update_datetime as update_d3_0_,
        searchstat0_.last_search_datetime as last_sea4_0_,
2023-03-24 10:53:28.879  INFO 53500 --- [ool-5-thread-83] c.z.b.a.s.service.BlogSearchService      : searchStatusEntity after = SearchStatusEntity(searchId=3, searchKeyword=송민호, searchCount=57, lastSearchDateTime=2023-03-24T10:53:28.879278700)
        searchstat0_.search_count as search_c5_0_,
        searchstat0_.search_keyword as search_k6_0_ 
    from
        search_status searchstat0_ 
    where
        searchstat0_.search_keyword=? for update
            
Hibernate: 
    update
        search_status 
    set
        update_datetime=?,
        last_search_datetime=?,
        search_count=?,
        search_keyword=? 
    where
        search_id=?
2023-03-24 10:53:28.882  INFO 53500 --- [ool-5-thread-81] c.z.b.a.s.service.BlogSearchService      : searchStatusEntity before = SearchStatusEntity(searchId=3, searchKeyword=송민호, searchCount=57, lastSearchDateTime=2023-03-24T10:53:28.879279)
Hibernate: 
    select
        searchstat0_.search_id as search_i1_0_,
        searchstat0_.create_datetime as create_d2_0_,
2023-03-24 10:53:28.883  INFO 53500 --- [ool-5-thread-81] c.z.b.a.s.service.BlogSearchService      : searchStatusEntity after = SearchStatusEntity(searchId=3, searchKeyword=송민호, searchCount=58, lastSearchDateTime=2023-03-24T10:53:28.883268800)
        searchstat0_.update_datetime as update_d3_0_,
        searchstat0_.last_search_datetime as last_sea4_0_,
        searchstat0_.search_count as search_c5_0_,
        searchstat0_.search_keyword as search_k6_0_ 
    from
        search_status searchstat0_ 
    where
        searchstat0_.search_keyword=? for update
            
Hibernate: 
    update
        search_status 
    set
        update_datetime=?,
        last_search_datetime=?,
        search_count=?,
        search_keyword=? 
    where
        search_id=?
2023-03-24 10:53:28.888  INFO 53500 --- [ool-5-thread-80] c.z.b.a.s.service.BlogSearchService      : searchStatusEntity before = SearchStatusEntity(searchId=3, searchKeyword=송민호, searchCount=58, lastSearchDateTime=2023-03-24T10:53:28.883269)
2023-03-24 10:53:28.889  INFO 53500 --- [ool-5-thread-80] c.z.b.a.s.service.BlogSearchService      : searchStatusEntity after = SearchStatusEntity(searchId=3, searchKeyword=송민호, searchCount=59, lastSearchDateTime=2023-03-24T10:53:28.889252700)
Hibernate: 
    select
        searchstat0_.search_id as search_i1_0_,
        searchstat0_.create_datetime as create_d2_0_,
        searchstat0_.update_datetime as update_d3_0_,
        searchstat0_.last_search_datetime as last_sea4_0_,
        searchstat0_.search_count as search_c5_0_,
        searchstat0_.search_keyword as search_k6_0_ 
    from
        search_status searchstat0_ 
    where
        searchstat0_.search_keyword=? for update
            
Hibernate: 
    update
        search_status 
    set
        update_datetime=?,
        last_search_datetime=?,
        search_count=?,
        search_keyword=? 
    where
        search_id=?
2023-03-24 10:53:28.892  INFO 53500 --- [ool-5-thread-98] c.z.b.a.s.service.BlogSearchService      : searchStatusEntity before = SearchStatusEntity(searchId=3, searchKeyword=송민호, searchCount=59, lastSearchDateTime=2023-03-24T10:53:28.889253)
2023-03-24 10:53:28.892  INFO 53500 --- [ool-5-thread-98] c.z.b.a.s.service.BlogSearchService      : searchStatusEntity after = SearchStatusEntity(searchId=3, searchKeyword=송민호, searchCount=60, lastSearchDateTime=2023-03-24T10:53:28.892245900)
Hibernate: 
    update
        search_status 
    set
        update_datetime=?,
        last_search_datetime=?,
        search_count=?,
        search_keyword=? 
    where
        search_id=?
Hibernate: 
    select
        searchstat0_.search_id as search_i1_0_,
        searchstat0_.create_datetime as create_d2_0_,
        searchstat0_.update_datetime as update_d3_0_,
        searchstat0_.last_search_datetime as last_sea4_0_,
        searchstat0_.search_count as search_c5_0_,
        searchstat0_.search_keyword as search_k6_0_ 
    from
        search_status searchstat0_ 
    where
        searchstat0_.search_keyword=? for update
            
2023-03-24 10:53:28.898  INFO 53500 --- [ool-5-thread-35] c.z.b.a.s.service.BlogSearchService      : searchStatusEntity before = SearchStatusEntity(searchId=3, searchKeyword=송민호, searchCount=60, lastSearchDateTime=2023-03-24T10:53:28.892246)
2023-03-24 10:53:28.898  INFO 53500 --- [ool-5-thread-35] c.z.b.a.s.service.BlogSearchService      : searchStatusEntity after = SearchStatusEntity(searchId=3, searchKeyword=송민호, searchCount=61, lastSearchDateTime=2023-03-24T10:53:28.898228400)
Hibernate: 
    update
        search_status 
    set
        update_datetime=?,
        last_search_datetime=?,
        search_count=?,
        search_keyword=? 
    where
        search_id=?
Hibernate: 
    select
        searchstat0_.search_id as search_i1_0_,
        searchstat0_.create_datetime as create_d2_0_,
        searchstat0_.update_datetime as update_d3_0_,
        searchstat0_.last_search_datetime as last_sea4_0_,
        searchstat0_.search_count as search_c5_0_,
        searchstat0_.search_keyword as search_k6_0_ 
    from
        search_status searchstat0_ 
    where
        searchstat0_.search_keyword=? for update
            
2023-03-24 10:53:28.904  INFO 53500 --- [ool-5-thread-76] c.z.b.a.s.service.BlogSearchService      : searchStatusEntity before = SearchStatusEntity(searchId=3, searchKeyword=송민호, searchCount=61, lastSearchDateTime=2023-03-24T10:53:28.898228)
2023-03-24 10:53:28.905  INFO 53500 --- [ool-5-thread-76] c.z.b.a.s.service.BlogSearchService      : searchStatusEntity after = SearchStatusEntity(searchId=3, searchKeyword=송민호, searchCount=62, lastSearchDateTime=2023-03-24T10:53:28.904212400)
Hibernate: 
    update
        search_status 
    set
        update_datetime=?,
        last_search_datetime=?,
        search_count=?,
        search_keyword=? 
    where
        search_id=?
Hibernate: 
    select
        searchstat0_.search_id as search_i1_0_,
        searchstat0_.create_datetime as create_d2_0_,
        searchstat0_.update_datetime as update_d3_0_,
        searchstat0_.last_search_datetime as last_sea4_0_,
        searchstat0_.search_count as search_c5_0_,
        searchstat0_.search_keyword as search_k6_0_ 
    from
        search_status searchstat0_ 
    where
        searchstat0_.search_keyword=? for update
            
2023-03-24 10:53:28.911  INFO 53500 --- [ool-5-thread-79] c.z.b.a.s.service.BlogSearchService      : searchStatusEntity before = SearchStatusEntity(searchId=3, searchKeyword=송민호, searchCount=62, lastSearchDateTime=2023-03-24T10:53:28.904212)
2023-03-24 10:53:28.911  INFO 53500 --- [ool-5-thread-79] c.z.b.a.s.service.BlogSearchService      : searchStatusEntity after = SearchStatusEntity(searchId=3, searchKeyword=송민호, searchCount=63, lastSearchDateTime=2023-03-24T10:53:28.911194700)
Hibernate: 
    update
        search_status 
    set
        update_datetime=?,
        last_search_datetime=?,
        search_count=?,
        search_keyword=? 
    where
        search_id=?
Hibernate: 
    select
        searchstat0_.search_id as search_i1_0_,
        searchstat0_.create_datetime as create_d2_0_,
        searchstat0_.update_datetime as update_d3_0_,
        searchstat0_.last_search_datetime as last_sea4_0_,
        searchstat0_.search_count as search_c5_0_,
        searchstat0_.search_keyword as search_k6_0_ 
    from
        search_status searchstat0_ 
    where
        searchstat0_.search_keyword=? for update
            
Hibernate: 
    select
        searchstat0_.search_id as search_i1_0_,
        searchstat0_.create_datetime as create_d2_0_,
        searchstat0_.update_datetime as update_d3_0_,
        searchstat0_.last_search_datetime as last_sea4_0_,
        searchstat0_.search_count as search_c5_0_,
        searchstat0_.search_keyword as search_k6_0_ 
    from
        search_status searchstat0_ 
    where
        searchstat0_.search_keyword=? for update
            
2023-03-24 10:53:28.918  INFO 53500 --- [ool-5-thread-93] c.z.b.a.s.service.BlogSearchService      : searchStatusEntity before = SearchStatusEntity(searchId=3, searchKeyword=송민호, searchCount=63, lastSearchDateTime=2023-03-24T10:53:28.911195)
2023-03-24 10:53:28.918  INFO 53500 --- [ool-5-thread-93] c.z.b.a.s.service.BlogSearchService      : searchStatusEntity after = SearchStatusEntity(searchId=3, searchKeyword=송민호, searchCount=64, lastSearchDateTime=2023-03-24T10:53:28.918176)
Hibernate: 
    update
        search_status 
    set
        update_datetime=?,
        last_search_datetime=?,
        search_count=?,
        search_keyword=? 
    where
        search_id=?
2023-03-24 10:53:28.923  INFO 53500 --- [ool-5-thread-44] c.z.b.a.s.service.BlogSearchService      : searchStatusEntity before = SearchStatusEntity(searchId=3, searchKeyword=송민호, searchCount=64, lastSearchDateTime=2023-03-24T10:53:28.918176)
2023-03-24 10:53:28.924  INFO 53500 --- [ool-5-thread-44] c.z.b.a.s.service.BlogSearchService      : searchStatusEntity after = SearchStatusEntity(searchId=3, searchKeyword=송민호, searchCount=65, lastSearchDateTime=2023-03-24T10:53:28.924159100)
Hibernate: 
    update
        search_status 
    set
        update_datetime=?,
        last_search_datetime=?,
        search_count=?,
        search_keyword=? 
    where
        search_id=?
2023-03-24 10:53:28.927  INFO 53500 --- [ool-5-thread-89] c.z.b.a.s.service.BlogSearchService      : searchStatusEntity before = SearchStatusEntity(searchId=3, searchKeyword=송민호, searchCount=65, lastSearchDateTime=2023-03-24T10:53:28.924159)
2023-03-24 10:53:28.928  INFO 53500 --- [ool-5-thread-89] c.z.b.a.s.service.BlogSearchService      : searchStatusEntity after = SearchStatusEntity(searchId=3, searchKeyword=송민호, searchCount=66, lastSearchDateTime=2023-03-24T10:53:28.928151100)
Hibernate: 
    update
        search_status 
    set
        update_datetime=?,
        last_search_datetime=?,
        search_count=?,
        search_keyword=? 
    where
        search_id=?
Hibernate: 
    select
        searchstat0_.search_id as search_i1_0_,
        searchstat0_.create_datetime as create_d2_0_,
        searchstat0_.update_datetime as update_d3_0_,
        searchstat0_.last_search_datetime as last_sea4_0_,
        searchstat0_.search_count as search_c5_0_,
        searchstat0_.search_keyword as search_k6_0_ 
    from
        search_status searchstat0_ 
    where
        searchstat0_.search_keyword=? for update
            
2023-03-24 10:53:28.934  INFO 53500 --- [ool-5-thread-75] c.z.b.a.s.service.BlogSearchService      : searchStatusEntity before = SearchStatusEntity(searchId=3, searchKeyword=송민호, searchCount=66, lastSearchDateTime=2023-03-24T10:53:28.928151)
2023-03-24 10:53:28.934  INFO 53500 --- [ool-5-thread-75] c.z.b.a.s.service.BlogSearchService      : searchStatusEntity after = SearchStatusEntity(searchId=3, searchKeyword=송민호, searchCount=67, lastSearchDateTime=2023-03-24T10:53:28.934134500)
Hibernate: 
    update
        search_status 
    set
        update_datetime=?,
        last_search_datetime=?,
        search_count=?,
        search_keyword=? 
    where
        search_id=?
Hibernate: 
    select
        searchstat0_.search_id as search_i1_0_,
        searchstat0_.create_datetime as create_d2_0_,
        searchstat0_.update_datetime as update_d3_0_,
        searchstat0_.last_search_datetime as last_sea4_0_,
        searchstat0_.search_count as search_c5_0_,
        searchstat0_.search_keyword as search_k6_0_ 
    from
        search_status searchstat0_ 
    where
        searchstat0_.search_keyword=? for update
            
Hibernate: 
    select
        searchstat0_.search_id as search_i1_0_,
        searchstat0_.create_datetime as create_d2_0_,
        searchstat0_.update_datetime as update_d3_0_,
        searchstat0_.last_search_datetime as last_sea4_0_,
        searchstat0_.search_count as search_c5_0_,
        searchstat0_.search_keyword as search_k6_0_ 
    from
        search_status searchstat0_ 
    where
        searchstat0_.search_keyword=? for update
            
2023-03-24 10:53:28.938  INFO 53500 --- [ool-5-thread-78] c.z.b.a.s.service.BlogSearchService      : searchStatusEntity before = SearchStatusEntity(searchId=3, searchKeyword=송민호, searchCount=67, lastSearchDateTime=2023-03-24T10:53:28.934135)
2023-03-24 10:53:28.938  INFO 53500 --- [ool-5-thread-78] c.z.b.a.s.service.BlogSearchService      : searchStatusEntity after = SearchStatusEntity(searchId=3, searchKeyword=송민호, searchCount=68, lastSearchDateTime=2023-03-24T10:53:28.938122400)
Hibernate: 
    update
        search_status 
    set
        update_datetime=?,
        last_search_datetime=?,
        search_count=?,
        search_keyword=? 
    where
        search_id=?
Hibernate: 
    select
        searchstat0_.search_id as search_i1_0_,
        searchstat0_.create_datetime as create_d2_0_,
        searchstat0_.update_datetime as update_d3_0_,
        searchstat0_.last_search_datetime as last_sea4_0_,
        searchstat0_.search_count as search_c5_0_,
        searchstat0_.search_keyword as search_k6_0_ 
    from
        search_status searchstat0_ 
    where
        searchstat0_.search_keyword=? for update
            
2023-03-24 10:53:28.941  INFO 53500 --- [ool-5-thread-73] c.z.b.a.s.service.BlogSearchService      : searchStatusEntity before = SearchStatusEntity(searchId=3, searchKeyword=송민호, searchCount=68, lastSearchDateTime=2023-03-24T10:53:28.938122)
2023-03-24 10:53:28.941  INFO 53500 --- [ool-5-thread-73] c.z.b.a.s.service.BlogSearchService      : searchStatusEntity after = SearchStatusEntity(searchId=3, searchKeyword=송민호, searchCount=69, lastSearchDateTime=2023-03-24T10:53:28.941113)
Hibernate: 
    select
        searchstat0_.search_id as search_i1_0_,
        searchstat0_.create_datetime as create_d2_0_,
        searchstat0_.update_datetime as update_d3_0_,
        searchstat0_.last_search_datetime as last_sea4_0_,
        searchstat0_.search_count as search_c5_0_,
        searchstat0_.search_keyword as search_k6_0_ 
    from
        search_status searchstat0_ 
    where
        searchstat0_.search_keyword=? for update
            
Hibernate: 
    update
        search_status 
    set
        update_datetime=?,
        last_search_datetime=?,
        search_count=?,
        search_keyword=? 
    where
        search_id=?
Hibernate: 
    select
        searchstat0_.search_id as search_i1_0_,
        searchstat0_.create_datetime as create_d2_0_,
        searchstat0_.update_datetime as update_d3_0_,
        searchstat0_.last_search_datetime as last_sea4_0_,
        searchstat0_.search_count as search_c5_0_,
        searchstat0_.search_keyword as search_k6_0_ 
    from
        search_status searchstat0_ 
    where
        searchstat0_.search_keyword=? for update
            
2023-03-24 10:53:28.945  INFO 53500 --- [ool-5-thread-69] c.z.b.a.s.service.BlogSearchService      : searchStatusEntity before = SearchStatusEntity(searchId=3, searchKeyword=송민호, searchCount=69, lastSearchDateTime=2023-03-24T10:53:28.941113)
2023-03-24 10:53:28.946  INFO 53500 --- [ool-5-thread-69] c.z.b.a.s.service.BlogSearchService      : searchStatusEntity after = SearchStatusEntity(searchId=3, searchKeyword=송민호, searchCount=70, lastSearchDateTime=2023-03-24T10:53:28.946101100)
Hibernate: 
    update
        search_status 
    set
        update_datetime=?,
        last_search_datetime=?,
        search_count=?,
        search_keyword=? 
    where
        search_id=?
2023-03-24 10:53:28.949  INFO 53500 --- [ool-5-thread-77] c.z.b.a.s.service.BlogSearchService      : searchStatusEntity before = SearchStatusEntity(searchId=3, searchKeyword=송민호, searchCount=70, lastSearchDateTime=2023-03-24T10:53:28.946101)
2023-03-24 10:53:28.950  INFO 53500 --- [ool-5-thread-77] c.z.b.a.s.service.BlogSearchService      : searchStatusEntity after = SearchStatusEntity(searchId=3, searchKeyword=송민호, searchCount=71, lastSearchDateTime=2023-03-24T10:53:28.950089600)
Hibernate: 
    update
        search_status 
    set
        update_datetime=?,
        last_search_datetime=?,
        search_count=?,
        search_keyword=? 
    where
        search_id=?
Hibernate: 
    select
        searchstat0_.search_id as search_i1_0_,
        searchstat0_.create_datetime as create_d2_0_,
        searchstat0_.update_datetime as update_d3_0_,
        searchstat0_.last_search_datetime as last_sea4_0_,
        searchstat0_.search_count as search_c5_0_,
        searchstat0_.search_keyword as search_k6_0_ 
    from
        search_status searchstat0_ 
    where
        searchstat0_.search_keyword=? for update
            
2023-03-24 10:53:28.954  INFO 53500 --- [ool-5-thread-67] c.z.b.a.s.service.BlogSearchService      : searchStatusEntity before = SearchStatusEntity(searchId=3, searchKeyword=송민호, searchCount=71, lastSearchDateTime=2023-03-24T10:53:28.950090)
Hibernate: 
    select
        searchstat0_.search_id as search_i1_0_,
        searchstat0_.create_datetime as create_d2_0_,
        searchstat0_.update_datetime as update_d3_0_,
        searchstat0_.last_search_datetime as last_sea4_0_,
        searchstat0_.search_count as search_c5_0_,
        searchstat0_.search_keyword as search_k6_0_ 
    from
        search_status searchstat0_ 
    where
        searchstat0_.search_keyword=? for update
            
2023-03-24 10:53:28.954  INFO 53500 --- [ool-5-thread-67] c.z.b.a.s.service.BlogSearchService      : searchStatusEntity after = SearchStatusEntity(searchId=3, searchKeyword=송민호, searchCount=72, lastSearchDateTime=2023-03-24T10:53:28.954080100)
Hibernate: 
    update
        search_status 
    set
        update_datetime=?,
        last_search_datetime=?,
        search_count=?,
        search_keyword=? 
    where
        search_id=?
2023-03-24 10:53:28.960  INFO 53500 --- [ool-5-thread-71] c.z.b.a.s.service.BlogSearchService      : searchStatusEntity before = SearchStatusEntity(searchId=3, searchKeyword=송민호, searchCount=72, lastSearchDateTime=2023-03-24T10:53:28.954080)
2023-03-24 10:53:28.961  INFO 53500 --- [ool-5-thread-71] c.z.b.a.s.service.BlogSearchService      : searchStatusEntity after = SearchStatusEntity(searchId=3, searchKeyword=송민호, searchCount=73, lastSearchDateTime=2023-03-24T10:53:28.961060800)
Hibernate: 
    update
        search_status 
    set
        update_datetime=?,
        last_search_datetime=?,
        search_count=?,
        search_keyword=? 
    where
        search_id=?
2023-03-24 10:53:28.964  INFO 53500 --- [ool-5-thread-65] c.z.b.a.s.service.BlogSearchService      : searchStatusEntity before = SearchStatusEntity(searchId=3, searchKeyword=송민호, searchCount=73, lastSearchDateTime=2023-03-24T10:53:28.961061)
2023-03-24 10:53:28.965  INFO 53500 --- [ool-5-thread-65] c.z.b.a.s.service.BlogSearchService      : searchStatusEntity after = SearchStatusEntity(searchId=3, searchKeyword=송민호, searchCount=74, lastSearchDateTime=2023-03-24T10:53:28.965049800)
Hibernate: 
    update
        search_status 
    set
        update_datetime=?,
        last_search_datetime=?,
        search_count=?,
        search_keyword=? 
    where
        search_id=?
Hibernate: 
    select
        searchstat0_.search_id as search_i1_0_,
        searchstat0_.create_datetime as create_d2_0_,
        searchstat0_.update_datetime as update_d3_0_,
        searchstat0_.last_search_datetime as last_sea4_0_,
        searchstat0_.search_count as search_c5_0_,
        searchstat0_.search_keyword as search_k6_0_ 
    from
        search_status searchstat0_ 
    where
        searchstat0_.search_keyword=? for update
            
Hibernate: 
    select
        searchstat0_.search_id as search_i1_0_,
        searchstat0_.create_datetime as create_d2_0_,
        searchstat0_.update_datetime as update_d3_0_,
        searchstat0_.last_search_datetime as last_sea4_0_,
        searchstat0_.search_count as search_c5_0_,
        searchstat0_.search_keyword as search_k6_0_ 
    from
        search_status searchstat0_ 
    where
        searchstat0_.search_keyword=? for update
            
2023-03-24 10:53:28.969  INFO 53500 --- [ool-5-thread-68] c.z.b.a.s.service.BlogSearchService      : searchStatusEntity before = SearchStatusEntity(searchId=3, searchKeyword=송민호, searchCount=74, lastSearchDateTime=2023-03-24T10:53:28.965050)
2023-03-24 10:53:28.970  INFO 53500 --- [ool-5-thread-68] c.z.b.a.s.service.BlogSearchService      : searchStatusEntity after = SearchStatusEntity(searchId=3, searchKeyword=송민호, searchCount=75, lastSearchDateTime=2023-03-24T10:53:28.970036900)
Hibernate: 
    update
        search_status 
    set
        update_datetime=?,
        last_search_datetime=?,
        search_count=?,
        search_keyword=? 
    where
        search_id=?
Hibernate: 
    select
        searchstat0_.search_id as search_i1_0_,
        searchstat0_.create_datetime as create_d2_0_,
        searchstat0_.update_datetime as update_d3_0_,
        searchstat0_.last_search_datetime as last_sea4_0_,
        searchstat0_.search_count as search_c5_0_,
        searchstat0_.search_keyword as search_k6_0_ 
    from
        search_status searchstat0_ 
    where
        searchstat0_.search_keyword=? for update
            
2023-03-24 10:53:28.973  INFO 53500 --- [ool-5-thread-86] c.z.b.a.s.service.BlogSearchService      : searchStatusEntity before = SearchStatusEntity(searchId=3, searchKeyword=송민호, searchCount=75, lastSearchDateTime=2023-03-24T10:53:28.970037)
2023-03-24 10:53:28.973  INFO 53500 --- [ool-5-thread-86] c.z.b.a.s.service.BlogSearchService      : searchStatusEntity after = SearchStatusEntity(searchId=3, searchKeyword=송민호, searchCount=76, lastSearchDateTime=2023-03-24T10:53:28.973028100)
Hibernate: 
    select
        searchstat0_.search_id as search_i1_0_,
        searchstat0_.create_datetime as create_d2_0_,
        searchstat0_.update_datetime as update_d3_0_,
        searchstat0_.last_search_datetime as last_sea4_0_,
        searchstat0_.search_count as search_c5_0_,
        searchstat0_.search_keyword as search_k6_0_ 
    from
        search_status searchstat0_ 
    where
        searchstat0_.search_keyword=? for update
            
Hibernate: 
    update
        search_status 
    set
        update_datetime=?,
        last_search_datetime=?,
        search_count=?,
        search_keyword=? 
    where
        search_id=?
2023-03-24 10:53:28.978  INFO 53500 --- [ool-5-thread-62] c.z.b.a.s.service.BlogSearchService      : searchStatusEntity before = SearchStatusEntity(searchId=3, searchKeyword=송민호, searchCount=76, lastSearchDateTime=2023-03-24T10:53:28.973028)
2023-03-24 10:53:28.978  INFO 53500 --- [ool-5-thread-62] c.z.b.a.s.service.BlogSearchService      : searchStatusEntity after = SearchStatusEntity(searchId=3, searchKeyword=송민호, searchCount=77, lastSearchDateTime=2023-03-24T10:53:28.978015)
Hibernate: 
    update
        search_status 
    set
        update_datetime=?,
        last_search_datetime=?,
        search_count=?,
        search_keyword=? 
    where
        search_id=?
Hibernate: 
    select
        searchstat0_.search_id as search_i1_0_,
        searchstat0_.create_datetime as create_d2_0_,
        searchstat0_.update_datetime as update_d3_0_,
        searchstat0_.last_search_datetime as last_sea4_0_,
        searchstat0_.search_count as search_c5_0_,
        searchstat0_.search_keyword as search_k6_0_ 
    from
        search_status searchstat0_ 
    where
        searchstat0_.search_keyword=? for update
            
2023-03-24 10:53:28.982  INFO 53500 --- [ool-5-thread-70] c.z.b.a.s.service.BlogSearchService      : searchStatusEntity before = SearchStatusEntity(searchId=3, searchKeyword=송민호, searchCount=77, lastSearchDateTime=2023-03-24T10:53:28.978015)
2023-03-24 10:53:28.982  INFO 53500 --- [ool-5-thread-70] c.z.b.a.s.service.BlogSearchService      : searchStatusEntity after = SearchStatusEntity(searchId=3, searchKeyword=송민호, searchCount=78, lastSearchDateTime=2023-03-24T10:53:28.982005100)
Hibernate: 
    update
        search_status 
    set
        update_datetime=?,
        last_search_datetime=?,
        search_count=?,
        search_keyword=? 
    where
        search_id=?
Hibernate: 
    select
        searchstat0_.search_id as search_i1_0_,
        searchstat0_.create_datetime as create_d2_0_,
        searchstat0_.update_datetime as update_d3_0_,
        searchstat0_.last_search_datetime as last_sea4_0_,
        searchstat0_.search_count as search_c5_0_,
        searchstat0_.search_keyword as search_k6_0_ 
    from
        search_status searchstat0_ 
    where
        searchstat0_.search_keyword=? for update
            
Hibernate: 
    select
        searchstat0_.search_id as search_i1_0_,
        searchstat0_.create_datetime as create_d2_0_,
        searchstat0_.update_datetime as update_d3_0_,
        searchstat0_.last_search_datetime as last_sea4_0_,
        searchstat0_.search_count as search_c5_0_,
        searchstat0_.search_keyword as search_k6_0_ 
    from
        search_status searchstat0_ 
    where
        searchstat0_.search_keyword=? for update
            
2023-03-24 10:53:28.985  INFO 53500 --- [ol-5-thread-100] c.z.b.a.s.service.BlogSearchService      : searchStatusEntity before = SearchStatusEntity(searchId=3, searchKeyword=송민호, searchCount=78, lastSearchDateTime=2023-03-24T10:53:28.982005)
2023-03-24 10:53:28.985  INFO 53500 --- [ol-5-thread-100] c.z.b.a.s.service.BlogSearchService      : searchStatusEntity after = SearchStatusEntity(searchId=3, searchKeyword=송민호, searchCount=79, lastSearchDateTime=2023-03-24T10:53:28.985993500)
Hibernate: 
    update
        search_status 
    set
        update_datetime=?,
        last_search_datetime=?,
        search_count=?,
        search_keyword=? 
    where
        search_id=?
2023-03-24 10:53:28.988  INFO 53500 --- [ool-5-thread-58] c.z.b.a.s.service.BlogSearchService      : searchStatusEntity before = SearchStatusEntity(searchId=3, searchKeyword=송민호, searchCount=79, lastSearchDateTime=2023-03-24T10:53:28.985994)
2023-03-24 10:53:28.989  INFO 53500 --- [ool-5-thread-58] c.z.b.a.s.service.BlogSearchService      : searchStatusEntity after = SearchStatusEntity(searchId=3, searchKeyword=송민호, searchCount=80, lastSearchDateTime=2023-03-24T10:53:28.989982800)
Hibernate: 
    select
        searchstat0_.search_id as search_i1_0_,
        searchstat0_.create_datetime as create_d2_0_,
        searchstat0_.update_datetime as update_d3_0_,
        searchstat0_.last_search_datetime as last_sea4_0_,
        searchstat0_.search_count as search_c5_0_,
        searchstat0_.search_keyword as search_k6_0_ 
    from
        search_status searchstat0_ 
    where
        searchstat0_.search_keyword=? for update
            
Hibernate: 
    update
        search_status 
    set
        update_datetime=?,
        last_search_datetime=?,
        search_count=?,
        search_keyword=? 
    where
        search_id=?
2023-03-24 10:53:28.993  INFO 53500 --- [ool-5-thread-74] c.z.b.a.s.service.BlogSearchService      : searchStatusEntity before = SearchStatusEntity(searchId=3, searchKeyword=송민호, searchCount=80, lastSearchDateTime=2023-03-24T10:53:28.989983)
Hibernate: 
    select
        searchstat0_.search_id as search_i1_0_,
        searchstat0_.create_datetime as create_d2_0_,
        searchstat0_.update_datetime as update_d3_0_,
        searchstat0_.last_search_datetime as last_sea4_0_,
        searchstat0_.search_count as search_c5_0_,
        searchstat0_.search_keyword as search_k6_0_ 
    from
        search_status searchstat0_ 
    where
        searchstat0_.search_keyword=? for update
            
2023-03-24 10:53:28.993  INFO 53500 --- [ool-5-thread-74] c.z.b.a.s.service.BlogSearchService      : searchStatusEntity after = SearchStatusEntity(searchId=3, searchKeyword=송민호, searchCount=81, lastSearchDateTime=2023-03-24T10:53:28.993972700)
Hibernate: 
    update
        search_status 
    set
        update_datetime=?,
        last_search_datetime=?,
        search_count=?,
        search_keyword=? 
    where
        search_id=?
2023-03-24 10:53:28.997  INFO 53500 --- [ool-5-thread-61] c.z.b.a.s.service.BlogSearchService      : searchStatusEntity before = SearchStatusEntity(searchId=3, searchKeyword=송민호, searchCount=81, lastSearchDateTime=2023-03-24T10:53:28.993973)
Hibernate: 
    select
        searchstat0_.search_id as search_i1_0_,
        searchstat0_.create_datetime as create_d2_0_,
        searchstat0_.update_datetime as update_d3_0_,
        searchstat0_.last_search_datetime as last_sea4_0_,
        searchstat0_.search_count as search_c5_0_,
        searchstat0_.search_keyword as search_k6_0_ 
    from
        search_status searchstat0_ 
    where
        searchstat0_.search_keyword=? for update
            
2023-03-24 10:53:28.997  INFO 53500 --- [ool-5-thread-61] c.z.b.a.s.service.BlogSearchService      : searchStatusEntity after = SearchStatusEntity(searchId=3, searchKeyword=송민호, searchCount=82, lastSearchDateTime=2023-03-24T10:53:28.997961700)
Hibernate: 
    update
        search_status 
    set
        update_datetime=?,
        last_search_datetime=?,
        search_count=?,
        search_keyword=? 
    where
        search_id=?
2023-03-24 10:53:29.001  INFO 53500 --- [ool-5-thread-55] c.z.b.a.s.service.BlogSearchService      : searchStatusEntity before = SearchStatusEntity(searchId=3, searchKeyword=송민호, searchCount=82, lastSearchDateTime=2023-03-24T10:53:28.997962)
2023-03-24 10:53:29.001  INFO 53500 --- [ool-5-thread-55] c.z.b.a.s.service.BlogSearchService      : searchStatusEntity after = SearchStatusEntity(searchId=3, searchKeyword=송민호, searchCount=83, lastSearchDateTime=2023-03-24T10:53:29.001951100)
Hibernate: 
    select
        searchstat0_.search_id as search_i1_0_,
        searchstat0_.create_datetime as create_d2_0_,
        searchstat0_.update_datetime as update_d3_0_,
        searchstat0_.last_search_datetime as last_sea4_0_,
        searchstat0_.search_count as search_c5_0_,
        searchstat0_.search_keyword as search_k6_0_ 
    from
        search_status searchstat0_ 
    where
        searchstat0_.search_keyword=? for update
            
Hibernate: 
    update
        search_status 
    set
        update_datetime=?,
        last_search_datetime=?,
        search_count=?,
        search_keyword=? 
    where
        search_id=?
2023-03-24 10:53:29.005  INFO 53500 --- [ool-5-thread-72] c.z.b.a.s.service.BlogSearchService      : searchStatusEntity before = SearchStatusEntity(searchId=3, searchKeyword=송민호, searchCount=83, lastSearchDateTime=2023-03-24T10:53:29.001951)
2023-03-24 10:53:29.005  INFO 53500 --- [ool-5-thread-72] c.z.b.a.s.service.BlogSearchService      : searchStatusEntity after = SearchStatusEntity(searchId=3, searchKeyword=송민호, searchCount=84, lastSearchDateTime=2023-03-24T10:53:29.005940500)
Hibernate: 
    select
        searchstat0_.search_id as search_i1_0_,
        searchstat0_.create_datetime as create_d2_0_,
        searchstat0_.update_datetime as update_d3_0_,
        searchstat0_.last_search_datetime as last_sea4_0_,
        searchstat0_.search_count as search_c5_0_,
        searchstat0_.search_keyword as search_k6_0_ 
    from
        search_status searchstat0_ 
    where
        searchstat0_.search_keyword=? for update
            
Hibernate: 
    update
        search_status 
    set
        update_datetime=?,
        last_search_datetime=?,
        search_count=?,
        search_keyword=? 
    where
        search_id=?
2023-03-24 10:53:29.008  INFO 53500 --- [ool-5-thread-60] c.z.b.a.s.service.BlogSearchService      : searchStatusEntity before = SearchStatusEntity(searchId=3, searchKeyword=송민호, searchCount=84, lastSearchDateTime=2023-03-24T10:53:29.005941)
2023-03-24 10:53:29.009  INFO 53500 --- [ool-5-thread-60] c.z.b.a.s.service.BlogSearchService      : searchStatusEntity after = SearchStatusEntity(searchId=3, searchKeyword=송민호, searchCount=85, lastSearchDateTime=2023-03-24T10:53:29.009929100)
Hibernate: 
    select
        searchstat0_.search_id as search_i1_0_,
        searchstat0_.create_datetime as create_d2_0_,
        searchstat0_.update_datetime as update_d3_0_,
        searchstat0_.last_search_datetime as last_sea4_0_,
        searchstat0_.search_count as search_c5_0_,
        searchstat0_.search_keyword as search_k6_0_ 
    from
        search_status searchstat0_ 
    where
        searchstat0_.search_keyword=? for update
            
Hibernate: 
    update
        search_status 
    set
        update_datetime=?,
        last_search_datetime=?,
        search_count=?,
        search_keyword=? 
    where
        search_id=?
Hibernate: 
    select
        searchstat0_.search_id as search_i1_0_,
        searchstat0_.create_datetime as create_d2_0_,
        searchstat0_.update_datetime as update_d3_0_,
        searchstat0_.last_search_datetime as last_sea4_0_,
        searchstat0_.search_count as search_c5_0_,
        searchstat0_.search_keyword as search_k6_0_ 
    from
        search_status searchstat0_ 
    where
        searchstat0_.search_keyword=? for update
            
2023-03-24 10:53:29.014  INFO 53500 --- [ool-5-thread-53] c.z.b.a.s.service.BlogSearchService      : searchStatusEntity before = SearchStatusEntity(searchId=3, searchKeyword=송민호, searchCount=85, lastSearchDateTime=2023-03-24T10:53:29.009929)
2023-03-24 10:53:29.014  INFO 53500 --- [ool-5-thread-53] c.z.b.a.s.service.BlogSearchService      : searchStatusEntity after = SearchStatusEntity(searchId=3, searchKeyword=송민호, searchCount=86, lastSearchDateTime=2023-03-24T10:53:29.014918200)
Hibernate: 
    update
        search_status 
    set
        update_datetime=?,
        last_search_datetime=?,
        search_count=?,
        search_keyword=? 
    where
        search_id=?
2023-03-24 10:53:29.017  INFO 53500 --- [ool-5-thread-51] c.z.b.a.s.service.BlogSearchService      : searchStatusEntity before = SearchStatusEntity(searchId=3, searchKeyword=송민호, searchCount=86, lastSearchDateTime=2023-03-24T10:53:29.014918)
Hibernate: 
    select
        searchstat0_.search_id as search_i1_0_,
        searchstat0_.create_datetime as create_d2_0_,
        searchstat0_.update_datetime as update_d3_0_,
        searchstat0_.last_search_datetime as last_sea4_0_,
        searchstat0_.search_count as search_c5_0_,
        searchstat0_.search_keyword as search_k6_0_ 
    from
        search_status searchstat0_ 
    where
        searchstat0_.search_keyword=? for update
            
2023-03-24 10:53:29.017  INFO 53500 --- [ool-5-thread-51] c.z.b.a.s.service.BlogSearchService      : searchStatusEntity after = SearchStatusEntity(searchId=3, searchKeyword=송민호, searchCount=87, lastSearchDateTime=2023-03-24T10:53:29.017907700)
Hibernate: 
    update
        search_status 
    set
        update_datetime=?,
        last_search_datetime=?,
        search_count=?,
        search_keyword=? 
    where
        search_id=?
2023-03-24 10:53:29.021  INFO 53500 --- [ool-5-thread-52] c.z.b.a.s.service.BlogSearchService      : searchStatusEntity before = SearchStatusEntity(searchId=3, searchKeyword=송민호, searchCount=87, lastSearchDateTime=2023-03-24T10:53:29.017908)
2023-03-24 10:53:29.021  INFO 53500 --- [ool-5-thread-52] c.z.b.a.s.service.BlogSearchService      : searchStatusEntity after = SearchStatusEntity(searchId=3, searchKeyword=송민호, searchCount=88, lastSearchDateTime=2023-03-24T10:53:29.021896900)
Hibernate: 
    select
        searchstat0_.search_id as search_i1_0_,
        searchstat0_.create_datetime as create_d2_0_,
        searchstat0_.update_datetime as update_d3_0_,
        searchstat0_.last_search_datetime as last_sea4_0_,
        searchstat0_.search_count as search_c5_0_,
        searchstat0_.search_keyword as search_k6_0_ 
    from
        search_status searchstat0_ 
    where
        searchstat0_.search_keyword=? for update
            
Hibernate: 
    update
        search_status 
    set
        update_datetime=?,
        last_search_datetime=?,
        search_count=?,
        search_keyword=? 
    where
        search_id=?
Hibernate: 
    select
        searchstat0_.search_id as search_i1_0_,
        searchstat0_.create_datetime as create_d2_0_,
        searchstat0_.update_datetime as update_d3_0_,
        searchstat0_.last_search_datetime as last_sea4_0_,
        searchstat0_.search_count as search_c5_0_,
        searchstat0_.search_keyword as search_k6_0_ 
    from
        search_status searchstat0_ 
    where
        searchstat0_.search_keyword=? for update
            
2023-03-24 10:53:29.025  INFO 53500 --- [ool-5-thread-64] c.z.b.a.s.service.BlogSearchService      : searchStatusEntity before = SearchStatusEntity(searchId=3, searchKeyword=송민호, searchCount=88, lastSearchDateTime=2023-03-24T10:53:29.021897)
2023-03-24 10:53:29.027  INFO 53500 --- [ool-5-thread-64] c.z.b.a.s.service.BlogSearchService      : searchStatusEntity after = SearchStatusEntity(searchId=3, searchKeyword=송민호, searchCount=89, lastSearchDateTime=2023-03-24T10:53:29.026884600)
Hibernate: 
    update
        search_status 
    set
        update_datetime=?,
        last_search_datetime=?,
        search_count=?,
        search_keyword=? 
    where
        search_id=?
Hibernate: 
    select
        searchstat0_.search_id as search_i1_0_,
        searchstat0_.create_datetime as create_d2_0_,
        searchstat0_.update_datetime as update_d3_0_,
        searchstat0_.last_search_datetime as last_sea4_0_,
        searchstat0_.search_count as search_c5_0_,
        searchstat0_.search_keyword as search_k6_0_ 
    from
        search_status searchstat0_ 
    where
        searchstat0_.search_keyword=? for update
            
2023-03-24 10:53:29.030  INFO 53500 --- [ool-5-thread-50] c.z.b.a.s.service.BlogSearchService      : searchStatusEntity before = SearchStatusEntity(searchId=3, searchKeyword=송민호, searchCount=89, lastSearchDateTime=2023-03-24T10:53:29.026885)
2023-03-24 10:53:29.031  INFO 53500 --- [ool-5-thread-50] c.z.b.a.s.service.BlogSearchService      : searchStatusEntity after = SearchStatusEntity(searchId=3, searchKeyword=송민호, searchCount=90, lastSearchDateTime=2023-03-24T10:53:29.031871600)
Hibernate: 
    update
        search_status 
    set
        update_datetime=?,
        last_search_datetime=?,
        search_count=?,
        search_keyword=? 
    where
        search_id=?
2023-03-24 10:53:29.034  INFO 53500 --- [ool-5-thread-49] c.z.b.a.s.service.BlogSearchService      : searchStatusEntity before = SearchStatusEntity(searchId=3, searchKeyword=송민호, searchCount=90, lastSearchDateTime=2023-03-24T10:53:29.031872)
2023-03-24 10:53:29.035  INFO 53500 --- [ool-5-thread-49] c.z.b.a.s.service.BlogSearchService      : searchStatusEntity after = SearchStatusEntity(searchId=3, searchKeyword=송민호, searchCount=91, lastSearchDateTime=2023-03-24T10:53:29.035862100)
Hibernate: 
    select
        searchstat0_.search_id as search_i1_0_,
        searchstat0_.create_datetime as create_d2_0_,
        searchstat0_.update_datetime as update_d3_0_,
        searchstat0_.last_search_datetime as last_sea4_0_,
        searchstat0_.search_count as search_c5_0_,
        searchstat0_.search_keyword as search_k6_0_ 
    from
        search_status searchstat0_ 
    where
        searchstat0_.search_keyword=? for update
            
Hibernate: 
    update
        search_status 
    set
        update_datetime=?,
        last_search_datetime=?,
        search_count=?,
        search_keyword=? 
    where
        search_id=?
2023-03-24 10:53:29.040  INFO 53500 --- [ool-5-thread-48] c.z.b.a.s.service.BlogSearchService      : searchStatusEntity before = SearchStatusEntity(searchId=3, searchKeyword=송민호, searchCount=91, lastSearchDateTime=2023-03-24T10:53:29.035862)
2023-03-24 10:53:29.040  INFO 53500 --- [ool-5-thread-48] c.z.b.a.s.service.BlogSearchService      : searchStatusEntity after = SearchStatusEntity(searchId=3, searchKeyword=송민호, searchCount=92, lastSearchDateTime=2023-03-24T10:53:29.040846700)
Hibernate: 
    update
        search_status 
    set
        update_datetime=?,
        last_search_datetime=?,
        search_count=?,
        search_keyword=? 
    where
        search_id=?
Hibernate: 
    select
        searchstat0_.search_id as search_i1_0_,
        searchstat0_.create_datetime as create_d2_0_,
        searchstat0_.update_datetime as update_d3_0_,
        searchstat0_.last_search_datetime as last_sea4_0_,
        searchstat0_.search_count as search_c5_0_,
        searchstat0_.search_keyword as search_k6_0_ 
    from
        search_status searchstat0_ 
    where
        searchstat0_.search_keyword=? for update
            
2023-03-24 10:53:29.046  INFO 53500 --- [ool-5-thread-94] c.z.b.a.s.service.BlogSearchService      : searchStatusEntity before = SearchStatusEntity(searchId=3, searchKeyword=송민호, searchCount=92, lastSearchDateTime=2023-03-24T10:53:29.040847)
2023-03-24 10:53:29.046  INFO 53500 --- [ool-5-thread-94] c.z.b.a.s.service.BlogSearchService      : searchStatusEntity after = SearchStatusEntity(searchId=3, searchKeyword=송민호, searchCount=93, lastSearchDateTime=2023-03-24T10:53:29.046831)
Hibernate: 
    update
        search_status 
    set
        update_datetime=?,
        last_search_datetime=?,
        search_count=?,
        search_keyword=? 
    where
        search_id=?
2023-03-24 10:53:29.049  INFO 53500 --- [ool-5-thread-47] c.z.b.a.s.service.BlogSearchService      : searchStatusEntity before = SearchStatusEntity(searchId=3, searchKeyword=송민호, searchCount=93, lastSearchDateTime=2023-03-24T10:53:29.046831)
2023-03-24 10:53:29.049  INFO 53500 --- [ool-5-thread-47] c.z.b.a.s.service.BlogSearchService      : searchStatusEntity after = SearchStatusEntity(searchId=3, searchKeyword=송민호, searchCount=94, lastSearchDateTime=2023-03-24T10:53:29.049823100)
Hibernate: 
    update
        search_status 
    set
        update_datetime=?,
        last_search_datetime=?,
        search_count=?,
        search_keyword=? 
    where
        search_id=?
2023-03-24 10:53:29.052  INFO 53500 --- [ool-5-thread-54] c.z.b.a.s.service.BlogSearchService      : searchStatusEntity before = SearchStatusEntity(searchId=3, searchKeyword=송민호, searchCount=94, lastSearchDateTime=2023-03-24T10:53:29.049823)
2023-03-24 10:53:29.053  INFO 53500 --- [ool-5-thread-54] c.z.b.a.s.service.BlogSearchService      : searchStatusEntity after = SearchStatusEntity(searchId=3, searchKeyword=송민호, searchCount=95, lastSearchDateTime=2023-03-24T10:53:29.053812800)
Hibernate: 
    update
        search_status 
    set
        update_datetime=?,
        last_search_datetime=?,
        search_count=?,
        search_keyword=? 
    where
        search_id=?
2023-03-24 10:53:29.056  INFO 53500 --- [ool-5-thread-46] c.z.b.a.s.service.BlogSearchService      : searchStatusEntity before = SearchStatusEntity(searchId=3, searchKeyword=송민호, searchCount=95, lastSearchDateTime=2023-03-24T10:53:29.053813)
2023-03-24 10:53:29.057  INFO 53500 --- [ool-5-thread-46] c.z.b.a.s.service.BlogSearchService      : searchStatusEntity after = SearchStatusEntity(searchId=3, searchKeyword=송민호, searchCount=96, lastSearchDateTime=2023-03-24T10:53:29.057802400)
Hibernate: 
    update
        search_status 
    set
        update_datetime=?,
        last_search_datetime=?,
        search_count=?,
        search_keyword=? 
    where
        search_id=?
2023-03-24 10:53:29.061  INFO 53500 --- [ool-5-thread-57] c.z.b.a.s.service.BlogSearchService      : searchStatusEntity before = SearchStatusEntity(searchId=3, searchKeyword=송민호, searchCount=96, lastSearchDateTime=2023-03-24T10:53:29.057802)
2023-03-24 10:53:29.061  INFO 53500 --- [ool-5-thread-57] c.z.b.a.s.service.BlogSearchService      : searchStatusEntity after = SearchStatusEntity(searchId=3, searchKeyword=송민호, searchCount=97, lastSearchDateTime=2023-03-24T10:53:29.061791700)
Hibernate: 
    update
        search_status 
    set
        update_datetime=?,
        last_search_datetime=?,
        search_count=?,
        search_keyword=? 
    where
        search_id=?
2023-03-24 10:53:29.065  INFO 53500 --- [ool-5-thread-63] c.z.b.a.s.service.BlogSearchService      : searchStatusEntity before = SearchStatusEntity(searchId=3, searchKeyword=송민호, searchCount=97, lastSearchDateTime=2023-03-24T10:53:29.061792)
2023-03-24 10:53:29.065  INFO 53500 --- [ool-5-thread-63] c.z.b.a.s.service.BlogSearchService      : searchStatusEntity after = SearchStatusEntity(searchId=3, searchKeyword=송민호, searchCount=98, lastSearchDateTime=2023-03-24T10:53:29.065780100)
Hibernate: 
    update
        search_status 
    set
        update_datetime=?,
        last_search_datetime=?,
        search_count=?,
        search_keyword=? 
    where
        search_id=?
2023-03-24 10:53:29.068  INFO 53500 --- [ool-5-thread-59] c.z.b.a.s.service.BlogSearchService      : searchStatusEntity before = SearchStatusEntity(searchId=3, searchKeyword=송민호, searchCount=98, lastSearchDateTime=2023-03-24T10:53:29.065780)
2023-03-24 10:53:29.068  INFO 53500 --- [ool-5-thread-59] c.z.b.a.s.service.BlogSearchService      : searchStatusEntity after = SearchStatusEntity(searchId=3, searchKeyword=송민호, searchCount=99, lastSearchDateTime=2023-03-24T10:53:29.068773300)
Hibernate: 
    update
        search_status 
    set
        update_datetime=?,
        last_search_datetime=?,
        search_count=?,
        search_keyword=? 
    where
        search_id=?
2023-03-24 10:53:29.074  INFO 53500 --- [ool-5-thread-66] c.z.b.a.s.service.BlogSearchService      : searchStatusEntity before = SearchStatusEntity(searchId=3, searchKeyword=송민호, searchCount=99, lastSearchDateTime=2023-03-24T10:53:29.068773)
2023-03-24 10:53:29.074  INFO 53500 --- [ool-5-thread-66] c.z.b.a.s.service.BlogSearchService      : searchStatusEntity after = SearchStatusEntity(searchId=3, searchKeyword=송민호, searchCount=100, lastSearchDateTime=2023-03-24T10:53:29.074756100)
Hibernate: 
    update
        search_status 
    set
        update_datetime=?,
        last_search_datetime=?,
        search_count=?,
        search_keyword=? 
    where
        search_id=?
2023-03-24 10:53:29.079  INFO 53500 --- [ool-5-thread-56] c.z.b.a.s.service.BlogSearchService      : searchStatusEntity before = SearchStatusEntity(searchId=3, searchKeyword=송민호, searchCount=100, lastSearchDateTime=2023-03-24T10:53:29.074756)
2023-03-24 10:53:29.079  INFO 53500 --- [ool-5-thread-56] c.z.b.a.s.service.BlogSearchService      : searchStatusEntity after = SearchStatusEntity(searchId=3, searchKeyword=송민호, searchCount=101, lastSearchDateTime=2023-03-24T10:53:29.079743300)
Hibernate: 
    update
        search_status 
    set
        update_datetime=?,
        last_search_datetime=?,
        search_count=?,
        search_keyword=? 
    where
        search_id=?
Hibernate: 
    SELECT
        * 
    FROM
        SEARCH_STATUS 
    ORDER BY
        search_count DESC LIMIT 10
2023-03-24 10:53:29.084  INFO 53500 --- [    Test worker] c.z.b.a.s.service.BlogSearchService      : hotKeywords = [SearchStatusEntity(searchId=2, searchKeyword=곽튜브, searchCount=101, lastSearchDateTime=2023-03-24T10:53:28.465386), SearchStatusEntity(searchId=3, searchKeyword=송민호, searchCount=101, lastSearchDateTime=2023-03-24T10:53:29.079743), SearchStatusEntity(searchId=1, searchKeyword=방탄소년단, searchCount=11, lastSearchDateTime=2023-03-24T10:53:27.250636)]
2023-03-24 10:53:29.173  INFO 53500 --- [    Test worker] c.z.b.a.s.service.BlogSearchService      : kakao api response = com.zetn333.blogsearchservice.api.search.dto.SearchBlogResponse@3868d997
Hibernate: 
    select
        searchstat0_.search_id as search_i1_0_,
        searchstat0_.create_datetime as create_d2_0_,
        searchstat0_.update_datetime as update_d3_0_,
        searchstat0_.last_search_datetime as last_sea4_0_,
        searchstat0_.search_count as search_c5_0_,
        searchstat0_.search_keyword as search_k6_0_ 
    from
        search_status searchstat0_ 
    where
        searchstat0_.search_keyword=? for update
            
2023-03-24 10:53:29.176  INFO 53500 --- [    Test worker] c.z.b.a.s.service.BlogSearchService      : searchStatusEntity before = SearchStatusEntity(searchId=1, searchKeyword=방탄소년단, searchCount=11, lastSearchDateTime=2023-03-24T10:53:27.250636)
2023-03-24 10:53:29.176  INFO 53500 --- [    Test worker] c.z.b.a.s.service.BlogSearchService      : searchStatusEntity after = SearchStatusEntity(searchId=1, searchKeyword=방탄소년단, searchCount=12, lastSearchDateTime=2023-03-24T10:53:29.176484900)
Hibernate: 
    update
        search_status 
    set
        update_datetime=?,
        last_search_datetime=?,
        search_count=?,
        search_keyword=? 
    where
        search_id=?
2023-03-24 10:53:29.250  INFO 53500 --- [    Test worker] c.z.b.a.s.service.BlogSearchService      : kakao api response = com.zetn333.blogsearchservice.api.search.dto.SearchBlogResponse@19e4fefb
Hibernate: 
    select
        searchstat0_.search_id as search_i1_0_,
        searchstat0_.create_datetime as create_d2_0_,
        searchstat0_.update_datetime as update_d3_0_,
        searchstat0_.last_search_datetime as last_sea4_0_,
        searchstat0_.search_count as search_c5_0_,
        searchstat0_.search_keyword as search_k6_0_ 
    from
        search_status searchstat0_ 
    where
        searchstat0_.search_keyword=? for update
            
2023-03-24 10:53:29.252  INFO 53500 --- [    Test worker] c.z.b.a.s.service.BlogSearchService      : searchStatusEntity before = SearchStatusEntity(searchId=1, searchKeyword=방탄소년단, searchCount=12, lastSearchDateTime=2023-03-24T10:53:29.176485)
2023-03-24 10:53:29.252  INFO 53500 --- [    Test worker] c.z.b.a.s.service.BlogSearchService      : searchStatusEntity after = SearchStatusEntity(searchId=1, searchKeyword=방탄소년단, searchCount=13, lastSearchDateTime=2023-03-24T10:53:29.252281300)
Hibernate: 
    update
        search_status 
    set
        update_datetime=?,
        last_search_datetime=?,
        search_count=?,
        search_keyword=? 
    where
        search_id=?
2023-03-24 10:53:29.333  INFO 53500 --- [    Test worker] c.z.b.a.s.service.BlogSearchService      : kakao api response = com.zetn333.blogsearchservice.api.search.dto.SearchBlogResponse@7306a573
Hibernate: 
    select
        searchstat0_.search_id as search_i1_0_,
        searchstat0_.create_datetime as create_d2_0_,
        searchstat0_.update_datetime as update_d3_0_,
        searchstat0_.last_search_datetime as last_sea4_0_,
        searchstat0_.search_count as search_c5_0_,
        searchstat0_.search_keyword as search_k6_0_ 
    from
        search_status searchstat0_ 
    where
        searchstat0_.search_keyword=? for update
            
2023-03-24 10:53:29.335  INFO 53500 --- [    Test worker] c.z.b.a.s.service.BlogSearchService      : searchStatusEntity before = null
2023-03-24 10:53:29.335  INFO 53500 --- [    Test worker] c.z.b.a.s.service.BlogSearchService      : searchStatusEntity after = SearchStatusEntity(searchId=null, searchKeyword=아이유, searchCount=1, lastSearchDateTime=2023-03-24T10:53:29.335059800)
Hibernate: 
    insert 
    into
        search_status
        (create_datetime, update_datetime, last_search_datetime, search_count, search_keyword) 
    values
        (?, ?, ?, ?, ?)
2023-03-24 10:53:29.369  INFO 53500 --- [pool-6-thread-5] c.z.b.a.s.service.BlogSearchService      : kakao api response = com.zetn333.blogsearchservice.api.search.dto.SearchBlogResponse@abd9e21
Hibernate: 
    select
        searchstat0_.search_id as search_i1_0_,
        searchstat0_.create_datetime as create_d2_0_,
        searchstat0_.update_datetime as update_d3_0_,
        searchstat0_.last_search_datetime as last_sea4_0_,
        searchstat0_.search_count as search_c5_0_,
        searchstat0_.search_keyword as search_k6_0_ 
    from
        search_status searchstat0_ 
    where
        searchstat0_.search_keyword=? for update
            
2023-03-24 10:53:29.371  INFO 53500 --- [pool-6-thread-3] c.z.b.a.s.service.BlogSearchService      : kakao api response = com.zetn333.blogsearchservice.api.search.dto.SearchBlogResponse@23063c99
Hibernate: 
    select
        searchstat0_.search_id as search_i1_0_,
        searchstat0_.create_datetime as create_d2_0_,
        searchstat0_.update_datetime as update_d3_0_,
        searchstat0_.last_search_datetime as last_sea4_0_,
        searchstat0_.search_count as search_c5_0_,
        searchstat0_.search_keyword as search_k6_0_ 
    from
        search_status searchstat0_ 
    where
        searchstat0_.search_keyword=? for update
            
2023-03-24 10:53:29.373  INFO 53500 --- [pool-6-thread-2] c.z.b.a.s.service.BlogSearchService      : kakao api response = com.zetn333.blogsearchservice.api.search.dto.SearchBlogResponse@277caba6
2023-03-24 10:53:29.373  INFO 53500 --- [pool-6-thread-5] c.z.b.a.s.service.BlogSearchService      : searchStatusEntity before = SearchStatusEntity(searchId=4, searchKeyword=아이유, searchCount=1, lastSearchDateTime=2023-03-24T10:53:29.335060)
2023-03-24 10:53:29.373  INFO 53500 --- [pool-6-thread-5] c.z.b.a.s.service.BlogSearchService      : searchStatusEntity after = SearchStatusEntity(searchId=4, searchKeyword=아이유, searchCount=2, lastSearchDateTime=2023-03-24T10:53:29.373956800)
Hibernate: 
    select
        searchstat0_.search_id as search_i1_0_,
        searchstat0_.create_datetime as create_d2_0_,
        searchstat0_.update_datetime as update_d3_0_,
        searchstat0_.last_search_datetime as last_sea4_0_,
        searchstat0_.search_count as search_c5_0_,
        searchstat0_.search_keyword as search_k6_0_ 
    from
        search_status searchstat0_ 
    where
        searchstat0_.search_keyword=? for update
            
2023-03-24 10:53:29.374  INFO 53500 --- [pool-6-thread-4] c.z.b.a.s.service.BlogSearchService      : kakao api response = com.zetn333.blogsearchservice.api.search.dto.SearchBlogResponse@34a51fa1
2023-03-24 10:53:29.373  INFO 53500 --- [pool-6-thread-6] c.z.b.a.s.service.BlogSearchService      : kakao api response = com.zetn333.blogsearchservice.api.search.dto.SearchBlogResponse@3bb65d0
Hibernate: 
    update
        search_status 
    set
        update_datetime=?,
        last_search_datetime=?,
        search_count=?,
        search_keyword=? 
    where
        search_id=?
Hibernate: 
    select
        searchstat0_.search_id as search_i1_0_,
        searchstat0_.create_datetime as create_d2_0_,
        searchstat0_.update_datetime as update_d3_0_,
        searchstat0_.last_search_datetime as last_sea4_0_,
        searchstat0_.search_count as search_c5_0_,
        searchstat0_.search_keyword as search_k6_0_ 
    from
        search_status searchstat0_ 
    where
        searchstat0_.search_keyword=? for update
            
2023-03-24 10:53:29.375  INFO 53500 --- [pool-6-thread-8] c.z.b.a.s.service.BlogSearchService      : kakao api response = com.zetn333.blogsearchservice.api.search.dto.SearchBlogResponse@3f77bef8
Hibernate: 
    select
        searchstat0_.search_id as search_i1_0_,
        searchstat0_.create_datetime as create_d2_0_,
        searchstat0_.update_datetime as update_d3_0_,
        searchstat0_.last_search_datetime as last_sea4_0_,
        searchstat0_.search_count as search_c5_0_,
        searchstat0_.search_keyword as search_k6_0_ 
    from
        search_status searchstat0_ 
    where
        searchstat0_.search_keyword=? for update
            
Hibernate: 
    select
        searchstat0_.search_id as search_i1_0_,
        searchstat0_.create_datetime as create_d2_0_,
        searchstat0_.update_datetime as update_d3_0_,
        searchstat0_.last_search_datetime as last_sea4_0_,
        searchstat0_.search_count as search_c5_0_,
        searchstat0_.search_keyword as search_k6_0_ 
    from
        search_status searchstat0_ 
    where
        searchstat0_.search_keyword=? for update
            
2023-03-24 10:53:29.379  INFO 53500 --- [pool-6-thread-7] c.z.b.a.s.service.BlogSearchService      : kakao api response = com.zetn333.blogsearchservice.api.search.dto.SearchBlogResponse@50a8f566
2023-03-24 10:53:29.379  INFO 53500 --- [pool-6-thread-8] c.z.b.a.s.service.BlogSearchService      : searchStatusEntity before = SearchStatusEntity(searchId=4, searchKeyword=아이유, searchCount=2, lastSearchDateTime=2023-03-24T10:53:29.373957)
2023-03-24 10:53:29.379  INFO 53500 --- [pool-6-thread-8] c.z.b.a.s.service.BlogSearchService      : searchStatusEntity after = SearchStatusEntity(searchId=4, searchKeyword=아이유, searchCount=3, lastSearchDateTime=2023-03-24T10:53:29.379941200)
Hibernate: 
    select
        searchstat0_.search_id as search_i1_0_,
        searchstat0_.create_datetime as create_d2_0_,
        searchstat0_.update_datetime as update_d3_0_,
        searchstat0_.last_search_datetime as last_sea4_0_,
        searchstat0_.search_count as search_c5_0_,
        searchstat0_.search_keyword as search_k6_0_ 
    from
        search_status searchstat0_ 
    where
        searchstat0_.search_keyword=? for update
            
Hibernate: 
    update
        search_status 
    set
        update_datetime=?,
        last_search_datetime=?,
        search_count=?,
        search_keyword=? 
    where
        search_id=?
2023-03-24 10:53:29.380  INFO 53500 --- [ool-6-thread-10] c.z.b.a.s.service.BlogSearchService      : kakao api response = com.zetn333.blogsearchservice.api.search.dto.SearchBlogResponse@23d4e613
Hibernate: 
    select
        searchstat0_.search_id as search_i1_0_,
        searchstat0_.create_datetime as create_d2_0_,
        searchstat0_.update_datetime as update_d3_0_,
        searchstat0_.last_search_datetime as last_sea4_0_,
        searchstat0_.search_count as search_c5_0_,
        searchstat0_.search_keyword as search_k6_0_ 
    from
        search_status searchstat0_ 
    where
        searchstat0_.search_keyword=? for update
            
2023-03-24 10:53:29.382  INFO 53500 --- [ool-6-thread-10] c.z.b.a.s.service.BlogSearchService      : searchStatusEntity before = SearchStatusEntity(searchId=4, searchKeyword=아이유, searchCount=3, lastSearchDateTime=2023-03-24T10:53:29.379941)
2023-03-24 10:53:29.383  INFO 53500 --- [ool-6-thread-10] c.z.b.a.s.service.BlogSearchService      : searchStatusEntity after = SearchStatusEntity(searchId=4, searchKeyword=아이유, searchCount=4, lastSearchDateTime=2023-03-24T10:53:29.383929500)
Hibernate: 
    update
        search_status 
    set
        update_datetime=?,
        last_search_datetime=?,
        search_count=?,
        search_keyword=? 
    where
        search_id=?
2023-03-24 10:53:29.386  INFO 53500 --- [pool-6-thread-2] c.z.b.a.s.service.BlogSearchService      : searchStatusEntity before = SearchStatusEntity(searchId=4, searchKeyword=아이유, searchCount=4, lastSearchDateTime=2023-03-24T10:53:29.383930)
2023-03-24 10:53:29.386  INFO 53500 --- [pool-6-thread-2] c.z.b.a.s.service.BlogSearchService      : searchStatusEntity after = SearchStatusEntity(searchId=4, searchKeyword=아이유, searchCount=5, lastSearchDateTime=2023-03-24T10:53:29.386920700)
Hibernate: 
    update
        search_status 
    set
        update_datetime=?,
        last_search_datetime=?,
        search_count=?,
        search_keyword=? 
    where
        search_id=?
2023-03-24 10:53:29.389  INFO 53500 --- [pool-6-thread-3] c.z.b.a.s.service.BlogSearchService      : searchStatusEntity before = SearchStatusEntity(searchId=4, searchKeyword=아이유, searchCount=5, lastSearchDateTime=2023-03-24T10:53:29.386921)
2023-03-24 10:53:29.389  INFO 53500 --- [pool-6-thread-3] c.z.b.a.s.service.BlogSearchService      : searchStatusEntity after = SearchStatusEntity(searchId=4, searchKeyword=아이유, searchCount=6, lastSearchDateTime=2023-03-24T10:53:29.389913400)
Hibernate: 
    update
        search_status 
    set
        update_datetime=?,
        last_search_datetime=?,
        search_count=?,
        search_keyword=? 
    where
        search_id=?
2023-03-24 10:53:29.393  INFO 53500 --- [pool-6-thread-6] c.z.b.a.s.service.BlogSearchService      : searchStatusEntity before = SearchStatusEntity(searchId=4, searchKeyword=아이유, searchCount=6, lastSearchDateTime=2023-03-24T10:53:29.389913)
2023-03-24 10:53:29.393  INFO 53500 --- [pool-6-thread-6] c.z.b.a.s.service.BlogSearchService      : searchStatusEntity after = SearchStatusEntity(searchId=4, searchKeyword=아이유, searchCount=7, lastSearchDateTime=2023-03-24T10:53:29.393903)
Hibernate: 
    update
        search_status 
    set
        update_datetime=?,
        last_search_datetime=?,
        search_count=?,
        search_keyword=? 
    where
        search_id=?
2023-03-24 10:53:29.402  INFO 53500 --- [pool-6-thread-9] c.z.b.a.s.service.BlogSearchService      : kakao api response = com.zetn333.blogsearchservice.api.search.dto.SearchBlogResponse@129c7ce7
Hibernate: 
    select
        searchstat0_.search_id as search_i1_0_,
        searchstat0_.create_datetime as create_d2_0_,
        searchstat0_.update_datetime as update_d3_0_,
        searchstat0_.last_search_datetime as last_sea4_0_,
        searchstat0_.search_count as search_c5_0_,
        searchstat0_.search_keyword as search_k6_0_ 
    from
        search_status searchstat0_ 
    where
        searchstat0_.search_keyword=? for update
            
2023-03-24 10:53:29.403  INFO 53500 --- [ool-6-thread-11] c.z.b.a.s.service.BlogSearchService      : kakao api response = com.zetn333.blogsearchservice.api.search.dto.SearchBlogResponse@99a4396
Hibernate: 
    select
        searchstat0_.search_id as search_i1_0_,
        searchstat0_.create_datetime as create_d2_0_,
        searchstat0_.update_datetime as update_d3_0_,
        searchstat0_.last_search_datetime as last_sea4_0_,
        searchstat0_.search_count as search_c5_0_,
        searchstat0_.search_keyword as search_k6_0_ 
    from
        search_status searchstat0_ 
    where
        searchstat0_.search_keyword=? for update
            
2023-03-24 10:53:29.412  INFO 53500 --- [ool-6-thread-21] c.z.b.a.s.service.BlogSearchService      : kakao api response = com.zetn333.blogsearchservice.api.search.dto.SearchBlogResponse@2d976d05
Hibernate: 
    select
        searchstat0_.search_id as search_i1_0_,
        searchstat0_.create_datetime as create_d2_0_,
        searchstat0_.update_datetime as update_d3_0_,
        searchstat0_.last_search_datetime as last_sea4_0_,
        searchstat0_.search_count as search_c5_0_,
        searchstat0_.search_keyword as search_k6_0_ 
    from
        search_status searchstat0_ 
    where
        searchstat0_.search_keyword=? for update
            
2023-03-24 10:53:29.415  INFO 53500 --- [pool-6-thread-7] c.z.b.a.s.service.BlogSearchService      : searchStatusEntity before = SearchStatusEntity(searchId=4, searchKeyword=아이유, searchCount=7, lastSearchDateTime=2023-03-24T10:53:29.393903)
2023-03-24 10:53:29.415  INFO 53500 --- [pool-6-thread-7] c.z.b.a.s.service.BlogSearchService      : searchStatusEntity after = SearchStatusEntity(searchId=4, searchKeyword=아이유, searchCount=8, lastSearchDateTime=2023-03-24T10:53:29.415843500)
Hibernate: 
    update
        search_status 
    set
        update_datetime=?,
        last_search_datetime=?,
        search_count=?,
        search_keyword=? 
    where
        search_id=?
2023-03-24 10:53:29.425  INFO 53500 --- [ool-6-thread-49] c.z.b.a.s.service.BlogSearchService      : kakao api response = com.zetn333.blogsearchservice.api.search.dto.SearchBlogResponse@630a86f
2023-03-24 10:53:29.425  INFO 53500 --- [ool-6-thread-11] c.z.b.a.s.service.BlogSearchService      : searchStatusEntity before = SearchStatusEntity(searchId=4, searchKeyword=아이유, searchCount=8, lastSearchDateTime=2023-03-24T10:53:29.415844)
2023-03-24 10:53:29.425  INFO 53500 --- [ool-6-thread-11] c.z.b.a.s.service.BlogSearchService      : searchStatusEntity after = SearchStatusEntity(searchId=4, searchKeyword=아이유, searchCount=9, lastSearchDateTime=2023-03-24T10:53:29.425816500)
Hibernate: 
    select
        searchstat0_.search_id as search_i1_0_,
        searchstat0_.create_datetime as create_d2_0_,
        searchstat0_.update_datetime as update_d3_0_,
        searchstat0_.last_search_datetime as last_sea4_0_,
        searchstat0_.search_count as search_c5_0_,
        searchstat0_.search_keyword as search_k6_0_ 
    from
        search_status searchstat0_ 
    where
        searchstat0_.search_keyword=? for update
            
Hibernate: 
    update
        search_status 
    set
        update_datetime=?,
        last_search_datetime=?,
        search_count=?,
        search_keyword=? 
    where
        search_id=?
2023-03-24 10:53:29.424  INFO 53500 --- [ool-6-thread-12] c.z.b.a.s.service.BlogSearchService      : kakao api response = com.zetn333.blogsearchservice.api.search.dto.SearchBlogResponse@45440183
Hibernate: 
    select
        searchstat0_.search_id as search_i1_0_,
        searchstat0_.create_datetime as create_d2_0_,
        searchstat0_.update_datetime as update_d3_0_,
        searchstat0_.last_search_datetime as last_sea4_0_,
        searchstat0_.search_count as search_c5_0_,
        searchstat0_.search_keyword as search_k6_0_ 
    from
        search_status searchstat0_ 
    where
        searchstat0_.search_keyword=? for update
            
2023-03-24 10:53:29.440  INFO 53500 --- [ool-6-thread-12] c.z.b.a.s.service.BlogSearchService      : searchStatusEntity before = SearchStatusEntity(searchId=4, searchKeyword=아이유, searchCount=9, lastSearchDateTime=2023-03-24T10:53:29.425817)
2023-03-24 10:53:29.440  INFO 53500 --- [ool-6-thread-12] c.z.b.a.s.service.BlogSearchService      : searchStatusEntity after = SearchStatusEntity(searchId=4, searchKeyword=아이유, searchCount=10, lastSearchDateTime=2023-03-24T10:53:29.440779800)
Hibernate: 
    update
        search_status 
    set
        update_datetime=?,
        last_search_datetime=?,
        search_count=?,
        search_keyword=? 
    where
        search_id=?
2023-03-24 10:53:29.443  INFO 53500 --- [pool-6-thread-9] c.z.b.a.s.service.BlogSearchService      : searchStatusEntity before = SearchStatusEntity(searchId=4, searchKeyword=아이유, searchCount=10, lastSearchDateTime=2023-03-24T10:53:29.440780)
2023-03-24 10:53:29.443  INFO 53500 --- [pool-6-thread-9] c.z.b.a.s.service.BlogSearchService      : searchStatusEntity after = SearchStatusEntity(searchId=4, searchKeyword=아이유, searchCount=11, lastSearchDateTime=2023-03-24T10:53:29.443770)
Hibernate: 
    update
        search_status 
    set
        update_datetime=?,
        last_search_datetime=?,
        search_count=?,
        search_keyword=? 
    where
        search_id=?
2023-03-24 10:53:29.447  INFO 53500 --- [ool-6-thread-68] c.z.b.a.s.service.BlogSearchService      : kakao api response = com.zetn333.blogsearchservice.api.search.dto.SearchBlogResponse@78de8821
Hibernate: 
    select
        searchstat0_.search_id as search_i1_0_,
        searchstat0_.create_datetime as create_d2_0_,
        searchstat0_.update_datetime as update_d3_0_,
        searchstat0_.last_search_datetime as last_sea4_0_,
        searchstat0_.search_count as search_c5_0_,
        searchstat0_.search_keyword as search_k6_0_ 
    from
        search_status searchstat0_ 
    where
        searchstat0_.search_keyword=? for update
            
2023-03-24 10:53:29.449  INFO 53500 --- [ool-6-thread-68] c.z.b.a.s.service.BlogSearchService      : searchStatusEntity before = SearchStatusEntity(searchId=4, searchKeyword=아이유, searchCount=11, lastSearchDateTime=2023-03-24T10:53:29.443770)
2023-03-24 10:53:29.449  INFO 53500 --- [ool-6-thread-68] c.z.b.a.s.service.BlogSearchService      : searchStatusEntity after = SearchStatusEntity(searchId=4, searchKeyword=아이유, searchCount=12, lastSearchDateTime=2023-03-24T10:53:29.449753)
2023-03-24 10:53:29.451  INFO 53500 --- [ool-6-thread-66] c.z.b.a.s.service.BlogSearchService      : kakao api response = com.zetn333.blogsearchservice.api.search.dto.SearchBlogResponse@5d06c9d4
Hibernate: 
    update
        search_status 
    set
        update_datetime=?,
        last_search_datetime=?,
        search_count=?,
        search_keyword=? 
    where
        search_id=?
Hibernate: 
    select
        searchstat0_.search_id as search_i1_0_,
        searchstat0_.create_datetime as create_d2_0_,
        searchstat0_.update_datetime as update_d3_0_,
        searchstat0_.last_search_datetime as last_sea4_0_,
        searchstat0_.search_count as search_c5_0_,
        searchstat0_.search_keyword as search_k6_0_ 
    from
        search_status searchstat0_ 
    where
        searchstat0_.search_keyword=? for update
            
2023-03-24 10:53:29.455  INFO 53500 --- [ool-6-thread-49] c.z.b.a.s.service.BlogSearchService      : searchStatusEntity before = SearchStatusEntity(searchId=4, searchKeyword=아이유, searchCount=12, lastSearchDateTime=2023-03-24T10:53:29.449753)
2023-03-24 10:53:29.456  INFO 53500 --- [ool-6-thread-49] c.z.b.a.s.service.BlogSearchService      : searchStatusEntity after = SearchStatusEntity(searchId=4, searchKeyword=아이유, searchCount=13, lastSearchDateTime=2023-03-24T10:53:29.456736200)
2023-03-24 10:53:29.458  INFO 53500 --- [ool-6-thread-65] c.z.b.a.s.service.BlogSearchService      : kakao api response = com.zetn333.blogsearchservice.api.search.dto.SearchBlogResponse@5402a563
Hibernate: 
    select
        searchstat0_.search_id as search_i1_0_,
        searchstat0_.create_datetime as create_d2_0_,
        searchstat0_.update_datetime as update_d3_0_,
        searchstat0_.last_search_datetime as last_sea4_0_,
        searchstat0_.search_count as search_c5_0_,
        searchstat0_.search_keyword as search_k6_0_ 
    from
        search_status searchstat0_ 
    where
        searchstat0_.search_keyword=? for update
            
Hibernate: 
    update
        search_status 
    set
        update_datetime=?,
        last_search_datetime=?,
        search_count=?,
        search_keyword=? 
    where
        search_id=?
2023-03-24 10:53:29.462  INFO 53500 --- [pool-6-thread-1] c.z.b.a.s.service.BlogSearchService      : kakao api response = com.zetn333.blogsearchservice.api.search.dto.SearchBlogResponse@6bc97a0d
Hibernate: 
    select
        searchstat0_.search_id as search_i1_0_,
        searchstat0_.create_datetime as create_d2_0_,
        searchstat0_.update_datetime as update_d3_0_,
        searchstat0_.last_search_datetime as last_sea4_0_,
        searchstat0_.search_count as search_c5_0_,
        searchstat0_.search_keyword as search_k6_0_ 
    from
        search_status searchstat0_ 
    where
        searchstat0_.search_keyword=? for update
            
2023-03-24 10:53:29.464  INFO 53500 --- [pool-6-thread-1] c.z.b.a.s.service.BlogSearchService      : searchStatusEntity before = SearchStatusEntity(searchId=4, searchKeyword=아이유, searchCount=13, lastSearchDateTime=2023-03-24T10:53:29.456736)
2023-03-24 10:53:29.464  INFO 53500 --- [pool-6-thread-1] c.z.b.a.s.service.BlogSearchService      : searchStatusEntity after = SearchStatusEntity(searchId=4, searchKeyword=아이유, searchCount=14, lastSearchDateTime=2023-03-24T10:53:29.464715)
Hibernate: 
    update
        search_status 
    set
        update_datetime=?,
        last_search_datetime=?,
        search_count=?,
        search_keyword=? 
    where
        search_id=?
2023-03-24 10:53:29.469  INFO 53500 --- [pool-6-thread-4] c.z.b.a.s.service.BlogSearchService      : searchStatusEntity before = SearchStatusEntity(searchId=4, searchKeyword=아이유, searchCount=14, lastSearchDateTime=2023-03-24T10:53:29.464715)
2023-03-24 10:53:29.469  INFO 53500 --- [pool-6-thread-4] c.z.b.a.s.service.BlogSearchService      : searchStatusEntity after = SearchStatusEntity(searchId=4, searchKeyword=아이유, searchCount=15, lastSearchDateTime=2023-03-24T10:53:29.469699400)
Hibernate: 
    update
        search_status 
    set
        update_datetime=?,
        last_search_datetime=?,
        search_count=?,
        search_keyword=? 
    where
        search_id=?
2023-03-24 10:53:29.473  INFO 53500 --- [ool-6-thread-66] c.z.b.a.s.service.BlogSearchService      : searchStatusEntity before = SearchStatusEntity(searchId=4, searchKeyword=아이유, searchCount=15, lastSearchDateTime=2023-03-24T10:53:29.469699)
2023-03-24 10:53:29.473  INFO 53500 --- [ool-6-thread-66] c.z.b.a.s.service.BlogSearchService      : searchStatusEntity after = SearchStatusEntity(searchId=4, searchKeyword=아이유, searchCount=16, lastSearchDateTime=2023-03-24T10:53:29.473690500)
Hibernate: 
    update
        search_status 
    set
        update_datetime=?,
        last_search_datetime=?,
        search_count=?,
        search_keyword=? 
    where
        search_id=?
2023-03-24 10:53:29.479  INFO 53500 --- [ool-6-thread-61] c.z.b.a.s.service.BlogSearchService      : kakao api response = com.zetn333.blogsearchservice.api.search.dto.SearchBlogResponse@37ef1849
2023-03-24 10:53:29.479  INFO 53500 --- [ool-6-thread-65] c.z.b.a.s.service.BlogSearchService      : searchStatusEntity before = SearchStatusEntity(searchId=4, searchKeyword=아이유, searchCount=16, lastSearchDateTime=2023-03-24T10:53:29.473691)
2023-03-24 10:53:29.479  INFO 53500 --- [ool-6-thread-65] c.z.b.a.s.service.BlogSearchService      : searchStatusEntity after = SearchStatusEntity(searchId=4, searchKeyword=아이유, searchCount=17, lastSearchDateTime=2023-03-24T10:53:29.479673400)
Hibernate: 
    select
        searchstat0_.search_id as search_i1_0_,
        searchstat0_.create_datetime as create_d2_0_,
        searchstat0_.update_datetime as update_d3_0_,
        searchstat0_.last_search_datetime as last_sea4_0_,
        searchstat0_.search_count as search_c5_0_,
        searchstat0_.search_keyword as search_k6_0_ 
    from
        search_status searchstat0_ 
    where
        searchstat0_.search_keyword=? for update
            
Hibernate: 
    update
        search_status 
    set
        update_datetime=?,
        last_search_datetime=?,
        search_count=?,
        search_keyword=? 
    where
        search_id=?
2023-03-24 10:53:29.484  INFO 53500 --- [ool-6-thread-61] c.z.b.a.s.service.BlogSearchService      : searchStatusEntity before = SearchStatusEntity(searchId=4, searchKeyword=아이유, searchCount=17, lastSearchDateTime=2023-03-24T10:53:29.479673)
2023-03-24 10:53:29.484  INFO 53500 --- [ool-6-thread-61] c.z.b.a.s.service.BlogSearchService      : searchStatusEntity after = SearchStatusEntity(searchId=4, searchKeyword=아이유, searchCount=18, lastSearchDateTime=2023-03-24T10:53:29.484659800)
2023-03-24 10:53:29.486  INFO 53500 --- [ool-6-thread-63] c.z.b.a.s.service.BlogSearchService      : kakao api response = com.zetn333.blogsearchservice.api.search.dto.SearchBlogResponse@8804fb6
Hibernate: 
    update
        search_status 
    set
        update_datetime=?,
        last_search_datetime=?,
        search_count=?,
        search_keyword=? 
    where
        search_id=?
Hibernate: 
    select
        searchstat0_.search_id as search_i1_0_,
        searchstat0_.create_datetime as create_d2_0_,
        searchstat0_.update_datetime as update_d3_0_,
        searchstat0_.last_search_datetime as last_sea4_0_,
        searchstat0_.search_count as search_c5_0_,
        searchstat0_.search_keyword as search_k6_0_ 
    from
        search_status searchstat0_ 
    where
        searchstat0_.search_keyword=? for update
            
2023-03-24 10:53:29.489  INFO 53500 --- [ool-6-thread-63] c.z.b.a.s.service.BlogSearchService      : searchStatusEntity before = SearchStatusEntity(searchId=4, searchKeyword=아이유, searchCount=18, lastSearchDateTime=2023-03-24T10:53:29.484660)
2023-03-24 10:53:29.489  INFO 53500 --- [ool-6-thread-63] c.z.b.a.s.service.BlogSearchService      : searchStatusEntity after = SearchStatusEntity(searchId=4, searchKeyword=아이유, searchCount=19, lastSearchDateTime=2023-03-24T10:53:29.489646200)
Hibernate: 
    update
        search_status 
    set
        update_datetime=?,
        last_search_datetime=?,
        search_count=?,
        search_keyword=? 
    where
        search_id=?
2023-03-24 10:53:29.492  INFO 53500 --- [ool-6-thread-64] c.z.b.a.s.service.BlogSearchService      : kakao api response = com.zetn333.blogsearchservice.api.search.dto.SearchBlogResponse@20ca8710
2023-03-24 10:53:29.494  INFO 53500 --- [ool-6-thread-62] c.z.b.a.s.service.BlogSearchService      : kakao api response = com.zetn333.blogsearchservice.api.search.dto.SearchBlogResponse@5a92989
Hibernate: 
    select
        searchstat0_.search_id as search_i1_0_,
        searchstat0_.create_datetime as create_d2_0_,
        searchstat0_.update_datetime as update_d3_0_,
        searchstat0_.last_search_datetime as last_sea4_0_,
        searchstat0_.search_count as search_c5_0_,
        searchstat0_.search_keyword as search_k6_0_ 
    from
        search_status searchstat0_ 
    where
        searchstat0_.search_keyword=? for update
            
Hibernate: 
    select
        searchstat0_.search_id as search_i1_0_,
        searchstat0_.create_datetime as create_d2_0_,
        searchstat0_.update_datetime as update_d3_0_,
        searchstat0_.last_search_datetime as last_sea4_0_,
        searchstat0_.search_count as search_c5_0_,
        searchstat0_.search_keyword as search_k6_0_ 
    from
        search_status searchstat0_ 
    where
        searchstat0_.search_keyword=? for update
            
2023-03-24 10:53:29.496  INFO 53500 --- [ool-6-thread-21] c.z.b.a.s.service.BlogSearchService      : searchStatusEntity before = SearchStatusEntity(searchId=4, searchKeyword=아이유, searchCount=19, lastSearchDateTime=2023-03-24T10:53:29.489646)
2023-03-24 10:53:29.497  INFO 53500 --- [ool-6-thread-60] c.z.b.a.s.service.BlogSearchService      : kakao api response = com.zetn333.blogsearchservice.api.search.dto.SearchBlogResponse@6792455f
2023-03-24 10:53:29.497  INFO 53500 --- [ool-6-thread-21] c.z.b.a.s.service.BlogSearchService      : searchStatusEntity after = SearchStatusEntity(searchId=4, searchKeyword=아이유, searchCount=20, lastSearchDateTime=2023-03-24T10:53:29.497626)
2023-03-24 10:53:29.497  INFO 53500 --- [ool-6-thread-71] c.z.b.a.s.service.BlogSearchService      : kakao api response = com.zetn333.blogsearchservice.api.search.dto.SearchBlogResponse@4e53c280
Hibernate: 
    select
        searchstat0_.search_id as search_i1_0_,
        searchstat0_.create_datetime as create_d2_0_,
        searchstat0_.update_datetime as update_d3_0_,
        searchstat0_.last_search_datetime as last_sea4_0_,
        searchstat0_.search_count as search_c5_0_,
        searchstat0_.search_keyword as search_k6_0_ 
    from
        search_status searchstat0_ 
    where
        searchstat0_.search_keyword=? for update
            
Hibernate: 
    update
        search_status 
    set
        update_datetime=?,
        last_search_datetime=?,
        search_count=?,
        search_keyword=? 
    where
        search_id=?
Hibernate: 
    select
        searchstat0_.search_id as search_i1_0_,
        searchstat0_.create_datetime as create_d2_0_,
        searchstat0_.update_datetime as update_d3_0_,
        searchstat0_.last_search_datetime as last_sea4_0_,
        searchstat0_.search_count as search_c5_0_,
        searchstat0_.search_keyword as search_k6_0_ 
    from
        search_status searchstat0_ 
    where
        searchstat0_.search_keyword=? for update
            
2023-03-24 10:53:29.502  INFO 53500 --- [ool-6-thread-70] c.z.b.a.s.service.BlogSearchService      : kakao api response = com.zetn333.blogsearchservice.api.search.dto.SearchBlogResponse@38dcdb80
2023-03-24 10:53:29.505  INFO 53500 --- [ool-6-thread-71] c.z.b.a.s.service.BlogSearchService      : searchStatusEntity before = SearchStatusEntity(searchId=4, searchKeyword=아이유, searchCount=20, lastSearchDateTime=2023-03-24T10:53:29.497626)
2023-03-24 10:53:29.505  INFO 53500 --- [ool-6-thread-71] c.z.b.a.s.service.BlogSearchService      : searchStatusEntity after = SearchStatusEntity(searchId=4, searchKeyword=아이유, searchCount=21, lastSearchDateTime=2023-03-24T10:53:29.505603400)
Hibernate: 
    select
        searchstat0_.search_id as search_i1_0_,
        searchstat0_.create_datetime as create_d2_0_,
        searchstat0_.update_datetime as update_d3_0_,
        searchstat0_.last_search_datetime as last_sea4_0_,
        searchstat0_.search_count as search_c5_0_,
        searchstat0_.search_keyword as search_k6_0_ 
    from
        search_status searchstat0_ 
    where
        searchstat0_.search_keyword=? for update
            
2023-03-24 10:53:29.505  INFO 53500 --- [ool-6-thread-59] c.z.b.a.s.service.BlogSearchService      : kakao api response = com.zetn333.blogsearchservice.api.search.dto.SearchBlogResponse@231924be
Hibernate: 
    update
        search_status 
    set
        update_datetime=?,
        last_search_datetime=?,
        search_count=?,
        search_keyword=? 
    where
        search_id=?
Hibernate: 
    select
        searchstat0_.search_id as search_i1_0_,
        searchstat0_.create_datetime as create_d2_0_,
        searchstat0_.update_datetime as update_d3_0_,
        searchstat0_.last_search_datetime as last_sea4_0_,
        searchstat0_.search_count as search_c5_0_,
        searchstat0_.search_keyword as search_k6_0_ 
    from
        search_status searchstat0_ 
    where
        searchstat0_.search_keyword=? for update
            
2023-03-24 10:53:29.508  INFO 53500 --- [ool-6-thread-59] c.z.b.a.s.service.BlogSearchService      : searchStatusEntity before = SearchStatusEntity(searchId=4, searchKeyword=아이유, searchCount=21, lastSearchDateTime=2023-03-24T10:53:29.505603)
2023-03-24 10:53:29.509  INFO 53500 --- [ool-6-thread-59] c.z.b.a.s.service.BlogSearchService      : searchStatusEntity after = SearchStatusEntity(searchId=4, searchKeyword=아이유, searchCount=22, lastSearchDateTime=2023-03-24T10:53:29.509593800)
Hibernate: 
    update
        search_status 
    set
        update_datetime=?,
        last_search_datetime=?,
        search_count=?,
        search_keyword=? 
    where
        search_id=?
2023-03-24 10:53:29.512  INFO 53500 --- [ool-6-thread-62] c.z.b.a.s.service.BlogSearchService      : searchStatusEntity before = SearchStatusEntity(searchId=4, searchKeyword=아이유, searchCount=22, lastSearchDateTime=2023-03-24T10:53:29.509594)
2023-03-24 10:53:29.512  INFO 53500 --- [ool-6-thread-62] c.z.b.a.s.service.BlogSearchService      : searchStatusEntity after = SearchStatusEntity(searchId=4, searchKeyword=아이유, searchCount=23, lastSearchDateTime=2023-03-24T10:53:29.512586)
2023-03-24 10:53:29.515  INFO 53500 --- [ool-6-thread-58] c.z.b.a.s.service.BlogSearchService      : kakao api response = com.zetn333.blogsearchservice.api.search.dto.SearchBlogResponse@e8052e0
Hibernate: 
    select
        searchstat0_.search_id as search_i1_0_,
        searchstat0_.create_datetime as create_d2_0_,
        searchstat0_.update_datetime as update_d3_0_,
        searchstat0_.last_search_datetime as last_sea4_0_,
        searchstat0_.search_count as search_c5_0_,
        searchstat0_.search_keyword as search_k6_0_ 
    from
        search_status searchstat0_ 
    where
        searchstat0_.search_keyword=? for update
            
Hibernate: 
    update
        search_status 
    set
        update_datetime=?,
        last_search_datetime=?,
        search_count=?,
        search_keyword=? 
    where
        search_id=?
2023-03-24 10:53:29.519  INFO 53500 --- [ool-6-thread-69] c.z.b.a.s.service.BlogSearchService      : kakao api response = com.zetn333.blogsearchservice.api.search.dto.SearchBlogResponse@556620e8
Hibernate: 
    select
        searchstat0_.search_id as search_i1_0_,
        searchstat0_.create_datetime as create_d2_0_,
        searchstat0_.update_datetime as update_d3_0_,
        searchstat0_.last_search_datetime as last_sea4_0_,
        searchstat0_.search_count as search_c5_0_,
        searchstat0_.search_keyword as search_k6_0_ 
    from
        search_status searchstat0_ 
    where
        searchstat0_.search_keyword=? for update
            
2023-03-24 10:53:29.521  INFO 53500 --- [ool-6-thread-60] c.z.b.a.s.service.BlogSearchService      : searchStatusEntity before = SearchStatusEntity(searchId=4, searchKeyword=아이유, searchCount=23, lastSearchDateTime=2023-03-24T10:53:29.512586)
2023-03-24 10:53:29.521  INFO 53500 --- [ool-6-thread-57] c.z.b.a.s.service.BlogSearchService      : kakao api response = com.zetn333.blogsearchservice.api.search.dto.SearchBlogResponse@33bd38af
2023-03-24 10:53:29.521  INFO 53500 --- [ool-6-thread-60] c.z.b.a.s.service.BlogSearchService      : searchStatusEntity after = SearchStatusEntity(searchId=4, searchKeyword=아이유, searchCount=24, lastSearchDateTime=2023-03-24T10:53:29.521560100)
Hibernate: 
    select
        searchstat0_.search_id as search_i1_0_,
        searchstat0_.create_datetime as create_d2_0_,
        searchstat0_.update_datetime as update_d3_0_,
        searchstat0_.last_search_datetime as last_sea4_0_,
        searchstat0_.search_count as search_c5_0_,
        searchstat0_.search_keyword as search_k6_0_ 
    from
        search_status searchstat0_ 
    where
        searchstat0_.search_keyword=? for update
            
Hibernate: 
    update
        search_status 
    set
        update_datetime=?,
        last_search_datetime=?,
        search_count=?,
        search_keyword=? 
    where
        search_id=?
2023-03-24 10:53:29.524  INFO 53500 --- [ool-6-thread-57] c.z.b.a.s.service.BlogSearchService      : searchStatusEntity before = SearchStatusEntity(searchId=4, searchKeyword=아이유, searchCount=24, lastSearchDateTime=2023-03-24T10:53:29.521560)
2023-03-24 10:53:29.525  INFO 53500 --- [ool-6-thread-57] c.z.b.a.s.service.BlogSearchService      : searchStatusEntity after = SearchStatusEntity(searchId=4, searchKeyword=아이유, searchCount=25, lastSearchDateTime=2023-03-24T10:53:29.524553700)
Hibernate: 
    update
        search_status 
    set
        update_datetime=?,
        last_search_datetime=?,
        search_count=?,
        search_keyword=? 
    where
        search_id=?
2023-03-24 10:53:29.528  INFO 53500 --- [ool-6-thread-69] c.z.b.a.s.service.BlogSearchService      : searchStatusEntity before = SearchStatusEntity(searchId=4, searchKeyword=아이유, searchCount=25, lastSearchDateTime=2023-03-24T10:53:29.524554)
2023-03-24 10:53:29.528  INFO 53500 --- [ool-6-thread-69] c.z.b.a.s.service.BlogSearchService      : searchStatusEntity after = SearchStatusEntity(searchId=4, searchKeyword=아이유, searchCount=26, lastSearchDateTime=2023-03-24T10:53:29.528543700)
Hibernate: 
    update
        search_status 
    set
        update_datetime=?,
        last_search_datetime=?,
        search_count=?,
        search_keyword=? 
    where
        search_id=?
2023-03-24 10:53:29.532  INFO 53500 --- [ool-6-thread-73] c.z.b.a.s.service.BlogSearchService      : kakao api response = com.zetn333.blogsearchservice.api.search.dto.SearchBlogResponse@38f59ded
Hibernate: 
    select
        searchstat0_.search_id as search_i1_0_,
        searchstat0_.create_datetime as create_d2_0_,
        searchstat0_.update_datetime as update_d3_0_,
        searchstat0_.last_search_datetime as last_sea4_0_,
        searchstat0_.search_count as search_c5_0_,
        searchstat0_.search_keyword as search_k6_0_ 
    from
        search_status searchstat0_ 
    where
        searchstat0_.search_keyword=? for update
            
2023-03-24 10:53:29.540  INFO 53500 --- [ool-6-thread-58] c.z.b.a.s.service.BlogSearchService      : searchStatusEntity before = SearchStatusEntity(searchId=4, searchKeyword=아이유, searchCount=26, lastSearchDateTime=2023-03-24T10:53:29.528544)
2023-03-24 10:53:29.540  INFO 53500 --- [ool-6-thread-58] c.z.b.a.s.service.BlogSearchService      : searchStatusEntity after = SearchStatusEntity(searchId=4, searchKeyword=아이유, searchCount=27, lastSearchDateTime=2023-03-24T10:53:29.540510500)
Hibernate: 
    update
        search_status 
    set
        update_datetime=?,
        last_search_datetime=?,
        search_count=?,
        search_keyword=? 
    where
        search_id=?
2023-03-24 10:53:29.543  INFO 53500 --- [ool-6-thread-70] c.z.b.a.s.service.BlogSearchService      : searchStatusEntity before = SearchStatusEntity(searchId=4, searchKeyword=아이유, searchCount=27, lastSearchDateTime=2023-03-24T10:53:29.540511)
2023-03-24 10:53:29.543  INFO 53500 --- [ool-6-thread-70] c.z.b.a.s.service.BlogSearchService      : searchStatusEntity after = SearchStatusEntity(searchId=4, searchKeyword=아이유, searchCount=28, lastSearchDateTime=2023-03-24T10:53:29.543503200)
Hibernate: 
    update
        search_status 
    set
        update_datetime=?,
        last_search_datetime=?,
        search_count=?,
        search_keyword=? 
    where
        search_id=?
2023-03-24 10:53:29.551  INFO 53500 --- [ool-6-thread-55] c.z.b.a.s.service.BlogSearchService      : kakao api response = com.zetn333.blogsearchservice.api.search.dto.SearchBlogResponse@65d50b2f
2023-03-24 10:53:29.552  INFO 53500 --- [ool-6-thread-56] c.z.b.a.s.service.BlogSearchService      : kakao api response = com.zetn333.blogsearchservice.api.search.dto.SearchBlogResponse@7a8e3562
Hibernate: 
    select
        searchstat0_.search_id as search_i1_0_,
        searchstat0_.create_datetime as create_d2_0_,
        searchstat0_.update_datetime as update_d3_0_,
        searchstat0_.last_search_datetime as last_sea4_0_,
        searchstat0_.search_count as search_c5_0_,
        searchstat0_.search_keyword as search_k6_0_ 
    from
        search_status searchstat0_ 
    where
        searchstat0_.search_keyword=? for update
            
Hibernate: 
    select
        searchstat0_.search_id as search_i1_0_,
        searchstat0_.create_datetime as create_d2_0_,
        searchstat0_.update_datetime as update_d3_0_,
        searchstat0_.last_search_datetime as last_sea4_0_,
        searchstat0_.search_count as search_c5_0_,
        searchstat0_.search_keyword as search_k6_0_ 
    from
        search_status searchstat0_ 
    where
        searchstat0_.search_keyword=? for update
            
2023-03-24 10:53:29.553  INFO 53500 --- [ool-6-thread-64] c.z.b.a.s.service.BlogSearchService      : searchStatusEntity before = SearchStatusEntity(searchId=4, searchKeyword=아이유, searchCount=28, lastSearchDateTime=2023-03-24T10:53:29.543503)
2023-03-24 10:53:29.553  INFO 53500 --- [ool-6-thread-64] c.z.b.a.s.service.BlogSearchService      : searchStatusEntity after = SearchStatusEntity(searchId=4, searchKeyword=아이유, searchCount=29, lastSearchDateTime=2023-03-24T10:53:29.553476400)
Hibernate: 
    update
        search_status 
    set
        update_datetime=?,
        last_search_datetime=?,
        search_count=?,
        search_keyword=? 
    where
        search_id=?
2023-03-24 10:53:29.556  INFO 53500 --- [ool-6-thread-74] c.z.b.a.s.service.BlogSearchService      : kakao api response = com.zetn333.blogsearchservice.api.search.dto.SearchBlogResponse@59c210db
Hibernate: 
    select
        searchstat0_.search_id as search_i1_0_,
        searchstat0_.create_datetime as create_d2_0_,
        searchstat0_.update_datetime as update_d3_0_,
        searchstat0_.last_search_datetime as last_sea4_0_,
        searchstat0_.search_count as search_c5_0_,
        searchstat0_.search_keyword as search_k6_0_ 
    from
        search_status searchstat0_ 
    where
        searchstat0_.search_keyword=? for update
            
2023-03-24 10:53:29.557  INFO 53500 --- [ool-6-thread-72] c.z.b.a.s.service.BlogSearchService      : kakao api response = com.zetn333.blogsearchservice.api.search.dto.SearchBlogResponse@ae152c9
2023-03-24 10:53:29.558  INFO 53500 --- [ool-6-thread-74] c.z.b.a.s.service.BlogSearchService      : searchStatusEntity before = SearchStatusEntity(searchId=4, searchKeyword=아이유, searchCount=29, lastSearchDateTime=2023-03-24T10:53:29.553476)
Hibernate: 
    select
        searchstat0_.search_id as search_i1_0_,
        searchstat0_.create_datetime as create_d2_0_,
        searchstat0_.update_datetime as update_d3_0_,
        searchstat0_.last_search_datetime as last_sea4_0_,
        searchstat0_.search_count as search_c5_0_,
        searchstat0_.search_keyword as search_k6_0_ 
    from
        search_status searchstat0_ 
    where
        searchstat0_.search_keyword=? for update
            
2023-03-24 10:53:29.558  INFO 53500 --- [ool-6-thread-74] c.z.b.a.s.service.BlogSearchService      : searchStatusEntity after = SearchStatusEntity(searchId=4, searchKeyword=아이유, searchCount=30, lastSearchDateTime=2023-03-24T10:53:29.558464200)
Hibernate: 
    update
        search_status 
    set
        update_datetime=?,
        last_search_datetime=?,
        search_count=?,
        search_keyword=? 
    where
        search_id=?
2023-03-24 10:53:29.561  INFO 53500 --- [ool-6-thread-54] c.z.b.a.s.service.BlogSearchService      : kakao api response = com.zetn333.blogsearchservice.api.search.dto.SearchBlogResponse@e5e0b8
Hibernate: 
    select
        searchstat0_.search_id as search_i1_0_,
        searchstat0_.create_datetime as create_d2_0_,
        searchstat0_.update_datetime as update_d3_0_,
        searchstat0_.last_search_datetime as last_sea4_0_,
        searchstat0_.search_count as search_c5_0_,
        searchstat0_.search_keyword as search_k6_0_ 
    from
        search_status searchstat0_ 
    where
        searchstat0_.search_keyword=? for update
            
2023-03-24 10:53:29.562  INFO 53500 --- [ool-6-thread-73] c.z.b.a.s.service.BlogSearchService      : searchStatusEntity before = SearchStatusEntity(searchId=4, searchKeyword=아이유, searchCount=30, lastSearchDateTime=2023-03-24T10:53:29.558464)
2023-03-24 10:53:29.562  INFO 53500 --- [ool-6-thread-73] c.z.b.a.s.service.BlogSearchService      : searchStatusEntity after = SearchStatusEntity(searchId=4, searchKeyword=아이유, searchCount=31, lastSearchDateTime=2023-03-24T10:53:29.562451600)
2023-03-24 10:53:29.562  INFO 53500 --- [ool-6-thread-15] c.z.b.a.s.service.BlogSearchService      : kakao api response = com.zetn333.blogsearchservice.api.search.dto.SearchBlogResponse@1086d22d
Hibernate: 
    update
        search_status 
    set
        update_datetime=?,
        last_search_datetime=?,
        search_count=?,
        search_keyword=? 
    where
        search_id=?
Hibernate: 
    select
        searchstat0_.search_id as search_i1_0_,
        searchstat0_.create_datetime as create_d2_0_,
        searchstat0_.update_datetime as update_d3_0_,
        searchstat0_.last_search_datetime as last_sea4_0_,
        searchstat0_.search_count as search_c5_0_,
        searchstat0_.search_keyword as search_k6_0_ 
    from
        search_status searchstat0_ 
    where
        searchstat0_.search_keyword=? for update
            
2023-03-24 10:53:29.565  INFO 53500 --- [ool-6-thread-72] c.z.b.a.s.service.BlogSearchService      : searchStatusEntity before = SearchStatusEntity(searchId=4, searchKeyword=아이유, searchCount=31, lastSearchDateTime=2023-03-24T10:53:29.562452)
2023-03-24 10:53:29.565  INFO 53500 --- [ool-6-thread-72] c.z.b.a.s.service.BlogSearchService      : searchStatusEntity after = SearchStatusEntity(searchId=4, searchKeyword=아이유, searchCount=32, lastSearchDateTime=2023-03-24T10:53:29.565443600)
Hibernate: 
    update
        search_status 
    set
        update_datetime=?,
        last_search_datetime=?,
        search_count=?,
        search_keyword=? 
    where
        search_id=?
2023-03-24 10:53:29.571  INFO 53500 --- [ool-6-thread-55] c.z.b.a.s.service.BlogSearchService      : searchStatusEntity before = SearchStatusEntity(searchId=4, searchKeyword=아이유, searchCount=32, lastSearchDateTime=2023-03-24T10:53:29.565444)
2023-03-24 10:53:29.571  INFO 53500 --- [ool-6-thread-55] c.z.b.a.s.service.BlogSearchService      : searchStatusEntity after = SearchStatusEntity(searchId=4, searchKeyword=아이유, searchCount=33, lastSearchDateTime=2023-03-24T10:53:29.571428100)
Hibernate: 
    update
        search_status 
    set
        update_datetime=?,
        last_search_datetime=?,
        search_count=?,
        search_keyword=? 
    where
        search_id=?
2023-03-24 10:53:29.575  INFO 53500 --- [ool-6-thread-56] c.z.b.a.s.service.BlogSearchService      : searchStatusEntity before = SearchStatusEntity(searchId=4, searchKeyword=아이유, searchCount=33, lastSearchDateTime=2023-03-24T10:53:29.571428)
2023-03-24 10:53:29.575  INFO 53500 --- [ool-6-thread-56] c.z.b.a.s.service.BlogSearchService      : searchStatusEntity after = SearchStatusEntity(searchId=4, searchKeyword=아이유, searchCount=34, lastSearchDateTime=2023-03-24T10:53:29.575416900)
Hibernate: 
    update
        search_status 
    set
        update_datetime=?,
        last_search_datetime=?,
        search_count=?,
        search_keyword=? 
    where
        search_id=?
2023-03-24 10:53:29.583  INFO 53500 --- [ool-6-thread-75] c.z.b.a.s.service.BlogSearchService      : kakao api response = com.zetn333.blogsearchservice.api.search.dto.SearchBlogResponse@5360c658
Hibernate: 
    select
        searchstat0_.search_id as search_i1_0_,
        searchstat0_.create_datetime as create_d2_0_,
        searchstat0_.update_datetime as update_d3_0_,
        searchstat0_.last_search_datetime as last_sea4_0_,
        searchstat0_.search_count as search_c5_0_,
        searchstat0_.search_keyword as search_k6_0_ 
    from
        search_status searchstat0_ 
    where
        searchstat0_.search_keyword=? for update
            
2023-03-24 10:53:29.597  INFO 53500 --- [ool-6-thread-51] c.z.b.a.s.service.BlogSearchService      : kakao api response = com.zetn333.blogsearchservice.api.search.dto.SearchBlogResponse@570deaab
Hibernate: 
    select
        searchstat0_.search_id as search_i1_0_,
        searchstat0_.create_datetime as create_d2_0_,
        searchstat0_.update_datetime as update_d3_0_,
        searchstat0_.last_search_datetime as last_sea4_0_,
        searchstat0_.search_count as search_c5_0_,
        searchstat0_.search_keyword as search_k6_0_ 
    from
        search_status searchstat0_ 
    where
        searchstat0_.search_keyword=? for update
            
2023-03-24 10:53:29.599  INFO 53500 --- [ool-6-thread-51] c.z.b.a.s.service.BlogSearchService      : searchStatusEntity before = SearchStatusEntity(searchId=4, searchKeyword=아이유, searchCount=34, lastSearchDateTime=2023-03-24T10:53:29.575417)
2023-03-24 10:53:29.599  INFO 53500 --- [ool-6-thread-51] c.z.b.a.s.service.BlogSearchService      : searchStatusEntity after = SearchStatusEntity(searchId=4, searchKeyword=아이유, searchCount=35, lastSearchDateTime=2023-03-24T10:53:29.599354200)
2023-03-24 10:53:29.600  INFO 53500 --- [ool-6-thread-77] c.z.b.a.s.service.BlogSearchService      : kakao api response = com.zetn333.blogsearchservice.api.search.dto.SearchBlogResponse@18d4e74f
Hibernate: 
    select
        searchstat0_.search_id as search_i1_0_,
        searchstat0_.create_datetime as create_d2_0_,
        searchstat0_.update_datetime as update_d3_0_,
        searchstat0_.last_search_datetime as last_sea4_0_,
        searchstat0_.search_count as search_c5_0_,
        searchstat0_.search_keyword as search_k6_0_ 
    from
        search_status searchstat0_ 
    where
        searchstat0_.search_keyword=? for update
            
2023-03-24 10:53:29.602  INFO 53500 --- [ool-6-thread-52] c.z.b.a.s.service.BlogSearchService      : kakao api response = com.zetn333.blogsearchservice.api.search.dto.SearchBlogResponse@1f84d87a
Hibernate: 
    select
        searchstat0_.search_id as search_i1_0_,
        searchstat0_.create_datetime as create_d2_0_,
        searchstat0_.update_datetime as update_d3_0_,
        searchstat0_.last_search_datetime as last_sea4_0_,
        searchstat0_.search_count as search_c5_0_,
        searchstat0_.search_keyword as search_k6_0_ 
    from
        search_status searchstat0_ 
    where
        searchstat0_.search_keyword=? for update
            
2023-03-24 10:53:29.605  INFO 53500 --- [ool-6-thread-50] c.z.b.a.s.service.BlogSearchService      : kakao api response = com.zetn333.blogsearchservice.api.search.dto.SearchBlogResponse@5f262bf
Hibernate: 
    update
        search_status 
    set
        update_datetime=?,
        last_search_datetime=?,
        search_count=?,
        search_keyword=? 
    where
        search_id=?
Hibernate: 
    select
        searchstat0_.search_id as search_i1_0_,
        searchstat0_.create_datetime as create_d2_0_,
        searchstat0_.update_datetime as update_d3_0_,
        searchstat0_.last_search_datetime as last_sea4_0_,
        searchstat0_.search_count as search_c5_0_,
        searchstat0_.search_keyword as search_k6_0_ 
    from
        search_status searchstat0_ 
    where
        searchstat0_.search_keyword=? for update
            
2023-03-24 10:53:29.617  INFO 53500 --- [ool-6-thread-76] c.z.b.a.s.service.BlogSearchService      : kakao api response = com.zetn333.blogsearchservice.api.search.dto.SearchBlogResponse@77d5e6a9
2023-03-24 10:53:29.619  INFO 53500 --- [ool-6-thread-48] c.z.b.a.s.service.BlogSearchService      : kakao api response = com.zetn333.blogsearchservice.api.search.dto.SearchBlogResponse@46a433f5
Hibernate: 
    select
        searchstat0_.search_id as search_i1_0_,
        searchstat0_.create_datetime as create_d2_0_,
        searchstat0_.update_datetime as update_d3_0_,
        searchstat0_.last_search_datetime as last_sea4_0_,
        searchstat0_.search_count as search_c5_0_,
        searchstat0_.search_keyword as search_k6_0_ 
    from
        search_status searchstat0_ 
    where
        searchstat0_.search_keyword=? for update
            
Hibernate: 
    select
        searchstat0_.search_id as search_i1_0_,
        searchstat0_.create_datetime as create_d2_0_,
        searchstat0_.update_datetime as update_d3_0_,
        searchstat0_.last_search_datetime as last_sea4_0_,
        searchstat0_.search_count as search_c5_0_,
        searchstat0_.search_keyword as search_k6_0_ 
    from
        search_status searchstat0_ 
    where
        searchstat0_.search_keyword=? for update
            
2023-03-24 10:53:29.624  INFO 53500 --- [ool-6-thread-76] c.z.b.a.s.service.BlogSearchService      : searchStatusEntity before = SearchStatusEntity(searchId=4, searchKeyword=아이유, searchCount=35, lastSearchDateTime=2023-03-24T10:53:29.599354)
2023-03-24 10:53:29.632  INFO 53500 --- [ool-6-thread-76] c.z.b.a.s.service.BlogSearchService      : searchStatusEntity after = SearchStatusEntity(searchId=4, searchKeyword=아이유, searchCount=36, lastSearchDateTime=2023-03-24T10:53:29.632265900)
2023-03-24 10:53:29.632  INFO 53500 --- [ool-6-thread-13] c.z.b.a.s.service.BlogSearchService      : kakao api response = com.zetn333.blogsearchservice.api.search.dto.SearchBlogResponse@50abb0af
Hibernate: 
    select
        searchstat0_.search_id as search_i1_0_,
        searchstat0_.create_datetime as create_d2_0_,
        searchstat0_.update_datetime as update_d3_0_,
        searchstat0_.last_search_datetime as last_sea4_0_,
        searchstat0_.search_count as search_c5_0_,
        searchstat0_.search_keyword as search_k6_0_ 
    from
        search_status searchstat0_ 
    where
        searchstat0_.search_keyword=? for update
            
Hibernate: 
    update
        search_status 
    set
        update_datetime=?,
        last_search_datetime=?,
        search_count=?,
        search_keyword=? 
    where
        search_id=?
2023-03-24 10:53:29.637  INFO 53500 --- [ool-6-thread-75] c.z.b.a.s.service.BlogSearchService      : searchStatusEntity before = SearchStatusEntity(searchId=4, searchKeyword=아이유, searchCount=36, lastSearchDateTime=2023-03-24T10:53:29.632266)
2023-03-24 10:53:29.637  INFO 53500 --- [ool-6-thread-75] c.z.b.a.s.service.BlogSearchService      : searchStatusEntity after = SearchStatusEntity(searchId=4, searchKeyword=아이유, searchCount=37, lastSearchDateTime=2023-03-24T10:53:29.637252300)
Hibernate: 
    update
        search_status 
    set
        update_datetime=?,
        last_search_datetime=?,
        search_count=?,
        search_keyword=? 
    where
        search_id=?
2023-03-24 10:53:29.640  INFO 53500 --- [ool-6-thread-77] c.z.b.a.s.service.BlogSearchService      : searchStatusEntity before = SearchStatusEntity(searchId=4, searchKeyword=아이유, searchCount=37, lastSearchDateTime=2023-03-24T10:53:29.637252)
2023-03-24 10:53:29.640  INFO 53500 --- [ool-6-thread-77] c.z.b.a.s.service.BlogSearchService      : searchStatusEntity after = SearchStatusEntity(searchId=4, searchKeyword=아이유, searchCount=38, lastSearchDateTime=2023-03-24T10:53:29.640242100)
Hibernate: 
    update
        search_status 
    set
        update_datetime=?,
        last_search_datetime=?,
        search_count=?,
        search_keyword=? 
    where
        search_id=?
2023-03-24 10:53:29.657  INFO 53500 --- [ool-6-thread-47] c.z.b.a.s.service.BlogSearchService      : kakao api response = com.zetn333.blogsearchservice.api.search.dto.SearchBlogResponse@154fff7
Hibernate: 
    select
        searchstat0_.search_id as search_i1_0_,
        searchstat0_.create_datetime as create_d2_0_,
        searchstat0_.update_datetime as update_d3_0_,
        searchstat0_.last_search_datetime as last_sea4_0_,
        searchstat0_.search_count as search_c5_0_,
        searchstat0_.search_keyword as search_k6_0_ 
    from
        search_status searchstat0_ 
    where
        searchstat0_.search_keyword=? for update
            
2023-03-24 10:53:29.650  INFO 53500 --- [ool-6-thread-54] c.z.b.a.s.service.BlogSearchService      : searchStatusEntity before = SearchStatusEntity(searchId=4, searchKeyword=아이유, searchCount=38, lastSearchDateTime=2023-03-24T10:53:29.640242)
2023-03-24 10:53:29.658  INFO 53500 --- [ool-6-thread-54] c.z.b.a.s.service.BlogSearchService      : searchStatusEntity after = SearchStatusEntity(searchId=4, searchKeyword=아이유, searchCount=39, lastSearchDateTime=2023-03-24T10:53:29.658197)
Hibernate: 
    update
        search_status 
    set
        update_datetime=?,
        last_search_datetime=?,
        search_count=?,
        search_keyword=? 
    where
        search_id=?
2023-03-24 10:53:29.662  INFO 53500 --- [ool-6-thread-15] c.z.b.a.s.service.BlogSearchService      : searchStatusEntity before = SearchStatusEntity(searchId=4, searchKeyword=아이유, searchCount=39, lastSearchDateTime=2023-03-24T10:53:29.658197)
2023-03-24 10:53:29.662  INFO 53500 --- [ool-6-thread-15] c.z.b.a.s.service.BlogSearchService      : searchStatusEntity after = SearchStatusEntity(searchId=4, searchKeyword=아이유, searchCount=40, lastSearchDateTime=2023-03-24T10:53:29.662183300)
Hibernate: 
    update
        search_status 
    set
        update_datetime=?,
        last_search_datetime=?,
        search_count=?,
        search_keyword=? 
    where
        search_id=?
2023-03-24 10:53:29.669  INFO 53500 --- [ool-6-thread-13] c.z.b.a.s.service.BlogSearchService      : searchStatusEntity before = SearchStatusEntity(searchId=4, searchKeyword=아이유, searchCount=40, lastSearchDateTime=2023-03-24T10:53:29.662183)
2023-03-24 10:53:29.669  INFO 53500 --- [ool-6-thread-13] c.z.b.a.s.service.BlogSearchService      : searchStatusEntity after = SearchStatusEntity(searchId=4, searchKeyword=아이유, searchCount=41, lastSearchDateTime=2023-03-24T10:53:29.669165800)
Hibernate: 
    update
        search_status 
    set
        update_datetime=?,
        last_search_datetime=?,
        search_count=?,
        search_keyword=? 
    where
        search_id=?
2023-03-24 10:53:29.681  INFO 53500 --- [ool-6-thread-50] c.z.b.a.s.service.BlogSearchService      : searchStatusEntity before = SearchStatusEntity(searchId=4, searchKeyword=아이유, searchCount=41, lastSearchDateTime=2023-03-24T10:53:29.669166)
2023-03-24 10:53:29.681  INFO 53500 --- [ool-6-thread-50] c.z.b.a.s.service.BlogSearchService      : searchStatusEntity after = SearchStatusEntity(searchId=4, searchKeyword=아이유, searchCount=42, lastSearchDateTime=2023-03-24T10:53:29.681133600)
Hibernate: 
    update
        search_status 
    set
        update_datetime=?,
        last_search_datetime=?,
        search_count=?,
        search_keyword=? 
    where
        search_id=?
2023-03-24 10:53:29.682  INFO 53500 --- [ool-6-thread-45] c.z.b.a.s.service.BlogSearchService      : kakao api response = com.zetn333.blogsearchservice.api.search.dto.SearchBlogResponse@1f029973
Hibernate: 
    select
        searchstat0_.search_id as search_i1_0_,
        searchstat0_.create_datetime as create_d2_0_,
        searchstat0_.update_datetime as update_d3_0_,
        searchstat0_.last_search_datetime as last_sea4_0_,
        searchstat0_.search_count as search_c5_0_,
        searchstat0_.search_keyword as search_k6_0_ 
    from
        search_status searchstat0_ 
    where
        searchstat0_.search_keyword=? for update
            
2023-03-24 10:53:29.686  INFO 53500 --- [ool-6-thread-45] c.z.b.a.s.service.BlogSearchService      : searchStatusEntity before = SearchStatusEntity(searchId=4, searchKeyword=아이유, searchCount=42, lastSearchDateTime=2023-03-24T10:53:29.681134)
2023-03-24 10:53:29.689  INFO 53500 --- [ool-6-thread-45] c.z.b.a.s.service.BlogSearchService      : searchStatusEntity after = SearchStatusEntity(searchId=4, searchKeyword=아이유, searchCount=43, lastSearchDateTime=2023-03-24T10:53:29.689113600)
2023-03-24 10:53:29.689  INFO 53500 --- [ool-6-thread-46] c.z.b.a.s.service.BlogSearchService      : kakao api response = com.zetn333.blogsearchservice.api.search.dto.SearchBlogResponse@3465bf1b
Hibernate: 
    update
        search_status 
    set
        update_datetime=?,
        last_search_datetime=?,
        search_count=?,
        search_keyword=? 
    where
        search_id=?
Hibernate: 
    select
        searchstat0_.search_id as search_i1_0_,
        searchstat0_.create_datetime as create_d2_0_,
        searchstat0_.update_datetime as update_d3_0_,
        searchstat0_.last_search_datetime as last_sea4_0_,
        searchstat0_.search_count as search_c5_0_,
        searchstat0_.search_keyword as search_k6_0_ 
    from
        search_status searchstat0_ 
    where
        searchstat0_.search_keyword=? for update
            
2023-03-24 10:53:29.692  INFO 53500 --- [ool-6-thread-42] c.z.b.a.s.service.BlogSearchService      : kakao api response = com.zetn333.blogsearchservice.api.search.dto.SearchBlogResponse@aa224de
Hibernate: 
    select
        searchstat0_.search_id as search_i1_0_,
        searchstat0_.create_datetime as create_d2_0_,
        searchstat0_.update_datetime as update_d3_0_,
        searchstat0_.last_search_datetime as last_sea4_0_,
        searchstat0_.search_count as search_c5_0_,
        searchstat0_.search_keyword as search_k6_0_ 
    from
        search_status searchstat0_ 
    where
        searchstat0_.search_keyword=? for update
            
2023-03-24 10:53:29.694  INFO 53500 --- [ool-6-thread-42] c.z.b.a.s.service.BlogSearchService      : searchStatusEntity before = SearchStatusEntity(searchId=4, searchKeyword=아이유, searchCount=43, lastSearchDateTime=2023-03-24T10:53:29.689114)
2023-03-24 10:53:29.695  INFO 53500 --- [ool-6-thread-42] c.z.b.a.s.service.BlogSearchService      : searchStatusEntity after = SearchStatusEntity(searchId=4, searchKeyword=아이유, searchCount=44, lastSearchDateTime=2023-03-24T10:53:29.695097100)
Hibernate: 
    update
        search_status 
    set
        update_datetime=?,
        last_search_datetime=?,
        search_count=?,
        search_keyword=? 
    where
        search_id=?
2023-03-24 10:53:29.700  INFO 53500 --- [ool-6-thread-52] c.z.b.a.s.service.BlogSearchService      : searchStatusEntity before = SearchStatusEntity(searchId=4, searchKeyword=아이유, searchCount=44, lastSearchDateTime=2023-03-24T10:53:29.695097)
2023-03-24 10:53:29.700  INFO 53500 --- [ool-6-thread-52] c.z.b.a.s.service.BlogSearchService      : searchStatusEntity after = SearchStatusEntity(searchId=4, searchKeyword=아이유, searchCount=45, lastSearchDateTime=2023-03-24T10:53:29.700084100)
Hibernate: 
    update
        search_status 
    set
        update_datetime=?,
        last_search_datetime=?,
        search_count=?,
        search_keyword=? 
    where
        search_id=?
2023-03-24 10:53:29.703  INFO 53500 --- [ool-6-thread-46] c.z.b.a.s.service.BlogSearchService      : searchStatusEntity before = SearchStatusEntity(searchId=4, searchKeyword=아이유, searchCount=45, lastSearchDateTime=2023-03-24T10:53:29.700084)
2023-03-24 10:53:29.704  INFO 53500 --- [ool-6-thread-46] c.z.b.a.s.service.BlogSearchService      : searchStatusEntity after = SearchStatusEntity(searchId=4, searchKeyword=아이유, searchCount=46, lastSearchDateTime=2023-03-24T10:53:29.704073300)
Hibernate: 
    update
        search_status 
    set
        update_datetime=?,
        last_search_datetime=?,
        search_count=?,
        search_keyword=? 
    where
        search_id=?
2023-03-24 10:53:29.711  INFO 53500 --- [ool-6-thread-48] c.z.b.a.s.service.BlogSearchService      : searchStatusEntity before = SearchStatusEntity(searchId=4, searchKeyword=아이유, searchCount=46, lastSearchDateTime=2023-03-24T10:53:29.704073)
2023-03-24 10:53:29.711  INFO 53500 --- [ool-6-thread-48] c.z.b.a.s.service.BlogSearchService      : searchStatusEntity after = SearchStatusEntity(searchId=4, searchKeyword=아이유, searchCount=47, lastSearchDateTime=2023-03-24T10:53:29.711058800)
Hibernate: 
    update
        search_status 
    set
        update_datetime=?,
        last_search_datetime=?,
        search_count=?,
        search_keyword=? 
    where
        search_id=?
2023-03-24 10:53:29.724  INFO 53500 --- [ool-6-thread-44] c.z.b.a.s.service.BlogSearchService      : kakao api response = com.zetn333.blogsearchservice.api.search.dto.SearchBlogResponse@1b6e38ad
Hibernate: 
    select
        searchstat0_.search_id as search_i1_0_,
        searchstat0_.create_datetime as create_d2_0_,
        searchstat0_.update_datetime as update_d3_0_,
        searchstat0_.last_search_datetime as last_sea4_0_,
        searchstat0_.search_count as search_c5_0_,
        searchstat0_.search_keyword as search_k6_0_ 
    from
        search_status searchstat0_ 
    where
        searchstat0_.search_keyword=? for update
            
2023-03-24 10:53:29.726  INFO 53500 --- [ool-6-thread-44] c.z.b.a.s.service.BlogSearchService      : searchStatusEntity before = SearchStatusEntity(searchId=4, searchKeyword=아이유, searchCount=47, lastSearchDateTime=2023-03-24T10:53:29.711059)
2023-03-24 10:53:29.726  INFO 53500 --- [ool-6-thread-44] c.z.b.a.s.service.BlogSearchService      : searchStatusEntity after = SearchStatusEntity(searchId=4, searchKeyword=아이유, searchCount=48, lastSearchDateTime=2023-03-24T10:53:29.726014100)
Hibernate: 
    update
        search_status 
    set
        update_datetime=?,
        last_search_datetime=?,
        search_count=?,
        search_keyword=? 
    where
        search_id=?
2023-03-24 10:53:29.730  INFO 53500 --- [ool-6-thread-43] c.z.b.a.s.service.BlogSearchService      : kakao api response = com.zetn333.blogsearchservice.api.search.dto.SearchBlogResponse@19bdabee
Hibernate: 
    select
        searchstat0_.search_id as search_i1_0_,
        searchstat0_.create_datetime as create_d2_0_,
        searchstat0_.update_datetime as update_d3_0_,
        searchstat0_.last_search_datetime as last_sea4_0_,
        searchstat0_.search_count as search_c5_0_,
        searchstat0_.search_keyword as search_k6_0_ 
    from
        search_status searchstat0_ 
    where
        searchstat0_.search_keyword=? for update
            
2023-03-24 10:53:29.732  INFO 53500 --- [ool-6-thread-43] c.z.b.a.s.service.BlogSearchService      : searchStatusEntity before = SearchStatusEntity(searchId=4, searchKeyword=아이유, searchCount=48, lastSearchDateTime=2023-03-24T10:53:29.726014)
2023-03-24 10:53:29.732  INFO 53500 --- [ool-6-thread-43] c.z.b.a.s.service.BlogSearchService      : searchStatusEntity after = SearchStatusEntity(searchId=4, searchKeyword=아이유, searchCount=49, lastSearchDateTime=2023-03-24T10:53:29.732998)
Hibernate: 
    update
        search_status 
    set
        update_datetime=?,
        last_search_datetime=?,
        search_count=?,
        search_keyword=? 
    where
        search_id=?
2023-03-24 10:53:29.734  INFO 53500 --- [ool-6-thread-41] c.z.b.a.s.service.BlogSearchService      : kakao api response = com.zetn333.blogsearchservice.api.search.dto.SearchBlogResponse@255aaeb2
Hibernate: 
    select
        searchstat0_.search_id as search_i1_0_,
        searchstat0_.create_datetime as create_d2_0_,
        searchstat0_.update_datetime as update_d3_0_,
        searchstat0_.last_search_datetime as last_sea4_0_,
        searchstat0_.search_count as search_c5_0_,
        searchstat0_.search_keyword as search_k6_0_ 
    from
        search_status searchstat0_ 
    where
        searchstat0_.search_keyword=? for update
            
2023-03-24 10:53:29.736  INFO 53500 --- [ool-6-thread-40] c.z.b.a.s.service.BlogSearchService      : kakao api response = com.zetn333.blogsearchservice.api.search.dto.SearchBlogResponse@132443ba
2023-03-24 10:53:29.736  INFO 53500 --- [ool-6-thread-41] c.z.b.a.s.service.BlogSearchService      : searchStatusEntity before = SearchStatusEntity(searchId=4, searchKeyword=아이유, searchCount=49, lastSearchDateTime=2023-03-24T10:53:29.732998)
2023-03-24 10:53:29.737  INFO 53500 --- [ool-6-thread-41] c.z.b.a.s.service.BlogSearchService      : searchStatusEntity after = SearchStatusEntity(searchId=4, searchKeyword=아이유, searchCount=50, lastSearchDateTime=2023-03-24T10:53:29.737983500)
Hibernate: 
    select
        searchstat0_.search_id as search_i1_0_,
        searchstat0_.create_datetime as create_d2_0_,
        searchstat0_.update_datetime as update_d3_0_,
        searchstat0_.last_search_datetime as last_sea4_0_,
        searchstat0_.search_count as search_c5_0_,
        searchstat0_.search_keyword as search_k6_0_ 
    from
        search_status searchstat0_ 
    where
        searchstat0_.search_keyword=? for update
            
Hibernate: 
    update
        search_status 
    set
        update_datetime=?,
        last_search_datetime=?,
        search_count=?,
        search_keyword=? 
    where
        search_id=?
2023-03-24 10:53:29.739  INFO 53500 --- [ool-6-thread-47] c.z.b.a.s.service.BlogSearchService      : searchStatusEntity before = SearchStatusEntity(searchId=4, searchKeyword=아이유, searchCount=50, lastSearchDateTime=2023-03-24T10:53:29.737984)
2023-03-24 10:53:29.740  INFO 53500 --- [ool-6-thread-47] c.z.b.a.s.service.BlogSearchService      : searchStatusEntity after = SearchStatusEntity(searchId=4, searchKeyword=아이유, searchCount=51, lastSearchDateTime=2023-03-24T10:53:29.740976300)
Hibernate: 
    update
        search_status 
    set
        update_datetime=?,
        last_search_datetime=?,
        search_count=?,
        search_keyword=? 
    where
        search_id=?
2023-03-24 10:53:29.747  INFO 53500 --- [ool-6-thread-39] c.z.b.a.s.service.BlogSearchService      : kakao api response = com.zetn333.blogsearchservice.api.search.dto.SearchBlogResponse@7232e1ab
Hibernate: 
    select
        searchstat0_.search_id as search_i1_0_,
        searchstat0_.create_datetime as create_d2_0_,
        searchstat0_.update_datetime as update_d3_0_,
        searchstat0_.last_search_datetime as last_sea4_0_,
        searchstat0_.search_count as search_c5_0_,
        searchstat0_.search_keyword as search_k6_0_ 
    from
        search_status searchstat0_ 
    where
        searchstat0_.search_keyword=? for update
            
2023-03-24 10:53:29.749  INFO 53500 --- [ool-6-thread-39] c.z.b.a.s.service.BlogSearchService      : searchStatusEntity before = SearchStatusEntity(searchId=4, searchKeyword=아이유, searchCount=51, lastSearchDateTime=2023-03-24T10:53:29.740976)
2023-03-24 10:53:29.749  INFO 53500 --- [ool-6-thread-39] c.z.b.a.s.service.BlogSearchService      : searchStatusEntity after = SearchStatusEntity(searchId=4, searchKeyword=아이유, searchCount=52, lastSearchDateTime=2023-03-24T10:53:29.749950700)
Hibernate: 
    update
        search_status 
    set
        update_datetime=?,
        last_search_datetime=?,
        search_count=?,
        search_keyword=? 
    where
        search_id=?
2023-03-24 10:53:29.757  INFO 53500 --- [ool-6-thread-38] c.z.b.a.s.service.BlogSearchService      : kakao api response = com.zetn333.blogsearchservice.api.search.dto.SearchBlogResponse@3a6ff0a4
Hibernate: 
    select
        searchstat0_.search_id as search_i1_0_,
        searchstat0_.create_datetime as create_d2_0_,
        searchstat0_.update_datetime as update_d3_0_,
        searchstat0_.last_search_datetime as last_sea4_0_,
        searchstat0_.search_count as search_c5_0_,
        searchstat0_.search_keyword as search_k6_0_ 
    from
        search_status searchstat0_ 
    where
        searchstat0_.search_keyword=? for update
            
2023-03-24 10:53:29.770  INFO 53500 --- [ool-6-thread-40] c.z.b.a.s.service.BlogSearchService      : searchStatusEntity before = SearchStatusEntity(searchId=4, searchKeyword=아이유, searchCount=52, lastSearchDateTime=2023-03-24T10:53:29.749951)
2023-03-24 10:53:29.770  INFO 53500 --- [ool-6-thread-40] c.z.b.a.s.service.BlogSearchService      : searchStatusEntity after = SearchStatusEntity(searchId=4, searchKeyword=아이유, searchCount=53, lastSearchDateTime=2023-03-24T10:53:29.770894)
Hibernate: 
    update
        search_status 
    set
        update_datetime=?,
        last_search_datetime=?,
        search_count=?,
        search_keyword=? 
    where
        search_id=?
2023-03-24 10:53:29.776  INFO 53500 --- [ool-6-thread-36] c.z.b.a.s.service.BlogSearchService      : kakao api response = com.zetn333.blogsearchservice.api.search.dto.SearchBlogResponse@3dd43a1
Hibernate: 
    select
        searchstat0_.search_id as search_i1_0_,
        searchstat0_.create_datetime as create_d2_0_,
        searchstat0_.update_datetime as update_d3_0_,
        searchstat0_.last_search_datetime as last_sea4_0_,
        searchstat0_.search_count as search_c5_0_,
        searchstat0_.search_keyword as search_k6_0_ 
    from
        search_status searchstat0_ 
    where
        searchstat0_.search_keyword=? for update
            
2023-03-24 10:53:29.781  INFO 53500 --- [ool-6-thread-36] c.z.b.a.s.service.BlogSearchService      : searchStatusEntity before = SearchStatusEntity(searchId=4, searchKeyword=아이유, searchCount=53, lastSearchDateTime=2023-03-24T10:53:29.770894)
2023-03-24 10:53:29.777  INFO 53500 --- [ool-6-thread-33] c.z.b.a.s.service.BlogSearchService      : kakao api response = com.zetn333.blogsearchservice.api.search.dto.SearchBlogResponse@348f6858
Hibernate: 
    select
        searchstat0_.search_id as search_i1_0_,
        searchstat0_.create_datetime as create_d2_0_,
        searchstat0_.update_datetime as update_d3_0_,
        searchstat0_.last_search_datetime as last_sea4_0_,
        searchstat0_.search_count as search_c5_0_,
        searchstat0_.search_keyword as search_k6_0_ 
    from
        search_status searchstat0_ 
    where
        searchstat0_.search_keyword=? for update
            
2023-03-24 10:53:29.783  INFO 53500 --- [ool-6-thread-37] c.z.b.a.s.service.BlogSearchService      : kakao api response = com.zetn333.blogsearchservice.api.search.dto.SearchBlogResponse@4c6d23d6
Hibernate: 
    select
        searchstat0_.search_id as search_i1_0_,
        searchstat0_.create_datetime as create_d2_0_,
        searchstat0_.update_datetime as update_d3_0_,
        searchstat0_.last_search_datetime as last_sea4_0_,
        searchstat0_.search_count as search_c5_0_,
        searchstat0_.search_keyword as search_k6_0_ 
    from
        search_status searchstat0_ 
    where
        searchstat0_.search_keyword=? for update
            
2023-03-24 10:53:29.782  INFO 53500 --- [ool-6-thread-36] c.z.b.a.s.service.BlogSearchService      : searchStatusEntity after = SearchStatusEntity(searchId=4, searchKeyword=아이유, searchCount=54, lastSearchDateTime=2023-03-24T10:53:29.782861900)
Hibernate: 
    update
        search_status 
    set
        update_datetime=?,
        last_search_datetime=?,
        search_count=?,
        search_keyword=? 
    where
        search_id=?
2023-03-24 10:53:29.783  INFO 53500 --- [ool-6-thread-35] c.z.b.a.s.service.BlogSearchService      : kakao api response = com.zetn333.blogsearchservice.api.search.dto.SearchBlogResponse@64d6898e
Hibernate: 
    select
        searchstat0_.search_id as search_i1_0_,
        searchstat0_.create_datetime as create_d2_0_,
        searchstat0_.update_datetime as update_d3_0_,
        searchstat0_.last_search_datetime as last_sea4_0_,
        searchstat0_.search_count as search_c5_0_,
        searchstat0_.search_keyword as search_k6_0_ 
    from
        search_status searchstat0_ 
    where
        searchstat0_.search_keyword=? for update
            
2023-03-24 10:53:29.790  INFO 53500 --- [ool-6-thread-35] c.z.b.a.s.service.BlogSearchService      : searchStatusEntity before = SearchStatusEntity(searchId=4, searchKeyword=아이유, searchCount=54, lastSearchDateTime=2023-03-24T10:53:29.782862)
2023-03-24 10:53:29.790  INFO 53500 --- [ool-6-thread-35] c.z.b.a.s.service.BlogSearchService      : searchStatusEntity after = SearchStatusEntity(searchId=4, searchKeyword=아이유, searchCount=55, lastSearchDateTime=2023-03-24T10:53:29.790842)
Hibernate: 
    update
        search_status 
    set
        update_datetime=?,
        last_search_datetime=?,
        search_count=?,
        search_keyword=? 
    where
        search_id=?
2023-03-24 10:53:29.783  INFO 53500 --- [ool-6-thread-34] c.z.b.a.s.service.BlogSearchService      : kakao api response = com.zetn333.blogsearchservice.api.search.dto.SearchBlogResponse@658afc39
Hibernate: 
    select
        searchstat0_.search_id as search_i1_0_,
        searchstat0_.create_datetime as create_d2_0_,
        searchstat0_.update_datetime as update_d3_0_,
        searchstat0_.last_search_datetime as last_sea4_0_,
        searchstat0_.search_count as search_c5_0_,
        searchstat0_.search_keyword as search_k6_0_ 
    from
        search_status searchstat0_ 
    where
        searchstat0_.search_keyword=? for update
            
2023-03-24 10:53:29.795  INFO 53500 --- [ool-6-thread-38] c.z.b.a.s.service.BlogSearchService      : searchStatusEntity before = SearchStatusEntity(searchId=4, searchKeyword=아이유, searchCount=55, lastSearchDateTime=2023-03-24T10:53:29.790842)
2023-03-24 10:53:29.796  INFO 53500 --- [ool-6-thread-38] c.z.b.a.s.service.BlogSearchService      : searchStatusEntity after = SearchStatusEntity(searchId=4, searchKeyword=아이유, searchCount=56, lastSearchDateTime=2023-03-24T10:53:29.796827200)
Hibernate: 
    update
        search_status 
    set
        update_datetime=?,
        last_search_datetime=?,
        search_count=?,
        search_keyword=? 
    where
        search_id=?
2023-03-24 10:53:29.798  INFO 53500 --- [ool-6-thread-32] c.z.b.a.s.service.BlogSearchService      : kakao api response = com.zetn333.blogsearchservice.api.search.dto.SearchBlogResponse@4560cf95
2023-03-24 10:53:29.799  INFO 53500 --- [ool-6-thread-31] c.z.b.a.s.service.BlogSearchService      : kakao api response = com.zetn333.blogsearchservice.api.search.dto.SearchBlogResponse@ed4b92d
Hibernate: 
    select
        searchstat0_.search_id as search_i1_0_,
        searchstat0_.create_datetime as create_d2_0_,
        searchstat0_.update_datetime as update_d3_0_,
        searchstat0_.last_search_datetime as last_sea4_0_,
        searchstat0_.search_count as search_c5_0_,
        searchstat0_.search_keyword as search_k6_0_ 
    from
        search_status searchstat0_ 
    where
        searchstat0_.search_keyword=? for update
            
Hibernate: 
    select
        searchstat0_.search_id as search_i1_0_,
        searchstat0_.create_datetime as create_d2_0_,
        searchstat0_.update_datetime as update_d3_0_,
        searchstat0_.last_search_datetime as last_sea4_0_,
        searchstat0_.search_count as search_c5_0_,
        searchstat0_.search_keyword as search_k6_0_ 
    from
        search_status searchstat0_ 
    where
        searchstat0_.search_keyword=? for update
            
2023-03-24 10:53:29.800  INFO 53500 --- [ool-6-thread-32] c.z.b.a.s.service.BlogSearchService      : searchStatusEntity before = SearchStatusEntity(searchId=4, searchKeyword=아이유, searchCount=56, lastSearchDateTime=2023-03-24T10:53:29.796827)
2023-03-24 10:53:29.801  INFO 53500 --- [ool-6-thread-32] c.z.b.a.s.service.BlogSearchService      : searchStatusEntity after = SearchStatusEntity(searchId=4, searchKeyword=아이유, searchCount=57, lastSearchDateTime=2023-03-24T10:53:29.801811700)
2023-03-24 10:53:29.805  INFO 53500 --- [ool-6-thread-30] c.z.b.a.s.service.BlogSearchService      : kakao api response = com.zetn333.blogsearchservice.api.search.dto.SearchBlogResponse@702ab4fc
Hibernate: 
    update
        search_status 
    set
        update_datetime=?,
        last_search_datetime=?,
        search_count=?,
        search_keyword=? 
    where
        search_id=?
2023-03-24 10:53:29.806  INFO 53500 --- [ool-6-thread-29] c.z.b.a.s.service.BlogSearchService      : kakao api response = com.zetn333.blogsearchservice.api.search.dto.SearchBlogResponse@1150224e
Hibernate: 
    select
        searchstat0_.search_id as search_i1_0_,
        searchstat0_.create_datetime as create_d2_0_,
        searchstat0_.update_datetime as update_d3_0_,
        searchstat0_.last_search_datetime as last_sea4_0_,
        searchstat0_.search_count as search_c5_0_,
        searchstat0_.search_keyword as search_k6_0_ 
    from
        search_status searchstat0_ 
    where
        searchstat0_.search_keyword=? for update
            
Hibernate: 
    select
        searchstat0_.search_id as search_i1_0_,
        searchstat0_.create_datetime as create_d2_0_,
        searchstat0_.update_datetime as update_d3_0_,
        searchstat0_.last_search_datetime as last_sea4_0_,
        searchstat0_.search_count as search_c5_0_,
        searchstat0_.search_keyword as search_k6_0_ 
    from
        search_status searchstat0_ 
    where
        searchstat0_.search_keyword=? for update
            
2023-03-24 10:53:29.807  INFO 53500 --- [ool-6-thread-30] c.z.b.a.s.service.BlogSearchService      : searchStatusEntity before = SearchStatusEntity(searchId=4, searchKeyword=아이유, searchCount=57, lastSearchDateTime=2023-03-24T10:53:29.801812)
2023-03-24 10:53:29.807  INFO 53500 --- [ool-6-thread-30] c.z.b.a.s.service.BlogSearchService      : searchStatusEntity after = SearchStatusEntity(searchId=4, searchKeyword=아이유, searchCount=58, lastSearchDateTime=2023-03-24T10:53:29.807796800)
Hibernate: 
    update
        search_status 
    set
        update_datetime=?,
        last_search_datetime=?,
        search_count=?,
        search_keyword=? 
    where
        search_id=?
2023-03-24 10:53:29.811  INFO 53500 --- [ool-6-thread-31] c.z.b.a.s.service.BlogSearchService      : searchStatusEntity before = SearchStatusEntity(searchId=4, searchKeyword=아이유, searchCount=58, lastSearchDateTime=2023-03-24T10:53:29.807797)
2023-03-24 10:53:29.811  INFO 53500 --- [ool-6-thread-31] c.z.b.a.s.service.BlogSearchService      : searchStatusEntity after = SearchStatusEntity(searchId=4, searchKeyword=아이유, searchCount=59, lastSearchDateTime=2023-03-24T10:53:29.811784600)
Hibernate: 
    update
        search_status 
    set
        update_datetime=?,
        last_search_datetime=?,
        search_count=?,
        search_keyword=? 
    where
        search_id=?
2023-03-24 10:53:29.815  INFO 53500 --- [ool-6-thread-33] c.z.b.a.s.service.BlogSearchService      : searchStatusEntity before = SearchStatusEntity(searchId=4, searchKeyword=아이유, searchCount=59, lastSearchDateTime=2023-03-24T10:53:29.811785)
2023-03-24 10:53:29.815  INFO 53500 --- [ool-6-thread-33] c.z.b.a.s.service.BlogSearchService      : searchStatusEntity after = SearchStatusEntity(searchId=4, searchKeyword=아이유, searchCount=60, lastSearchDateTime=2023-03-24T10:53:29.815774500)
Hibernate: 
    update
        search_status 
    set
        update_datetime=?,
        last_search_datetime=?,
        search_count=?,
        search_keyword=? 
    where
        search_id=?
2023-03-24 10:53:29.820  INFO 53500 --- [ool-6-thread-28] c.z.b.a.s.service.BlogSearchService      : kakao api response = com.zetn333.blogsearchservice.api.search.dto.SearchBlogResponse@94280f1
Hibernate: 
    select
        searchstat0_.search_id as search_i1_0_,
        searchstat0_.create_datetime as create_d2_0_,
        searchstat0_.update_datetime as update_d3_0_,
        searchstat0_.last_search_datetime as last_sea4_0_,
        searchstat0_.search_count as search_c5_0_,
        searchstat0_.search_keyword as search_k6_0_ 
    from
        search_status searchstat0_ 
    where
        searchstat0_.search_keyword=? for update
            
2023-03-24 10:53:29.824  INFO 53500 --- [ool-6-thread-37] c.z.b.a.s.service.BlogSearchService      : searchStatusEntity before = SearchStatusEntity(searchId=4, searchKeyword=아이유, searchCount=60, lastSearchDateTime=2023-03-24T10:53:29.815775)
2023-03-24 10:53:29.831  INFO 53500 --- [ool-6-thread-37] c.z.b.a.s.service.BlogSearchService      : searchStatusEntity after = SearchStatusEntity(searchId=4, searchKeyword=아이유, searchCount=61, lastSearchDateTime=2023-03-24T10:53:29.831730900)
Hibernate: 
    update
        search_status 
    set
        update_datetime=?,
        last_search_datetime=?,
        search_count=?,
        search_keyword=? 
    where
        search_id=?
2023-03-24 10:53:29.835  INFO 53500 --- [ool-6-thread-27] c.z.b.a.s.service.BlogSearchService      : kakao api response = com.zetn333.blogsearchservice.api.search.dto.SearchBlogResponse@3bfe5f36
Hibernate: 
    select
        searchstat0_.search_id as search_i1_0_,
        searchstat0_.create_datetime as create_d2_0_,
        searchstat0_.update_datetime as update_d3_0_,
        searchstat0_.last_search_datetime as last_sea4_0_,
        searchstat0_.search_count as search_c5_0_,
        searchstat0_.search_keyword as search_k6_0_ 
    from
        search_status searchstat0_ 
    where
        searchstat0_.search_keyword=? for update
            
2023-03-24 10:53:29.838  INFO 53500 --- [ool-6-thread-26] c.z.b.a.s.service.BlogSearchService      : kakao api response = com.zetn333.blogsearchservice.api.search.dto.SearchBlogResponse@6e795596
Hibernate: 
    select
        searchstat0_.search_id as search_i1_0_,
        searchstat0_.create_datetime as create_d2_0_,
        searchstat0_.update_datetime as update_d3_0_,
        searchstat0_.last_search_datetime as last_sea4_0_,
        searchstat0_.search_count as search_c5_0_,
        searchstat0_.search_keyword as search_k6_0_ 
    from
        search_status searchstat0_ 
    where
        searchstat0_.search_keyword=? for update
            
2023-03-24 10:53:29.839  INFO 53500 --- [ool-6-thread-34] c.z.b.a.s.service.BlogSearchService      : searchStatusEntity before = SearchStatusEntity(searchId=4, searchKeyword=아이유, searchCount=61, lastSearchDateTime=2023-03-24T10:53:29.831731)
2023-03-24 10:53:29.839  INFO 53500 --- [ool-6-thread-34] c.z.b.a.s.service.BlogSearchService      : searchStatusEntity after = SearchStatusEntity(searchId=4, searchKeyword=아이유, searchCount=62, lastSearchDateTime=2023-03-24T10:53:29.839711300)
2023-03-24 10:53:29.839  INFO 53500 --- [ool-6-thread-25] c.z.b.a.s.service.BlogSearchService      : kakao api response = com.zetn333.blogsearchservice.api.search.dto.SearchBlogResponse@1213dcde
Hibernate: 
    update
        search_status 
    set
        update_datetime=?,
        last_search_datetime=?,
        search_count=?,
        search_keyword=? 
    where
        search_id=?
Hibernate: 
    select
        searchstat0_.search_id as search_i1_0_,
        searchstat0_.create_datetime as create_d2_0_,
        searchstat0_.update_datetime as update_d3_0_,
        searchstat0_.last_search_datetime as last_sea4_0_,
        searchstat0_.search_count as search_c5_0_,
        searchstat0_.search_keyword as search_k6_0_ 
    from
        search_status searchstat0_ 
    where
        searchstat0_.search_keyword=? for update
            
2023-03-24 10:53:29.840  INFO 53500 --- [ool-6-thread-24] c.z.b.a.s.service.BlogSearchService      : kakao api response = com.zetn333.blogsearchservice.api.search.dto.SearchBlogResponse@4ba50a4c
Hibernate: 
    select
        searchstat0_.search_id as search_i1_0_,
        searchstat0_.create_datetime as create_d2_0_,
        searchstat0_.update_datetime as update_d3_0_,
        searchstat0_.last_search_datetime as last_sea4_0_,
        searchstat0_.search_count as search_c5_0_,
        searchstat0_.search_keyword as search_k6_0_ 
    from
        search_status searchstat0_ 
    where
        searchstat0_.search_keyword=? for update
            
2023-03-24 10:53:29.842  INFO 53500 --- [ool-6-thread-22] c.z.b.a.s.service.BlogSearchService      : kakao api response = com.zetn333.blogsearchservice.api.search.dto.SearchBlogResponse@23955b60
2023-03-24 10:53:29.842  INFO 53500 --- [ool-6-thread-28] c.z.b.a.s.service.BlogSearchService      : searchStatusEntity before = SearchStatusEntity(searchId=4, searchKeyword=아이유, searchCount=62, lastSearchDateTime=2023-03-24T10:53:29.839711)
2023-03-24 10:53:29.842  INFO 53500 --- [ool-6-thread-28] c.z.b.a.s.service.BlogSearchService      : searchStatusEntity after = SearchStatusEntity(searchId=4, searchKeyword=아이유, searchCount=63, lastSearchDateTime=2023-03-24T10:53:29.842702200)
Hibernate: 
    select
        searchstat0_.search_id as search_i1_0_,
        searchstat0_.create_datetime as create_d2_0_,
        searchstat0_.update_datetime as update_d3_0_,
        searchstat0_.last_search_datetime as last_sea4_0_,
        searchstat0_.search_count as search_c5_0_,
        searchstat0_.search_keyword as search_k6_0_ 
    from
        search_status searchstat0_ 
    where
        searchstat0_.search_keyword=? for update
            
Hibernate: 
    update
        search_status 
    set
        update_datetime=?,
        last_search_datetime=?,
        search_count=?,
        search_keyword=? 
    where
        search_id=?
2023-03-24 10:53:29.849  INFO 53500 --- [ool-6-thread-25] c.z.b.a.s.service.BlogSearchService      : searchStatusEntity before = SearchStatusEntity(searchId=4, searchKeyword=아이유, searchCount=63, lastSearchDateTime=2023-03-24T10:53:29.842702)
2023-03-24 10:53:29.852  INFO 53500 --- [ool-6-thread-25] c.z.b.a.s.service.BlogSearchService      : searchStatusEntity after = SearchStatusEntity(searchId=4, searchKeyword=아이유, searchCount=64, lastSearchDateTime=2023-03-24T10:53:29.852674600)
Hibernate: 
    update
        search_status 
    set
        update_datetime=?,
        last_search_datetime=?,
        search_count=?,
        search_keyword=? 
    where
        search_id=?
2023-03-24 10:53:29.852  INFO 53500 --- [ool-6-thread-23] c.z.b.a.s.service.BlogSearchService      : kakao api response = com.zetn333.blogsearchservice.api.search.dto.SearchBlogResponse@3cf53c5f
Hibernate: 
    select
        searchstat0_.search_id as search_i1_0_,
        searchstat0_.create_datetime as create_d2_0_,
        searchstat0_.update_datetime as update_d3_0_,
        searchstat0_.last_search_datetime as last_sea4_0_,
        searchstat0_.search_count as search_c5_0_,
        searchstat0_.search_keyword as search_k6_0_ 
    from
        search_status searchstat0_ 
    where
        searchstat0_.search_keyword=? for update
            
2023-03-24 10:53:29.857  INFO 53500 --- [ool-6-thread-22] c.z.b.a.s.service.BlogSearchService      : searchStatusEntity before = SearchStatusEntity(searchId=4, searchKeyword=아이유, searchCount=64, lastSearchDateTime=2023-03-24T10:53:29.852675)
2023-03-24 10:53:29.858  INFO 53500 --- [ool-6-thread-22] c.z.b.a.s.service.BlogSearchService      : searchStatusEntity after = SearchStatusEntity(searchId=4, searchKeyword=아이유, searchCount=65, lastSearchDateTime=2023-03-24T10:53:29.858658700)
Hibernate: 
    update
        search_status 
    set
        update_datetime=?,
        last_search_datetime=?,
        search_count=?,
        search_keyword=? 
    where
        search_id=?
2023-03-24 10:53:29.862  INFO 53500 --- [ool-6-thread-24] c.z.b.a.s.service.BlogSearchService      : searchStatusEntity before = SearchStatusEntity(searchId=4, searchKeyword=아이유, searchCount=65, lastSearchDateTime=2023-03-24T10:53:29.858659)
2023-03-24 10:53:29.862  INFO 53500 --- [ool-6-thread-24] c.z.b.a.s.service.BlogSearchService      : searchStatusEntity after = SearchStatusEntity(searchId=4, searchKeyword=아이유, searchCount=66, lastSearchDateTime=2023-03-24T10:53:29.862649300)
Hibernate: 
    update
        search_status 
    set
        update_datetime=?,
        last_search_datetime=?,
        search_count=?,
        search_keyword=? 
    where
        search_id=?
2023-03-24 10:53:29.865  INFO 53500 --- [ool-6-thread-23] c.z.b.a.s.service.BlogSearchService      : searchStatusEntity before = SearchStatusEntity(searchId=4, searchKeyword=아이유, searchCount=66, lastSearchDateTime=2023-03-24T10:53:29.862649)
2023-03-24 10:53:29.865  INFO 53500 --- [ool-6-thread-23] c.z.b.a.s.service.BlogSearchService      : searchStatusEntity after = SearchStatusEntity(searchId=4, searchKeyword=아이유, searchCount=67, lastSearchDateTime=2023-03-24T10:53:29.865639600)
Hibernate: 
    update
        search_status 
    set
        update_datetime=?,
        last_search_datetime=?,
        search_count=?,
        search_keyword=? 
    where
        search_id=?
2023-03-24 10:53:29.871  INFO 53500 --- [ool-6-thread-67] c.z.b.a.s.service.BlogSearchService      : kakao api response = com.zetn333.blogsearchservice.api.search.dto.SearchBlogResponse@6029e30e
Hibernate: 
    select
        searchstat0_.search_id as search_i1_0_,
        searchstat0_.create_datetime as create_d2_0_,
        searchstat0_.update_datetime as update_d3_0_,
        searchstat0_.last_search_datetime as last_sea4_0_,
        searchstat0_.search_count as search_c5_0_,
        searchstat0_.search_keyword as search_k6_0_ 
    from
        search_status searchstat0_ 
    where
        searchstat0_.search_keyword=? for update
            
2023-03-24 10:53:29.874  INFO 53500 --- [ool-6-thread-26] c.z.b.a.s.service.BlogSearchService      : searchStatusEntity before = SearchStatusEntity(searchId=4, searchKeyword=아이유, searchCount=67, lastSearchDateTime=2023-03-24T10:53:29.865640)
2023-03-24 10:53:29.874  INFO 53500 --- [ool-6-thread-26] c.z.b.a.s.service.BlogSearchService      : searchStatusEntity after = SearchStatusEntity(searchId=4, searchKeyword=아이유, searchCount=68, lastSearchDateTime=2023-03-24T10:53:29.874619200)
Hibernate: 
    update
        search_status 
    set
        update_datetime=?,
        last_search_datetime=?,
        search_count=?,
        search_keyword=? 
    where
        search_id=?
2023-03-24 10:53:29.878  INFO 53500 --- [ool-6-thread-27] c.z.b.a.s.service.BlogSearchService      : searchStatusEntity before = SearchStatusEntity(searchId=4, searchKeyword=아이유, searchCount=68, lastSearchDateTime=2023-03-24T10:53:29.874619)
2023-03-24 10:53:29.878  INFO 53500 --- [ool-6-thread-27] c.z.b.a.s.service.BlogSearchService      : searchStatusEntity after = SearchStatusEntity(searchId=4, searchKeyword=아이유, searchCount=69, lastSearchDateTime=2023-03-24T10:53:29.878605700)
2023-03-24 10:53:29.879  INFO 53500 --- [ool-6-thread-19] c.z.b.a.s.service.BlogSearchService      : kakao api response = com.zetn333.blogsearchservice.api.search.dto.SearchBlogResponse@6d63eb88
Hibernate: 
    update
        search_status 
    set
        update_datetime=?,
        last_search_datetime=?,
        search_count=?,
        search_keyword=? 
    where
        search_id=?
Hibernate: 
    select
        searchstat0_.search_id as search_i1_0_,
        searchstat0_.create_datetime as create_d2_0_,
        searchstat0_.update_datetime as update_d3_0_,
        searchstat0_.last_search_datetime as last_sea4_0_,
        searchstat0_.search_count as search_c5_0_,
        searchstat0_.search_keyword as search_k6_0_ 
    from
        search_status searchstat0_ 
    where
        searchstat0_.search_keyword=? for update
            
2023-03-24 10:53:29.884  INFO 53500 --- [ool-6-thread-19] c.z.b.a.s.service.BlogSearchService      : searchStatusEntity before = SearchStatusEntity(searchId=4, searchKeyword=아이유, searchCount=69, lastSearchDateTime=2023-03-24T10:53:29.878606)
2023-03-24 10:53:29.885  INFO 53500 --- [ool-6-thread-19] c.z.b.a.s.service.BlogSearchService      : searchStatusEntity after = SearchStatusEntity(searchId=4, searchKeyword=아이유, searchCount=70, lastSearchDateTime=2023-03-24T10:53:29.885588200)
2023-03-24 10:53:29.886  INFO 53500 --- [ool-6-thread-18] c.z.b.a.s.service.BlogSearchService      : kakao api response = com.zetn333.blogsearchservice.api.search.dto.SearchBlogResponse@76c8d571
Hibernate: 
    select
        searchstat0_.search_id as search_i1_0_,
        searchstat0_.create_datetime as create_d2_0_,
        searchstat0_.update_datetime as update_d3_0_,
        searchstat0_.last_search_datetime as last_sea4_0_,
        searchstat0_.search_count as search_c5_0_,
        searchstat0_.search_keyword as search_k6_0_ 
    from
        search_status searchstat0_ 
    where
        searchstat0_.search_keyword=? for update
            
Hibernate: 
    update
        search_status 
    set
        update_datetime=?,
        last_search_datetime=?,
        search_count=?,
        search_keyword=? 
    where
        search_id=?
2023-03-24 10:53:29.893  INFO 53500 --- [ool-6-thread-20] c.z.b.a.s.service.BlogSearchService      : kakao api response = com.zetn333.blogsearchservice.api.search.dto.SearchBlogResponse@f2204ac
Hibernate: 
    select
        searchstat0_.search_id as search_i1_0_,
        searchstat0_.create_datetime as create_d2_0_,
        searchstat0_.update_datetime as update_d3_0_,
        searchstat0_.last_search_datetime as last_sea4_0_,
        searchstat0_.search_count as search_c5_0_,
        searchstat0_.search_keyword as search_k6_0_ 
    from
        search_status searchstat0_ 
    where
        searchstat0_.search_keyword=? for update
            
2023-03-24 10:53:29.896  INFO 53500 --- [ool-6-thread-67] c.z.b.a.s.service.BlogSearchService      : searchStatusEntity before = SearchStatusEntity(searchId=4, searchKeyword=아이유, searchCount=70, lastSearchDateTime=2023-03-24T10:53:29.885588)
2023-03-24 10:53:29.896  INFO 53500 --- [ool-6-thread-67] c.z.b.a.s.service.BlogSearchService      : searchStatusEntity after = SearchStatusEntity(searchId=4, searchKeyword=아이유, searchCount=71, lastSearchDateTime=2023-03-24T10:53:29.896557900)
Hibernate: 
    update
        search_status 
    set
        update_datetime=?,
        last_search_datetime=?,
        search_count=?,
        search_keyword=? 
    where
        search_id=?
2023-03-24 10:53:29.900  INFO 53500 --- [ool-6-thread-16] c.z.b.a.s.service.BlogSearchService      : kakao api response = com.zetn333.blogsearchservice.api.search.dto.SearchBlogResponse@7c019b12
Hibernate: 
    select
        searchstat0_.search_id as search_i1_0_,
        searchstat0_.create_datetime as create_d2_0_,
        searchstat0_.update_datetime as update_d3_0_,
        searchstat0_.last_search_datetime as last_sea4_0_,
        searchstat0_.search_count as search_c5_0_,
        searchstat0_.search_keyword as search_k6_0_ 
    from
        search_status searchstat0_ 
    where
        searchstat0_.search_keyword=? for update
            
2023-03-24 10:53:29.900  INFO 53500 --- [ool-6-thread-18] c.z.b.a.s.service.BlogSearchService      : searchStatusEntity before = SearchStatusEntity(searchId=4, searchKeyword=아이유, searchCount=71, lastSearchDateTime=2023-03-24T10:53:29.896558)
2023-03-24 10:53:29.903  INFO 53500 --- [ool-6-thread-18] c.z.b.a.s.service.BlogSearchService      : searchStatusEntity after = SearchStatusEntity(searchId=4, searchKeyword=아이유, searchCount=72, lastSearchDateTime=2023-03-24T10:53:29.903539200)
Hibernate: 
    update
        search_status 
    set
        update_datetime=?,
        last_search_datetime=?,
        search_count=?,
        search_keyword=? 
    where
        search_id=?
2023-03-24 10:53:29.907  INFO 53500 --- [ool-6-thread-17] c.z.b.a.s.service.BlogSearchService      : kakao api response = com.zetn333.blogsearchservice.api.search.dto.SearchBlogResponse@adb14a6
2023-03-24 10:53:29.907  INFO 53500 --- [ool-6-thread-16] c.z.b.a.s.service.BlogSearchService      : searchStatusEntity before = SearchStatusEntity(searchId=4, searchKeyword=아이유, searchCount=72, lastSearchDateTime=2023-03-24T10:53:29.903539)
2023-03-24 10:53:29.907  INFO 53500 --- [ool-6-thread-16] c.z.b.a.s.service.BlogSearchService      : searchStatusEntity after = SearchStatusEntity(searchId=4, searchKeyword=아이유, searchCount=73, lastSearchDateTime=2023-03-24T10:53:29.907529900)
Hibernate: 
    select
        searchstat0_.search_id as search_i1_0_,
        searchstat0_.create_datetime as create_d2_0_,
        searchstat0_.update_datetime as update_d3_0_,
        searchstat0_.last_search_datetime as last_sea4_0_,
        searchstat0_.search_count as search_c5_0_,
        searchstat0_.search_keyword as search_k6_0_ 
    from
        search_status searchstat0_ 
    where
        searchstat0_.search_keyword=? for update
            
Hibernate: 
    update
        search_status 
    set
        update_datetime=?,
        last_search_datetime=?,
        search_count=?,
        search_keyword=? 
    where
        search_id=?
2023-03-24 10:53:29.916  INFO 53500 --- [ool-6-thread-29] c.z.b.a.s.service.BlogSearchService      : searchStatusEntity before = SearchStatusEntity(searchId=4, searchKeyword=아이유, searchCount=73, lastSearchDateTime=2023-03-24T10:53:29.907530)
2023-03-24 10:53:29.917  INFO 53500 --- [ool-6-thread-29] c.z.b.a.s.service.BlogSearchService      : searchStatusEntity after = SearchStatusEntity(searchId=4, searchKeyword=아이유, searchCount=74, lastSearchDateTime=2023-03-24T10:53:29.917501400)
2023-03-24 10:53:29.917  INFO 53500 --- [ool-6-thread-53] c.z.b.a.s.service.BlogSearchService      : kakao api response = com.zetn333.blogsearchservice.api.search.dto.SearchBlogResponse@54fe3eb8
Hibernate: 
    select
        searchstat0_.search_id as search_i1_0_,
        searchstat0_.create_datetime as create_d2_0_,
        searchstat0_.update_datetime as update_d3_0_,
        searchstat0_.last_search_datetime as last_sea4_0_,
        searchstat0_.search_count as search_c5_0_,
        searchstat0_.search_keyword as search_k6_0_ 
    from
        search_status searchstat0_ 
    where
        searchstat0_.search_keyword=? for update
            
Hibernate: 
    update
        search_status 
    set
        update_datetime=?,
        last_search_datetime=?,
        search_count=?,
        search_keyword=? 
    where
        search_id=?
2023-03-24 10:53:29.918  INFO 53500 --- [ool-6-thread-14] c.z.b.a.s.service.BlogSearchService      : kakao api response = com.zetn333.blogsearchservice.api.search.dto.SearchBlogResponse@11e325a4
Hibernate: 
    select
        searchstat0_.search_id as search_i1_0_,
        searchstat0_.create_datetime as create_d2_0_,
        searchstat0_.update_datetime as update_d3_0_,
        searchstat0_.last_search_datetime as last_sea4_0_,
        searchstat0_.search_count as search_c5_0_,
        searchstat0_.search_keyword as search_k6_0_ 
    from
        search_status searchstat0_ 
    where
        searchstat0_.search_keyword=? for update
            
2023-03-24 10:53:29.920  INFO 53500 --- [ool-6-thread-17] c.z.b.a.s.service.BlogSearchService      : searchStatusEntity before = SearchStatusEntity(searchId=4, searchKeyword=아이유, searchCount=74, lastSearchDateTime=2023-03-24T10:53:29.917501)
2023-03-24 10:53:29.920  INFO 53500 --- [ool-6-thread-17] c.z.b.a.s.service.BlogSearchService      : searchStatusEntity after = SearchStatusEntity(searchId=4, searchKeyword=아이유, searchCount=75, lastSearchDateTime=2023-03-24T10:53:29.920494100)
Hibernate: 
    update
        search_status 
    set
        update_datetime=?,
        last_search_datetime=?,
        search_count=?,
        search_keyword=? 
    where
        search_id=?
2023-03-24 10:53:29.928  INFO 53500 --- [ool-6-thread-20] c.z.b.a.s.service.BlogSearchService      : searchStatusEntity before = SearchStatusEntity(searchId=4, searchKeyword=아이유, searchCount=75, lastSearchDateTime=2023-03-24T10:53:29.920494)
2023-03-24 10:53:29.928  INFO 53500 --- [ool-6-thread-20] c.z.b.a.s.service.BlogSearchService      : searchStatusEntity after = SearchStatusEntity(searchId=4, searchKeyword=아이유, searchCount=76, lastSearchDateTime=2023-03-24T10:53:29.928474300)
2023-03-24 10:53:29.929  INFO 53500 --- [ool-6-thread-87] c.z.b.a.s.service.BlogSearchService      : kakao api response = com.zetn333.blogsearchservice.api.search.dto.SearchBlogResponse@5735e730
Hibernate: 
    update
        search_status 
    set
        update_datetime=?,
        last_search_datetime=?,
        search_count=?,
        search_keyword=? 
    where
        search_id=?
Hibernate: 
    select
        searchstat0_.search_id as search_i1_0_,
        searchstat0_.create_datetime as create_d2_0_,
        searchstat0_.update_datetime as update_d3_0_,
        searchstat0_.last_search_datetime as last_sea4_0_,
        searchstat0_.search_count as search_c5_0_,
        searchstat0_.search_keyword as search_k6_0_ 
    from
        search_status searchstat0_ 
    where
        searchstat0_.search_keyword=? for update
            
2023-03-24 10:53:29.931  INFO 53500 --- [ool-6-thread-89] c.z.b.a.s.service.BlogSearchService      : kakao api response = com.zetn333.blogsearchservice.api.search.dto.SearchBlogResponse@7f7a0da
Hibernate: 
    select
        searchstat0_.search_id as search_i1_0_,
        searchstat0_.create_datetime as create_d2_0_,
        searchstat0_.update_datetime as update_d3_0_,
        searchstat0_.last_search_datetime as last_sea4_0_,
        searchstat0_.search_count as search_c5_0_,
        searchstat0_.search_keyword as search_k6_0_ 
    from
        search_status searchstat0_ 
    where
        searchstat0_.search_keyword=? for update
            
2023-03-24 10:53:29.932  INFO 53500 --- [ool-6-thread-14] c.z.b.a.s.service.BlogSearchService      : searchStatusEntity before = SearchStatusEntity(searchId=4, searchKeyword=아이유, searchCount=76, lastSearchDateTime=2023-03-24T10:53:29.928474)
2023-03-24 10:53:29.932  INFO 53500 --- [ool-6-thread-14] c.z.b.a.s.service.BlogSearchService      : searchStatusEntity after = SearchStatusEntity(searchId=4, searchKeyword=아이유, searchCount=77, lastSearchDateTime=2023-03-24T10:53:29.932463900)
Hibernate: 
    update
        search_status 
    set
        update_datetime=?,
        last_search_datetime=?,
        search_count=?,
        search_keyword=? 
    where
        search_id=?
2023-03-24 10:53:29.937  INFO 53500 --- [ool-6-thread-88] c.z.b.a.s.service.BlogSearchService      : kakao api response = com.zetn333.blogsearchservice.api.search.dto.SearchBlogResponse@69d66906
Hibernate: 
    select
        searchstat0_.search_id as search_i1_0_,
        searchstat0_.create_datetime as create_d2_0_,
        searchstat0_.update_datetime as update_d3_0_,
        searchstat0_.last_search_datetime as last_sea4_0_,
        searchstat0_.search_count as search_c5_0_,
        searchstat0_.search_keyword as search_k6_0_ 
    from
        search_status searchstat0_ 
    where
        searchstat0_.search_keyword=? for update
            
2023-03-24 10:53:29.942  INFO 53500 --- [ool-6-thread-88] c.z.b.a.s.service.BlogSearchService      : searchStatusEntity before = SearchStatusEntity(searchId=4, searchKeyword=아이유, searchCount=77, lastSearchDateTime=2023-03-24T10:53:29.932464)
2023-03-24 10:53:29.942  INFO 53500 --- [ool-6-thread-88] c.z.b.a.s.service.BlogSearchService      : searchStatusEntity after = SearchStatusEntity(searchId=4, searchKeyword=아이유, searchCount=78, lastSearchDateTime=2023-03-24T10:53:29.942434400)
Hibernate: 
    update
        search_status 
    set
        update_datetime=?,
        last_search_datetime=?,
        search_count=?,
        search_keyword=? 
    where
        search_id=?
2023-03-24 10:53:29.946  INFO 53500 --- [ool-6-thread-86] c.z.b.a.s.service.BlogSearchService      : kakao api response = com.zetn333.blogsearchservice.api.search.dto.SearchBlogResponse@4429fae5
Hibernate: 
    select
        searchstat0_.search_id as search_i1_0_,
        searchstat0_.create_datetime as create_d2_0_,
        searchstat0_.update_datetime as update_d3_0_,
        searchstat0_.last_search_datetime as last_sea4_0_,
        searchstat0_.search_count as search_c5_0_,
        searchstat0_.search_keyword as search_k6_0_ 
    from
        search_status searchstat0_ 
    where
        searchstat0_.search_keyword=? for update
            
2023-03-24 10:53:29.947  INFO 53500 --- [ool-6-thread-84] c.z.b.a.s.service.BlogSearchService      : kakao api response = com.zetn333.blogsearchservice.api.search.dto.SearchBlogResponse@1997ac6f
2023-03-24 10:53:29.948  INFO 53500 --- [ool-6-thread-86] c.z.b.a.s.service.BlogSearchService      : searchStatusEntity before = SearchStatusEntity(searchId=4, searchKeyword=아이유, searchCount=78, lastSearchDateTime=2023-03-24T10:53:29.942434)
2023-03-24 10:53:29.948  INFO 53500 --- [ool-6-thread-86] c.z.b.a.s.service.BlogSearchService      : searchStatusEntity after = SearchStatusEntity(searchId=4, searchKeyword=아이유, searchCount=79, lastSearchDateTime=2023-03-24T10:53:29.948419300)
Hibernate: 
    select
        searchstat0_.search_id as search_i1_0_,
        searchstat0_.create_datetime as create_d2_0_,
        searchstat0_.update_datetime as update_d3_0_,
        searchstat0_.last_search_datetime as last_sea4_0_,
        searchstat0_.search_count as search_c5_0_,
        searchstat0_.search_keyword as search_k6_0_ 
    from
        search_status searchstat0_ 
    where
        searchstat0_.search_keyword=? for update
            
Hibernate: 
    update
        search_status 
    set
        update_datetime=?,
        last_search_datetime=?,
        search_count=?,
        search_keyword=? 
    where
        search_id=?
2023-03-24 10:53:29.951  INFO 53500 --- [ool-6-thread-85] c.z.b.a.s.service.BlogSearchService      : kakao api response = com.zetn333.blogsearchservice.api.search.dto.SearchBlogResponse@193552c1
Hibernate: 
    select
        searchstat0_.search_id as search_i1_0_,
        searchstat0_.create_datetime as create_d2_0_,
        searchstat0_.update_datetime as update_d3_0_,
        searchstat0_.last_search_datetime as last_sea4_0_,
        searchstat0_.search_count as search_c5_0_,
        searchstat0_.search_keyword as search_k6_0_ 
    from
        search_status searchstat0_ 
    where
        searchstat0_.search_keyword=? for update
            
2023-03-24 10:53:29.953  INFO 53500 --- [ool-6-thread-85] c.z.b.a.s.service.BlogSearchService      : searchStatusEntity before = SearchStatusEntity(searchId=4, searchKeyword=아이유, searchCount=79, lastSearchDateTime=2023-03-24T10:53:29.948419)
2023-03-24 10:53:29.953  INFO 53500 --- [ool-6-thread-85] c.z.b.a.s.service.BlogSearchService      : searchStatusEntity after = SearchStatusEntity(searchId=4, searchKeyword=아이유, searchCount=80, lastSearchDateTime=2023-03-24T10:53:29.953405700)
Hibernate: 
    update
        search_status 
    set
        update_datetime=?,
        last_search_datetime=?,
        search_count=?,
        search_keyword=? 
    where
        search_id=?
2023-03-24 10:53:29.959  INFO 53500 --- [ool-6-thread-89] c.z.b.a.s.service.BlogSearchService      : searchStatusEntity before = SearchStatusEntity(searchId=4, searchKeyword=아이유, searchCount=80, lastSearchDateTime=2023-03-24T10:53:29.953406)
2023-03-24 10:53:29.960  INFO 53500 --- [ool-6-thread-89] c.z.b.a.s.service.BlogSearchService      : searchStatusEntity after = SearchStatusEntity(searchId=4, searchKeyword=아이유, searchCount=81, lastSearchDateTime=2023-03-24T10:53:29.960389800)
Hibernate: 
    update
        search_status 
    set
        update_datetime=?,
        last_search_datetime=?,
        search_count=?,
        search_keyword=? 
    where
        search_id=?
2023-03-24 10:53:29.963  INFO 53500 --- [ool-6-thread-83] c.z.b.a.s.service.BlogSearchService      : kakao api response = com.zetn333.blogsearchservice.api.search.dto.SearchBlogResponse@75c1be24
Hibernate: 
    select
        searchstat0_.search_id as search_i1_0_,
        searchstat0_.create_datetime as create_d2_0_,
        searchstat0_.update_datetime as update_d3_0_,
        searchstat0_.last_search_datetime as last_sea4_0_,
        searchstat0_.search_count as search_c5_0_,
        searchstat0_.search_keyword as search_k6_0_ 
    from
        search_status searchstat0_ 
    where
        searchstat0_.search_keyword=? for update
            
2023-03-24 10:53:29.966  INFO 53500 --- [ool-6-thread-83] c.z.b.a.s.service.BlogSearchService      : searchStatusEntity before = SearchStatusEntity(searchId=4, searchKeyword=아이유, searchCount=81, lastSearchDateTime=2023-03-24T10:53:29.960390)
2023-03-24 10:53:29.967  INFO 53500 --- [ool-6-thread-83] c.z.b.a.s.service.BlogSearchService      : searchStatusEntity after = SearchStatusEntity(searchId=4, searchKeyword=아이유, searchCount=82, lastSearchDateTime=2023-03-24T10:53:29.967369100)
Hibernate: 
    update
        search_status 
    set
        update_datetime=?,
        last_search_datetime=?,
        search_count=?,
        search_keyword=? 
    where
        search_id=?
2023-03-24 10:53:29.969  INFO 53500 --- [ool-6-thread-82] c.z.b.a.s.service.BlogSearchService      : kakao api response = com.zetn333.blogsearchservice.api.search.dto.SearchBlogResponse@522a92a1
Hibernate: 
    select
        searchstat0_.search_id as search_i1_0_,
        searchstat0_.create_datetime as create_d2_0_,
        searchstat0_.update_datetime as update_d3_0_,
        searchstat0_.last_search_datetime as last_sea4_0_,
        searchstat0_.search_count as search_c5_0_,
        searchstat0_.search_keyword as search_k6_0_ 
    from
        search_status searchstat0_ 
    where
        searchstat0_.search_keyword=? for update
            
2023-03-24 10:53:29.970  INFO 53500 --- [ool-6-thread-87] c.z.b.a.s.service.BlogSearchService      : searchStatusEntity before = SearchStatusEntity(searchId=4, searchKeyword=아이유, searchCount=82, lastSearchDateTime=2023-03-24T10:53:29.967369)
2023-03-24 10:53:29.971  INFO 53500 --- [ool-6-thread-87] c.z.b.a.s.service.BlogSearchService      : searchStatusEntity after = SearchStatusEntity(searchId=4, searchKeyword=아이유, searchCount=83, lastSearchDateTime=2023-03-24T10:53:29.971362900)
Hibernate: 
    update
        search_status 
    set
        update_datetime=?,
        last_search_datetime=?,
        search_count=?,
        search_keyword=? 
    where
        search_id=?
2023-03-24 10:53:29.973  INFO 53500 --- [ool-6-thread-81] c.z.b.a.s.service.BlogSearchService      : kakao api response = com.zetn333.blogsearchservice.api.search.dto.SearchBlogResponse@6c2b55bd
Hibernate: 
    select
        searchstat0_.search_id as search_i1_0_,
        searchstat0_.create_datetime as create_d2_0_,
        searchstat0_.update_datetime as update_d3_0_,
        searchstat0_.last_search_datetime as last_sea4_0_,
        searchstat0_.search_count as search_c5_0_,
        searchstat0_.search_keyword as search_k6_0_ 
    from
        search_status searchstat0_ 
    where
        searchstat0_.search_keyword=? for update
            
2023-03-24 10:53:29.977  INFO 53500 --- [ool-6-thread-81] c.z.b.a.s.service.BlogSearchService      : searchStatusEntity before = SearchStatusEntity(searchId=4, searchKeyword=아이유, searchCount=83, lastSearchDateTime=2023-03-24T10:53:29.971363)
2023-03-24 10:53:29.977  INFO 53500 --- [ool-6-thread-81] c.z.b.a.s.service.BlogSearchService      : searchStatusEntity after = SearchStatusEntity(searchId=4, searchKeyword=아이유, searchCount=84, lastSearchDateTime=2023-03-24T10:53:29.977341100)
Hibernate: 
    update
        search_status 
    set
        update_datetime=?,
        last_search_datetime=?,
        search_count=?,
        search_keyword=? 
    where
        search_id=?
2023-03-24 10:53:29.984  INFO 53500 --- [ool-6-thread-79] c.z.b.a.s.service.BlogSearchService      : kakao api response = com.zetn333.blogsearchservice.api.search.dto.SearchBlogResponse@381d4536
Hibernate: 
    select
        searchstat0_.search_id as search_i1_0_,
        searchstat0_.create_datetime as create_d2_0_,
        searchstat0_.update_datetime as update_d3_0_,
        searchstat0_.last_search_datetime as last_sea4_0_,
        searchstat0_.search_count as search_c5_0_,
        searchstat0_.search_keyword as search_k6_0_ 
    from
        search_status searchstat0_ 
    where
        searchstat0_.search_keyword=? for update
            
2023-03-24 10:53:29.985  INFO 53500 --- [ool-6-thread-82] c.z.b.a.s.service.BlogSearchService      : searchStatusEntity before = SearchStatusEntity(searchId=4, searchKeyword=아이유, searchCount=84, lastSearchDateTime=2023-03-24T10:53:29.977341)
2023-03-24 10:53:29.985  INFO 53500 --- [ool-6-thread-82] c.z.b.a.s.service.BlogSearchService      : searchStatusEntity after = SearchStatusEntity(searchId=4, searchKeyword=아이유, searchCount=85, lastSearchDateTime=2023-03-24T10:53:29.985321300)
2023-03-24 10:53:29.984  INFO 53500 --- [ool-6-thread-80] c.z.b.a.s.service.BlogSearchService      : kakao api response = com.zetn333.blogsearchservice.api.search.dto.SearchBlogResponse@681cabc2
Hibernate: 
    update
        search_status 
    set
        update_datetime=?,
        last_search_datetime=?,
        search_count=?,
        search_keyword=? 
    where
        search_id=?
Hibernate: 
    select
        searchstat0_.search_id as search_i1_0_,
        searchstat0_.create_datetime as create_d2_0_,
        searchstat0_.update_datetime as update_d3_0_,
        searchstat0_.last_search_datetime as last_sea4_0_,
        searchstat0_.search_count as search_c5_0_,
        searchstat0_.search_keyword as search_k6_0_ 
    from
        search_status searchstat0_ 
    where
        searchstat0_.search_keyword=? for update
            
2023-03-24 10:53:29.988  INFO 53500 --- [ool-6-thread-84] c.z.b.a.s.service.BlogSearchService      : searchStatusEntity before = SearchStatusEntity(searchId=4, searchKeyword=아이유, searchCount=85, lastSearchDateTime=2023-03-24T10:53:29.985321)
2023-03-24 10:53:29.989  INFO 53500 --- [ool-6-thread-84] c.z.b.a.s.service.BlogSearchService      : searchStatusEntity after = SearchStatusEntity(searchId=4, searchKeyword=아이유, searchCount=86, lastSearchDateTime=2023-03-24T10:53:29.989310100)
Hibernate: 
    update
        search_status 
    set
        update_datetime=?,
        last_search_datetime=?,
        search_count=?,
        search_keyword=? 
    where
        search_id=?
2023-03-24 10:53:29.993  INFO 53500 --- [ool-6-thread-80] c.z.b.a.s.service.BlogSearchService      : searchStatusEntity before = SearchStatusEntity(searchId=4, searchKeyword=아이유, searchCount=86, lastSearchDateTime=2023-03-24T10:53:29.989310)
2023-03-24 10:53:29.993  INFO 53500 --- [ool-6-thread-80] c.z.b.a.s.service.BlogSearchService      : searchStatusEntity after = SearchStatusEntity(searchId=4, searchKeyword=아이유, searchCount=87, lastSearchDateTime=2023-03-24T10:53:29.993299)
2023-03-24 10:53:29.994  INFO 53500 --- [ool-6-thread-78] c.z.b.a.s.service.BlogSearchService      : kakao api response = com.zetn333.blogsearchservice.api.search.dto.SearchBlogResponse@6d4f56bd
Hibernate: 
    update
        search_status 
    set
        update_datetime=?,
        last_search_datetime=?,
        search_count=?,
        search_keyword=? 
    where
        search_id=?
Hibernate: 
    select
        searchstat0_.search_id as search_i1_0_,
        searchstat0_.create_datetime as create_d2_0_,
        searchstat0_.update_datetime as update_d3_0_,
        searchstat0_.last_search_datetime as last_sea4_0_,
        searchstat0_.search_count as search_c5_0_,
        searchstat0_.search_keyword as search_k6_0_ 
    from
        search_status searchstat0_ 
    where
        searchstat0_.search_keyword=? for update
            
2023-03-24 10:53:30.001  INFO 53500 --- [ol-6-thread-100] c.z.b.a.s.service.BlogSearchService      : kakao api response = com.zetn333.blogsearchservice.api.search.dto.SearchBlogResponse@79503fe4
2023-03-24 10:53:30.002  INFO 53500 --- [ool-6-thread-99] c.z.b.a.s.service.BlogSearchService      : kakao api response = com.zetn333.blogsearchservice.api.search.dto.SearchBlogResponse@1cddb2a0
Hibernate: 
    select
        searchstat0_.search_id as search_i1_0_,
        searchstat0_.create_datetime as create_d2_0_,
        searchstat0_.update_datetime as update_d3_0_,
        searchstat0_.last_search_datetime as last_sea4_0_,
        searchstat0_.search_count as search_c5_0_,
        searchstat0_.search_keyword as search_k6_0_ 
    from
        search_status searchstat0_ 
    where
        searchstat0_.search_keyword=? for update
            
2023-03-24 10:53:30.002  INFO 53500 --- [ool-6-thread-78] c.z.b.a.s.service.BlogSearchService      : searchStatusEntity before = SearchStatusEntity(searchId=4, searchKeyword=아이유, searchCount=87, lastSearchDateTime=2023-03-24T10:53:29.993299)
2023-03-24 10:53:30.002  INFO 53500 --- [ool-6-thread-78] c.z.b.a.s.service.BlogSearchService      : searchStatusEntity after = SearchStatusEntity(searchId=4, searchKeyword=아이유, searchCount=88, lastSearchDateTime=2023-03-24T10:53:30.002277100)
Hibernate: 
    select
        searchstat0_.search_id as search_i1_0_,
        searchstat0_.create_datetime as create_d2_0_,
        searchstat0_.update_datetime as update_d3_0_,
        searchstat0_.last_search_datetime as last_sea4_0_,
        searchstat0_.search_count as search_c5_0_,
        searchstat0_.search_keyword as search_k6_0_ 
    from
        search_status searchstat0_ 
    where
        searchstat0_.search_keyword=? for update
            
Hibernate: 
    update
        search_status 
    set
        update_datetime=?,
        last_search_datetime=?,
        search_count=?,
        search_keyword=? 
    where
        search_id=?
2023-03-24 10:53:30.005  INFO 53500 --- [ool-6-thread-53] c.z.b.a.s.service.BlogSearchService      : searchStatusEntity before = SearchStatusEntity(searchId=4, searchKeyword=아이유, searchCount=88, lastSearchDateTime=2023-03-24T10:53:30.002277)
2023-03-24 10:53:30.005  INFO 53500 --- [ool-6-thread-53] c.z.b.a.s.service.BlogSearchService      : searchStatusEntity after = SearchStatusEntity(searchId=4, searchKeyword=아이유, searchCount=89, lastSearchDateTime=2023-03-24T10:53:30.005267600)
Hibernate: 
    update
        search_status 
    set
        update_datetime=?,
        last_search_datetime=?,
        search_count=?,
        search_keyword=? 
    where
        search_id=?
2023-03-24 10:53:30.009  INFO 53500 --- [ool-6-thread-99] c.z.b.a.s.service.BlogSearchService      : searchStatusEntity before = SearchStatusEntity(searchId=4, searchKeyword=아이유, searchCount=89, lastSearchDateTime=2023-03-24T10:53:30.005268)
2023-03-24 10:53:30.009  INFO 53500 --- [ool-6-thread-99] c.z.b.a.s.service.BlogSearchService      : searchStatusEntity after = SearchStatusEntity(searchId=4, searchKeyword=아이유, searchCount=90, lastSearchDateTime=2023-03-24T10:53:30.009255400)
Hibernate: 
    update
        search_status 
    set
        update_datetime=?,
        last_search_datetime=?,
        search_count=?,
        search_keyword=? 
    where
        search_id=?
2023-03-24 10:53:30.013  INFO 53500 --- [ool-6-thread-98] c.z.b.a.s.service.BlogSearchService      : kakao api response = com.zetn333.blogsearchservice.api.search.dto.SearchBlogResponse@144f1c4a
Hibernate: 
    select
        searchstat0_.search_id as search_i1_0_,
        searchstat0_.create_datetime as create_d2_0_,
        searchstat0_.update_datetime as update_d3_0_,
        searchstat0_.last_search_datetime as last_sea4_0_,
        searchstat0_.search_count as search_c5_0_,
        searchstat0_.search_keyword as search_k6_0_ 
    from
        search_status searchstat0_ 
    where
        searchstat0_.search_keyword=? for update
            
2023-03-24 10:53:30.018  INFO 53500 --- [ool-6-thread-98] c.z.b.a.s.service.BlogSearchService      : searchStatusEntity before = SearchStatusEntity(searchId=4, searchKeyword=아이유, searchCount=90, lastSearchDateTime=2023-03-24T10:53:30.009255)
2023-03-24 10:53:30.019  INFO 53500 --- [ool-6-thread-98] c.z.b.a.s.service.BlogSearchService      : searchStatusEntity after = SearchStatusEntity(searchId=4, searchKeyword=아이유, searchCount=91, lastSearchDateTime=2023-03-24T10:53:30.018232700)
Hibernate: 
    update
        search_status 
    set
        update_datetime=?,
        last_search_datetime=?,
        search_count=?,
        search_keyword=? 
    where
        search_id=?
2023-03-24 10:53:30.020  INFO 53500 --- [ool-6-thread-97] c.z.b.a.s.service.BlogSearchService      : kakao api response = com.zetn333.blogsearchservice.api.search.dto.SearchBlogResponse@33f6b726
2023-03-24 10:53:30.021  INFO 53500 --- [ool-6-thread-96] c.z.b.a.s.service.BlogSearchService      : kakao api response = com.zetn333.blogsearchservice.api.search.dto.SearchBlogResponse@21bf7387
Hibernate: 
    select
        searchstat0_.search_id as search_i1_0_,
        searchstat0_.create_datetime as create_d2_0_,
        searchstat0_.update_datetime as update_d3_0_,
        searchstat0_.last_search_datetime as last_sea4_0_,
        searchstat0_.search_count as search_c5_0_,
        searchstat0_.search_keyword as search_k6_0_ 
    from
        search_status searchstat0_ 
    where
        searchstat0_.search_keyword=? for update
            
Hibernate: 
    select
        searchstat0_.search_id as search_i1_0_,
        searchstat0_.create_datetime as create_d2_0_,
        searchstat0_.update_datetime as update_d3_0_,
        searchstat0_.last_search_datetime as last_sea4_0_,
        searchstat0_.search_count as search_c5_0_,
        searchstat0_.search_keyword as search_k6_0_ 
    from
        search_status searchstat0_ 
    where
        searchstat0_.search_keyword=? for update
            
2023-03-24 10:53:30.022  INFO 53500 --- [ool-6-thread-97] c.z.b.a.s.service.BlogSearchService      : searchStatusEntity before = SearchStatusEntity(searchId=4, searchKeyword=아이유, searchCount=91, lastSearchDateTime=2023-03-24T10:53:30.018233)
2023-03-24 10:53:30.023  INFO 53500 --- [ool-6-thread-97] c.z.b.a.s.service.BlogSearchService      : searchStatusEntity after = SearchStatusEntity(searchId=4, searchKeyword=아이유, searchCount=92, lastSearchDateTime=2023-03-24T10:53:30.023218800)
Hibernate: 
    update
        search_status 
    set
        update_datetime=?,
        last_search_datetime=?,
        search_count=?,
        search_keyword=? 
    where
        search_id=?
2023-03-24 10:53:30.046  INFO 53500 --- [ool-6-thread-95] c.z.b.a.s.service.BlogSearchService      : kakao api response = com.zetn333.blogsearchservice.api.search.dto.SearchBlogResponse@372ea857
2023-03-24 10:53:30.046  INFO 53500 --- [ool-6-thread-94] c.z.b.a.s.service.BlogSearchService      : kakao api response = com.zetn333.blogsearchservice.api.search.dto.SearchBlogResponse@771bd43e
2023-03-24 10:53:30.046  INFO 53500 --- [ool-6-thread-92] c.z.b.a.s.service.BlogSearchService      : kakao api response = com.zetn333.blogsearchservice.api.search.dto.SearchBlogResponse@65c0f9c1
Hibernate: 
    select
        searchstat0_.search_id as search_i1_0_,
        searchstat0_.create_datetime as create_d2_0_,
        searchstat0_.update_datetime as update_d3_0_,
        searchstat0_.last_search_datetime as last_sea4_0_,
        searchstat0_.search_count as search_c5_0_,
        searchstat0_.search_keyword as search_k6_0_ 
    from
        search_status searchstat0_ 
    where
        searchstat0_.search_keyword=? for update
            
Hibernate: 
    select
        searchstat0_.search_id as search_i1_0_,
        searchstat0_.create_datetime as create_d2_0_,
        searchstat0_.update_datetime as update_d3_0_,
        searchstat0_.last_search_datetime as last_sea4_0_,
        searchstat0_.search_count as search_c5_0_,
        searchstat0_.search_keyword as search_k6_0_ 
    from
        search_status searchstat0_ 
    where
        searchstat0_.search_keyword=? for update
            
2023-03-24 10:53:30.046  INFO 53500 --- [ool-6-thread-93] c.z.b.a.s.service.BlogSearchService      : kakao api response = com.zetn333.blogsearchservice.api.search.dto.SearchBlogResponse@17c276f1
Hibernate: 
    select
        searchstat0_.search_id as search_i1_0_,
        searchstat0_.create_datetime as create_d2_0_,
        searchstat0_.update_datetime as update_d3_0_,
        searchstat0_.last_search_datetime as last_sea4_0_,
        searchstat0_.search_count as search_c5_0_,
        searchstat0_.search_keyword as search_k6_0_ 
    from
        search_status searchstat0_ 
    where
        searchstat0_.search_keyword=? for update
            
Hibernate: 
    select
        searchstat0_.search_id as search_i1_0_,
        searchstat0_.create_datetime as create_d2_0_,
        searchstat0_.update_datetime as update_d3_0_,
        searchstat0_.last_search_datetime as last_sea4_0_,
        searchstat0_.search_count as search_c5_0_,
        searchstat0_.search_keyword as search_k6_0_ 
    from
        search_status searchstat0_ 
    where
        searchstat0_.search_keyword=? for update
            
2023-03-24 10:53:30.046  INFO 53500 --- [ool-6-thread-79] c.z.b.a.s.service.BlogSearchService      : searchStatusEntity before = SearchStatusEntity(searchId=4, searchKeyword=아이유, searchCount=92, lastSearchDateTime=2023-03-24T10:53:30.023219)
2023-03-24 10:53:30.050  INFO 53500 --- [ool-6-thread-79] c.z.b.a.s.service.BlogSearchService      : searchStatusEntity after = SearchStatusEntity(searchId=4, searchKeyword=아이유, searchCount=93, lastSearchDateTime=2023-03-24T10:53:30.050146900)
Hibernate: 
    update
        search_status 
    set
        update_datetime=?,
        last_search_datetime=?,
        search_count=?,
        search_keyword=? 
    where
        search_id=?
2023-03-24 10:53:30.053  INFO 53500 --- [ool-6-thread-96] c.z.b.a.s.service.BlogSearchService      : searchStatusEntity before = SearchStatusEntity(searchId=4, searchKeyword=아이유, searchCount=93, lastSearchDateTime=2023-03-24T10:53:30.050147)
2023-03-24 10:53:30.053  INFO 53500 --- [ool-6-thread-96] c.z.b.a.s.service.BlogSearchService      : searchStatusEntity after = SearchStatusEntity(searchId=4, searchKeyword=아이유, searchCount=94, lastSearchDateTime=2023-03-24T10:53:30.053138200)
Hibernate: 
    update
        search_status 
    set
        update_datetime=?,
        last_search_datetime=?,
        search_count=?,
        search_keyword=? 
    where
        search_id=?
2023-03-24 10:53:30.056  INFO 53500 --- [ool-6-thread-95] c.z.b.a.s.service.BlogSearchService      : searchStatusEntity before = SearchStatusEntity(searchId=4, searchKeyword=아이유, searchCount=94, lastSearchDateTime=2023-03-24T10:53:30.053138)
2023-03-24 10:53:30.056  INFO 53500 --- [ool-6-thread-95] c.z.b.a.s.service.BlogSearchService      : searchStatusEntity after = SearchStatusEntity(searchId=4, searchKeyword=아이유, searchCount=95, lastSearchDateTime=2023-03-24T10:53:30.056130700)
Hibernate: 
    update
        search_status 
    set
        update_datetime=?,
        last_search_datetime=?,
        search_count=?,
        search_keyword=? 
    where
        search_id=?
2023-03-24 10:53:30.058  INFO 53500 --- [ool-6-thread-92] c.z.b.a.s.service.BlogSearchService      : searchStatusEntity before = SearchStatusEntity(searchId=4, searchKeyword=아이유, searchCount=95, lastSearchDateTime=2023-03-24T10:53:30.056131)
2023-03-24 10:53:30.059  INFO 53500 --- [ool-6-thread-92] c.z.b.a.s.service.BlogSearchService      : searchStatusEntity after = SearchStatusEntity(searchId=4, searchKeyword=아이유, searchCount=96, lastSearchDateTime=2023-03-24T10:53:30.059122500)
Hibernate: 
    update
        search_status 
    set
        update_datetime=?,
        last_search_datetime=?,
        search_count=?,
        search_keyword=? 
    where
        search_id=?
2023-03-24 10:53:30.061  INFO 53500 --- [ool-6-thread-93] c.z.b.a.s.service.BlogSearchService      : searchStatusEntity before = SearchStatusEntity(searchId=4, searchKeyword=아이유, searchCount=96, lastSearchDateTime=2023-03-24T10:53:30.059123)
2023-03-24 10:53:30.061  INFO 53500 --- [ool-6-thread-93] c.z.b.a.s.service.BlogSearchService      : searchStatusEntity after = SearchStatusEntity(searchId=4, searchKeyword=아이유, searchCount=97, lastSearchDateTime=2023-03-24T10:53:30.061118)
Hibernate: 
    update
        search_status 
    set
        update_datetime=?,
        last_search_datetime=?,
        search_count=?,
        search_keyword=? 
    where
        search_id=?
2023-03-24 10:53:30.066  INFO 53500 --- [ool-6-thread-91] c.z.b.a.s.service.BlogSearchService      : kakao api response = com.zetn333.blogsearchservice.api.search.dto.SearchBlogResponse@1d5aee9
2023-03-24 10:53:30.066  INFO 53500 --- [ol-6-thread-100] c.z.b.a.s.service.BlogSearchService      : searchStatusEntity before = SearchStatusEntity(searchId=4, searchKeyword=아이유, searchCount=97, lastSearchDateTime=2023-03-24T10:53:30.061118)
2023-03-24 10:53:30.066  INFO 53500 --- [ol-6-thread-100] c.z.b.a.s.service.BlogSearchService      : searchStatusEntity after = SearchStatusEntity(searchId=4, searchKeyword=아이유, searchCount=98, lastSearchDateTime=2023-03-24T10:53:30.066105500)
Hibernate: 
    select
        searchstat0_.search_id as search_i1_0_,
        searchstat0_.create_datetime as create_d2_0_,
        searchstat0_.update_datetime as update_d3_0_,
        searchstat0_.last_search_datetime as last_sea4_0_,
        searchstat0_.search_count as search_c5_0_,
        searchstat0_.search_keyword as search_k6_0_ 
    from
        search_status searchstat0_ 
    where
        searchstat0_.search_keyword=? for update
            
Hibernate: 
    update
        search_status 
    set
        update_datetime=?,
        last_search_datetime=?,
        search_count=?,
        search_keyword=? 
    where
        search_id=?
2023-03-24 10:53:30.071  INFO 53500 --- [ool-6-thread-94] c.z.b.a.s.service.BlogSearchService      : searchStatusEntity before = SearchStatusEntity(searchId=4, searchKeyword=아이유, searchCount=98, lastSearchDateTime=2023-03-24T10:53:30.066106)
2023-03-24 10:53:30.071  INFO 53500 --- [ool-6-thread-94] c.z.b.a.s.service.BlogSearchService      : searchStatusEntity after = SearchStatusEntity(searchId=4, searchKeyword=아이유, searchCount=99, lastSearchDateTime=2023-03-24T10:53:30.071090800)
2023-03-24 10:53:30.072  INFO 53500 --- [ool-6-thread-90] c.z.b.a.s.service.BlogSearchService      : kakao api response = com.zetn333.blogsearchservice.api.search.dto.SearchBlogResponse@12556c3e
Hibernate: 
    select
        searchstat0_.search_id as search_i1_0_,
        searchstat0_.create_datetime as create_d2_0_,
        searchstat0_.update_datetime as update_d3_0_,
        searchstat0_.last_search_datetime as last_sea4_0_,
        searchstat0_.search_count as search_c5_0_,
        searchstat0_.search_keyword as search_k6_0_ 
    from
        search_status searchstat0_ 
    where
        searchstat0_.search_keyword=? for update
            
Hibernate: 
    update
        search_status 
    set
        update_datetime=?,
        last_search_datetime=?,
        search_count=?,
        search_keyword=? 
    where
        search_id=?
2023-03-24 10:53:30.077  INFO 53500 --- [ool-6-thread-91] c.z.b.a.s.service.BlogSearchService      : searchStatusEntity before = SearchStatusEntity(searchId=4, searchKeyword=아이유, searchCount=99, lastSearchDateTime=2023-03-24T10:53:30.071091)
2023-03-24 10:53:30.077  INFO 53500 --- [ool-6-thread-91] c.z.b.a.s.service.BlogSearchService      : searchStatusEntity after = SearchStatusEntity(searchId=4, searchKeyword=아이유, searchCount=100, lastSearchDateTime=2023-03-24T10:53:30.077074800)
Hibernate: 
    update
        search_status 
    set
        update_datetime=?,
        last_search_datetime=?,
        search_count=?,
        search_keyword=? 
    where
        search_id=?
2023-03-24 10:53:30.081  INFO 53500 --- [ool-6-thread-90] c.z.b.a.s.service.BlogSearchService      : searchStatusEntity before = SearchStatusEntity(searchId=4, searchKeyword=아이유, searchCount=100, lastSearchDateTime=2023-03-24T10:53:30.077075)
2023-03-24 10:53:30.081  INFO 53500 --- [ool-6-thread-90] c.z.b.a.s.service.BlogSearchService      : searchStatusEntity after = SearchStatusEntity(searchId=4, searchKeyword=아이유, searchCount=101, lastSearchDateTime=2023-03-24T10:53:30.081063)
Hibernate: 
    update
        search_status 
    set
        update_datetime=?,
        last_search_datetime=?,
        search_count=?,
        search_keyword=? 
    where
        search_id=?
Hibernate: 
    SELECT
        * 
    FROM
        SEARCH_STATUS 
    ORDER BY
        search_count DESC LIMIT 10
2023-03-24 10:53:30.088  INFO 53500 --- [    Test worker] c.z.b.a.s.service.BlogSearchService      : hotKeywords = [SearchStatusEntity(searchId=2, searchKeyword=곽튜브, searchCount=101, lastSearchDateTime=2023-03-24T10:53:28.465386), SearchStatusEntity(searchId=3, searchKeyword=송민호, searchCount=101, lastSearchDateTime=2023-03-24T10:53:29.079743), SearchStatusEntity(searchId=4, searchKeyword=아이유, searchCount=101, lastSearchDateTime=2023-03-24T10:53:30.081063), SearchStatusEntity(searchId=1, searchKeyword=방탄소년단, searchCount=13, lastSearchDateTime=2023-03-24T10:53:29.252281)]
]]></system-out>
  <system-err><![CDATA[]]></system-err>
</testsuite>
