<?xml version="1.0" encoding="UTF-8"?>
<testsuite name="com.zetn333.blogsearchservice.ApiApplicationTests" tests="1" skipped="0" failures="0" errors="0" timestamp="2023-03-24T01:53:17" hostname="DESKTOP-VQUAQDR" time="0.267">
  <properties/>
  <testcase name="contextLoads()" classname="com.zetn333.blogsearchservice.ApiApplicationTests" time="0.267"/>
  <system-out><![CDATA[10:52:58.762 [Test worker] DEBUG org.springframework.test.context.BootstrapUtils - Instantiating CacheAwareContextLoaderDelegate from class [org.springframework.test.context.cache.DefaultCacheAwareContextLoaderDelegate]
10:52:58.828 [Test worker] DEBUG org.springframework.test.context.BootstrapUtils - Instantiating BootstrapContext using constructor [public org.springframework.test.context.support.DefaultBootstrapContext(java.lang.Class,org.springframework.test.context.CacheAwareContextLoaderDelegate)]
10:52:59.005 [Test worker] DEBUG org.springframework.test.context.BootstrapUtils - Instantiating TestContextBootstrapper for test class [com.zetn333.blogsearchservice.ApiApplicationTests] from class [org.springframework.boot.test.context.SpringBootTestContextBootstrapper]
10:52:59.057 [Test worker] INFO org.springframework.boot.test.context.SpringBootTestContextBootstrapper - Neither @ContextConfiguration nor @ContextHierarchy found for test class [com.zetn333.blogsearchservice.ApiApplicationTests], using SpringBootContextLoader
10:52:59.080 [Test worker] DEBUG org.springframework.test.context.support.AbstractContextLoader - Did not detect default resource location for test class [com.zetn333.blogsearchservice.ApiApplicationTests]: class path resource [com/zetn333/blogsearchservice/ApiApplicationTests-context.xml] does not exist
10:52:59.082 [Test worker] DEBUG org.springframework.test.context.support.AbstractContextLoader - Did not detect default resource location for test class [com.zetn333.blogsearchservice.ApiApplicationTests]: class path resource [com/zetn333/blogsearchservice/ApiApplicationTestsContext.groovy] does not exist
10:52:59.083 [Test worker] INFO org.springframework.test.context.support.AbstractContextLoader - Could not detect default resource locations for test class [com.zetn333.blogsearchservice.ApiApplicationTests]: no resource found for suffixes {-context.xml, Context.groovy}.
10:52:59.087 [Test worker] INFO org.springframework.test.context.support.AnnotationConfigContextLoaderUtils - Could not detect default configuration classes for test class [com.zetn333.blogsearchservice.ApiApplicationTests]: ApiApplicationTests does not declare any static, non-private, non-final, nested classes annotated with @Configuration.
10:52:59.289 [Test worker] DEBUG org.springframework.test.context.support.ActiveProfilesUtils - Could not find an 'annotation declaring class' for annotation type [org.springframework.test.context.ActiveProfiles] and class [com.zetn333.blogsearchservice.ApiApplicationTests]
10:52:59.485 [Test worker] DEBUG org.springframework.context.annotation.ClassPathScanningCandidateComponentProvider - Identified candidate component class: file [C:\blog-search-service\blog-search-service\api-module\build\classes\java\main\com\zetn333\blogsearchservice\ApiApplication.class]
10:52:59.487 [Test worker] INFO org.springframework.boot.test.context.SpringBootTestContextBootstrapper - Found @SpringBootConfiguration com.zetn333.blogsearchservice.ApiApplication for test class com.zetn333.blogsearchservice.ApiApplicationTests
10:52:59.859 [Test worker] DEBUG org.springframework.boot.test.context.SpringBootTestContextBootstrapper - @TestExecutionListeners is not present for class [com.zetn333.blogsearchservice.ApiApplicationTests]: using defaults.
10:52:59.861 [Test worker] INFO org.springframework.boot.test.context.SpringBootTestContextBootstrapper - Loaded default TestExecutionListener class names from location [META-INF/spring.factories]: [org.springframework.boot.test.autoconfigure.restdocs.RestDocsTestExecutionListener, org.springframework.boot.test.autoconfigure.web.client.MockRestServiceServerResetTestExecutionListener, org.springframework.boot.test.autoconfigure.web.servlet.MockMvcPrintOnlyOnFailureTestExecutionListener, org.springframework.boot.test.autoconfigure.web.servlet.WebDriverTestExecutionListener, org.springframework.boot.test.autoconfigure.webservices.client.MockWebServiceServerTestExecutionListener, org.springframework.boot.test.mock.mockito.MockitoTestExecutionListener, org.springframework.boot.test.mock.mockito.ResetMocksTestExecutionListener, org.springframework.test.context.web.ServletTestExecutionListener, org.springframework.test.context.support.DirtiesContextBeforeModesTestExecutionListener, org.springframework.test.context.event.ApplicationEventsTestExecutionListener, org.springframework.test.context.support.DependencyInjectionTestExecutionListener, org.springframework.test.context.support.DirtiesContextTestExecutionListener, org.springframework.test.context.transaction.TransactionalTestExecutionListener, org.springframework.test.context.jdbc.SqlScriptsTestExecutionListener, org.springframework.test.context.event.EventPublishingTestExecutionListener]
10:52:59.927 [Test worker] INFO org.springframework.boot.test.context.SpringBootTestContextBootstrapper - Using TestExecutionListeners: [org.springframework.test.context.web.ServletTestExecutionListener@2e1c5d1f, org.springframework.test.context.support.DirtiesContextBeforeModesTestExecutionListener@2d2afc39, org.springframework.test.context.event.ApplicationEventsTestExecutionListener@e2498a3, org.springframework.boot.test.mock.mockito.MockitoTestExecutionListener@26c2f767, org.springframework.boot.test.autoconfigure.SpringBootDependencyInjectionTestExecutionListener@6a7ab205, org.springframework.test.context.support.DirtiesContextTestExecutionListener@10cb5047, org.springframework.test.context.transaction.TransactionalTestExecutionListener@3a00237d, org.springframework.test.context.jdbc.SqlScriptsTestExecutionListener@bc88295, org.springframework.test.context.event.EventPublishingTestExecutionListener@341df373, org.springframework.boot.test.autoconfigure.restdocs.RestDocsTestExecutionListener@7e9ed4df, org.springframework.boot.test.autoconfigure.web.client.MockRestServiceServerResetTestExecutionListener@453e1bba, org.springframework.boot.test.autoconfigure.web.servlet.MockMvcPrintOnlyOnFailureTestExecutionListener@aade5a2, org.springframework.boot.test.autoconfigure.web.servlet.WebDriverTestExecutionListener@51f009ef, org.springframework.boot.test.autoconfigure.webservices.client.MockWebServiceServerTestExecutionListener@59c00722, org.springframework.boot.test.mock.mockito.ResetMocksTestExecutionListener@6c96346b]
10:52:59.940 [Test worker] DEBUG org.springframework.test.context.support.AbstractDirtiesContextTestExecutionListener - Before test class: context [DefaultTestContext@24749ad3 testClass = ApiApplicationTests, testInstance = [null], testMethod = [null], testException = [null], mergedContextConfiguration = [WebMergedContextConfiguration@1755aee6 testClass = ApiApplicationTests, locations = '{}', classes = '{class com.zetn333.blogsearchservice.ApiApplication}', contextInitializerClasses = '[]', activeProfiles = '{}', propertySourceLocations = '{}', propertySourceProperties = '{org.springframework.boot.test.context.SpringBootTestContextBootstrapper=true}', contextCustomizers = set[org.springframework.boot.test.autoconfigure.actuate.metrics.MetricsExportContextCustomizerFactory$DisableMetricExportContextCustomizer@5c573229, org.springframework.boot.test.autoconfigure.properties.PropertyMappingContextCustomizer@0, org.springframework.boot.test.autoconfigure.web.servlet.WebDriverContextCustomizerFactory$Customizer@59fea5f5, org.springframework.boot.test.context.filter.ExcludeFilterContextCustomizer@782cc5fa, org.springframework.boot.test.json.DuplicateJsonObjectContextCustomizerFactory$DuplicateJsonObjectContextCustomizer@7ab2ba47, org.springframework.boot.test.mock.mockito.MockitoContextCustomizer@0, org.springframework.boot.test.web.client.TestRestTemplateContextCustomizer@5e158f33, org.springframework.boot.test.web.reactive.server.WebTestClientContextCustomizer@1cc708a7, org.springframework.boot.test.context.SpringBootTestArgs@1, org.springframework.boot.test.context.SpringBootTestWebEnvironment@304d0259], resourceBasePath = 'src/main/webapp', contextLoader = 'org.springframework.boot.test.context.SpringBootContextLoader', parent = [null]], attributes = map['org.springframework.test.context.web.ServletTestExecutionListener.activateListener' -> true]], class annotated with @DirtiesContext [false] with mode [null].

  .   ____          _            __ _ _
 /\\ / ___'_ __ _ _(_)_ __  __ _ \ \ \ \
( ( )\___ | '_ | '_| | '_ \/ _` | \ \ \ \
 \\/  ___)| |_)| | | | | || (_| |  ) ) ) )
  '  |____| .__|_| |_|_| |_\__, | / / / /
 =========|_|==============|___/=/_/_/_/
 :: Spring Boot ::                (v2.7.9)

2023-03-24 10:53:01.296  INFO 53500 --- [    Test worker] c.z.b.ApiApplicationTests                : Starting ApiApplicationTests using Java 11 on DESKTOP-VQUAQDR with PID 53500 (started by jskim in C:\blog-search-service\blog-search-service\api-module)
2023-03-24 10:53:01.299  INFO 53500 --- [    Test worker] c.z.b.ApiApplicationTests                : No active profile set, falling back to 2 default profiles: "api", "jpa"
2023-03-24 10:53:04.801  INFO 53500 --- [    Test worker] .s.d.r.c.RepositoryConfigurationDelegate : Bootstrapping Spring Data JPA repositories in DEFAULT mode.
2023-03-24 10:53:05.340  INFO 53500 --- [    Test worker] .s.d.r.c.RepositoryConfigurationDelegate : Finished Spring Data repository scanning in 518 ms. Found 1 JPA repository interfaces.
2023-03-24 10:53:06.794  INFO 53500 --- [    Test worker] o.hibernate.jpa.internal.util.LogHelper  : HHH000204: Processing PersistenceUnitInfo [name: default]
2023-03-24 10:53:06.983  INFO 53500 --- [    Test worker] org.hibernate.Version                    : HHH000412: Hibernate ORM core version 5.6.15.Final
2023-03-24 10:53:07.524  INFO 53500 --- [    Test worker] o.hibernate.annotations.common.Version   : HCANN000001: Hibernate Commons Annotations {5.1.2.Final}
2023-03-24 10:53:07.853  INFO 53500 --- [    Test worker] com.zaxxer.hikari.HikariDataSource       : HikariPool-1 - Starting...
2023-03-24 10:53:08.711  INFO 53500 --- [    Test worker] com.zaxxer.hikari.HikariDataSource       : HikariPool-1 - Start completed.
2023-03-24 10:53:08.773  INFO 53500 --- [    Test worker] org.hibernate.dialect.Dialect            : HHH000400: Using dialect: org.hibernate.dialect.MySQL5InnoDBDialect
Hibernate: 
    
    drop table if exists search_status
Hibernate: 
    
    create table search_status (
       search_id bigint not null auto_increment,
        create_datetime datetime,
        update_datetime datetime,
        last_search_datetime datetime,
        search_count BIGINT not null,
        search_keyword varchar(255) not null,
        primary key (search_id)
    ) engine=InnoDB
Hibernate: 
    
    alter table search_status 
       add constraint UK_hycyv4yofcy5kautlsfxhvhgg unique (search_keyword)
2023-03-24 10:53:10.451  INFO 53500 --- [    Test worker] o.h.e.t.j.p.i.JtaPlatformInitiator       : HHH000490: Using JtaPlatform implementation: [org.hibernate.engine.transaction.jta.platform.internal.NoJtaPlatform]
2023-03-24 10:53:10.488  INFO 53500 --- [    Test worker] j.LocalContainerEntityManagerFactoryBean : Initialized JPA EntityManagerFactory for persistence unit 'default'
2023-03-24 10:53:13.343  WARN 53500 --- [    Test worker] JpaBaseConfiguration$JpaWebConfiguration : spring.jpa.open-in-view is enabled by default. Therefore, database queries may be performed during view rendering. Explicitly configure spring.jpa.open-in-view to disable this warning
2023-03-24 10:53:13.974  INFO 53500 --- [    Test worker] o.s.b.a.h2.H2ConsoleAutoConfiguration    : H2 console available at '/h2-console'. Database available at 'jdbc:h2:mem:blogsearchdb'
2023-03-24 10:53:17.563  INFO 53500 --- [    Test worker] c.z.b.ApiApplicationTests                : Started ApiApplicationTests in 17.465 seconds (JVM running for 22.311)
]]></system-out>
  <system-err><![CDATA[]]></system-err>
</testsuite>
